Log file open, 02/09/19 15:20:10
LogWindows: Failed to load 'aqProf.dll' (GetLastError=126)
LogWindows: File 'aqProf.dll' does not exist
LogWindows: Failed to load 'VtuneApi.dll' (GetLastError=126)
LogWindows: File 'VtuneApi.dll' does not exist
LogWindows: Failed to load 'VtuneApi32e.dll' (GetLastError=126)
LogWindows: File 'VtuneApi32e.dll' does not exist
LogConsoleResponse: Display: Failed to find resolution value strings in scalability ini. Falling back to default.
LogInit: Display: Running engine for game: TimeTravel
LogPakFile: Registered encryption key '00000000000000000000000000000000': 0 pak files mounted, 0 remain pending
LogPlatformFile: Not using cached read wrapper
LogTaskGraph: Started task graph with 5 named threads and 20 total threads with 3 sets of task threads.
LogStats: Stats thread started at 0.229356
LogD3D11RHI: Loaded GFSDK_Aftermath_Lib.x64.dll
LogICUInternationalization: ICU TimeZone Detection - Raw Offset: +9:00, Platform Override: ''
LogPluginManager: Mounting plugin Paper2D
LogPluginManager: Mounting plugin AISupport
LogPluginManager: Mounting plugin LightPropagationVolume
LogPluginManager: Mounting plugin ActorLayerUtilities
LogPluginManager: Mounting plugin CLionSourceCodeAccess
LogPluginManager: Mounting plugin CodeLiteSourceCodeAccess
LogPluginManager: Mounting plugin GitSourceControl
LogPluginManager: Mounting plugin KDevelopSourceCodeAccess
LogPluginManager: Mounting plugin NullSourceCodeAccess
LogPluginManager: Mounting plugin PerforceSourceControl
LogPluginManager: Mounting plugin SubversionSourceControl
LogPluginManager: Mounting plugin UObjectPlugin
LogPluginManager: Mounting plugin VisualStudioCodeSourceCodeAccess
LogPluginManager: Mounting plugin VisualStudioSourceCodeAccess
LogPluginManager: Mounting plugin XCodeSourceCodeAccess
LogPluginManager: Mounting plugin AssetManagerEditor
LogPluginManager: Mounting plugin CryptoKeys
LogPluginManager: Mounting plugin DataValidation
LogPluginManager: Mounting plugin FacialAnimation
LogPluginManager: Mounting plugin GameplayTagsEditor
LogPluginManager: Mounting plugin MacGraphicsSwitching
LogPluginManager: Mounting plugin MeshEditor
LogPluginManager: Mounting plugin MobileLauncherProfileWizard
LogPluginManager: Mounting plugin PluginBrowser
LogPluginManager: Mounting plugin SpeedTreeImporter
LogPluginManager: Mounting plugin DatasmithContent
LogPluginManager: Mounting plugin VariantManagerContent
LogPluginManager: Mounting plugin AlembicImporter
LogPluginManager: Mounting plugin AppleImageUtils
LogPluginManager: Mounting plugin AppleVision
LogPluginManager: Mounting plugin BackChannel
LogPluginManager: Mounting plugin CharacterAI
LogPluginManager: Mounting plugin GeometryCache
LogPluginManager: Mounting plugin HTML5Networking
LogPluginManager: Mounting plugin ProxyLODPlugin
LogPluginManager: Mounting plugin MagicLeap
LogPluginManager: Mounting plugin MagicLeapMedia
LogPluginManager: Mounting plugin AndroidMedia
LogPluginManager: Mounting plugin AvfMedia
LogPluginManager: Mounting plugin ImgMedia
LogPluginManager: Mounting plugin LinearTimecode
LogPluginManager: Mounting plugin MediaCompositing
LogPluginManager: Mounting plugin MediaPlayerEditor
LogPluginManager: Mounting plugin WebMMedia
LogPluginManager: Mounting plugin WmfMedia
LogPluginManager: Mounting plugin TcpMessaging
LogPluginManager: Mounting plugin UdpMessaging
LogPluginManager: Mounting plugin ActorSequence
LogPluginManager: Mounting plugin LevelSequenceEditor
LogPluginManager: Mounting plugin MatineeToLevelSequence
LogPluginManager: Mounting plugin NetcodeUnitTest
LogPluginManager: Mounting plugin NUTUnrealEngine4
LogPluginManager: Mounting plugin OnlineSubsystemGooglePlay
LogPluginManager: Mounting plugin OnlineSubsystemIOS
LogPluginManager: Mounting plugin OnlineSubsystem
LogPluginManager: Mounting plugin OnlineSubsystemNull
LogPluginManager: Mounting plugin OnlineSubsystemUtils
LogPluginManager: Mounting plugin LauncherChunkInstaller
LogPluginManager: Mounting plugin AndroidDeviceProfileSelector
LogPluginManager: Mounting plugin AndroidMoviePlayer
LogPluginManager: Mounting plugin AndroidPermission
LogPluginManager: Mounting plugin AppleMoviePlayer
LogPluginManager: Mounting plugin ArchVisCharacter
LogPluginManager: Mounting plugin AudioCapture
LogPluginManager: Mounting plugin CableComponent
LogPluginManager: Mounting plugin CustomMeshComponent
LogPluginManager: Mounting plugin EditableMesh
LogPluginManager: Mounting plugin ExampleDeviceProfileSelector
LogPluginManager: Mounting plugin Firebase
LogPluginManager: Mounting plugin GoogleCloudMessaging
LogPluginManager: Mounting plugin IOSDeviceProfileSelector
LogPluginManager: Mounting plugin LinuxDeviceProfileSelector
LogPluginManager: Mounting plugin LocationServicesBPLibrary
LogPluginManager: Mounting plugin MobilePatchingUtils
LogPluginManager: Mounting plugin OculusVR
LogPluginManager: Mounting plugin PhysXVehicles
LogPluginManager: Mounting plugin ProceduralMeshComponent
LogPluginManager: Mounting plugin RuntimePhysXCooking
LogPluginManager: Mounting plugin SteamVR
LogPluginManager: Mounting plugin WebMMoviePlayer
LogPluginManager: Mounting plugin WindowsMoviePlayer
LogPluginManager: Mounting plugin Climb
LogStreaming: Display: Took  0.075s to configure plugins.
LogInit: Using libcurl 7.55.1-DEV
LogInit:  - built for x86_64-pc-win32
LogInit:  - supports SSL with OpenSSL/1.0.2h
LogInit:  - supports HTTP deflate (compression) using libz 1.2.8
LogInit:  - other features:
LogInit:      CURL_VERSION_SSL
LogInit:      CURL_VERSION_LIBZ
LogInit:      CURL_VERSION_IPV6
LogInit:      CURL_VERSION_ASYNCHDNS
LogInit:      CURL_VERSION_LARGEFILE
LogInit:      CURL_VERSION_IDN
LogInit:  CurlRequestOptions (configurable via config and command line):
LogInit:  - bVerifyPeer = true  - Libcurl will verify peer certificate
LogInit:  - bUseHttpProxy = false  - Libcurl will NOT use HTTP proxy
LogInit:  - bDontReuseConnections = false  - Libcurl will reuse connections
LogInit:  - MaxHostConnections = 16  - Libcurl will limit the number of connections to a host
LogInit:  - LocalHostAddr = Default
LogInit:  - BufferSize = 65536
LogInit: WinSock: version 1.1 (2.2), MaxSocks=32767, MaxUdp=65467
LogInit: Build: ++UE4+Release-4.21-CL-4613538
LogInit: Engine Version: 4.21.1-4613538+++UE4+Release-4.21
LogInit: Compatible Engine Version: 4.21.0-4541578+++UE4+Release-4.21
LogInit: Net CL: 4541578
LogInit: OS: Windows 10 (), CPU: Intel(R) Core(TM) i5-8600K CPU @ 3.60GHz, GPU: NVIDIA GeForce GTX 1060 6GB
LogInit: Compiled (64-bit): Nov 30 2018 04:13:25
LogInit: Compiled with Visual C++: 19.13.26129.00
LogInit: Build Configuration: Development
LogInit: Branch Name: ++UE4+Release-4.21
LogInit: Command Line: 
LogInit: Base Directory: C:/Program Files/Epic Games/UE_4.21/Engine/Binaries/Win64/
LogInit: Installed Engine Build: 1
LogDevObjectVersion: Number of dev versions registered: 22
LogDevObjectVersion:   Dev-Blueprints (B0D832E4-1F89-4F0D-ACCF-7EB736FD4AA2): 10
LogDevObjectVersion:   Dev-Build (E1C64328-A22C-4D53-A36C-8E866417BD8C): 0
LogDevObjectVersion:   Dev-Core (375EC13C-06E4-48FB-B500-84F0262A717E): 2
LogDevObjectVersion:   Dev-Editor (E4B068ED-F494-42E9-A231-DA0B2E46BB41): 26
LogDevObjectVersion:   Dev-Framework (CFFC743F-43B0-4480-9391-14DF171D2073): 34
LogDevObjectVersion:   Dev-Mobile (B02B49B5-BB20-44E9-A304-32B752E40360): 2
LogDevObjectVersion:   Dev-Networking (A4E4105C-59A1-49B5-A7C5-40C4547EDFEE): 0
LogDevObjectVersion:   Dev-Online (39C831C9-5AE6-47DC-9A44-9C173E1C8E7C): 0
LogDevObjectVersion:   Dev-Physics (78F01B33-EBEA-4F98-B9B4-84EACCB95AA2): 0
LogDevObjectVersion:   Dev-Platform (6631380F-2D4D-43E0-8009-CF276956A95A): 0
LogDevObjectVersion:   Dev-Rendering (12F88B9F-8875-4AFC-A67C-D90C383ABD29): 27
LogDevObjectVersion:   Dev-Sequencer (7B5AE74C-D270-4C10-A958-57980B212A5A): 9
LogDevObjectVersion:   Dev-VR (D7296918-1DD6-4BDD-9DE2-64A83CC13884): 2
LogDevObjectVersion:   Dev-LoadTimes (C2A15278-BFE7-4AFE-6C17-90FF531DF755): 1
LogDevObjectVersion:   Private-Geometry (6EACA3D4-40EC-4CC1-B786-8BED09428FC5): 3
LogDevObjectVersion:   Dev-AnimPhys (29E575DD-E0A3-4627-9D10-D276232CDCEA): 17
LogDevObjectVersion:   Dev-Anim (AF43A65D-7FD3-4947-9873-3E8ED9C1BB05): 2
LogDevObjectVersion:   Dev-ReflectionCapture (6B266CEC-1EC7-4B8F-A30B-E4D90942FC07): 1
LogDevObjectVersion:   Dev-Automation (0DF73D61-A23F-47EA-B727-89E90C41499A): 1
LogDevObjectVersion:   FortniteMain (601D1886-AC64-4F84-AA16-D3DE0DEAC7D6): 17
LogDevObjectVersion:   Dev-Enterprise (9DFFBCD6-494F-0158-E221-12823C92A888): 4
LogDevObjectVersion:   Dev-Niagara (F2AED0AC-9AFE-416F-8664-AA7FFA26D6FC): 1
LogStreaming: Display: Took  0.001s to delete old logs.
LogInit: Presizing for max 8388607 objects, including 0 objects not considered by GC, pre-allocating 0 bytes for permanent pool.
LogInit: Object subsystem initialized
LogConfig: Setting CVar [[con.DebugEarlyDefault:1]]
LogConfig: Setting CVar [[r.setres:1280x720]]
[2019.02.09-06.20.11:113][  0]LogConfig: Setting CVar [[r.VSync:0]]
[2019.02.09-06.20.11:113][  0]LogConfig: Setting CVar [[r.RHICmdBypass:0]]
[2019.02.09-06.20.11:113][  0]LogConfig: Applying CVar settings from Section [/Script/Engine.RendererSettings] File [C:/Users/MinLion/Desktop/UnrealProjects/UnrealMMO/TimeTravel/Saved/Config/Windows/Engine.ini]
[2019.02.09-06.20.11:113][  0]LogConfig: Setting CVar [[r.GPUCrashDebugging:0]]
[2019.02.09-06.20.11:113][  0]LogConfig: Applying CVar settings from Section [/Script/Engine.RendererOverrideSettings] File [C:/Users/MinLion/Desktop/UnrealProjects/UnrealMMO/TimeTravel/Saved/Config/Windows/Engine.ini]
[2019.02.09-06.20.11:113][  0]LogConfig: Applying CVar settings from Section [/Script/Engine.StreamingSettings] File [C:/Users/MinLion/Desktop/UnrealProjects/UnrealMMO/TimeTravel/Saved/Config/Windows/Engine.ini]
[2019.02.09-06.20.11:113][  0]LogConfig: Setting CVar [[s.MinBulkDataSizeForAsyncLoading:131072]]
[2019.02.09-06.20.11:113][  0]LogConfig: Setting CVar [[s.AsyncLoadingThreadEnabled:0]]
[2019.02.09-06.20.11:113][  0]LogConfig: Setting CVar [[s.EventDrivenLoaderEnabled:1]]
[2019.02.09-06.20.11:113][  0]LogConfig: Setting CVar [[s.WarnIfTimeLimitExceeded:0]]
[2019.02.09-06.20.11:113][  0]LogConfig: Setting CVar [[s.TimeLimitExceededMultiplier:1.5]]
[2019.02.09-06.20.11:113][  0]LogConfig: Setting CVar [[s.TimeLimitExceededMinTime:0.005]]
[2019.02.09-06.20.11:113][  0]LogConfig: Setting CVar [[s.UseBackgroundLevelStreaming:1]]
[2019.02.09-06.20.11:113][  0]LogConfig: Setting CVar [[s.PriorityAsyncLoadingExtraTime:15.0]]
[2019.02.09-06.20.11:113][  0]LogConfig: Setting CVar [[s.LevelStreamingActorsUpdateTimeLimit:5.0]]
[2019.02.09-06.20.11:113][  0]LogConfig: Setting CVar [[s.PriorityLevelStreamingActorsUpdateExtraTime:5.0]]
[2019.02.09-06.20.11:113][  0]LogConfig: Setting CVar [[s.LevelStreamingComponentsRegistrationGranularity:10]]
[2019.02.09-06.20.11:113][  0]LogConfig: Setting CVar [[s.UnregisterComponentsTimeLimit:1.0]]
[2019.02.09-06.20.11:113][  0]LogConfig: Setting CVar [[s.LevelStreamingComponentsUnregistrationGranularity:5]]
[2019.02.09-06.20.11:113][  0]LogConfig: Applying CVar settings from Section [/Script/Engine.GarbageCollectionSettings] File [C:/Users/MinLion/Desktop/UnrealProjects/UnrealMMO/TimeTravel/Saved/Config/Windows/Engine.ini]
[2019.02.09-06.20.11:113][  0]LogConfig: Setting CVar [[gc.MaxObjectsNotConsideredByGC:1]]
[2019.02.09-06.20.11:113][  0]LogConfig: Setting CVar [[gc.SizeOfPermanentObjectPool:0]]
[2019.02.09-06.20.11:113][  0]LogConfig: Setting CVar [[gc.FlushStreamingOnGC:0]]
[2019.02.09-06.20.11:113][  0]LogConfig: Setting CVar [[gc.NumRetriesBeforeForcingGC:10]]
[2019.02.09-06.20.11:113][  0]LogConfig: Setting CVar [[gc.AllowParallelGC:1]]
[2019.02.09-06.20.11:113][  0]LogConfig: Setting CVar [[gc.TimeBetweenPurgingPendingKillObjects:61.1]]
[2019.02.09-06.20.11:113][  0]LogConfig: Setting CVar [[gc.MaxObjectsInEditor:8388607]]
[2019.02.09-06.20.11:113][  0]LogConfig: Setting CVar [[gc.IncrementalBeginDestroyEnabled:1]]
[2019.02.09-06.20.11:113][  0]LogConfig: Setting CVar [[gc.CreateGCClusters:1]]
[2019.02.09-06.20.11:113][  0]LogConfig: Setting CVar [[gc.MergeGCClusters:0]]
[2019.02.09-06.20.11:113][  0]LogConfig: Setting CVar [[gc.MinGCClusterSize:5]]
[2019.02.09-06.20.11:113][  0]LogConfig: Setting CVar [[gc.ActorClusteringEnabled:0]]
[2019.02.09-06.20.11:113][  0]LogConfig: Setting CVar [[gc.BlueprintClusteringEnabled:0]]
[2019.02.09-06.20.11:113][  0]LogConfig: Setting CVar [[gc.UseDisregardForGCOnDedicatedServers:0]]
[2019.02.09-06.20.11:114][  0]LogConfig: Applying CVar settings from Section [/Script/Engine.NetworkSettings] File [C:/Users/MinLion/Desktop/UnrealProjects/UnrealMMO/TimeTravel/Saved/Config/Windows/Engine.ini]
[2019.02.09-06.20.11:114][  0]LogConfig: Applying CVar settings from Section [/Script/UnrealEd.CookerSettings] File [C:/Users/MinLion/Desktop/UnrealProjects/UnrealMMO/TimeTravel/Saved/Config/Windows/Engine.ini]
[2019.02.09-06.20.11:116][  0]LogConfig: Applying CVar settings from Section [ViewDistanceQuality@3] File [C:/Users/MinLion/Desktop/UnrealProjects/UnrealMMO/TimeTravel/Saved/Config/Windows/Scalability.ini]
[2019.02.09-06.20.11:117][  0]LogConfig: Setting CVar [[r.SkeletalMeshLODBias:0]]
[2019.02.09-06.20.11:117][  0]LogConfig: Setting CVar [[r.ViewDistanceScale:1.0]]
[2019.02.09-06.20.11:117][  0]LogConfig: Applying CVar settings from Section [AntiAliasingQuality@3] File [C:/Users/MinLion/Desktop/UnrealProjects/UnrealMMO/TimeTravel/Saved/Config/Windows/Scalability.ini]
[2019.02.09-06.20.11:117][  0]LogConfig: Setting CVar [[r.PostProcessAAQuality:4]]
[2019.02.09-06.20.11:117][  0]LogConfig: Applying CVar settings from Section [ShadowQuality@3] File [C:/Users/MinLion/Desktop/UnrealProjects/UnrealMMO/TimeTravel/Saved/Config/Windows/Scalability.ini]
[2019.02.09-06.20.11:117][  0]LogConfig: Setting CVar [[r.LightFunctionQuality:1]]
[2019.02.09-06.20.11:117][  0]LogConfig: Setting CVar [[r.ShadowQuality:5]]
[2019.02.09-06.20.11:117][  0]LogConfig: Setting CVar [[r.Shadow.CSM.MaxCascades:10]]
[2019.02.09-06.20.11:117][  0]LogConfig: Setting CVar [[r.Shadow.MaxResolution:2048]]
[2019.02.09-06.20.11:117][  0]LogConfig: Setting CVar [[r.Shadow.MaxCSMResolution:2048]]
[2019.02.09-06.20.11:117][  0]LogConfig: Setting CVar [[r.Shadow.RadiusThreshold:0.01]]
[2019.02.09-06.20.11:117][  0]LogConfig: Setting CVar [[r.Shadow.DistanceScale:1.0]]
[2019.02.09-06.20.11:117][  0]LogConfig: Setting CVar [[r.Shadow.CSM.TransitionScale:1.0]]
[2019.02.09-06.20.11:117][  0]LogConfig: Setting CVar [[r.Shadow.PreShadowResolutionFactor:1.0]]
[2019.02.09-06.20.11:117][  0]LogConfig: Setting CVar [[r.DistanceFieldShadowing:1]]
[2019.02.09-06.20.11:117][  0]LogConfig: Setting CVar [[r.DistanceFieldAO:1]]
[2019.02.09-06.20.11:117][  0]LogConfig: Setting CVar [[r.AOQuality:2]]
[2019.02.09-06.20.11:117][  0]LogConfig: Setting CVar [[r.VolumetricFog:1]]
[2019.02.09-06.20.11:117][  0]LogConfig: Setting CVar [[r.VolumetricFog.GridPixelSize:8]]
[2019.02.09-06.20.11:117][  0]LogConfig: Setting CVar [[r.VolumetricFog.GridSizeZ:128]]
[2019.02.09-06.20.11:117][  0]LogConfig: Setting CVar [[r.VolumetricFog.HistoryMissSupersampleCount:4]]
[2019.02.09-06.20.11:117][  0]LogConfig: Setting CVar [[r.LightMaxDrawDistanceScale:1]]
[2019.02.09-06.20.11:117][  0]LogConfig: Setting CVar [[r.CapsuleShadows:1]]
[2019.02.09-06.20.11:117][  0]LogConfig: Applying CVar settings from Section [PostProcessQuality@3] File [C:/Users/MinLion/Desktop/UnrealProjects/UnrealMMO/TimeTravel/Saved/Config/Windows/Scalability.ini]
[2019.02.09-06.20.11:117][  0]LogConfig: Setting CVar [[r.MotionBlurQuality:4]]
[2019.02.09-06.20.11:117][  0]LogConfig: Setting CVar [[r.AmbientOcclusionMipLevelFactor:0.4]]
[2019.02.09-06.20.11:117][  0]LogConfig: Setting CVar [[r.AmbientOcclusionMaxQuality:100]]
[2019.02.09-06.20.11:117][  0]LogConfig: Setting CVar [[r.AmbientOcclusionLevels:-1]]
[2019.02.09-06.20.11:117][  0]LogConfig: Setting CVar [[r.AmbientOcclusionRadiusScale:1.0]]
[2019.02.09-06.20.11:117][  0]LogConfig: Setting CVar [[r.DepthOfFieldQuality:2]]
[2019.02.09-06.20.11:117][  0]LogConfig: Setting CVar [[r.RenderTargetPoolMin:400]]
[2019.02.09-06.20.11:117][  0]LogConfig: Setting CVar [[r.LensFlareQuality:2]]
[2019.02.09-06.20.11:117][  0]LogConfig: Setting CVar [[r.SceneColorFringeQuality:1]]
[2019.02.09-06.20.11:117][  0]LogConfig: Setting CVar [[r.EyeAdaptationQuality:2]]
[2019.02.09-06.20.11:117][  0]LogConfig: Setting CVar [[r.BloomQuality:5]]
[2019.02.09-06.20.11:117][  0]LogConfig: Setting CVar [[r.FastBlurThreshold:100]]
[2019.02.09-06.20.11:117][  0]LogConfig: Setting CVar [[r.Upscale.Quality:3]]
[2019.02.09-06.20.11:117][  0]LogConfig: Setting CVar [[r.Tonemapper.GrainQuantization:1]]
[2019.02.09-06.20.11:117][  0]LogConfig: Setting CVar [[r.LightShaftQuality:1]]
[2019.02.09-06.20.11:117][  0]LogConfig: Setting CVar [[r.Filter.SizeScale:1]]
[2019.02.09-06.20.11:117][  0]LogConfig: Setting CVar [[r.Tonemapper.Quality:5]]
[2019.02.09-06.20.11:117][  0]LogConfig: Setting CVar [[r.DOF.Gather.AccumulatorQuality:1        ; higher gathering accumulator quality]]
[2019.02.09-06.20.11:117][  0]LogConfig: Setting CVar [[r.DOF.Gather.PostfilterMethod:1          ; Median3x3 postfilering method]]
[2019.02.09-06.20.11:117][  0]LogConfig: Setting CVar [[r.DOF.Gather.EnableBokehSettings:0       ; no bokeh simulation when gathering]]
[2019.02.09-06.20.11:117][  0]LogConfig: Setting CVar [[r.DOF.Gather.RingCount:4                 ; medium number of samples when gathering]]
[2019.02.09-06.20.11:117][  0]LogConfig: Setting CVar [[r.DOF.Scatter.ForegroundCompositing:1    ; additive foreground scattering]]
[2019.02.09-06.20.11:117][  0]LogConfig: Setting CVar [[r.DOF.Scatter.BackgroundCompositing:2    ; additive background scattering]]
[2019.02.09-06.20.11:117][  0]LogConfig: Setting CVar [[r.DOF.Scatter.EnableBokehSettings:1      ; bokeh simulation when scattering]]
[2019.02.09-06.20.11:117][  0]LogConfig: Setting CVar [[r.DOF.Scatter.MaxSpriteRatio:0.1         ; only a maximum of 10% of scattered bokeh]]
[2019.02.09-06.20.11:117][  0]LogConfig: Setting CVar [[r.DOF.Recombine.Quality:1                ; cheap slight out of focus]]
[2019.02.09-06.20.11:117][  0]LogConfig: Setting CVar [[r.DOF.Recombine.EnableBokehSettings:0    ; no bokeh simulation on slight out of focus]]
[2019.02.09-06.20.11:117][  0]LogConfig: Setting CVar [[r.DOF.TemporalAAQuality:1                ; more stable temporal accumulation]]
[2019.02.09-06.20.11:117][  0]LogConfig: Setting CVar [[r.DOF.Kernel.MaxForegroundRadius:0.025]]
[2019.02.09-06.20.11:117][  0]LogConfig: Setting CVar [[r.DOF.Kernel.MaxBackgroundRadius:0.025]]
[2019.02.09-06.20.11:117][  0]LogConfig: Applying CVar settings from Section [TextureQuality@3] File [C:/Users/MinLion/Desktop/UnrealProjects/UnrealMMO/TimeTravel/Saved/Config/Windows/Scalability.ini]
[2019.02.09-06.20.11:117][  0]LogConfig: Setting CVar [[r.Streaming.MipBias:0]]
[2019.02.09-06.20.11:117][  0]LogConfig: Setting CVar [[r.Streaming.AmortizeCPUToGPUCopy:0]]
[2019.02.09-06.20.11:117][  0]LogConfig: Setting CVar [[r.Streaming.MaxNumTexturesToStreamPerFrame:0]]
[2019.02.09-06.20.11:117][  0]LogConfig: Setting CVar [[r.Streaming.Boost:1]]
[2019.02.09-06.20.11:117][  0]LogConfig: Setting CVar [[r.MaxAnisotropy:8]]
[2019.02.09-06.20.11:117][  0]LogConfig: Setting CVar [[r.Streaming.LimitPoolSizeToVRAM:0]]
[2019.02.09-06.20.11:117][  0]LogConfig: Setting CVar [[r.Streaming.PoolSize:1000]]
[2019.02.09-06.20.11:117][  0]LogConfig: Setting CVar [[r.Streaming.MaxEffectiveScreenSize:0]]
[2019.02.09-06.20.11:117][  0]LogConfig: Applying CVar settings from Section [EffectsQuality@3] File [C:/Users/MinLion/Desktop/UnrealProjects/UnrealMMO/TimeTravel/Saved/Config/Windows/Scalability.ini]
[2019.02.09-06.20.11:117][  0]LogConfig: Setting CVar [[r.TranslucencyLightingVolumeDim:64]]
[2019.02.09-06.20.11:117][  0]LogConfig: Setting CVar [[r.RefractionQuality:2]]
[2019.02.09-06.20.11:117][  0]LogConfig: Setting CVar [[r.SSR.Quality:3]]
[2019.02.09-06.20.11:117][  0]LogConfig: Setting CVar [[r.SceneColorFormat:4]]
[2019.02.09-06.20.11:117][  0]LogConfig: Setting CVar [[r.DetailMode:2]]
[2019.02.09-06.20.11:117][  0]LogConfig: Setting CVar [[r.TranslucencyVolumeBlur:1]]
[2019.02.09-06.20.11:117][  0]LogConfig: Setting CVar [[r.MaterialQualityLevel:1 ; High quality]]
[2019.02.09-06.20.11:117][  0]LogConfig: Setting CVar [[r.SSS.Scale:1]]
[2019.02.09-06.20.11:117][  0]LogConfig: Setting CVar [[r.SSS.SampleSet:2]]
[2019.02.09-06.20.11:117][  0]LogConfig: Setting CVar [[r.SSS.Quality:1]]
[2019.02.09-06.20.11:117][  0]LogConfig: Setting CVar [[r.SSS.HalfRes:1]]
[2019.02.09-06.20.11:117][  0]LogConfig: Setting CVar [[r.EmitterSpawnRateScale:1.0]]
[2019.02.09-06.20.11:117][  0]LogConfig: Setting CVar [[r.ParticleLightQuality:2]]
[2019.02.09-06.20.11:117][  0]LogConfig: Applying CVar settings from Section [FoliageQuality@3] File [C:/Users/MinLion/Desktop/UnrealProjects/UnrealMMO/TimeTravel/Saved/Config/Windows/Scalability.ini]
[2019.02.09-06.20.11:117][  0]LogConfig: Setting CVar [[foliage.DensityScale:1.0]]
[2019.02.09-06.20.11:117][  0]LogConfig: Setting CVar [[grass.DensityScale:1.0]]
[2019.02.09-06.20.11:118][  0]LogInit: Selected Device Profile: [Windows]
[2019.02.09-06.20.11:118][  0]LogInit: Applying CVar settings loaded from the selected device profile: [Windows]
[2019.02.09-06.20.11:124][  0]LogHAL: Display: Platform has ~ 16 GB [17116471296 / 17179869184 / 16], which maps to Larger [LargestMinGB=32, LargerMinGB=12, DefaultMinGB=8, SmallerMinGB=6, SmallestMinGB=0)
[2019.02.09-06.20.11:124][  0]LogConfig: Setting CVar [[r.Vulkan.UseRealUBs:1]]
[2019.02.09-06.20.11:124][  0]LogInit: Going up to parent DeviceProfile []
[2019.02.09-06.20.11:124][  0]LogConfig: Applying CVar settings from Section [ViewDistanceQuality@3] File [C:/Users/MinLion/Desktop/UnrealProjects/UnrealMMO/TimeTravel/Saved/Config/Windows/Scalability.ini]
[2019.02.09-06.20.11:124][  0]LogConfig: Setting CVar [[r.SkeletalMeshLODBias:0]]
[2019.02.09-06.20.11:124][  0]LogConfig: Setting CVar [[r.ViewDistanceScale:1.0]]
[2019.02.09-06.20.11:124][  0]LogConfig: Applying CVar settings from Section [AntiAliasingQuality@3] File [C:/Users/MinLion/Desktop/UnrealProjects/UnrealMMO/TimeTravel/Saved/Config/Windows/Scalability.ini]
[2019.02.09-06.20.11:124][  0]LogConfig: Setting CVar [[r.PostProcessAAQuality:4]]
[2019.02.09-06.20.11:124][  0]LogConfig: Applying CVar settings from Section [ShadowQuality@3] File [C:/Users/MinLion/Desktop/UnrealProjects/UnrealMMO/TimeTravel/Saved/Config/Windows/Scalability.ini]
[2019.02.09-06.20.11:124][  0]LogConfig: Setting CVar [[r.LightFunctionQuality:1]]
[2019.02.09-06.20.11:124][  0]LogConfig: Setting CVar [[r.ShadowQuality:5]]
[2019.02.09-06.20.11:124][  0]LogConfig: Setting CVar [[r.Shadow.CSM.MaxCascades:10]]
[2019.02.09-06.20.11:124][  0]LogConfig: Setting CVar [[r.Shadow.MaxResolution:2048]]
[2019.02.09-06.20.11:124][  0]LogConfig: Setting CVar [[r.Shadow.MaxCSMResolution:2048]]
[2019.02.09-06.20.11:124][  0]LogConfig: Setting CVar [[r.Shadow.RadiusThreshold:0.01]]
[2019.02.09-06.20.11:124][  0]LogConfig: Setting CVar [[r.Shadow.DistanceScale:1.0]]
[2019.02.09-06.20.11:124][  0]LogConfig: Setting CVar [[r.Shadow.CSM.TransitionScale:1.0]]
[2019.02.09-06.20.11:124][  0]LogConfig: Setting CVar [[r.Shadow.PreShadowResolutionFactor:1.0]]
[2019.02.09-06.20.11:124][  0]LogConfig: Setting CVar [[r.DistanceFieldShadowing:1]]
[2019.02.09-06.20.11:124][  0]LogConfig: Setting CVar [[r.DistanceFieldAO:1]]
[2019.02.09-06.20.11:124][  0]LogConfig: Setting CVar [[r.AOQuality:2]]
[2019.02.09-06.20.11:124][  0]LogConfig: Setting CVar [[r.VolumetricFog:1]]
[2019.02.09-06.20.11:124][  0]LogConfig: Setting CVar [[r.VolumetricFog.GridPixelSize:8]]
[2019.02.09-06.20.11:124][  0]LogConfig: Setting CVar [[r.VolumetricFog.GridSizeZ:128]]
[2019.02.09-06.20.11:124][  0]LogConfig: Setting CVar [[r.VolumetricFog.HistoryMissSupersampleCount:4]]
[2019.02.09-06.20.11:124][  0]LogConfig: Setting CVar [[r.LightMaxDrawDistanceScale:1]]
[2019.02.09-06.20.11:124][  0]LogConfig: Setting CVar [[r.CapsuleShadows:1]]
[2019.02.09-06.20.11:124][  0]LogConfig: Applying CVar settings from Section [PostProcessQuality@3] File [C:/Users/MinLion/Desktop/UnrealProjects/UnrealMMO/TimeTravel/Saved/Config/Windows/Scalability.ini]
[2019.02.09-06.20.11:124][  0]LogConfig: Setting CVar [[r.MotionBlurQuality:4]]
[2019.02.09-06.20.11:124][  0]LogConfig: Setting CVar [[r.AmbientOcclusionMipLevelFactor:0.4]]
[2019.02.09-06.20.11:124][  0]LogConfig: Setting CVar [[r.AmbientOcclusionMaxQuality:100]]
[2019.02.09-06.20.11:124][  0]LogConfig: Setting CVar [[r.AmbientOcclusionLevels:-1]]
[2019.02.09-06.20.11:124][  0]LogConfig: Setting CVar [[r.AmbientOcclusionRadiusScale:1.0]]
[2019.02.09-06.20.11:124][  0]LogConfig: Setting CVar [[r.DepthOfFieldQuality:2]]
[2019.02.09-06.20.11:124][  0]LogConfig: Setting CVar [[r.RenderTargetPoolMin:400]]
[2019.02.09-06.20.11:124][  0]LogConfig: Setting CVar [[r.LensFlareQuality:2]]
[2019.02.09-06.20.11:124][  0]LogConfig: Setting CVar [[r.SceneColorFringeQuality:1]]
[2019.02.09-06.20.11:124][  0]LogConfig: Setting CVar [[r.EyeAdaptationQuality:2]]
[2019.02.09-06.20.11:124][  0]LogConfig: Setting CVar [[r.BloomQuality:5]]
[2019.02.09-06.20.11:124][  0]LogConfig: Setting CVar [[r.FastBlurThreshold:100]]
[2019.02.09-06.20.11:124][  0]LogConfig: Setting CVar [[r.Upscale.Quality:3]]
[2019.02.09-06.20.11:124][  0]LogConfig: Setting CVar [[r.Tonemapper.GrainQuantization:1]]
[2019.02.09-06.20.11:124][  0]LogConfig: Setting CVar [[r.LightShaftQuality:1]]
[2019.02.09-06.20.11:124][  0]LogConfig: Setting CVar [[r.Filter.SizeScale:1]]
[2019.02.09-06.20.11:124][  0]LogConfig: Setting CVar [[r.Tonemapper.Quality:5]]
[2019.02.09-06.20.11:124][  0]LogConfig: Setting CVar [[r.DOF.Gather.AccumulatorQuality:1        ; higher gathering accumulator quality]]
[2019.02.09-06.20.11:124][  0]LogConfig: Setting CVar [[r.DOF.Gather.PostfilterMethod:1          ; Median3x3 postfilering method]]
[2019.02.09-06.20.11:124][  0]LogConfig: Setting CVar [[r.DOF.Gather.EnableBokehSettings:0       ; no bokeh simulation when gathering]]
[2019.02.09-06.20.11:124][  0]LogConfig: Setting CVar [[r.DOF.Gather.RingCount:4                 ; medium number of samples when gathering]]
[2019.02.09-06.20.11:124][  0]LogConfig: Setting CVar [[r.DOF.Scatter.ForegroundCompositing:1    ; additive foreground scattering]]
[2019.02.09-06.20.11:124][  0]LogConfig: Setting CVar [[r.DOF.Scatter.BackgroundCompositing:2    ; additive background scattering]]
[2019.02.09-06.20.11:124][  0]LogConfig: Setting CVar [[r.DOF.Scatter.EnableBokehSettings:1      ; bokeh simulation when scattering]]
[2019.02.09-06.20.11:124][  0]LogConfig: Setting CVar [[r.DOF.Scatter.MaxSpriteRatio:0.1         ; only a maximum of 10% of scattered bokeh]]
[2019.02.09-06.20.11:124][  0]LogConfig: Setting CVar [[r.DOF.Recombine.Quality:1                ; cheap slight out of focus]]
[2019.02.09-06.20.11:124][  0]LogConfig: Setting CVar [[r.DOF.Recombine.EnableBokehSettings:0    ; no bokeh simulation on slight out of focus]]
[2019.02.09-06.20.11:124][  0]LogConfig: Setting CVar [[r.DOF.TemporalAAQuality:1                ; more stable temporal accumulation]]
[2019.02.09-06.20.11:124][  0]LogConfig: Setting CVar [[r.DOF.Kernel.MaxForegroundRadius:0.025]]
[2019.02.09-06.20.11:124][  0]LogConfig: Setting CVar [[r.DOF.Kernel.MaxBackgroundRadius:0.025]]
[2019.02.09-06.20.11:124][  0]LogConfig: Applying CVar settings from Section [TextureQuality@3] File [C:/Users/MinLion/Desktop/UnrealProjects/UnrealMMO/TimeTravel/Saved/Config/Windows/Scalability.ini]
[2019.02.09-06.20.11:124][  0]LogConfig: Setting CVar [[r.Streaming.MipBias:0]]
[2019.02.09-06.20.11:124][  0]LogConfig: Setting CVar [[r.Streaming.AmortizeCPUToGPUCopy:0]]
[2019.02.09-06.20.11:124][  0]LogConfig: Setting CVar [[r.Streaming.MaxNumTexturesToStreamPerFrame:0]]
[2019.02.09-06.20.11:124][  0]LogConfig: Setting CVar [[r.Streaming.Boost:1]]
[2019.02.09-06.20.11:124][  0]LogConfig: Setting CVar [[r.MaxAnisotropy:8]]
[2019.02.09-06.20.11:124][  0]LogConfig: Setting CVar [[r.Streaming.LimitPoolSizeToVRAM:0]]
[2019.02.09-06.20.11:124][  0]LogConfig: Setting CVar [[r.Streaming.PoolSize:1000]]
[2019.02.09-06.20.11:124][  0]LogConfig: Setting CVar [[r.Streaming.MaxEffectiveScreenSize:0]]
[2019.02.09-06.20.11:124][  0]LogConfig: Applying CVar settings from Section [EffectsQuality@3] File [C:/Users/MinLion/Desktop/UnrealProjects/UnrealMMO/TimeTravel/Saved/Config/Windows/Scalability.ini]
[2019.02.09-06.20.11:124][  0]LogConfig: Setting CVar [[r.TranslucencyLightingVolumeDim:64]]
[2019.02.09-06.20.11:124][  0]LogConfig: Setting CVar [[r.RefractionQuality:2]]
[2019.02.09-06.20.11:124][  0]LogConfig: Setting CVar [[r.SSR.Quality:3]]
[2019.02.09-06.20.11:124][  0]LogConfig: Setting CVar [[r.SceneColorFormat:4]]
[2019.02.09-06.20.11:124][  0]LogConfig: Setting CVar [[r.DetailMode:2]]
[2019.02.09-06.20.11:124][  0]LogConfig: Setting CVar [[r.TranslucencyVolumeBlur:1]]
[2019.02.09-06.20.11:124][  0]LogConfig: Setting CVar [[r.MaterialQualityLevel:1 ; High quality]]
[2019.02.09-06.20.11:124][  0]LogConfig: Setting CVar [[r.SSS.Scale:1]]
[2019.02.09-06.20.11:124][  0]LogConfig: Setting CVar [[r.SSS.SampleSet:2]]
[2019.02.09-06.20.11:124][  0]LogConfig: Setting CVar [[r.SSS.Quality:1]]
[2019.02.09-06.20.11:125][  0]LogConfig: Setting CVar [[r.SSS.HalfRes:1]]
[2019.02.09-06.20.11:125][  0]LogConfig: Setting CVar [[r.EmitterSpawnRateScale:1.0]]
[2019.02.09-06.20.11:125][  0]LogConfig: Setting CVar [[r.ParticleLightQuality:2]]
[2019.02.09-06.20.11:125][  0]LogConfig: Applying CVar settings from Section [FoliageQuality@3] File [C:/Users/MinLion/Desktop/UnrealProjects/UnrealMMO/TimeTravel/Saved/Config/Windows/Scalability.ini]
[2019.02.09-06.20.11:125][  0]LogConfig: Setting CVar [[foliage.DensityScale:1.0]]
[2019.02.09-06.20.11:125][  0]LogConfig: Setting CVar [[grass.DensityScale:1.0]]
[2019.02.09-06.20.11:125][  0]LogConfig: Applying CVar settings from Section [Startup] File [../../../Engine/Config/ConsoleVariables.ini]
[2019.02.09-06.20.11:125][  0]LogConfig: Setting CVar [[net.UseAdaptiveNetUpdateFrequency:0]]
[2019.02.09-06.20.11:125][  0]LogConfig: Applying CVar settings from Section [ConsoleVariables] File [C:/Users/MinLion/Desktop/UnrealProjects/UnrealMMO/TimeTravel/Saved/Config/Windows/Engine.ini]
[2019.02.09-06.20.11:125][  0]LogInit: Computer: DESKTOP-RAID143
[2019.02.09-06.20.11:125][  0]LogInit: User: MinLion
[2019.02.09-06.20.11:125][  0]LogInit: CPU Page size=4096, Cores=6
[2019.02.09-06.20.11:125][  0]LogInit: High frequency timer resolution =3.515627 MHz
[2019.02.09-06.20.11:125][  0]LogMemory: Memory total: Physical=15.9GB (16GB approx)
[2019.02.09-06.20.11:125][  0]LogMemory: Platform Memory Stats for Windows
[2019.02.09-06.20.11:125][  0]LogMemory: Process Physical Memory: 103.05 MB used, 103.05 MB peak
[2019.02.09-06.20.11:125][  0]LogMemory: Process Virtual Memory: 85.44 MB used, 85.44 MB peak
[2019.02.09-06.20.11:125][  0]LogMemory: Physical Memory: 4701.03 MB used,  11622.51 MB free, 16323.54 MB total
[2019.02.09-06.20.11:125][  0]LogMemory: Virtual Memory: 4642.55 MB used,  134213088.00 MB free, 134217728.00 MB total
[2019.02.09-06.20.11:143][  0]LogInit: Using OS detected language (ko-KR).
[2019.02.09-06.20.11:143][  0]LogInit: Using OS detected locale (ko-KR).
[2019.02.09-06.20.11:143][  0]LogTextLocalizationManager: No specific localization for 'ko-KR' exists, so the 'ko' localization will be used.
[2019.02.09-06.20.11:428][  0]LogStreaming: Display: Took  0.286s to InitEngineTextLocalization.
[2019.02.09-06.20.11:428][  0]LogInit: Setting process to per monitor DPI aware
[2019.02.09-06.20.11:452][  0]LogSlate: New Slate User Created.  User Index 0, Is Virtual User: 0
[2019.02.09-06.20.11:453][  0]LogSlate: Slate User Registered.  User Index 0, Is Virtual User: 0
[2019.02.09-06.20.11:590][  0]LogHMD: Failed to initialize OpenVR with code 110
[2019.02.09-06.20.11:590][  0]LogD3D11RHI: D3D11 adapters:
[2019.02.09-06.20.11:644][  0]LogD3D11RHI:    0. 'NVIDIA GeForce GTX 1060 6GB' (Feature Level 11_0)
[2019.02.09-06.20.11:644][  0]LogD3D11RHI:       6052/0/8161 MB DedicatedVideo/DedicatedSystem/SharedSystem, Outputs:1, VendorId:0x10de
[2019.02.09-06.20.11:646][  0]LogD3D11RHI:    1. 'Microsoft Basic Render Driver' (Feature Level 11_0)
[2019.02.09-06.20.11:646][  0]LogD3D11RHI:       0/0/8161 MB DedicatedVideo/DedicatedSystem/SharedSystem, Outputs:0, VendorId:0x1414
[2019.02.09-06.20.11:646][  0]LogD3D11RHI: Chosen D3D11 Adapter: 0
[2019.02.09-06.20.11:651][  0]LogD3D11RHI: Creating new Direct3DDevice
[2019.02.09-06.20.11:651][  0]LogD3D11RHI:     GPU DeviceId: 0x1c03 (for the marketing name, search the web for "GPU Device Id")
[2019.02.09-06.20.11:651][  0]LogWindows: EnumDisplayDevices:
[2019.02.09-06.20.11:651][  0]LogWindows:    0. 'NVIDIA GeForce GTX 1060 6GB' (P:1 D:1)
[2019.02.09-06.20.11:651][  0]LogWindows:    1. 'NVIDIA GeForce GTX 1060 6GB' (P:0 D:0)
[2019.02.09-06.20.11:652][  0]LogWindows:    2. 'NVIDIA GeForce GTX 1060 6GB' (P:0 D:0)
[2019.02.09-06.20.11:652][  0]LogWindows:    3. 'NVIDIA GeForce GTX 1060 6GB' (P:0 D:0)
[2019.02.09-06.20.11:652][  0]LogWindows: DebugString: FoundDriverCount:4 
[2019.02.09-06.20.11:652][  0]LogD3D11RHI:     Adapter Name: NVIDIA GeForce GTX 1060 6GB
[2019.02.09-06.20.11:652][  0]LogD3D11RHI:   Driver Version: 417.35 (internal:25.21.14.1735, unified:417.35)
[2019.02.09-06.20.11:652][  0]LogD3D11RHI:      Driver Date: 12-11-2018
[2019.02.09-06.20.11:652][  0]LogRHI: Texture pool is 4236 MB (70% of 6052 MB)
[2019.02.09-06.20.11:683][  0]LogD3D11RHI: Async texture creation enabled
[2019.02.09-06.20.11:700][  0]LogD3D11RHI: GPU Timing Frequency: 1000.000000 (Debug: 2 2)
[2019.02.09-06.20.11:941][  0]LogTemp: Display: Loaded TP AllDesktopTargetPlatform
[2019.02.09-06.20.11:951][  0]LogTemp: Display: Loaded TP MacClientTargetPlatform
[2019.02.09-06.20.11:961][  0]LogTemp: Display: Loaded TP MacNoEditorTargetPlatform
[2019.02.09-06.20.11:971][  0]LogTemp: Display: Loaded TP MacServerTargetPlatform
[2019.02.09-06.20.11:981][  0]LogTemp: Display: Loaded TP MacTargetPlatform
[2019.02.09-06.20.11:992][  0]LogTemp: Display: Loaded TP WindowsClientTargetPlatform
[2019.02.09-06.20.12:002][  0]LogTemp: Display: Loaded TP WindowsNoEditorTargetPlatform
[2019.02.09-06.20.12:012][  0]LogTemp: Display: Loaded TP WindowsServerTargetPlatform
[2019.02.09-06.20.12:017][  0]LogTemp: Display: Loaded TP WindowsTargetPlatform
[2019.02.09-06.20.12:080][  0]LogTemp: Display: Loaded TP AndroidTargetPlatform
[2019.02.09-06.20.12:080][  0]LogTemp: Display: Loaded TP AndroidTargetPlatform
[2019.02.09-06.20.12:080][  0]LogTemp: Display: Loaded TP AndroidTargetPlatform
[2019.02.09-06.20.12:080][  0]LogTemp: Display: Loaded TP AndroidTargetPlatform
[2019.02.09-06.20.12:080][  0]LogTemp: Display: Loaded TP AndroidTargetPlatform
[2019.02.09-06.20.12:080][  0]LogTemp: Display: Loaded TP AndroidTargetPlatform
[2019.02.09-06.20.12:080][  0]LogTemp: Display: Loaded TP AndroidTargetPlatform
[2019.02.09-06.20.12:080][  0]LogTemp: Display: Loaded TP AndroidTargetPlatform
[2019.02.09-06.20.12:080][  0]LogTemp: Display: Loaded TP AndroidTargetPlatform
[2019.02.09-06.20.12:080][  0]LogTemp: Display: Loaded TP AndroidTargetPlatform
[2019.02.09-06.20.12:080][  0]LogTemp: Display: Loaded TP AndroidTargetPlatform
[2019.02.09-06.20.12:080][  0]LogTemp: Display: Loaded TP AndroidTargetPlatform
[2019.02.09-06.20.12:080][  0]LogTemp: Display: Loaded TP AndroidTargetPlatform
[2019.02.09-06.20.12:080][  0]LogTemp: Display: Loaded TP AndroidTargetPlatform
[2019.02.09-06.20.12:081][  0]LogTemp: Display: Loaded TP AndroidTargetPlatform
[2019.02.09-06.20.12:081][  0]LogTemp: Display: Loaded TP AndroidTargetPlatform
[2019.02.09-06.20.12:081][  0]LogTemp: Display: Loaded TP AndroidTargetPlatform
[2019.02.09-06.20.12:081][  0]LogTemp: Display: Loaded TP AndroidTargetPlatform
[2019.02.09-06.20.12:082][  0]LogTemp: Display: Loaded TP HTML5TargetPlatform
[2019.02.09-06.20.12:136][  0]LogTemp: Display: Loaded TP IOSTargetPlatform
[2019.02.09-06.20.12:136][  0]LogTemp: Display: Loaded TP IOSTargetPlatform
[2019.02.09-06.20.12:154][  0]LogTemp: Display: Loaded TP TVOSTargetPlatform
[2019.02.09-06.20.12:154][  0]LogTemp: Display: Loaded TP TVOSTargetPlatform
[2019.02.09-06.20.12:165][  0]LogTemp: Display: Loaded TP LinuxClientTargetPlatform
[2019.02.09-06.20.12:175][  0]LogTemp: Display: Loaded TP LinuxNoEditorTargetPlatform
[2019.02.09-06.20.12:185][  0]LogTemp: Display: Loaded TP LinuxServerTargetPlatform
[2019.02.09-06.20.12:195][  0]LogTemp: Display: Loaded TP LinuxTargetPlatform
[2019.02.09-06.20.12:230][  0]LogTemp: Display: Loaded TP LuminTargetPlatform
[2019.02.09-06.20.12:230][  0]LogTemp: Display: Loaded TP LuminTargetPlatform
[2019.02.09-06.20.12:230][  0]LogTargetPlatformManager: Display: Building Assets For Windows
[2019.02.09-06.20.12:268][  0]LogShaderCompilers: Guid format shader working directory is -27 characters bigger than the processId version (../../../../../../Users/MinLion/Desktop/UnrealProjects/UnrealMMO/TimeTravel/Intermediate/Shaders/WorkingDirectory/7704/).
[2019.02.09-06.20.12:269][  0]LogShaderCompilers: Cleaned the shader compiler working directory 'C:/Users/MinLion/AppData/Local/Temp/UnrealShaderWorkingDir/D36667884A6DB0826E0EA98C1500FF42/'.
[2019.02.09-06.20.12:270][  0]LogXGEController: Cleaning working directory: C:/Users/MinLion/AppData/Local/Temp/UnrealXGEWorkingDir/
[2019.02.09-06.20.12:270][  0]LogXGEController: Cannot use XGE Controller as Incredibuild is not installed on this machine.
[2019.02.09-06.20.12:270][  0]LogShaderCompilers: Cannot use XGE Shader Compiler as Incredibuild is not installed on this machine.
[2019.02.09-06.20.12:270][  0]LogShaderCompilers: Display: Using Local Shader Compiler.
[2019.02.09-06.20.12:676][  0]LogDerivedDataCache: Display: Max Cache Size: 512 MB
[2019.02.09-06.20.12:718][  0]LogDerivedDataCache: Loaded boot cache 0.04s 72MB C:/Users/MinLion/AppData/Local/UnrealEngine/4.21/DerivedDataCache/Boot.ddc.
[2019.02.09-06.20.12:718][  0]LogDerivedDataCache: Display: Loaded Boot cache: C:/Users/MinLion/AppData/Local/UnrealEngine/4.21/DerivedDataCache/Boot.ddc
[2019.02.09-06.20.12:718][  0]LogDerivedDataCache: FDerivedDataBackendGraph:  Pak pak cache file ../../../../../../Users/MinLion/Desktop/UnrealProjects/UnrealMMO/TimeTravel/DerivedDataCache/DDC.ddp not found, will not use a pak cache.
[2019.02.09-06.20.12:718][  0]LogDerivedDataCache: Unable to find inner node Pak for hierarchical cache Hierarchy.
[2019.02.09-06.20.12:718][  0]LogDerivedDataCache: FDerivedDataBackendGraph:  CompressedPak pak cache file ../../../../../../Users/MinLion/Desktop/UnrealProjects/UnrealMMO/TimeTravel/DerivedDataCache/Compressed.ddp not found, will not use a pak cache.
[2019.02.09-06.20.12:718][  0]LogDerivedDataCache: Unable to find inner node CompressedPak for hierarchical cache Hierarchy.
[2019.02.09-06.20.12:729][  0]LogDerivedDataCache: Display: Pak cache opened for reading ../../../Engine/DerivedDataCache/Compressed.ddp.
[2019.02.09-06.20.12:729][  0]LogDerivedDataCache: FDerivedDataBackendGraph:  EnterprisePak pak cache file ../../../Enterprise/DerivedDataCache/Compressed.ddp not found, will not use a pak cache.
[2019.02.09-06.20.12:729][  0]LogDerivedDataCache: Unable to find inner node EnterprisePak for hierarchical cache Hierarchy.
[2019.02.09-06.20.12:741][  0]LogDerivedDataCache: Using Local data cache path C:/Users/MinLion/AppData/Local/UnrealEngine/Common/DerivedDataCache: Writable
[2019.02.09-06.20.12:741][  0]LogDerivedDataCache: Shared data cache path not found in *engine.ini, will not use an Shared cache.
[2019.02.09-06.20.12:741][  0]LogDerivedDataCache: Unable to find inner node Shared for hierarchical cache Hierarchy.
[2019.02.09-06.20.12:758][  0]LogMaterial: Verifying Global Shaders for PCD3D_SM5
[2019.02.09-06.20.12:759][  0]LogSlate: Using FreeType 2.6.0
[2019.02.09-06.20.12:760][  0]LogSlate: SlateFontServices - WITH_FREETYPE: 1, WITH_HARFBUZZ: 1
[2019.02.09-06.20.12:833][  0]LogAssetRegistry: FAssetRegistry took 0.0318 seconds to start up
[2019.02.09-06.20.13:077][  0]LogInit: Selected Device Profile: [Windows]
[2019.02.09-06.20.13:192][  0]LogSimplygon: Simplygon DLL not present - disabling.
[2019.02.09-06.20.13:195][  0]LogMeshReduction: Using SimplygonSwarm for distributed automatic mesh merging
[2019.02.09-06.20.13:195][  0]LogMeshReduction: Using ProxyLODMeshReduction for automatic mesh merging
[2019.02.09-06.20.13:195][  0]LogMeshReduction: Using QuadricMeshReduction for automatic static mesh reduction
[2019.02.09-06.20.13:195][  0]LogMeshReduction: No automatic skeletal mesh reduction module available
[2019.02.09-06.20.13:206][  0]LogNetVersion: TimeTravel 1.0.0, NetCL: 4541578, EngineNetVer: 5, GameNetVer: 0 (Checksum: 2724064776)
[2019.02.09-06.20.13:595][  0]LogPackageLocalizationCache: Processed 12 localized package path(s) for 2 prioritized culture(s) in 0.060133 seconds
[2019.02.09-06.20.13:600][  0]LogUObjectArray: 39775 objects as part of root set at end of initial load.
[2019.02.09-06.20.13:600][  0]LogUObjectAllocator: 6914656 out of 0 bytes used by permanent object pool.
[2019.02.09-06.20.13:600][  0]LogUObjectArray: CloseDisregardForGC: 0/0 objects in disregard for GC pool
[2019.02.09-06.20.14:256][  0]LogTcpMessaging: Initializing TcpMessaging bridge
[2019.02.09-06.20.14:269][  0]LogUdpMessaging: Initializing bridge on interface 0.0.0.0:0 to multicast group 230.0.0.1:6666.
[2019.02.09-06.20.14:949][  0]SourceControl: 소스 컨트롤이 꺼졌습니다.
[2019.02.09-06.20.14:950][  0]SourceControl: 소스 컨트롤이 꺼졌습니다.
[2019.02.09-06.20.14:951][  0]SourceControl: 소스 컨트롤이 꺼졌습니다.
[2019.02.09-06.20.14:952][  0]SourceControl: 소스 컨트롤이 꺼졌습니다.
[2019.02.09-06.20.15:100][  0]LogAndroidPermission: UAndroidPermissionCallbackProxy::GetInstance
[2019.02.09-06.20.15:167][  0]LogOcInput: OculusInput pre-init called
[2019.02.09-06.20.15:304][  0]LogEngine: Initializing Engine...
[2019.02.09-06.20.15:304][  0]LogHMD: Failed to initialize OpenVR with code 110
[2019.02.09-06.20.15:305][  0]LogStats: UGameplayTagsManager::ConstructGameplayTagTree: ImportINI prefixes -  0.000 s
[2019.02.09-06.20.15:305][  0]LogStats: UGameplayTagsManager::ConstructGameplayTagTree: Construct from data asset -  0.000 s
[2019.02.09-06.20.15:305][  0]LogStats: UGameplayTagsManager::ConstructGameplayTagTree: ImportINI -  0.000 s
[2019.02.09-06.20.15:305][  0]LogStats: UGameplayTagsManager::ConstructGameplayTagTree: GameplayTagTreeChangedEvent.Broadcast -  0.000 s
[2019.02.09-06.20.15:486][  0]LogInit: Initializing FReadOnlyCVARCache
[2019.02.09-06.20.15:494][  0]LogAIModule: Creating AISystem for world Untitled
[2019.02.09-06.20.15:551][  0]LogInit: XAudio2 using '스피커(Realtek High Definition Audio)' : 2 channels at 48 kHz using 32 bits per sample (channel mask 0x3)
[2019.02.09-06.20.15:605][  0]LogInit: FAudioDevice initialized.
[2019.02.09-06.20.15:606][  0]LogNetVersion: Set ProjectVersion to 1.0.0.0. Version Checksum will be recalculated on next use.
[2019.02.09-06.20.15:670][  0]LogDerivedDataCache: Saved boot cache 0.06s 72MB C:/Users/MinLion/AppData/Local/UnrealEngine/4.21/DerivedDataCache/Boot.ddc.
[2019.02.09-06.20.15:673][  0]LogInit: Texture streaming: Enabled
[2019.02.09-06.20.15:684][  0]LogEngineSessionManager: EngineSessionManager initialized
[2019.02.09-06.20.15:691][  0]LogInit: Transaction tracking system initialized
[2019.02.09-06.20.15:705][  0]BlueprintLog: New page: 에디터 로드
[2019.02.09-06.20.15:780][  0]LocalizationService: 현지화 서비스가 비활성화되었습니다.
[2019.02.09-06.20.16:118][  0]LogCook: Display: Max memory allowance for cook 16384mb min free memory 0mb
[2019.02.09-06.20.16:118][  0]LogCook: Display: Mobile HDR setting 1
[2019.02.09-06.20.16:118][  0]LogGameplayTags: Display: UGameplayTagsManager::DoneAddingNativeTags. DelegateIsBound: 0
[2019.02.09-06.20.16:118][  0]LogStats: UGameplayTagsManager::ConstructGameplayTagTree: ImportINI prefixes -  0.000 s
[2019.02.09-06.20.16:118][  0]LogStats: UGameplayTagsManager::ConstructGameplayTagTree: Construct from data asset -  0.000 s
[2019.02.09-06.20.16:119][  0]LogStats: UGameplayTagsManager::ConstructGameplayTagTree: ImportINI -  0.000 s
[2019.02.09-06.20.16:119][  0]LogStats: UGameplayTagsManager::ConstructGameplayTagTree: GameplayTagTreeChangedEvent.Broadcast -  0.000 s
[2019.02.09-06.20.16:207][  0]LogFileCache: Scanning file cache for directory 'C:/Users/MinLion/Desktop/UnrealProjects/UnrealMMO/TimeTravel/Content/' took 0.02s
[2019.02.09-06.20.16:207][  0]SourceControl: 소스 컨트롤이 꺼졌습니다.
[2019.02.09-06.20.16:207][  0]Cmd: MAP LOAD FILE="../../../../../../Users/MinLion/Desktop/UnrealProjects/UnrealMMO/TimeTravel/Content/InfinityBladeGrassLands/Maps/TimeTravel.umap" TEMPLATE=0 SHOWPROGRESS=1 FEATURELEVEL=3
[2019.02.09-06.20.16:208][  0]LightingResults: New page: 라이팅 빌드
[2019.02.09-06.20.16:209][  0]MapCheck: New page: 맵 체크
[2019.02.09-06.20.16:209][  0]LightingResults: New page: 라이팅 빌드
[2019.02.09-06.20.16:684][  0]LogAIModule: Creating AISystem for world TimeTravel
[2019.02.09-06.20.16:708][  0]LogEditorServer: Finished looking for orphan Actors (0.000 secs)
[2019.02.09-06.20.16:732][  0]Cmd: MAP CHECKDEP NOCLEARLOG
[2019.02.09-06.20.16:732][  0]MapCheck: 맵 체크 완료: 오류 0 회, 경고 0 회, 소요 시간 0.183ms.
[2019.02.09-06.20.16:732][  0]LogFileHelpers: Loading map 'TimeTravel' took 0.525
[2019.02.09-06.20.16:816][  0]LogSlate: Updating window title bar state: overlay mode, drag disabled, window buttons hidden, title bar hidden
[2019.02.09-06.20.16:822][  0]LogSlate: Updating window title bar state: overlay mode, drag disabled, window buttons hidden, title bar hidden
[2019.02.09-06.20.16:828][  0]LogSlate: Updating window title bar state: overlay mode, drag disabled, window buttons hidden, title bar hidden
[2019.02.09-06.20.16:833][  0]LogSlate: Updating window title bar state: overlay mode, drag disabled, window buttons hidden, title bar hidden
[2019.02.09-06.20.16:837][  0]LogCollectionManager: Loaded 0 collections in 0.000796 seconds
[2019.02.09-06.20.16:873][  0]LogFileCache: Scanning file cache for directory 'C:/Users/MinLion/Desktop/UnrealProjects/UnrealMMO/TimeTravel/Saved/Collections/' took 0.01s
[2019.02.09-06.20.16:873][  0]LogFileCache: Scanning file cache for directory 'C:/Users/MinLion/Desktop/UnrealProjects/UnrealMMO/TimeTravel/Content/Developers/MinLion/Collections/' took 0.01s
[2019.02.09-06.20.16:873][  0]LogFileCache: Scanning file cache for directory 'C:/Users/MinLion/Desktop/UnrealProjects/UnrealMMO/TimeTravel/Content/Collections/' took 0.01s
[2019.02.09-06.20.16:873][  0]LogCollectionManager: Rebuilt the GUID cache for 0 collections in 0.000001 seconds
[2019.02.09-06.20.16:880][  0]LogContentBrowser: Native class hierarchy populated in 0.0069 seconds. Added 2659 classes and 622 folders.
[2019.02.09-06.20.16:884][  0]LogContentBrowser: Native class hierarchy updated for 'WidgetCarousel' in 0.0003 seconds. Added 0 classes and 0 folders.
[2019.02.09-06.20.16:885][  0]LogPakFile: Registered encryption key '00000000000000000000000000000000': 0 pak files mounted, 0 remain pending
[2019.02.09-06.20.16:885][  0]LogPakFile: Registered encryption key '00000000000000000000000000000000': 0 pak files mounted, 0 remain pending
[2019.02.09-06.20.16:887][  0]LogPakFile: Registered encryption key '00000000000000000000000000000000': 0 pak files mounted, 0 remain pending
[2019.02.09-06.20.16:887][  0]LogPakFile: Registered encryption key '00000000000000000000000000000000': 0 pak files mounted, 0 remain pending
[2019.02.09-06.20.16:887][  0]LogPakFile: Registered encryption key '00000000000000000000000000000000': 0 pak files mounted, 0 remain pending
[2019.02.09-06.20.16:888][  0]LogPakFile: Registered encryption key '00000000000000000000000000000000': 0 pak files mounted, 0 remain pending
[2019.02.09-06.20.16:888][  0]LogPakFile: Registered encryption key '00000000000000000000000000000000': 0 pak files mounted, 0 remain pending
[2019.02.09-06.20.16:888][  0]LogPakFile: Registered encryption key '00000000000000000000000000000000': 0 pak files mounted, 0 remain pending
[2019.02.09-06.20.16:889][  0]LogPakFile: Registered encryption key '00000000000000000000000000000000': 0 pak files mounted, 0 remain pending
[2019.02.09-06.20.16:889][  0]LogPakFile: Registered encryption key '00000000000000000000000000000000': 0 pak files mounted, 0 remain pending
[2019.02.09-06.20.16:889][  0]LogPakFile: Registered encryption key '00000000000000000000000000000000': 0 pak files mounted, 0 remain pending
[2019.02.09-06.20.16:890][  0]LogPakFile: Registered encryption key '00000000000000000000000000000000': 0 pak files mounted, 0 remain pending
[2019.02.09-06.20.16:890][  0]LogPakFile: Registered encryption key '00000000000000000000000000000000': 0 pak files mounted, 0 remain pending
[2019.02.09-06.20.16:890][  0]LogPakFile: Registered encryption key '00000000000000000000000000000000': 0 pak files mounted, 0 remain pending
[2019.02.09-06.20.16:891][  0]LogPakFile: Registered encryption key '00000000000000000000000000000000': 0 pak files mounted, 0 remain pending
[2019.02.09-06.20.16:891][  0]LogPakFile: Registered encryption key '00000000000000000000000000000000': 0 pak files mounted, 0 remain pending
[2019.02.09-06.20.16:891][  0]LogPakFile: Registered encryption key '00000000000000000000000000000000': 0 pak files mounted, 0 remain pending
[2019.02.09-06.20.16:892][  0]LogPakFile: Registered encryption key '00000000000000000000000000000000': 0 pak files mounted, 0 remain pending
[2019.02.09-06.20.16:892][  0]LogPakFile: Registered encryption key '00000000000000000000000000000000': 0 pak files mounted, 0 remain pending
[2019.02.09-06.20.16:892][  0]LogPakFile: Registered encryption key '00000000000000000000000000000000': 0 pak files mounted, 0 remain pending
[2019.02.09-06.20.16:893][  0]LogPakFile: Registered encryption key '00000000000000000000000000000000': 0 pak files mounted, 0 remain pending
[2019.02.09-06.20.16:893][  0]LogPakFile: Registered encryption key '00000000000000000000000000000000': 0 pak files mounted, 0 remain pending
[2019.02.09-06.20.16:894][  0]LogPakFile: Registered encryption key '00000000000000000000000000000000': 0 pak files mounted, 0 remain pending
[2019.02.09-06.20.16:894][  0]LogPakFile: Registered encryption key '00000000000000000000000000000000': 0 pak files mounted, 0 remain pending
[2019.02.09-06.20.16:894][  0]LogPakFile: Registered encryption key '00000000000000000000000000000000': 0 pak files mounted, 0 remain pending
[2019.02.09-06.20.16:895][  0]LogPakFile: Registered encryption key '00000000000000000000000000000000': 0 pak files mounted, 0 remain pending
[2019.02.09-06.20.16:918][  0]LogContentBrowser: Native class hierarchy updated for 'AddContentDialog' in 0.0003 seconds. Added 0 classes and 0 folders.
[2019.02.09-06.20.16:923][  0]LogContentBrowser: Native class hierarchy updated for 'SceneOutliner' in 0.0003 seconds. Added 1 classes and 2 folders.
[2019.02.09-06.20.16:935][  0]LogSlate: Took 0.000114 seconds to synchronously load lazily loaded font '../../../Engine/Content/Slate/Fonts/Roboto-Regular.ttf' (155K)
[2019.02.09-06.20.16:937][  0]LogSlate: Took 0.001413 seconds to synchronously load lazily loaded font '../../../Engine/Content/Editor/Slate/Fonts/NanumGothic.ttf' (4243K)
[2019.02.09-06.20.16:939][  0]LogSlate: Took 0.001372 seconds to synchronously load lazily loaded font '../../../Engine/Content/Editor/Slate/Fonts/NanumGothicBold.ttf' (4188K)
[2019.02.09-06.20.16:939][  0]LogSlate: Took 0.000090 seconds to synchronously load lazily loaded font '../../../Engine/Content/Slate/Fonts/Roboto-Bold.ttf' (160K)
[2019.02.09-06.20.16:942][  0]LogSlate: Took 0.000125 seconds to synchronously load lazily loaded font '../../../Engine/Content/Editor/Slate/Fonts/FontAwesome.ttf' (139K)
[2019.02.09-06.20.17:005][  0]LogRenderer: Reallocating scene render targets to support 1208x576 Format 10 NumSamples 1 (Frame:1).
[2019.02.09-06.20.17:166][  0]LogContentBrowser: Native class hierarchy updated for 'HierarchicalLODOutliner' in 0.0003 seconds. Added 0 classes and 0 folders.
[2019.02.09-06.20.17:166][  0]LogLoad: (Engine Initialization) Total time: 7.33 seconds
[2019.02.09-06.20.17:166][  0]LogLoad: (Engine Initialization) Total Blueprint compile time: 0.00 seconds
[2019.02.09-06.20.17:179][  0]LogWindowsTextInputMethodSystem: Display: IME system now activated using TSF (Microsoft 입력기).
[2019.02.09-06.20.17:229][  0]LogContentStreaming: Texture pool size now 1000 MB
[2019.02.09-06.20.17:257][  0]LogSlate: Took 0.000107 seconds to synchronously load lazily loaded font '../../../Engine/Content/Slate/Fonts/Roboto-Light.ttf' (167K)
[2019.02.09-06.20.17:304][  1]LogAssetRegistry: Asset discovery search completed in 4.4932 seconds
[2019.02.09-06.20.17:305][  1]LogCollectionManager: Rebuilt the object cache for 0 collections in 0.000000 seconds (found 0 objects)
[2019.02.09-06.20.17:305][  1]LogCollectionManager: Fixed up redirectors for 0 collections in 0.000046 seconds (updated 0 objects)
[2019.02.09-06.20.17:354][  3]AnimBlueprintLog: Warning: 슬롯노드: PlayerAnimBP_C 애니메이션 인스턴트 클래스의 'DefaultSlot' 는 이미 존재합니다. 이 클래스의 애니메이션 그래프에서 중복을 제거하세요.
[2019.02.09-06.20.20:534][384]LogSlate: FSceneViewport::OnFocusLost() reason 0
[2019.02.09-06.20.20:617][394]LogTemp: Repeating last play command: 선택된 뷰포트
[2019.02.09-06.20.20:629][394]LogBlueprintUserMessages: Early PlayInEditor Detection: Level '/Game/InfinityBladeGrassLands/Maps/TimeTravel.TimeTravel:PersistentLevel' has LevelScriptBlueprint '/Game/InfinityBladeGrassLands/Maps/TimeTravel.TimeTravel:PersistentLevel.TimeTravel' with GeneratedClass '/Game/InfinityBladeGrassLands/Maps/TimeTravel.TimeTravel_C' with ClassGeneratedBy '/Game/InfinityBladeGrassLands/Maps/TimeTravel.TimeTravel:PersistentLevel.TimeTravel'
[2019.02.09-06.20.20:629][394]LogPlayLevel: PlayLevel: No blueprints needed recompiling
[2019.02.09-06.20.20:631][394]PIE: New page: PIE 세션: TimeTravel (2019. 2. 10. 오전 12:20:20)
[2019.02.09-06.20.20:643][394]LogPlayLevel: Creating play world package: /Game/InfinityBladeGrassLands/Maps/UEDPIE_0_TimeTravel
[2019.02.09-06.20.20:688][394]LogPlayLevel: PIE: StaticDuplicateObject took: (0.044915s)
[2019.02.09-06.20.20:689][394]LogAIModule: Creating AISystem for world TimeTravel
[2019.02.09-06.20.20:689][394]LogPlayLevel: PIE: World Init took: (0.000507s)
[2019.02.09-06.20.20:689][394]LogPlayLevel: PIE: Created PIE world by copying editor world from /Game/InfinityBladeGrassLands/Maps/TimeTravel.TimeTravel to /Game/InfinityBladeGrassLands/Maps/UEDPIE_0_TimeTravel.TimeTravel (0.045841s)
[2019.02.09-06.20.20:722][394]LogInit: XAudio2 using '스피커(Realtek High Definition Audio)' : 2 channels at 48 kHz using 32 bits per sample (channel mask 0x3)
[2019.02.09-06.20.20:742][394]LogInit: FAudioDevice initialized.
[2019.02.09-06.20.20:787][394]LogLoad: Game class is 'TimeTravelGameMode'
[2019.02.09-06.20.20:799][394]LogWorld: Bringing World /Game/InfinityBladeGrassLands/Maps/UEDPIE_0_TimeTravel.TimeTravel up for play (max tick rate 0) at 2019.02.09-15.20.20
[2019.02.09-06.20.20:803][394]LogWorld: Bringing up level for play took: 0.014700
[2019.02.09-06.20.20:821][394]LogContentBrowser: Native class hierarchy updated for 'MovieSceneCapture' in 0.0003 seconds. Added 20 classes and 0 folders.
[2019.02.09-06.20.20:821][394]AnimBlueprintLog: Warning: 슬롯노드: PlayerAnimBP_C 애니메이션 인스턴트 클래스의 'DefaultSlot' 는 이미 존재합니다. 이 클래스의 애니메이션 그래프에서 중복을 제거하세요.
[2019.02.09-06.20.20:824][394]PIE: /Game/InfinityBladeGrassLands/Maps/UEDPIE_0_TimeTravel 에 대한 에디터에서 플레이 시작 시간: 0.266
[2019.02.09-06.20.20:824][394]LogBlueprintUserMessages: Late PlayInEditor Detection: Level '/Game/InfinityBladeGrassLands/Maps/TimeTravel.TimeTravel:PersistentLevel' has LevelScriptBlueprint '/Game/InfinityBladeGrassLands/Maps/TimeTravel.TimeTravel:PersistentLevel.TimeTravel' with GeneratedClass '/Game/InfinityBladeGrassLands/Maps/TimeTravel.TimeTravel_C' with ClassGeneratedBy '/Game/InfinityBladeGrassLands/Maps/TimeTravel.TimeTravel:PersistentLevel.TimeTravel'
[2019.02.09-06.20.21:588][482]LogBlueprintUserMessages: [PlayerCharacter_C_0] 990.0
[2019.02.09-06.20.27:787][226]LogBlueprintUserMessages: [PlayerCharacter_C_0] 980.0
[2019.02.09-06.20.28:779][345]LogBlueprintUserMessages: [PlayerCharacter_C_0] 970.0
[2019.02.09-06.20.29:587][442]LogBlueprintUserMessages: [PlayerCharacter_C_0] 960.0
[2019.02.09-06.20.29:788][466]LogBlueprintUserMessages: [PlayerCharacter_C_0] 950.0
[2019.02.09-06.20.30:804][588]LogBlueprintUserMessages: [PlayerCharacter_C_0] 940.0
[2019.02.09-06.20.31:588][682]LogBlueprintUserMessages: [PlayerCharacter_C_0] 930.0
[2019.02.09-06.20.31:688][694]LogBlueprintUserMessages: [PlayerCharacter_C_0] 920.0
[2019.02.09-06.20.31:787][706]LogBlueprintUserMessages: [PlayerCharacter_C_0] 910.0
[2019.02.09-06.20.32:654][810]LogBlueprintUserMessages: [PlayerCharacter_C_0] 900.0
[2019.02.09-06.20.32:779][825]LogBlueprintUserMessages: [PlayerCharacter_C_0] 890.0
[2019.02.09-06.20.32:804][828]LogBlueprintUserMessages: [PlayerCharacter_C_0] 880.0
[2019.02.09-06.20.33:588][922]LogBlueprintUserMessages: [PlayerCharacter_C_0] 870.0
[2019.02.09-06.20.33:688][934]LogBlueprintUserMessages: [PlayerCharacter_C_0] 860.0
[2019.02.09-06.20.33:787][946]LogBlueprintUserMessages: [PlayerCharacter_C_0] 850.0
[2019.02.09-06.20.35:437][144]LogBlueprintUserMessages: [PlayerCharacter_C_0] 840.0
[2019.02.09-06.20.35:588][162]LogBlueprintUserMessages: [PlayerCharacter_C_0] 830.0
[2019.02.09-06.20.35:688][174]LogBlueprintUserMessages: [PlayerCharacter_C_0] 820.0
[2019.02.09-06.20.35:788][186]LogBlueprintUserMessages: [PlayerCharacter_C_0] 810.0
[2019.02.09-06.20.36:654][290]LogBlueprintUserMessages: [PlayerCharacter_C_0] 800.0
[2019.02.09-06.20.36:779][305]LogBlueprintUserMessages: [PlayerCharacter_C_0] 790.0
[2019.02.09-06.20.36:805][308]LogBlueprintUserMessages: [PlayerCharacter_C_0] 780.0
[2019.02.09-06.20.37:438][384]LogBlueprintUserMessages: [PlayerCharacter_C_0] 770.0
[2019.02.09-06.20.37:688][414]LogBlueprintUserMessages: Early EndPlayMap Detection: Level '/Game/InfinityBladeGrassLands/Maps/TimeTravel.TimeTravel:PersistentLevel' has LevelScriptBlueprint '/Game/InfinityBladeGrassLands/Maps/TimeTravel.TimeTravel:PersistentLevel.TimeTravel' with GeneratedClass '/Game/InfinityBladeGrassLands/Maps/TimeTravel.TimeTravel_C' with ClassGeneratedBy '/Game/InfinityBladeGrassLands/Maps/TimeTravel.TimeTravel:PersistentLevel.TimeTravel'
[2019.02.09-06.20.37:688][414]LogSlate: Updating window title bar state: overlay mode, drag disabled, window buttons hidden, title bar hidden
[2019.02.09-06.20.37:720][414]LogPlayLevel: Display: Shutting down PIE online subsystems
[2019.02.09-06.20.37:721][414]LogBlueprintUserMessages: Late EndPlayMap Detection: Level '/Game/InfinityBladeGrassLands/Maps/TimeTravel.TimeTravel:PersistentLevel' has LevelScriptBlueprint '/Game/InfinityBladeGrassLands/Maps/TimeTravel.TimeTravel:PersistentLevel.TimeTravel' with GeneratedClass '/Game/InfinityBladeGrassLands/Maps/TimeTravel.TimeTravel_C' with ClassGeneratedBy '/Game/InfinityBladeGrassLands/Maps/TimeTravel.TimeTravel:PersistentLevel.TimeTravel'
[2019.02.09-06.20.37:743][414]LogSlate: Updating window title bar state: overlay mode, drag disabled, window buttons hidden, title bar hidden
[2019.02.09-06.20.37:788][418]LogPlayLevel: Display: Destroying online subsystem :Context_5
[2019.02.09-06.30.25:108][890]LogSlate: Took 0.000148 seconds to synchronously load lazily loaded font '../../../Engine/Content/Slate/Fonts/Roboto-Light.ttf' (167K)
[2019.02.09-06.50.57:232][922]LogSlate: FSceneViewport::OnFocusLost() reason 0
