Log file open, 02/17/19 23:09:38
LogWindows: Failed to load 'aqProf.dll' (GetLastError=126)
LogWindows: File 'aqProf.dll' does not exist
LogWindows: Failed to load 'VtuneApi.dll' (GetLastError=126)
LogWindows: File 'VtuneApi.dll' does not exist
LogWindows: Failed to load 'VtuneApi32e.dll' (GetLastError=126)
LogWindows: File 'VtuneApi32e.dll' does not exist
LogConsoleResponse: Display: Failed to find resolution value strings in scalability ini. Falling back to default.
LogInit: Display: Running engine for game: TimeTravel
LogPakFile: Registered encryption key '00000000000000000000000000000000': 0 pak files mounted, 0 remain pending
LogPlatformFile: Not using cached read wrapper
LogTaskGraph: Started task graph with 5 named threads and 20 total threads with 3 sets of task threads.
LogStats: Stats thread started at 0.228512
LogD3D11RHI: Loaded GFSDK_Aftermath_Lib.x64.dll
LogICUInternationalization: ICU TimeZone Detection - Raw Offset: +9:00, Platform Override: ''
LogPluginManager: Mounting plugin Paper2D
LogPluginManager: Mounting plugin AISupport
LogPluginManager: Mounting plugin LightPropagationVolume
LogPluginManager: Mounting plugin ActorLayerUtilities
LogPluginManager: Mounting plugin CLionSourceCodeAccess
LogPluginManager: Mounting plugin CodeLiteSourceCodeAccess
LogPluginManager: Mounting plugin GitSourceControl
LogPluginManager: Mounting plugin KDevelopSourceCodeAccess
LogPluginManager: Mounting plugin NullSourceCodeAccess
LogPluginManager: Mounting plugin PerforceSourceControl
LogPluginManager: Mounting plugin SubversionSourceControl
LogPluginManager: Mounting plugin UObjectPlugin
LogPluginManager: Mounting plugin VisualStudioCodeSourceCodeAccess
LogPluginManager: Mounting plugin VisualStudioSourceCodeAccess
LogPluginManager: Mounting plugin XCodeSourceCodeAccess
LogPluginManager: Mounting plugin AssetManagerEditor
LogPluginManager: Mounting plugin CryptoKeys
LogPluginManager: Mounting plugin DataValidation
LogPluginManager: Mounting plugin FacialAnimation
LogPluginManager: Mounting plugin GameplayTagsEditor
LogPluginManager: Mounting plugin MacGraphicsSwitching
LogPluginManager: Mounting plugin MeshEditor
LogPluginManager: Mounting plugin MobileLauncherProfileWizard
LogPluginManager: Mounting plugin PluginBrowser
LogPluginManager: Mounting plugin SpeedTreeImporter
LogPluginManager: Mounting plugin DatasmithContent
LogPluginManager: Mounting plugin VariantManagerContent
LogPluginManager: Mounting plugin AlembicImporter
LogPluginManager: Mounting plugin AppleImageUtils
LogPluginManager: Mounting plugin AppleVision
LogPluginManager: Mounting plugin BackChannel
LogPluginManager: Mounting plugin CharacterAI
LogPluginManager: Mounting plugin GeometryCache
LogPluginManager: Mounting plugin HTML5Networking
LogPluginManager: Mounting plugin ProxyLODPlugin
LogPluginManager: Mounting plugin MagicLeap
LogPluginManager: Mounting plugin MagicLeapMedia
LogPluginManager: Mounting plugin AndroidMedia
LogPluginManager: Mounting plugin AvfMedia
LogPluginManager: Mounting plugin ImgMedia
LogPluginManager: Mounting plugin LinearTimecode
LogPluginManager: Mounting plugin MediaCompositing
LogPluginManager: Mounting plugin MediaPlayerEditor
LogPluginManager: Mounting plugin WebMMedia
LogPluginManager: Mounting plugin WmfMedia
LogPluginManager: Mounting plugin TcpMessaging
LogPluginManager: Mounting plugin UdpMessaging
LogPluginManager: Mounting plugin ActorSequence
LogPluginManager: Mounting plugin LevelSequenceEditor
LogPluginManager: Mounting plugin MatineeToLevelSequence
LogPluginManager: Mounting plugin NetcodeUnitTest
LogPluginManager: Mounting plugin NUTUnrealEngine4
LogPluginManager: Mounting plugin OnlineSubsystemGooglePlay
LogPluginManager: Mounting plugin OnlineSubsystemIOS
LogPluginManager: Mounting plugin OnlineSubsystem
LogPluginManager: Mounting plugin OnlineSubsystemNull
LogPluginManager: Mounting plugin OnlineSubsystemUtils
LogPluginManager: Mounting plugin LauncherChunkInstaller
LogPluginManager: Mounting plugin AndroidDeviceProfileSelector
LogPluginManager: Mounting plugin AndroidMoviePlayer
LogPluginManager: Mounting plugin AndroidPermission
LogPluginManager: Mounting plugin AppleMoviePlayer
LogPluginManager: Mounting plugin ArchVisCharacter
LogPluginManager: Mounting plugin AudioCapture
LogPluginManager: Mounting plugin CableComponent
LogPluginManager: Mounting plugin CustomMeshComponent
LogPluginManager: Mounting plugin EditableMesh
LogPluginManager: Mounting plugin ExampleDeviceProfileSelector
LogPluginManager: Mounting plugin Firebase
LogPluginManager: Mounting plugin GoogleCloudMessaging
LogPluginManager: Mounting plugin IOSDeviceProfileSelector
LogPluginManager: Mounting plugin LinuxDeviceProfileSelector
LogPluginManager: Mounting plugin LocationServicesBPLibrary
LogPluginManager: Mounting plugin MobilePatchingUtils
LogPluginManager: Mounting plugin OculusVR
LogPluginManager: Mounting plugin PhysXVehicles
LogPluginManager: Mounting plugin ProceduralMeshComponent
LogPluginManager: Mounting plugin RuntimePhysXCooking
LogPluginManager: Mounting plugin SteamVR
LogPluginManager: Mounting plugin WebMMoviePlayer
LogPluginManager: Mounting plugin WindowsMoviePlayer
LogPluginManager: Mounting plugin Climb
LogStreaming: Display: Took  0.078s to configure plugins.
LogInit: Using libcurl 7.55.1-DEV
LogInit:  - built for x86_64-pc-win32
LogInit:  - supports SSL with OpenSSL/1.0.2h
LogInit:  - supports HTTP deflate (compression) using libz 1.2.8
LogInit:  - other features:
LogInit:      CURL_VERSION_SSL
LogInit:      CURL_VERSION_LIBZ
LogInit:      CURL_VERSION_IPV6
LogInit:      CURL_VERSION_ASYNCHDNS
LogInit:      CURL_VERSION_LARGEFILE
LogInit:      CURL_VERSION_IDN
LogInit:  CurlRequestOptions (configurable via config and command line):
LogInit:  - bVerifyPeer = true  - Libcurl will verify peer certificate
LogInit:  - bUseHttpProxy = false  - Libcurl will NOT use HTTP proxy
LogInit:  - bDontReuseConnections = false  - Libcurl will reuse connections
LogInit:  - MaxHostConnections = 16  - Libcurl will limit the number of connections to a host
LogInit:  - LocalHostAddr = Default
LogInit:  - BufferSize = 65536
LogInit: WinSock: version 1.1 (2.2), MaxSocks=32767, MaxUdp=65467
LogInit: Build: ++UE4+Release-4.21-CL-4613538
LogInit: Engine Version: 4.21.1-4613538+++UE4+Release-4.21
LogInit: Compatible Engine Version: 4.21.0-4541578+++UE4+Release-4.21
LogInit: Net CL: 4541578
LogInit: OS: Windows 10 (), CPU: Intel(R) Core(TM) i5-8600K CPU @ 3.60GHz, GPU: NVIDIA GeForce GTX 1060 6GB
LogInit: Compiled (64-bit): Nov 30 2018 04:13:25
LogInit: Compiled with Visual C++: 19.13.26129.00
LogInit: Build Configuration: Development
LogInit: Branch Name: ++UE4+Release-4.21
LogInit: Command Line: 
LogInit: Base Directory: C:/Program Files/Epic Games/UE_4.21/Engine/Binaries/Win64/
LogInit: Installed Engine Build: 1
LogDevObjectVersion: Number of dev versions registered: 22
LogDevObjectVersion:   Dev-Blueprints (B0D832E4-1F89-4F0D-ACCF-7EB736FD4AA2): 10
LogDevObjectVersion:   Dev-Build (E1C64328-A22C-4D53-A36C-8E866417BD8C): 0
LogDevObjectVersion:   Dev-Core (375EC13C-06E4-48FB-B500-84F0262A717E): 2
LogDevObjectVersion:   Dev-Editor (E4B068ED-F494-42E9-A231-DA0B2E46BB41): 26
LogDevObjectVersion:   Dev-Framework (CFFC743F-43B0-4480-9391-14DF171D2073): 34
LogDevObjectVersion:   Dev-Mobile (B02B49B5-BB20-44E9-A304-32B752E40360): 2
LogDevObjectVersion:   Dev-Networking (A4E4105C-59A1-49B5-A7C5-40C4547EDFEE): 0
LogDevObjectVersion:   Dev-Online (39C831C9-5AE6-47DC-9A44-9C173E1C8E7C): 0
LogDevObjectVersion:   Dev-Physics (78F01B33-EBEA-4F98-B9B4-84EACCB95AA2): 0
LogDevObjectVersion:   Dev-Platform (6631380F-2D4D-43E0-8009-CF276956A95A): 0
LogDevObjectVersion:   Dev-Rendering (12F88B9F-8875-4AFC-A67C-D90C383ABD29): 27
LogDevObjectVersion:   Dev-Sequencer (7B5AE74C-D270-4C10-A958-57980B212A5A): 9
LogDevObjectVersion:   Dev-VR (D7296918-1DD6-4BDD-9DE2-64A83CC13884): 2
LogDevObjectVersion:   Dev-LoadTimes (C2A15278-BFE7-4AFE-6C17-90FF531DF755): 1
LogDevObjectVersion:   Private-Geometry (6EACA3D4-40EC-4CC1-B786-8BED09428FC5): 3
LogDevObjectVersion:   Dev-AnimPhys (29E575DD-E0A3-4627-9D10-D276232CDCEA): 17
LogDevObjectVersion:   Dev-Anim (AF43A65D-7FD3-4947-9873-3E8ED9C1BB05): 2
LogDevObjectVersion:   Dev-ReflectionCapture (6B266CEC-1EC7-4B8F-A30B-E4D90942FC07): 1
LogDevObjectVersion:   Dev-Automation (0DF73D61-A23F-47EA-B727-89E90C41499A): 1
LogDevObjectVersion:   FortniteMain (601D1886-AC64-4F84-AA16-D3DE0DEAC7D6): 17
LogDevObjectVersion:   Dev-Enterprise (9DFFBCD6-494F-0158-E221-12823C92A888): 4
LogDevObjectVersion:   Dev-Niagara (F2AED0AC-9AFE-416F-8664-AA7FFA26D6FC): 1
LogStreaming: Display: Took  0.001s to delete old logs.
LogInit: Presizing for max 8388607 objects, including 0 objects not considered by GC, pre-allocating 0 bytes for permanent pool.
LogInit: Object subsystem initialized
LogConfig: Setting CVar [[con.DebugEarlyDefault:1]]
LogConfig: Setting CVar [[r.setres:1280x720]]
[2019.02.17-14.09.38:536][  0]LogConfig: Setting CVar [[r.VSync:0]]
[2019.02.17-14.09.38:536][  0]LogConfig: Setting CVar [[r.RHICmdBypass:0]]
[2019.02.17-14.09.38:536][  0]LogConfig: Applying CVar settings from Section [/Script/Engine.RendererSettings] File [C:/Users/MinLion/Desktop/UnrealProjects/UnrealMMO/TimeTravel/Saved/Config/Windows/Engine.ini]
[2019.02.17-14.09.38:536][  0]LogConfig: Setting CVar [[r.GPUCrashDebugging:0]]
[2019.02.17-14.09.38:536][  0]LogConfig: Applying CVar settings from Section [/Script/Engine.RendererOverrideSettings] File [C:/Users/MinLion/Desktop/UnrealProjects/UnrealMMO/TimeTravel/Saved/Config/Windows/Engine.ini]
[2019.02.17-14.09.38:536][  0]LogConfig: Applying CVar settings from Section [/Script/Engine.StreamingSettings] File [C:/Users/MinLion/Desktop/UnrealProjects/UnrealMMO/TimeTravel/Saved/Config/Windows/Engine.ini]
[2019.02.17-14.09.38:536][  0]LogConfig: Setting CVar [[s.MinBulkDataSizeForAsyncLoading:131072]]
[2019.02.17-14.09.38:536][  0]LogConfig: Setting CVar [[s.AsyncLoadingThreadEnabled:0]]
[2019.02.17-14.09.38:536][  0]LogConfig: Setting CVar [[s.EventDrivenLoaderEnabled:1]]
[2019.02.17-14.09.38:536][  0]LogConfig: Setting CVar [[s.WarnIfTimeLimitExceeded:0]]
[2019.02.17-14.09.38:536][  0]LogConfig: Setting CVar [[s.TimeLimitExceededMultiplier:1.5]]
[2019.02.17-14.09.38:536][  0]LogConfig: Setting CVar [[s.TimeLimitExceededMinTime:0.005]]
[2019.02.17-14.09.38:536][  0]LogConfig: Setting CVar [[s.UseBackgroundLevelStreaming:1]]
[2019.02.17-14.09.38:536][  0]LogConfig: Setting CVar [[s.PriorityAsyncLoadingExtraTime:15.0]]
[2019.02.17-14.09.38:536][  0]LogConfig: Setting CVar [[s.LevelStreamingActorsUpdateTimeLimit:5.0]]
[2019.02.17-14.09.38:536][  0]LogConfig: Setting CVar [[s.PriorityLevelStreamingActorsUpdateExtraTime:5.0]]
[2019.02.17-14.09.38:536][  0]LogConfig: Setting CVar [[s.LevelStreamingComponentsRegistrationGranularity:10]]
[2019.02.17-14.09.38:536][  0]LogConfig: Setting CVar [[s.UnregisterComponentsTimeLimit:1.0]]
[2019.02.17-14.09.38:536][  0]LogConfig: Setting CVar [[s.LevelStreamingComponentsUnregistrationGranularity:5]]
[2019.02.17-14.09.38:536][  0]LogConfig: Applying CVar settings from Section [/Script/Engine.GarbageCollectionSettings] File [C:/Users/MinLion/Desktop/UnrealProjects/UnrealMMO/TimeTravel/Saved/Config/Windows/Engine.ini]
[2019.02.17-14.09.38:536][  0]LogConfig: Setting CVar [[gc.MaxObjectsNotConsideredByGC:1]]
[2019.02.17-14.09.38:536][  0]LogConfig: Setting CVar [[gc.SizeOfPermanentObjectPool:0]]
[2019.02.17-14.09.38:536][  0]LogConfig: Setting CVar [[gc.FlushStreamingOnGC:0]]
[2019.02.17-14.09.38:536][  0]LogConfig: Setting CVar [[gc.NumRetriesBeforeForcingGC:10]]
[2019.02.17-14.09.38:536][  0]LogConfig: Setting CVar [[gc.AllowParallelGC:1]]
[2019.02.17-14.09.38:536][  0]LogConfig: Setting CVar [[gc.TimeBetweenPurgingPendingKillObjects:61.1]]
[2019.02.17-14.09.38:536][  0]LogConfig: Setting CVar [[gc.MaxObjectsInEditor:8388607]]
[2019.02.17-14.09.38:536][  0]LogConfig: Setting CVar [[gc.IncrementalBeginDestroyEnabled:1]]
[2019.02.17-14.09.38:536][  0]LogConfig: Setting CVar [[gc.CreateGCClusters:1]]
[2019.02.17-14.09.38:536][  0]LogConfig: Setting CVar [[gc.MergeGCClusters:0]]
[2019.02.17-14.09.38:536][  0]LogConfig: Setting CVar [[gc.MinGCClusterSize:5]]
[2019.02.17-14.09.38:536][  0]LogConfig: Setting CVar [[gc.ActorClusteringEnabled:0]]
[2019.02.17-14.09.38:536][  0]LogConfig: Setting CVar [[gc.BlueprintClusteringEnabled:0]]
[2019.02.17-14.09.38:536][  0]LogConfig: Setting CVar [[gc.UseDisregardForGCOnDedicatedServers:0]]
[2019.02.17-14.09.38:536][  0]LogConfig: Applying CVar settings from Section [/Script/Engine.NetworkSettings] File [C:/Users/MinLion/Desktop/UnrealProjects/UnrealMMO/TimeTravel/Saved/Config/Windows/Engine.ini]
[2019.02.17-14.09.38:536][  0]LogConfig: Applying CVar settings from Section [/Script/UnrealEd.CookerSettings] File [C:/Users/MinLion/Desktop/UnrealProjects/UnrealMMO/TimeTravel/Saved/Config/Windows/Engine.ini]
[2019.02.17-14.09.38:546][  0]LogConfig: Applying CVar settings from Section [ViewDistanceQuality@3] File [C:/Users/MinLion/Desktop/UnrealProjects/UnrealMMO/TimeTravel/Saved/Config/Windows/Scalability.ini]
[2019.02.17-14.09.38:546][  0]LogConfig: Setting CVar [[r.SkeletalMeshLODBias:0]]
[2019.02.17-14.09.38:546][  0]LogConfig: Setting CVar [[r.ViewDistanceScale:1.0]]
[2019.02.17-14.09.38:546][  0]LogConfig: Applying CVar settings from Section [AntiAliasingQuality@3] File [C:/Users/MinLion/Desktop/UnrealProjects/UnrealMMO/TimeTravel/Saved/Config/Windows/Scalability.ini]
[2019.02.17-14.09.38:546][  0]LogConfig: Setting CVar [[r.PostProcessAAQuality:4]]
[2019.02.17-14.09.38:546][  0]LogConfig: Applying CVar settings from Section [ShadowQuality@3] File [C:/Users/MinLion/Desktop/UnrealProjects/UnrealMMO/TimeTravel/Saved/Config/Windows/Scalability.ini]
[2019.02.17-14.09.38:546][  0]LogConfig: Setting CVar [[r.LightFunctionQuality:1]]
[2019.02.17-14.09.38:546][  0]LogConfig: Setting CVar [[r.ShadowQuality:5]]
[2019.02.17-14.09.38:546][  0]LogConfig: Setting CVar [[r.Shadow.CSM.MaxCascades:10]]
[2019.02.17-14.09.38:546][  0]LogConfig: Setting CVar [[r.Shadow.MaxResolution:2048]]
[2019.02.17-14.09.38:546][  0]LogConfig: Setting CVar [[r.Shadow.MaxCSMResolution:2048]]
[2019.02.17-14.09.38:546][  0]LogConfig: Setting CVar [[r.Shadow.RadiusThreshold:0.01]]
[2019.02.17-14.09.38:546][  0]LogConfig: Setting CVar [[r.Shadow.DistanceScale:1.0]]
[2019.02.17-14.09.38:546][  0]LogConfig: Setting CVar [[r.Shadow.CSM.TransitionScale:1.0]]
[2019.02.17-14.09.38:546][  0]LogConfig: Setting CVar [[r.Shadow.PreShadowResolutionFactor:1.0]]
[2019.02.17-14.09.38:546][  0]LogConfig: Setting CVar [[r.DistanceFieldShadowing:1]]
[2019.02.17-14.09.38:546][  0]LogConfig: Setting CVar [[r.DistanceFieldAO:1]]
[2019.02.17-14.09.38:546][  0]LogConfig: Setting CVar [[r.AOQuality:2]]
[2019.02.17-14.09.38:546][  0]LogConfig: Setting CVar [[r.VolumetricFog:1]]
[2019.02.17-14.09.38:546][  0]LogConfig: Setting CVar [[r.VolumetricFog.GridPixelSize:8]]
[2019.02.17-14.09.38:546][  0]LogConfig: Setting CVar [[r.VolumetricFog.GridSizeZ:128]]
[2019.02.17-14.09.38:546][  0]LogConfig: Setting CVar [[r.VolumetricFog.HistoryMissSupersampleCount:4]]
[2019.02.17-14.09.38:546][  0]LogConfig: Setting CVar [[r.LightMaxDrawDistanceScale:1]]
[2019.02.17-14.09.38:546][  0]LogConfig: Setting CVar [[r.CapsuleShadows:1]]
[2019.02.17-14.09.38:546][  0]LogConfig: Applying CVar settings from Section [PostProcessQuality@3] File [C:/Users/MinLion/Desktop/UnrealProjects/UnrealMMO/TimeTravel/Saved/Config/Windows/Scalability.ini]
[2019.02.17-14.09.38:546][  0]LogConfig: Setting CVar [[r.MotionBlurQuality:4]]
[2019.02.17-14.09.38:546][  0]LogConfig: Setting CVar [[r.AmbientOcclusionMipLevelFactor:0.4]]
[2019.02.17-14.09.38:546][  0]LogConfig: Setting CVar [[r.AmbientOcclusionMaxQuality:100]]
[2019.02.17-14.09.38:546][  0]LogConfig: Setting CVar [[r.AmbientOcclusionLevels:-1]]
[2019.02.17-14.09.38:546][  0]LogConfig: Setting CVar [[r.AmbientOcclusionRadiusScale:1.0]]
[2019.02.17-14.09.38:546][  0]LogConfig: Setting CVar [[r.DepthOfFieldQuality:2]]
[2019.02.17-14.09.38:546][  0]LogConfig: Setting CVar [[r.RenderTargetPoolMin:400]]
[2019.02.17-14.09.38:546][  0]LogConfig: Setting CVar [[r.LensFlareQuality:2]]
[2019.02.17-14.09.38:546][  0]LogConfig: Setting CVar [[r.SceneColorFringeQuality:1]]
[2019.02.17-14.09.38:546][  0]LogConfig: Setting CVar [[r.EyeAdaptationQuality:2]]
[2019.02.17-14.09.38:546][  0]LogConfig: Setting CVar [[r.BloomQuality:5]]
[2019.02.17-14.09.38:546][  0]LogConfig: Setting CVar [[r.FastBlurThreshold:100]]
[2019.02.17-14.09.38:546][  0]LogConfig: Setting CVar [[r.Upscale.Quality:3]]
[2019.02.17-14.09.38:546][  0]LogConfig: Setting CVar [[r.Tonemapper.GrainQuantization:1]]
[2019.02.17-14.09.38:546][  0]LogConfig: Setting CVar [[r.LightShaftQuality:1]]
[2019.02.17-14.09.38:546][  0]LogConfig: Setting CVar [[r.Filter.SizeScale:1]]
[2019.02.17-14.09.38:546][  0]LogConfig: Setting CVar [[r.Tonemapper.Quality:5]]
[2019.02.17-14.09.38:546][  0]LogConfig: Setting CVar [[r.DOF.Gather.AccumulatorQuality:1        ; higher gathering accumulator quality]]
[2019.02.17-14.09.38:546][  0]LogConfig: Setting CVar [[r.DOF.Gather.PostfilterMethod:1          ; Median3x3 postfilering method]]
[2019.02.17-14.09.38:546][  0]LogConfig: Setting CVar [[r.DOF.Gather.EnableBokehSettings:0       ; no bokeh simulation when gathering]]
[2019.02.17-14.09.38:546][  0]LogConfig: Setting CVar [[r.DOF.Gather.RingCount:4                 ; medium number of samples when gathering]]
[2019.02.17-14.09.38:546][  0]LogConfig: Setting CVar [[r.DOF.Scatter.ForegroundCompositing:1    ; additive foreground scattering]]
[2019.02.17-14.09.38:546][  0]LogConfig: Setting CVar [[r.DOF.Scatter.BackgroundCompositing:2    ; additive background scattering]]
[2019.02.17-14.09.38:546][  0]LogConfig: Setting CVar [[r.DOF.Scatter.EnableBokehSettings:1      ; bokeh simulation when scattering]]
[2019.02.17-14.09.38:546][  0]LogConfig: Setting CVar [[r.DOF.Scatter.MaxSpriteRatio:0.1         ; only a maximum of 10% of scattered bokeh]]
[2019.02.17-14.09.38:546][  0]LogConfig: Setting CVar [[r.DOF.Recombine.Quality:1                ; cheap slight out of focus]]
[2019.02.17-14.09.38:546][  0]LogConfig: Setting CVar [[r.DOF.Recombine.EnableBokehSettings:0    ; no bokeh simulation on slight out of focus]]
[2019.02.17-14.09.38:546][  0]LogConfig: Setting CVar [[r.DOF.TemporalAAQuality:1                ; more stable temporal accumulation]]
[2019.02.17-14.09.38:546][  0]LogConfig: Setting CVar [[r.DOF.Kernel.MaxForegroundRadius:0.025]]
[2019.02.17-14.09.38:546][  0]LogConfig: Setting CVar [[r.DOF.Kernel.MaxBackgroundRadius:0.025]]
[2019.02.17-14.09.38:546][  0]LogConfig: Applying CVar settings from Section [TextureQuality@3] File [C:/Users/MinLion/Desktop/UnrealProjects/UnrealMMO/TimeTravel/Saved/Config/Windows/Scalability.ini]
[2019.02.17-14.09.38:546][  0]LogConfig: Setting CVar [[r.Streaming.MipBias:0]]
[2019.02.17-14.09.38:546][  0]LogConfig: Setting CVar [[r.Streaming.AmortizeCPUToGPUCopy:0]]
[2019.02.17-14.09.38:546][  0]LogConfig: Setting CVar [[r.Streaming.MaxNumTexturesToStreamPerFrame:0]]
[2019.02.17-14.09.38:546][  0]LogConfig: Setting CVar [[r.Streaming.Boost:1]]
[2019.02.17-14.09.38:546][  0]LogConfig: Setting CVar [[r.MaxAnisotropy:8]]
[2019.02.17-14.09.38:547][  0]LogConfig: Setting CVar [[r.Streaming.LimitPoolSizeToVRAM:0]]
[2019.02.17-14.09.38:547][  0]LogConfig: Setting CVar [[r.Streaming.PoolSize:1000]]
[2019.02.17-14.09.38:547][  0]LogConfig: Setting CVar [[r.Streaming.MaxEffectiveScreenSize:0]]
[2019.02.17-14.09.38:547][  0]LogConfig: Applying CVar settings from Section [EffectsQuality@3] File [C:/Users/MinLion/Desktop/UnrealProjects/UnrealMMO/TimeTravel/Saved/Config/Windows/Scalability.ini]
[2019.02.17-14.09.38:547][  0]LogConfig: Setting CVar [[r.TranslucencyLightingVolumeDim:64]]
[2019.02.17-14.09.38:547][  0]LogConfig: Setting CVar [[r.RefractionQuality:2]]
[2019.02.17-14.09.38:547][  0]LogConfig: Setting CVar [[r.SSR.Quality:3]]
[2019.02.17-14.09.38:547][  0]LogConfig: Setting CVar [[r.SceneColorFormat:4]]
[2019.02.17-14.09.38:547][  0]LogConfig: Setting CVar [[r.DetailMode:2]]
[2019.02.17-14.09.38:547][  0]LogConfig: Setting CVar [[r.TranslucencyVolumeBlur:1]]
[2019.02.17-14.09.38:547][  0]LogConfig: Setting CVar [[r.MaterialQualityLevel:1 ; High quality]]
[2019.02.17-14.09.38:547][  0]LogConfig: Setting CVar [[r.SSS.Scale:1]]
[2019.02.17-14.09.38:547][  0]LogConfig: Setting CVar [[r.SSS.SampleSet:2]]
[2019.02.17-14.09.38:547][  0]LogConfig: Setting CVar [[r.SSS.Quality:1]]
[2019.02.17-14.09.38:547][  0]LogConfig: Setting CVar [[r.SSS.HalfRes:1]]
[2019.02.17-14.09.38:547][  0]LogConfig: Setting CVar [[r.EmitterSpawnRateScale:1.0]]
[2019.02.17-14.09.38:547][  0]LogConfig: Setting CVar [[r.ParticleLightQuality:2]]
[2019.02.17-14.09.38:547][  0]LogConfig: Applying CVar settings from Section [FoliageQuality@3] File [C:/Users/MinLion/Desktop/UnrealProjects/UnrealMMO/TimeTravel/Saved/Config/Windows/Scalability.ini]
[2019.02.17-14.09.38:547][  0]LogConfig: Setting CVar [[foliage.DensityScale:1.0]]
[2019.02.17-14.09.38:547][  0]LogConfig: Setting CVar [[grass.DensityScale:1.0]]
[2019.02.17-14.09.38:547][  0]LogInit: Selected Device Profile: [Windows]
[2019.02.17-14.09.38:547][  0]LogInit: Applying CVar settings loaded from the selected device profile: [Windows]
[2019.02.17-14.09.38:553][  0]LogHAL: Display: Platform has ~ 16 GB [17116471296 / 17179869184 / 16], which maps to Larger [LargestMinGB=32, LargerMinGB=12, DefaultMinGB=8, SmallerMinGB=6, SmallestMinGB=0)
[2019.02.17-14.09.38:553][  0]LogConfig: Setting CVar [[r.Vulkan.UseRealUBs:1]]
[2019.02.17-14.09.38:553][  0]LogInit: Going up to parent DeviceProfile []
[2019.02.17-14.09.38:553][  0]LogConfig: Applying CVar settings from Section [ViewDistanceQuality@3] File [C:/Users/MinLion/Desktop/UnrealProjects/UnrealMMO/TimeTravel/Saved/Config/Windows/Scalability.ini]
[2019.02.17-14.09.38:553][  0]LogConfig: Setting CVar [[r.SkeletalMeshLODBias:0]]
[2019.02.17-14.09.38:553][  0]LogConfig: Setting CVar [[r.ViewDistanceScale:1.0]]
[2019.02.17-14.09.38:553][  0]LogConfig: Applying CVar settings from Section [AntiAliasingQuality@3] File [C:/Users/MinLion/Desktop/UnrealProjects/UnrealMMO/TimeTravel/Saved/Config/Windows/Scalability.ini]
[2019.02.17-14.09.38:553][  0]LogConfig: Setting CVar [[r.PostProcessAAQuality:4]]
[2019.02.17-14.09.38:553][  0]LogConfig: Applying CVar settings from Section [ShadowQuality@3] File [C:/Users/MinLion/Desktop/UnrealProjects/UnrealMMO/TimeTravel/Saved/Config/Windows/Scalability.ini]
[2019.02.17-14.09.38:553][  0]LogConfig: Setting CVar [[r.LightFunctionQuality:1]]
[2019.02.17-14.09.38:553][  0]LogConfig: Setting CVar [[r.ShadowQuality:5]]
[2019.02.17-14.09.38:553][  0]LogConfig: Setting CVar [[r.Shadow.CSM.MaxCascades:10]]
[2019.02.17-14.09.38:553][  0]LogConfig: Setting CVar [[r.Shadow.MaxResolution:2048]]
[2019.02.17-14.09.38:553][  0]LogConfig: Setting CVar [[r.Shadow.MaxCSMResolution:2048]]
[2019.02.17-14.09.38:553][  0]LogConfig: Setting CVar [[r.Shadow.RadiusThreshold:0.01]]
[2019.02.17-14.09.38:553][  0]LogConfig: Setting CVar [[r.Shadow.DistanceScale:1.0]]
[2019.02.17-14.09.38:553][  0]LogConfig: Setting CVar [[r.Shadow.CSM.TransitionScale:1.0]]
[2019.02.17-14.09.38:553][  0]LogConfig: Setting CVar [[r.Shadow.PreShadowResolutionFactor:1.0]]
[2019.02.17-14.09.38:553][  0]LogConfig: Setting CVar [[r.DistanceFieldShadowing:1]]
[2019.02.17-14.09.38:553][  0]LogConfig: Setting CVar [[r.DistanceFieldAO:1]]
[2019.02.17-14.09.38:553][  0]LogConfig: Setting CVar [[r.AOQuality:2]]
[2019.02.17-14.09.38:553][  0]LogConfig: Setting CVar [[r.VolumetricFog:1]]
[2019.02.17-14.09.38:553][  0]LogConfig: Setting CVar [[r.VolumetricFog.GridPixelSize:8]]
[2019.02.17-14.09.38:553][  0]LogConfig: Setting CVar [[r.VolumetricFog.GridSizeZ:128]]
[2019.02.17-14.09.38:553][  0]LogConfig: Setting CVar [[r.VolumetricFog.HistoryMissSupersampleCount:4]]
[2019.02.17-14.09.38:553][  0]LogConfig: Setting CVar [[r.LightMaxDrawDistanceScale:1]]
[2019.02.17-14.09.38:553][  0]LogConfig: Setting CVar [[r.CapsuleShadows:1]]
[2019.02.17-14.09.38:553][  0]LogConfig: Applying CVar settings from Section [PostProcessQuality@3] File [C:/Users/MinLion/Desktop/UnrealProjects/UnrealMMO/TimeTravel/Saved/Config/Windows/Scalability.ini]
[2019.02.17-14.09.38:553][  0]LogConfig: Setting CVar [[r.MotionBlurQuality:4]]
[2019.02.17-14.09.38:553][  0]LogConfig: Setting CVar [[r.AmbientOcclusionMipLevelFactor:0.4]]
[2019.02.17-14.09.38:553][  0]LogConfig: Setting CVar [[r.AmbientOcclusionMaxQuality:100]]
[2019.02.17-14.09.38:553][  0]LogConfig: Setting CVar [[r.AmbientOcclusionLevels:-1]]
[2019.02.17-14.09.38:553][  0]LogConfig: Setting CVar [[r.AmbientOcclusionRadiusScale:1.0]]
[2019.02.17-14.09.38:553][  0]LogConfig: Setting CVar [[r.DepthOfFieldQuality:2]]
[2019.02.17-14.09.38:553][  0]LogConfig: Setting CVar [[r.RenderTargetPoolMin:400]]
[2019.02.17-14.09.38:553][  0]LogConfig: Setting CVar [[r.LensFlareQuality:2]]
[2019.02.17-14.09.38:553][  0]LogConfig: Setting CVar [[r.SceneColorFringeQuality:1]]
[2019.02.17-14.09.38:553][  0]LogConfig: Setting CVar [[r.EyeAdaptationQuality:2]]
[2019.02.17-14.09.38:553][  0]LogConfig: Setting CVar [[r.BloomQuality:5]]
[2019.02.17-14.09.38:553][  0]LogConfig: Setting CVar [[r.FastBlurThreshold:100]]
[2019.02.17-14.09.38:553][  0]LogConfig: Setting CVar [[r.Upscale.Quality:3]]
[2019.02.17-14.09.38:553][  0]LogConfig: Setting CVar [[r.Tonemapper.GrainQuantization:1]]
[2019.02.17-14.09.38:553][  0]LogConfig: Setting CVar [[r.LightShaftQuality:1]]
[2019.02.17-14.09.38:553][  0]LogConfig: Setting CVar [[r.Filter.SizeScale:1]]
[2019.02.17-14.09.38:553][  0]LogConfig: Setting CVar [[r.Tonemapper.Quality:5]]
[2019.02.17-14.09.38:553][  0]LogConfig: Setting CVar [[r.DOF.Gather.AccumulatorQuality:1        ; higher gathering accumulator quality]]
[2019.02.17-14.09.38:553][  0]LogConfig: Setting CVar [[r.DOF.Gather.PostfilterMethod:1          ; Median3x3 postfilering method]]
[2019.02.17-14.09.38:553][  0]LogConfig: Setting CVar [[r.DOF.Gather.EnableBokehSettings:0       ; no bokeh simulation when gathering]]
[2019.02.17-14.09.38:553][  0]LogConfig: Setting CVar [[r.DOF.Gather.RingCount:4                 ; medium number of samples when gathering]]
[2019.02.17-14.09.38:553][  0]LogConfig: Setting CVar [[r.DOF.Scatter.ForegroundCompositing:1    ; additive foreground scattering]]
[2019.02.17-14.09.38:553][  0]LogConfig: Setting CVar [[r.DOF.Scatter.BackgroundCompositing:2    ; additive background scattering]]
[2019.02.17-14.09.38:553][  0]LogConfig: Setting CVar [[r.DOF.Scatter.EnableBokehSettings:1      ; bokeh simulation when scattering]]
[2019.02.17-14.09.38:553][  0]LogConfig: Setting CVar [[r.DOF.Scatter.MaxSpriteRatio:0.1         ; only a maximum of 10% of scattered bokeh]]
[2019.02.17-14.09.38:553][  0]LogConfig: Setting CVar [[r.DOF.Recombine.Quality:1                ; cheap slight out of focus]]
[2019.02.17-14.09.38:553][  0]LogConfig: Setting CVar [[r.DOF.Recombine.EnableBokehSettings:0    ; no bokeh simulation on slight out of focus]]
[2019.02.17-14.09.38:553][  0]LogConfig: Setting CVar [[r.DOF.TemporalAAQuality:1                ; more stable temporal accumulation]]
[2019.02.17-14.09.38:553][  0]LogConfig: Setting CVar [[r.DOF.Kernel.MaxForegroundRadius:0.025]]
[2019.02.17-14.09.38:553][  0]LogConfig: Setting CVar [[r.DOF.Kernel.MaxBackgroundRadius:0.025]]
[2019.02.17-14.09.38:554][  0]LogConfig: Applying CVar settings from Section [TextureQuality@3] File [C:/Users/MinLion/Desktop/UnrealProjects/UnrealMMO/TimeTravel/Saved/Config/Windows/Scalability.ini]
[2019.02.17-14.09.38:554][  0]LogConfig: Setting CVar [[r.Streaming.MipBias:0]]
[2019.02.17-14.09.38:554][  0]LogConfig: Setting CVar [[r.Streaming.AmortizeCPUToGPUCopy:0]]
[2019.02.17-14.09.38:554][  0]LogConfig: Setting CVar [[r.Streaming.MaxNumTexturesToStreamPerFrame:0]]
[2019.02.17-14.09.38:554][  0]LogConfig: Setting CVar [[r.Streaming.Boost:1]]
[2019.02.17-14.09.38:554][  0]LogConfig: Setting CVar [[r.MaxAnisotropy:8]]
[2019.02.17-14.09.38:554][  0]LogConfig: Setting CVar [[r.Streaming.LimitPoolSizeToVRAM:0]]
[2019.02.17-14.09.38:554][  0]LogConfig: Setting CVar [[r.Streaming.PoolSize:1000]]
[2019.02.17-14.09.38:554][  0]LogConfig: Setting CVar [[r.Streaming.MaxEffectiveScreenSize:0]]
[2019.02.17-14.09.38:554][  0]LogConfig: Applying CVar settings from Section [EffectsQuality@3] File [C:/Users/MinLion/Desktop/UnrealProjects/UnrealMMO/TimeTravel/Saved/Config/Windows/Scalability.ini]
[2019.02.17-14.09.38:554][  0]LogConfig: Setting CVar [[r.TranslucencyLightingVolumeDim:64]]
[2019.02.17-14.09.38:554][  0]LogConfig: Setting CVar [[r.RefractionQuality:2]]
[2019.02.17-14.09.38:554][  0]LogConfig: Setting CVar [[r.SSR.Quality:3]]
[2019.02.17-14.09.38:554][  0]LogConfig: Setting CVar [[r.SceneColorFormat:4]]
[2019.02.17-14.09.38:554][  0]LogConfig: Setting CVar [[r.DetailMode:2]]
[2019.02.17-14.09.38:554][  0]LogConfig: Setting CVar [[r.TranslucencyVolumeBlur:1]]
[2019.02.17-14.09.38:554][  0]LogConfig: Setting CVar [[r.MaterialQualityLevel:1 ; High quality]]
[2019.02.17-14.09.38:554][  0]LogConfig: Setting CVar [[r.SSS.Scale:1]]
[2019.02.17-14.09.38:554][  0]LogConfig: Setting CVar [[r.SSS.SampleSet:2]]
[2019.02.17-14.09.38:554][  0]LogConfig: Setting CVar [[r.SSS.Quality:1]]
[2019.02.17-14.09.38:554][  0]LogConfig: Setting CVar [[r.SSS.HalfRes:1]]
[2019.02.17-14.09.38:554][  0]LogConfig: Setting CVar [[r.EmitterSpawnRateScale:1.0]]
[2019.02.17-14.09.38:554][  0]LogConfig: Setting CVar [[r.ParticleLightQuality:2]]
[2019.02.17-14.09.38:554][  0]LogConfig: Applying CVar settings from Section [FoliageQuality@3] File [C:/Users/MinLion/Desktop/UnrealProjects/UnrealMMO/TimeTravel/Saved/Config/Windows/Scalability.ini]
[2019.02.17-14.09.38:554][  0]LogConfig: Setting CVar [[foliage.DensityScale:1.0]]
[2019.02.17-14.09.38:554][  0]LogConfig: Setting CVar [[grass.DensityScale:1.0]]
[2019.02.17-14.09.38:554][  0]LogConfig: Applying CVar settings from Section [Startup] File [../../../Engine/Config/ConsoleVariables.ini]
[2019.02.17-14.09.38:554][  0]LogConfig: Setting CVar [[net.UseAdaptiveNetUpdateFrequency:0]]
[2019.02.17-14.09.38:554][  0]LogConfig: Applying CVar settings from Section [ConsoleVariables] File [C:/Users/MinLion/Desktop/UnrealProjects/UnrealMMO/TimeTravel/Saved/Config/Windows/Engine.ini]
[2019.02.17-14.09.38:554][  0]LogInit: Computer: DESKTOP-RAID143
[2019.02.17-14.09.38:554][  0]LogInit: User: MinLion
[2019.02.17-14.09.38:554][  0]LogInit: CPU Page size=4096, Cores=6
[2019.02.17-14.09.38:554][  0]LogInit: High frequency timer resolution =3.515623 MHz
[2019.02.17-14.09.38:554][  0]LogMemory: Memory total: Physical=15.9GB (16GB approx)
[2019.02.17-14.09.38:554][  0]LogMemory: Platform Memory Stats for Windows
[2019.02.17-14.09.38:554][  0]LogMemory: Process Physical Memory: 103.13 MB used, 103.13 MB peak
[2019.02.17-14.09.38:554][  0]LogMemory: Process Virtual Memory: 93.06 MB used, 93.06 MB peak
[2019.02.17-14.09.38:554][  0]LogMemory: Physical Memory: 5632.30 MB used,  10691.24 MB free, 16323.54 MB total
[2019.02.17-14.09.38:554][  0]LogMemory: Virtual Memory: 4650.55 MB used,  134213080.00 MB free, 134217728.00 MB total
[2019.02.17-14.09.38:574][  0]LogInit: Using OS detected language (ko-KR).
[2019.02.17-14.09.38:574][  0]LogInit: Using OS detected locale (ko-KR).
[2019.02.17-14.09.38:575][  0]LogTextLocalizationManager: No specific localization for 'ko-KR' exists, so the 'ko' localization will be used.
[2019.02.17-14.09.38:876][  0]LogStreaming: Display: Took  0.301s to InitEngineTextLocalization.
[2019.02.17-14.09.38:876][  0]LogInit: Setting process to per monitor DPI aware
[2019.02.17-14.09.38:912][  0]LogSlate: New Slate User Created.  User Index 0, Is Virtual User: 0
[2019.02.17-14.09.38:912][  0]LogSlate: Slate User Registered.  User Index 0, Is Virtual User: 0
[2019.02.17-14.09.39:066][  0]LogHMD: Failed to initialize OpenVR with code 110
[2019.02.17-14.09.39:066][  0]LogD3D11RHI: D3D11 adapters:
[2019.02.17-14.09.39:111][  0]LogD3D11RHI:    0. 'NVIDIA GeForce GTX 1060 6GB' (Feature Level 11_0)
[2019.02.17-14.09.39:111][  0]LogD3D11RHI:       6052/0/8161 MB DedicatedVideo/DedicatedSystem/SharedSystem, Outputs:2, VendorId:0x10de
[2019.02.17-14.09.39:113][  0]LogD3D11RHI:    1. 'Microsoft Basic Render Driver' (Feature Level 11_0)
[2019.02.17-14.09.39:113][  0]LogD3D11RHI:       0/0/8161 MB DedicatedVideo/DedicatedSystem/SharedSystem, Outputs:0, VendorId:0x1414
[2019.02.17-14.09.39:113][  0]LogD3D11RHI: Chosen D3D11 Adapter: 0
[2019.02.17-14.09.39:117][  0]LogD3D11RHI: Creating new Direct3DDevice
[2019.02.17-14.09.39:117][  0]LogD3D11RHI:     GPU DeviceId: 0x1c03 (for the marketing name, search the web for "GPU Device Id")
[2019.02.17-14.09.39:117][  0]LogWindows: EnumDisplayDevices:
[2019.02.17-14.09.39:117][  0]LogWindows:    0. 'NVIDIA GeForce GTX 1060 6GB' (P:1 D:1)
[2019.02.17-14.09.39:118][  0]LogWindows:    1. 'NVIDIA GeForce GTX 1060 6GB' (P:0 D:1)
[2019.02.17-14.09.39:118][  0]LogWindows:    2. 'NVIDIA GeForce GTX 1060 6GB' (P:0 D:0)
[2019.02.17-14.09.39:118][  0]LogWindows:    3. 'NVIDIA GeForce GTX 1060 6GB' (P:0 D:0)
[2019.02.17-14.09.39:118][  0]LogWindows: DebugString: FoundDriverCount:4 
[2019.02.17-14.09.39:118][  0]LogD3D11RHI:     Adapter Name: NVIDIA GeForce GTX 1060 6GB
[2019.02.17-14.09.39:118][  0]LogD3D11RHI:   Driver Version: 417.35 (internal:25.21.14.1735, unified:417.35)
[2019.02.17-14.09.39:118][  0]LogD3D11RHI:      Driver Date: 12-11-2018
[2019.02.17-14.09.39:119][  0]LogRHI: Texture pool is 4236 MB (70% of 6052 MB)
[2019.02.17-14.09.39:149][  0]LogD3D11RHI: Async texture creation enabled
[2019.02.17-14.09.39:165][  0]LogD3D11RHI: GPU Timing Frequency: 1000.000000 (Debug: 2 2)
[2019.02.17-14.09.39:466][  0]LogTemp: Display: Loaded TP AllDesktopTargetPlatform
[2019.02.17-14.09.39:476][  0]LogTemp: Display: Loaded TP MacClientTargetPlatform
[2019.02.17-14.09.39:486][  0]LogTemp: Display: Loaded TP MacNoEditorTargetPlatform
[2019.02.17-14.09.39:496][  0]LogTemp: Display: Loaded TP MacServerTargetPlatform
[2019.02.17-14.09.39:507][  0]LogTemp: Display: Loaded TP MacTargetPlatform
[2019.02.17-14.09.39:517][  0]LogTemp: Display: Loaded TP WindowsClientTargetPlatform
[2019.02.17-14.09.39:528][  0]LogTemp: Display: Loaded TP WindowsNoEditorTargetPlatform
[2019.02.17-14.09.39:538][  0]LogTemp: Display: Loaded TP WindowsServerTargetPlatform
[2019.02.17-14.09.39:543][  0]LogTemp: Display: Loaded TP WindowsTargetPlatform
[2019.02.17-14.09.39:604][  0]LogTemp: Display: Loaded TP AndroidTargetPlatform
[2019.02.17-14.09.39:604][  0]LogTemp: Display: Loaded TP AndroidTargetPlatform
[2019.02.17-14.09.39:604][  0]LogTemp: Display: Loaded TP AndroidTargetPlatform
[2019.02.17-14.09.39:604][  0]LogTemp: Display: Loaded TP AndroidTargetPlatform
[2019.02.17-14.09.39:604][  0]LogTemp: Display: Loaded TP AndroidTargetPlatform
[2019.02.17-14.09.39:604][  0]LogTemp: Display: Loaded TP AndroidTargetPlatform
[2019.02.17-14.09.39:604][  0]LogTemp: Display: Loaded TP AndroidTargetPlatform
[2019.02.17-14.09.39:604][  0]LogTemp: Display: Loaded TP AndroidTargetPlatform
[2019.02.17-14.09.39:604][  0]LogTemp: Display: Loaded TP AndroidTargetPlatform
[2019.02.17-14.09.39:604][  0]LogTemp: Display: Loaded TP AndroidTargetPlatform
[2019.02.17-14.09.39:604][  0]LogTemp: Display: Loaded TP AndroidTargetPlatform
[2019.02.17-14.09.39:604][  0]LogTemp: Display: Loaded TP AndroidTargetPlatform
[2019.02.17-14.09.39:604][  0]LogTemp: Display: Loaded TP AndroidTargetPlatform
[2019.02.17-14.09.39:604][  0]LogTemp: Display: Loaded TP AndroidTargetPlatform
[2019.02.17-14.09.39:604][  0]LogTemp: Display: Loaded TP AndroidTargetPlatform
[2019.02.17-14.09.39:604][  0]LogTemp: Display: Loaded TP AndroidTargetPlatform
[2019.02.17-14.09.39:604][  0]LogTemp: Display: Loaded TP AndroidTargetPlatform
[2019.02.17-14.09.39:604][  0]LogTemp: Display: Loaded TP AndroidTargetPlatform
[2019.02.17-14.09.39:605][  0]LogTemp: Display: Loaded TP HTML5TargetPlatform
[2019.02.17-14.09.39:659][  0]LogTemp: Display: Loaded TP IOSTargetPlatform
[2019.02.17-14.09.39:659][  0]LogTemp: Display: Loaded TP IOSTargetPlatform
[2019.02.17-14.09.39:678][  0]LogTemp: Display: Loaded TP TVOSTargetPlatform
[2019.02.17-14.09.39:678][  0]LogTemp: Display: Loaded TP TVOSTargetPlatform
[2019.02.17-14.09.39:688][  0]LogTemp: Display: Loaded TP LinuxClientTargetPlatform
[2019.02.17-14.09.39:698][  0]LogTemp: Display: Loaded TP LinuxNoEditorTargetPlatform
[2019.02.17-14.09.39:708][  0]LogTemp: Display: Loaded TP LinuxServerTargetPlatform
[2019.02.17-14.09.39:719][  0]LogTemp: Display: Loaded TP LinuxTargetPlatform
[2019.02.17-14.09.39:757][  0]LogTemp: Display: Loaded TP LuminTargetPlatform
[2019.02.17-14.09.39:757][  0]LogTemp: Display: Loaded TP LuminTargetPlatform
[2019.02.17-14.09.39:757][  0]LogTargetPlatformManager: Display: Building Assets For Windows
[2019.02.17-14.09.39:797][  0]LogShaderCompilers: Guid format shader working directory is -27 characters bigger than the processId version (../../../../../../Users/MinLion/Desktop/UnrealProjects/UnrealMMO/TimeTravel/Intermediate/Shaders/WorkingDirectory/8516/).
[2019.02.17-14.09.39:798][  0]LogShaderCompilers: Cleaned the shader compiler working directory 'C:/Users/MinLion/AppData/Local/Temp/UnrealShaderWorkingDir/A8B4FAAB4BB4AD1F953638880A3E3D72/'.
[2019.02.17-14.09.39:799][  0]LogXGEController: Cleaning working directory: C:/Users/MinLion/AppData/Local/Temp/UnrealXGEWorkingDir/
[2019.02.17-14.09.39:799][  0]LogXGEController: Cannot use XGE Controller as Incredibuild is not installed on this machine.
[2019.02.17-14.09.39:799][  0]LogShaderCompilers: Cannot use XGE Shader Compiler as Incredibuild is not installed on this machine.
[2019.02.17-14.09.39:799][  0]LogShaderCompilers: Display: Using Local Shader Compiler.
[2019.02.17-14.09.40:212][  0]LogDerivedDataCache: Display: Max Cache Size: 512 MB
[2019.02.17-14.09.40:255][  0]LogDerivedDataCache: Loaded boot cache 0.04s 73MB C:/Users/MinLion/AppData/Local/UnrealEngine/4.21/DerivedDataCache/Boot.ddc.
[2019.02.17-14.09.40:255][  0]LogDerivedDataCache: Display: Loaded Boot cache: C:/Users/MinLion/AppData/Local/UnrealEngine/4.21/DerivedDataCache/Boot.ddc
[2019.02.17-14.09.40:255][  0]LogDerivedDataCache: FDerivedDataBackendGraph:  Pak pak cache file ../../../../../../Users/MinLion/Desktop/UnrealProjects/UnrealMMO/TimeTravel/DerivedDataCache/DDC.ddp not found, will not use a pak cache.
[2019.02.17-14.09.40:255][  0]LogDerivedDataCache: Unable to find inner node Pak for hierarchical cache Hierarchy.
[2019.02.17-14.09.40:255][  0]LogDerivedDataCache: FDerivedDataBackendGraph:  CompressedPak pak cache file ../../../../../../Users/MinLion/Desktop/UnrealProjects/UnrealMMO/TimeTravel/DerivedDataCache/Compressed.ddp not found, will not use a pak cache.
[2019.02.17-14.09.40:255][  0]LogDerivedDataCache: Unable to find inner node CompressedPak for hierarchical cache Hierarchy.
[2019.02.17-14.09.40:266][  0]LogDerivedDataCache: Display: Pak cache opened for reading ../../../Engine/DerivedDataCache/Compressed.ddp.
[2019.02.17-14.09.40:266][  0]LogDerivedDataCache: FDerivedDataBackendGraph:  EnterprisePak pak cache file ../../../Enterprise/DerivedDataCache/Compressed.ddp not found, will not use a pak cache.
[2019.02.17-14.09.40:266][  0]LogDerivedDataCache: Unable to find inner node EnterprisePak for hierarchical cache Hierarchy.
[2019.02.17-14.09.40:278][  0]LogDerivedDataCache: Using Local data cache path C:/Users/MinLion/AppData/Local/UnrealEngine/Common/DerivedDataCache: Writable
[2019.02.17-14.09.40:278][  0]LogDerivedDataCache: Shared data cache path not found in *engine.ini, will not use an Shared cache.
[2019.02.17-14.09.40:278][  0]LogDerivedDataCache: Unable to find inner node Shared for hierarchical cache Hierarchy.
[2019.02.17-14.09.40:295][  0]LogMaterial: Verifying Global Shaders for PCD3D_SM5
[2019.02.17-14.09.40:296][  0]LogSlate: Using FreeType 2.6.0
[2019.02.17-14.09.40:296][  0]LogSlate: SlateFontServices - WITH_FREETYPE: 1, WITH_HARFBUZZ: 1
[2019.02.17-14.09.40:368][  0]LogAssetRegistry: FAssetRegistry took 0.0306 seconds to start up
[2019.02.17-14.09.40:617][  0]LogInit: Selected Device Profile: [Windows]
[2019.02.17-14.09.40:739][  0]LogSimplygon: Simplygon DLL not present - disabling.
[2019.02.17-14.09.40:742][  0]LogMeshReduction: Using SimplygonSwarm for distributed automatic mesh merging
[2019.02.17-14.09.40:742][  0]LogMeshReduction: Using ProxyLODMeshReduction for automatic mesh merging
[2019.02.17-14.09.40:742][  0]LogMeshReduction: Using QuadricMeshReduction for automatic static mesh reduction
[2019.02.17-14.09.40:742][  0]LogMeshReduction: No automatic skeletal mesh reduction module available
[2019.02.17-14.09.40:753][  0]LogNetVersion: TimeTravel 1.0.0, NetCL: 4541578, EngineNetVer: 5, GameNetVer: 0 (Checksum: 2724064776)
[2019.02.17-14.09.41:173][  0]LogPackageLocalizationCache: Processed 12 localized package path(s) for 2 prioritized culture(s) in 0.078188 seconds
[2019.02.17-14.09.41:179][  0]LogUObjectArray: 39775 objects as part of root set at end of initial load.
[2019.02.17-14.09.41:179][  0]LogUObjectAllocator: 6914664 out of 0 bytes used by permanent object pool.
[2019.02.17-14.09.41:179][  0]LogUObjectArray: CloseDisregardForGC: 0/0 objects in disregard for GC pool
[2019.02.17-14.09.41:850][  0]LogTcpMessaging: Initializing TcpMessaging bridge
[2019.02.17-14.09.41:862][  0]LogUdpMessaging: Initializing bridge on interface 0.0.0.0:0 to multicast group 230.0.0.1:6666.
[2019.02.17-14.09.42:552][  0]SourceControl: 소스 컨트롤이 꺼졌습니다.
[2019.02.17-14.09.42:552][  0]SourceControl: 소스 컨트롤이 꺼졌습니다.
[2019.02.17-14.09.42:553][  0]SourceControl: 소스 컨트롤이 꺼졌습니다.
[2019.02.17-14.09.42:554][  0]SourceControl: 소스 컨트롤이 꺼졌습니다.
[2019.02.17-14.09.42:706][  0]LogAndroidPermission: UAndroidPermissionCallbackProxy::GetInstance
[2019.02.17-14.09.42:794][  0]LogOcInput: OculusInput pre-init called
[2019.02.17-14.09.42:915][  0]LogEngine: Initializing Engine...
[2019.02.17-14.09.42:915][  0]LogHMD: Failed to initialize OpenVR with code 110
[2019.02.17-14.09.42:917][  0]LogStats: UGameplayTagsManager::ConstructGameplayTagTree: ImportINI prefixes -  0.000 s
[2019.02.17-14.09.42:917][  0]LogStats: UGameplayTagsManager::ConstructGameplayTagTree: Construct from data asset -  0.000 s
[2019.02.17-14.09.42:917][  0]LogStats: UGameplayTagsManager::ConstructGameplayTagTree: ImportINI -  0.000 s
[2019.02.17-14.09.42:917][  0]LogStats: UGameplayTagsManager::ConstructGameplayTagTree: GameplayTagTreeChangedEvent.Broadcast -  0.000 s
[2019.02.17-14.09.43:095][  0]LogInit: Initializing FReadOnlyCVARCache
[2019.02.17-14.09.43:104][  0]LogAIModule: Creating AISystem for world Untitled
[2019.02.17-14.09.43:134][  0]LogInit: XAudio2 using '스피커(Realtek High Definition Audio)' : 2 channels at 48 kHz using 32 bits per sample (channel mask 0x3)
[2019.02.17-14.09.43:159][  0]LogInit: FAudioDevice initialized.
[2019.02.17-14.09.43:160][  0]LogNetVersion: Set ProjectVersion to 1.0.0.0. Version Checksum will be recalculated on next use.
[2019.02.17-14.09.43:227][  0]LogDerivedDataCache: Saved boot cache 0.07s 73MB C:/Users/MinLion/AppData/Local/UnrealEngine/4.21/DerivedDataCache/Boot.ddc.
[2019.02.17-14.09.43:230][  0]LogInit: Texture streaming: Enabled
[2019.02.17-14.09.43:242][  0]LogEngineSessionManager: EngineSessionManager initialized
[2019.02.17-14.09.43:249][  0]LogInit: Transaction tracking system initialized
[2019.02.17-14.09.43:264][  0]BlueprintLog: New page: 에디터 로드
[2019.02.17-14.09.43:341][  0]LocalizationService: 현지화 서비스가 비활성화되었습니다.
[2019.02.17-14.09.43:687][  0]LogFileCache: Scanning file cache for directory 'C:/Users/MinLion/Desktop/UnrealProjects/UnrealMMO/TimeTravel/Content/' took 0.02s
[2019.02.17-14.09.43:687][  0]LogCook: Display: Max memory allowance for cook 16384mb min free memory 0mb
[2019.02.17-14.09.43:687][  0]LogCook: Display: Mobile HDR setting 1
[2019.02.17-14.09.43:687][  0]LogGameplayTags: Display: UGameplayTagsManager::DoneAddingNativeTags. DelegateIsBound: 0
[2019.02.17-14.09.43:687][  0]LogStats: UGameplayTagsManager::ConstructGameplayTagTree: ImportINI prefixes -  0.000 s
[2019.02.17-14.09.43:687][  0]LogStats: UGameplayTagsManager::ConstructGameplayTagTree: Construct from data asset -  0.000 s
[2019.02.17-14.09.43:687][  0]LogStats: UGameplayTagsManager::ConstructGameplayTagTree: ImportINI -  0.000 s
[2019.02.17-14.09.43:687][  0]LogStats: UGameplayTagsManager::ConstructGameplayTagTree: GameplayTagTreeChangedEvent.Broadcast -  0.000 s
[2019.02.17-14.09.43:781][  0]SourceControl: 소스 컨트롤이 꺼졌습니다.
[2019.02.17-14.09.43:781][  0]Cmd: MAP LOAD FILE="../../../../../../Users/MinLion/Desktop/UnrealProjects/UnrealMMO/TimeTravel/Content/InfinityBladeGrassLands/Maps/TimeTravel.umap" TEMPLATE=0 SHOWPROGRESS=1 FEATURELEVEL=3
[2019.02.17-14.09.43:781][  0]LightingResults: New page: 라이팅 빌드
[2019.02.17-14.09.43:783][  0]MapCheck: New page: 맵 체크
[2019.02.17-14.09.43:783][  0]LightingResults: New page: 라이팅 빌드
[2019.02.17-14.09.44:280][  0]LogAIModule: Creating AISystem for world TimeTravel
[2019.02.17-14.09.44:302][  0]LogEditorServer: Finished looking for orphan Actors (0.000 secs)
[2019.02.17-14.09.44:327][  0]Cmd: MAP CHECKDEP NOCLEARLOG
[2019.02.17-14.09.44:327][  0]MapCheck: 맵 체크 완료: 오류 0 회, 경고 0 회, 소요 시간 0.199ms.
[2019.02.17-14.09.44:327][  0]LogFileHelpers: Loading map 'TimeTravel' took 0.547
[2019.02.17-14.09.44:414][  0]LogSlate: Updating window title bar state: overlay mode, drag disabled, window buttons hidden, title bar hidden
[2019.02.17-14.09.44:419][  0]LogSlate: Updating window title bar state: overlay mode, drag disabled, window buttons hidden, title bar hidden
[2019.02.17-14.09.44:425][  0]LogSlate: Updating window title bar state: overlay mode, drag disabled, window buttons hidden, title bar hidden
[2019.02.17-14.09.44:430][  0]LogSlate: Updating window title bar state: overlay mode, drag disabled, window buttons hidden, title bar hidden
[2019.02.17-14.09.44:434][  0]LogCollectionManager: Loaded 0 collections in 0.000689 seconds
[2019.02.17-14.09.44:460][  0]LogFileCache: Scanning file cache for directory 'C:/Users/MinLion/Desktop/UnrealProjects/UnrealMMO/TimeTravel/Saved/Collections/' took 0.01s
[2019.02.17-14.09.44:460][  0]LogFileCache: Scanning file cache for directory 'C:/Users/MinLion/Desktop/UnrealProjects/UnrealMMO/TimeTravel/Content/Developers/MinLion/Collections/' took 0.00s
[2019.02.17-14.09.44:460][  0]LogFileCache: Scanning file cache for directory 'C:/Users/MinLion/Desktop/UnrealProjects/UnrealMMO/TimeTravel/Content/Collections/' took 0.01s
[2019.02.17-14.09.44:460][  0]LogCollectionManager: Rebuilt the GUID cache for 0 collections in 0.000000 seconds
[2019.02.17-14.09.44:467][  0]LogContentBrowser: Native class hierarchy populated in 0.0069 seconds. Added 2659 classes and 622 folders.
[2019.02.17-14.09.44:471][  0]LogContentBrowser: Native class hierarchy updated for 'WidgetCarousel' in 0.0003 seconds. Added 0 classes and 0 folders.
[2019.02.17-14.09.44:472][  0]LogPakFile: Registered encryption key '00000000000000000000000000000000': 0 pak files mounted, 0 remain pending
[2019.02.17-14.09.44:473][  0]LogPakFile: Registered encryption key '00000000000000000000000000000000': 0 pak files mounted, 0 remain pending
[2019.02.17-14.09.44:473][  0]LogPakFile: Registered encryption key '00000000000000000000000000000000': 0 pak files mounted, 0 remain pending
[2019.02.17-14.09.44:473][  0]LogPakFile: Registered encryption key '00000000000000000000000000000000': 0 pak files mounted, 0 remain pending
[2019.02.17-14.09.44:474][  0]LogPakFile: Registered encryption key '00000000000000000000000000000000': 0 pak files mounted, 0 remain pending
[2019.02.17-14.09.44:474][  0]LogPakFile: Registered encryption key '00000000000000000000000000000000': 0 pak files mounted, 0 remain pending
[2019.02.17-14.09.44:474][  0]LogPakFile: Registered encryption key '00000000000000000000000000000000': 0 pak files mounted, 0 remain pending
[2019.02.17-14.09.44:475][  0]LogPakFile: Registered encryption key '00000000000000000000000000000000': 0 pak files mounted, 0 remain pending
[2019.02.17-14.09.44:475][  0]LogPakFile: Registered encryption key '00000000000000000000000000000000': 0 pak files mounted, 0 remain pending
[2019.02.17-14.09.44:475][  0]LogPakFile: Registered encryption key '00000000000000000000000000000000': 0 pak files mounted, 0 remain pending
[2019.02.17-14.09.44:476][  0]LogPakFile: Registered encryption key '00000000000000000000000000000000': 0 pak files mounted, 0 remain pending
[2019.02.17-14.09.44:476][  0]LogPakFile: Registered encryption key '00000000000000000000000000000000': 0 pak files mounted, 0 remain pending
[2019.02.17-14.09.44:476][  0]LogPakFile: Registered encryption key '00000000000000000000000000000000': 0 pak files mounted, 0 remain pending
[2019.02.17-14.09.44:477][  0]LogPakFile: Registered encryption key '00000000000000000000000000000000': 0 pak files mounted, 0 remain pending
[2019.02.17-14.09.44:477][  0]LogPakFile: Registered encryption key '00000000000000000000000000000000': 0 pak files mounted, 0 remain pending
[2019.02.17-14.09.44:478][  0]LogPakFile: Registered encryption key '00000000000000000000000000000000': 0 pak files mounted, 0 remain pending
[2019.02.17-14.09.44:478][  0]LogPakFile: Registered encryption key '00000000000000000000000000000000': 0 pak files mounted, 0 remain pending
[2019.02.17-14.09.44:478][  0]LogPakFile: Registered encryption key '00000000000000000000000000000000': 0 pak files mounted, 0 remain pending
[2019.02.17-14.09.44:479][  0]LogPakFile: Registered encryption key '00000000000000000000000000000000': 0 pak files mounted, 0 remain pending
[2019.02.17-14.09.44:479][  0]LogPakFile: Registered encryption key '00000000000000000000000000000000': 0 pak files mounted, 0 remain pending
[2019.02.17-14.09.44:479][  0]LogPakFile: Registered encryption key '00000000000000000000000000000000': 0 pak files mounted, 0 remain pending
[2019.02.17-14.09.44:480][  0]LogPakFile: Registered encryption key '00000000000000000000000000000000': 0 pak files mounted, 0 remain pending
[2019.02.17-14.09.44:480][  0]LogPakFile: Registered encryption key '00000000000000000000000000000000': 0 pak files mounted, 0 remain pending
[2019.02.17-14.09.44:480][  0]LogPakFile: Registered encryption key '00000000000000000000000000000000': 0 pak files mounted, 0 remain pending
[2019.02.17-14.09.44:481][  0]LogPakFile: Registered encryption key '00000000000000000000000000000000': 0 pak files mounted, 0 remain pending
[2019.02.17-14.09.44:481][  0]LogPakFile: Registered encryption key '00000000000000000000000000000000': 0 pak files mounted, 0 remain pending
[2019.02.17-14.09.44:506][  0]LogContentBrowser: Native class hierarchy updated for 'AddContentDialog' in 0.0003 seconds. Added 0 classes and 0 folders.
[2019.02.17-14.09.44:511][  0]LogContentBrowser: Native class hierarchy updated for 'SceneOutliner' in 0.0003 seconds. Added 1 classes and 2 folders.
[2019.02.17-14.09.44:524][  0]LogSlate: Took 0.000147 seconds to synchronously load lazily loaded font '../../../Engine/Content/Slate/Fonts/Roboto-Regular.ttf' (155K)
[2019.02.17-14.09.44:526][  0]LogSlate: Took 0.001618 seconds to synchronously load lazily loaded font '../../../Engine/Content/Editor/Slate/Fonts/NanumGothic.ttf' (4243K)
[2019.02.17-14.09.44:528][  0]LogSlate: Took 0.001398 seconds to synchronously load lazily loaded font '../../../Engine/Content/Editor/Slate/Fonts/NanumGothicBold.ttf' (4188K)
[2019.02.17-14.09.44:528][  0]LogSlate: Took 0.000090 seconds to synchronously load lazily loaded font '../../../Engine/Content/Slate/Fonts/Roboto-Bold.ttf' (160K)
[2019.02.17-14.09.44:532][  0]LogSlate: Took 0.000124 seconds to synchronously load lazily loaded font '../../../Engine/Content/Editor/Slate/Fonts/FontAwesome.ttf' (139K)
[2019.02.17-14.09.44:594][  0]LogRenderer: Reallocating scene render targets to support 1208x576 Format 10 NumSamples 1 (Frame:1).
[2019.02.17-14.09.44:711][  0]LogContentBrowser: Native class hierarchy updated for 'HierarchicalLODOutliner' in 0.0003 seconds. Added 0 classes and 0 folders.
[2019.02.17-14.09.44:711][  0]LogLoad: (Engine Initialization) Total time: 7.47 seconds
[2019.02.17-14.09.44:711][  0]LogLoad: (Engine Initialization) Total Blueprint compile time: 0.00 seconds
[2019.02.17-14.09.44:781][  0]LogContentStreaming: Texture pool size now 1000 MB
[2019.02.17-14.09.44:809][  0]LogSlate: Took 0.000122 seconds to synchronously load lazily loaded font '../../../Engine/Content/Slate/Fonts/Roboto-Light.ttf' (167K)
[2019.02.17-14.09.44:866][  1]LogAssetRegistry: Asset discovery search completed in 4.5203 seconds
[2019.02.17-14.09.44:868][  1]LogCollectionManager: Rebuilt the object cache for 0 collections in 0.000000 seconds (found 0 objects)
[2019.02.17-14.09.44:868][  1]LogCollectionManager: Fixed up redirectors for 0 collections in 0.000054 seconds (updated 0 objects)
[2019.02.17-14.09.45:500][  3]AnimBlueprintLog: Warning: 슬롯노드: PlayerAnimBP_C 애니메이션 인스턴트 클래스의 'DefaultSlot' 는 이미 존재합니다. 이 클래스의 애니메이션 그래프에서 중복을 제거하세요.
[2019.02.17-14.09.56:886][ 38]LogSlate: FSceneViewport::OnFocusLost() reason 0
[2019.02.17-14.09.57:059][ 57]LogSlate: Took 0.000141 seconds to synchronously load lazily loaded font '../../../Engine/Content/Slate/Fonts/Roboto-Light.ttf' (167K)
[2019.02.17-14.09.57:063][ 57]LogAssetEditorManager: Opening Asset editor for Blueprint /Game/TimeTravel/Blueprints/RobotCharacterBP.RobotCharacterBP
[2019.02.17-14.09.57:458][ 57]LogContentBrowser: Native class hierarchy updated for 'BlueprintGraph' in 0.0005 seconds. Added 117 classes and 0 folders.
[2019.02.17-14.09.58:100][ 57]LogSlate: Took 0.001925 seconds to synchronously load lazily loaded font '../../../Engine/Content/Slate/Fonts/Roboto-BoldCondensed.ttf' (158K)
[2019.02.17-14.09.59:866][256]LogSlate: Took 0.003321 seconds to synchronously load lazily loaded font '../../../Engine/Content/Slate/Fonts/Roboto-Italic.ttf' (157K)
[2019.02.17-14.10.10:213][486]LogTexture: Display: 텍스처 빌드: T_Sparkle_Flakes (AutoDXT, 256X256)
[2019.02.17-14.10.10:213][486]LogMaterial: Display: Missing cached shader map for material M_Trans_Sprite_SubUV_Master_DepthFade, compiling. 
[2019.02.17-14.10.10:287][486]LogTexture: Display: 텍스처 빌드: ThumbnailTexture (DXT1, 512X512)
[2019.02.17-14.10.10:287][486]LogTexture: Display: 텍스처 빌드: T_Smoke_subUV_01 (AutoDXT, 1024X1024)
[2019.02.17-14.10.10:287][486]LogShaderCompilers: Display: Shaders left to compile 27
[2019.02.17-14.10.10:287][486]LogShaderCompilers: Display: Shaders left to compile 17
[2019.02.17-14.10.10:287][486]LogTexture: Display: 텍스처 빌드: T_Ice_Mesh02b (AutoDXT, 1024X1024)
[2019.02.17-14.10.10:287][486]LogMaterial: Display: Missing cached shader map for material M_Trans_Sprite_SubUV_Master, compiling. 
[2019.02.17-14.10.10:720][486]LogStaticMesh: SM_IceWall_TraceMagic 스태틱 메시 빌드중...
[2019.02.17-14.10.10:741][486]LogStaticMesh: Built static mesh [0.02s] /Game/InfinityBladeGrassLands/Effects/FX_Meshes/ICE/SM_IceWall_TraceMagic.SM_IceWall_TraceMagic
[2019.02.17-14.10.10:749][486]LogMaterial: Display: Missing cached shader map for material M_Opaque_MeshEmit_Emis_Master, compiling. 
[2019.02.17-14.10.12:375][647]LogShaderCompilers: Display: Shaders left to compile 49
[2019.02.17-14.10.12:477][659]LogShaderCompilers: Display: Shaders left to compile 39
[2019.02.17-14.10.13:875][826]LogShaderCompilers: Display: Shaders left to compile 29
[2019.02.17-14.10.14:281][874]LogShaderCompilers: Display: Shaders left to compile 19
[2019.02.17-14.10.15:642][ 37]LogShaderCompilers: Display: Shaders left to compile 9
[2019.02.17-14.10.16:237][ 98]LogTexture: Display: 텍스처 빌드: T_ky_dist_noise (AutoDXT, 128X128)
[2019.02.17-14.10.16:237][ 98]LogTexture: Display: 텍스처 빌드: T_ky_smoke_kai (AutoDXT, 256X256)
[2019.02.17-14.10.16:237][ 98]LogTexture: Display: 텍스처 빌드: ThumbnailTexture (DXT1, 512X512)
[2019.02.17-14.10.16:237][ 98]LogTexture: Display: 텍스처 빌드: T_ky_decoLines (AutoDXT, 1024X1024)
[2019.02.17-14.10.16:540][ 98]LogTexture: Display: 텍스처 빌드: T_ky_smoke1 (DXT1, 2048X2048)
[2019.02.17-14.10.16:540][ 98]LogTexture: Display: 텍스처 빌드: T_ky_decoLinesB (AutoDXT, 1024X1024)
[2019.02.17-14.10.16:540][ 98]LogMaterial: Display: Missing cached shader map for material M_ky_polar, compiling. 
[2019.02.17-14.10.16:558][ 98]LogShaderCompilers: Display: Shaders left to compile 35
[2019.02.17-14.10.16:558][ 98]LogMaterial: Display: Missing cached shader map for material M_ky_polar, compiling. 
[2019.02.17-14.10.16:992][ 98]LogShaderCompilers: Display: Shaders left to compile 68
[2019.02.17-14.10.16:992][ 98]LogMaterial: Display: Missing cached shader map for material M_ky_primitive_dyn2, compiling. 
[2019.02.17-14.10.17:009][ 98]LogMaterial: Display: Missing cached shader map for material M_ky_base_turbulence, compiling. 
[2019.02.17-14.10.17:030][ 98]LogStaticMesh: SM_ky_quad_centerRot 스태틱 메시 빌드중...
[2019.02.17-14.10.17:040][ 98]LogStaticMesh: Built static mesh [0.01s] /Game/FXVarietyPack/Meshes/SM_ky_quad_centerRot.SM_ky_quad_centerRot
[2019.02.17-14.10.17:045][ 98]LogMaterial: Display: Missing cached shader map for material M_ky_primitive_dyn2, compiling. 
[2019.02.17-14.10.17:063][ 98]LogMaterial: Display: Missing cached shader map for material M_ky_primitive, compiling. 
[2019.02.17-14.10.17:095][ 98]LogMaterial: Display: Missing cached shader map for material M_ky_smoke01, compiling. 
[2019.02.17-14.10.17:107][ 98]LogMaterial: Display: Missing cached shader map for material M_ky_flare_flash, compiling. 
[2019.02.17-14.10.17:123][ 98]LogMaterial: Display: Missing cached shader map for material M_ky_flare_flash, compiling. 
[2019.02.17-14.10.18:476][254]BlueprintLog: New page: RobotCharacterBP 컴파일
[2019.02.17-14.10.18:683][254]LogShaderCompilers: Display: Shaders left to compile 387
[2019.02.17-14.10.18:815][262]LogShaderCompilers: Display: Shaders left to compile 377
[2019.02.17-14.10.19:285][313]LogSavePackage: Moving '../../../../../../Users/MinLion/Desktop/UnrealProjects/UnrealMMO/TimeTravel/Saved/RobotCharacterBP330BD9414FDE97D04CC028BD63823734.tmp' to '../../../../../../Users/MinLion/Desktop/UnrealProjects/UnrealMMO/TimeTravel/Content/TimeTravel/Blueprints/RobotCharacterBP.uasset'
[2019.02.17-14.10.20:171][419]LogShaderCompilers: Display: Shaders left to compile 367
[2019.02.17-14.10.20:405][447]LogShaderCompilers: Display: Shaders left to compile 357
[2019.02.17-14.10.21:881][605]LogShaderCompilers: Display: Shaders left to compile 347
[2019.02.17-14.10.22:039][621]LogShaderCompilers: Display: Shaders left to compile 337
[2019.02.17-14.10.23:417][754]LogShaderCompilers: Display: Shaders left to compile 327
[2019.02.17-14.10.23:531][765]LogShaderCompilers: Display: Shaders left to compile 317
[2019.02.17-14.10.25:284][930]LogShaderCompilers: Display: Shaders left to compile 307
[2019.02.17-14.10.25:492][948]LogShaderCompilers: Display: Shaders left to compile 297
[2019.02.17-14.10.26:969][ 90]LogShaderCompilers: Display: Shaders left to compile 287
[2019.02.17-14.10.27:221][114]LogShaderCompilers: Display: Shaders left to compile 277
[2019.02.17-14.10.28:729][259]LogShaderCompilers: Display: Shaders left to compile 267
[2019.02.17-14.10.29:084][293]LogShaderCompilers: Display: Shaders left to compile 257
[2019.02.17-14.10.30:441][420]LogShaderCompilers: Display: Shaders left to compile 247
[2019.02.17-14.10.30:712][445]LogShaderCompilers: Display: Shaders left to compile 237
[2019.02.17-14.10.31:993][568]LogShaderCompilers: Display: Shaders left to compile 227
[2019.02.17-14.10.32:489][616]LogShaderCompilers: Display: Shaders left to compile 217
[2019.02.17-14.10.33:660][729]LogShaderCompilers: Display: Shaders left to compile 207
[2019.02.17-14.10.34:022][761]LogShaderCompilers: Display: Shaders left to compile 197
[2019.02.17-14.10.35:185][872]LogShaderCompilers: Display: Shaders left to compile 187
[2019.02.17-14.10.35:598][911]LogShaderCompilers: Display: Shaders left to compile 177
[2019.02.17-14.10.36:443][992]LogShaderCompilers: Display: Shaders left to compile 167
[2019.02.17-14.10.37:511][ 95]LogShaderCompilers: Display: Shaders left to compile 157
[2019.02.17-14.10.38:157][158]LogShaderCompilers: Display: Shaders left to compile 147
[2019.02.17-14.10.38:852][222]LogShaderCompilers: Display: Shaders left to compile 137
[2019.02.17-14.10.39:742][310]LogShaderCompilers: Display: Shaders left to compile 127
[2019.02.17-14.10.39:846][320]LogShaderCompilers: Display: Shaders left to compile 117
[2019.02.17-14.10.40:718][405]LogShaderCompilers: Display: Shaders left to compile 107
[2019.02.17-14.10.41:428][472]LogShaderCompilers: Display: Shaders left to compile 97
[2019.02.17-14.10.42:334][561]LogShaderCompilers: Display: Shaders left to compile 87
[2019.02.17-14.10.43:094][631]LogShaderCompilers: Display: Shaders left to compile 77
[2019.02.17-14.10.44:112][729]LogShaderCompilers: Display: Shaders left to compile 67
[2019.02.17-14.10.44:574][774]LogShaderCompilers: Display: Shaders left to compile 57
[2019.02.17-14.10.45:931][878]LogShaderCompilers: Display: Shaders left to compile 47
[2019.02.17-14.10.46:608][944]LogShaderCompilers: Display: Shaders left to compile 37
[2019.02.17-14.10.47:378][ 17]LogShaderCompilers: Display: Shaders left to compile 27
[2019.02.17-14.10.48:340][108]LogShaderCompilers: Display: Shaders left to compile 17
[2019.02.17-14.10.49:024][175]LogShaderCompilers: Display: Shaders left to compile 7
[2019.02.17-14.15.42:442][270]LogSlate: Window '콘텐츠 저장' being destroyed
[2019.02.17-14.15.43:178][270]LogSavePackage: Moving '../../../../../../Users/MinLion/Desktop/UnrealProjects/UnrealMMO/TimeTravel/Saved/TimeTravel5622223D41EB154672E61B90D17C302C.tmp' to '../../../../../../Users/MinLion/Desktop/UnrealProjects/UnrealMMO/TimeTravel/Content/InfinityBladeGrassLands/Maps/TimeTravel.umap'
[2019.02.17-14.15.43:197][270]LogFileHelpers: Saving map 'TimeTravel' took 0.743
[2019.02.17-14.15.43:238][270]LogSavePackage: Moving '../../../../../../Users/MinLion/Desktop/UnrealProjects/UnrealMMO/TimeTravel/Saved/RobotCharacterBP2C167F8354718631BD7E75DBAD287C3F9.tmp' to '../../../../../../Users/MinLion/Desktop/UnrealProjects/UnrealMMO/TimeTravel/Content/TimeTravel/Blueprints/RobotCharacterBP2.uasset'
[2019.02.17-14.15.43:332][270]LogSlate: Window 'TimeTravel - 언리얼 에디터' being destroyed
[2019.02.17-14.15.43:334][270]LogWindowsTextInputMethodSystem: Display: IME system now activated using TSF (Microsoft 입력기).
[2019.02.17-14.15.43:502][271]Cmd: QUIT_EDITOR
[2019.02.17-14.15.43:535][271]LogExit: Preparing to exit.
[2019.02.17-14.15.44:068][271]LogDirectoryWatcher: A directory notification failed for 'C:/Users/MinLion/Desktop/UnrealProjects/UnrealMMO/TimeTravel/Content/', and we were unable to create a new request.
[2019.02.17-14.15.44:098][271]LogExit: Editor shut down
[2019.02.17-14.15.44:099][271]LogExit: Transaction tracking system shut down
[2019.02.17-14.15.44:321][271]LogExit: Object subsystem successfully closed.
[2019.02.17-14.15.44:328][271]LogShaderCompilers: Display: Shaders left to compile 0
[2019.02.17-14.15.44:330][271]LogD3D11RHI: Shutdown
[2019.02.17-14.15.44:330][271]LogD3D11RHI: CleanupD3DDevice
[2019.02.17-14.15.44:331][271]LogD3D11RHI: ~FD3D11DynamicRHI
[2019.02.17-14.15.44:354][271]LogModuleManager: Shutting down and abandoning module MeshBuilder (630)
[2019.02.17-14.15.44:354][271]LogModuleManager: Shutting down and abandoning module BlueprintGraph (628)
[2019.02.17-14.15.44:354][271]LogModuleManager: Shutting down and abandoning module HierarchicalLODOutliner (626)
[2019.02.17-14.15.44:354][271]LogModuleManager: Shutting down and abandoning module SceneOutliner (624)
[2019.02.17-14.15.44:354][271]LogModuleManager: Shutting down and abandoning module AddContentDialog (622)
[2019.02.17-14.15.44:355][271]LogModuleManager: Shutting down and abandoning module WidgetCarousel (621)
[2019.02.17-14.15.44:355][271]LogModuleManager: Shutting down and abandoning module EditorWidgets (618)
[2019.02.17-14.15.44:355][271]LogModuleManager: Shutting down and abandoning module CollectionManager (616)
[2019.02.17-14.15.44:355][271]LogModuleManager: Shutting down and abandoning module StatsViewer (614)
[2019.02.17-14.15.44:355][271]LogModuleManager: Shutting down and abandoning module FoliageEdit (612)
[2019.02.17-14.15.44:355][271]LogModuleManager: Shutting down and abandoning module LandscapeEditor (610)
[2019.02.17-14.15.44:355][271]LogModuleManager: Shutting down and abandoning module MeshPaintMode (608)
[2019.02.17-14.15.44:355][271]LogModuleManager: Shutting down and abandoning module SceneDepthPickerMode (606)
[2019.02.17-14.15.44:355][271]LogModuleManager: Shutting down and abandoning module ActorPickerMode (604)
[2019.02.17-14.15.44:355][271]LogModuleManager: Shutting down and abandoning module GeometryMode (602)
[2019.02.17-14.15.44:355][271]LogModuleManager: Shutting down and abandoning module TextureAlignMode (600)
[2019.02.17-14.15.44:355][271]LogModuleManager: Shutting down and abandoning module BspMode (598)
[2019.02.17-14.15.44:355][271]LogModuleManager: Shutting down and abandoning module PIEPreviewDeviceProfileSelector (596)
[2019.02.17-14.15.44:355][271]LogModuleManager: Shutting down and abandoning module SequenceRecorderSections (594)
[2019.02.17-14.15.44:355][271]LogModuleManager: Shutting down and abandoning module AutomationWorker (592)
[2019.02.17-14.15.44:355][271]LogModuleManager: Shutting down and abandoning module AudioCaptureEditor (590)
[2019.02.17-14.15.44:355][271]LogModuleManager: Shutting down and abandoning module MatineeToLevelSequence (588)
[2019.02.17-14.15.44:355][271]LogModuleManager: Shutting down and abandoning module LevelSequenceEditor (586)
[2019.02.17-14.15.44:355][271]LogModuleManager: Shutting down and abandoning module PlacementMode (585)
[2019.02.17-14.15.44:355][271]LogModuleManager: Shutting down and abandoning module MaterialEditor (584)
[2019.02.17-14.15.44:355][271]LogModuleManager: Shutting down and abandoning module WmfMediaFactory (580)
[2019.02.17-14.15.44:355][271]LogModuleManager: Shutting down and abandoning module WmfMediaEditor (578)
[2019.02.17-14.15.44:355][271]LogModuleManager: Shutting down and abandoning module WebMMediaFactory (576)
[2019.02.17-14.15.44:355][271]LogModuleManager: Shutting down and abandoning module WebMMediaEditor (574)
[2019.02.17-14.15.44:355][271]LogModuleManager: Shutting down and abandoning module WebMMedia (572)
[2019.02.17-14.15.44:355][271]LogModuleManager: Shutting down and abandoning module MediaPlayerEditor (570)
[2019.02.17-14.15.44:356][271]LogModuleManager: Shutting down and abandoning module MediaCompositingEditor (568)
[2019.02.17-14.15.44:356][271]LogModuleManager: Shutting down and abandoning module SequenceRecorder (567)
[2019.02.17-14.15.44:356][271]LogModuleManager: Shutting down and abandoning module OpenExrWrapper (564)
[2019.02.17-14.15.44:356][271]LogModuleManager: Shutting down and abandoning module ImgMediaFactory (562)
[2019.02.17-14.15.44:356][271]LogModuleManager: Shutting down and abandoning module ImgMediaEditor (560)
[2019.02.17-14.15.44:356][271]LogModuleManager: Shutting down and abandoning module AvfMediaFactory (558)
[2019.02.17-14.15.44:356][271]LogModuleManager: Shutting down and abandoning module AvfMediaEditor (556)
[2019.02.17-14.15.44:356][271]LogModuleManager: Shutting down and abandoning module AndroidMediaFactory (554)
[2019.02.17-14.15.44:356][271]LogModuleManager: Shutting down and abandoning module AndroidMediaEditor (552)
[2019.02.17-14.15.44:356][271]LogModuleManager: Shutting down and abandoning module MagicLeapCameraPreviewFactory (550)
[2019.02.17-14.15.44:356][271]LogModuleManager: Shutting down and abandoning module MagicLeapMediaFactory (548)
[2019.02.17-14.15.44:356][271]LogModuleManager: Shutting down and abandoning module MagicLeapMediaEditor (546)
[2019.02.17-14.15.44:356][271]LogModuleManager: Shutting down and abandoning module CharacterAI (544)
[2019.02.17-14.15.44:356][271]LogModuleManager: Shutting down and abandoning module SmartSnapping (542)
[2019.02.17-14.15.44:356][271]LogModuleManager: Shutting down and abandoning module SessionServices (540)
[2019.02.17-14.15.44:356][271]LogModuleManager: Shutting down and abandoning module ViewportSnapping (538)
[2019.02.17-14.15.44:356][271]LogModuleManager: Shutting down and abandoning module ViewportInteraction (536)
[2019.02.17-14.15.44:356][271]LogModuleManager: Shutting down and abandoning module ClothPainter (534)
[2019.02.17-14.15.44:356][271]LogModuleManager: Shutting down and abandoning module SkeletalMeshEditor (533)
[2019.02.17-14.15.44:356][271]LogModuleManager: Shutting down and abandoning module LogVisualizer (530)
[2019.02.17-14.15.44:356][271]LogModuleManager: Shutting down and abandoning module IntroTutorials (528)
[2019.02.17-14.15.44:356][271]LogModuleManager: Shutting down and abandoning module GameProjectGeneration (527)
[2019.02.17-14.15.44:356][271]LogModuleManager: Shutting down and abandoning module LuminPlatformEditor (524)
[2019.02.17-14.15.44:356][271]LogModuleManager: Shutting down and abandoning module IOSPlatformEditor (522)
[2019.02.17-14.15.44:356][271]LogModuleManager: Shutting down and abandoning module HTML5PlatformEditor (520)
[2019.02.17-14.15.44:356][271]LogModuleManager: Shutting down and abandoning module AndroidPlatformEditor (518)
[2019.02.17-14.15.44:356][271]LogModuleManager: Shutting down and abandoning module AndroidDeviceDetection (517)
[2019.02.17-14.15.44:694][271]LogModuleManager: Shutting down and abandoning module WindowsPlatformEditor (514)
[2019.02.17-14.15.44:694][271]LogModuleManager: Shutting down and abandoning module LuminRuntimeSettings (512)
[2019.02.17-14.15.44:694][271]LogModuleManager: Shutting down and abandoning module IOSRuntimeSettings (510)
[2019.02.17-14.15.44:694][271]LogModuleManager: Shutting down and abandoning module AndroidRuntimeSettings (508)
[2019.02.17-14.15.44:694][271]LogModuleManager: Shutting down and abandoning module TimeManagementEditor (506)
[2019.02.17-14.15.44:694][271]LogModuleManager: Shutting down and abandoning module InputBindingEditor (504)
[2019.02.17-14.15.44:694][271]LogModuleManager: Shutting down and abandoning module MergeActors (502)
[2019.02.17-14.15.44:694][271]LogModuleManager: Shutting down and abandoning module LocalizationDashboard (500)
[2019.02.17-14.15.44:694][271]LogModuleManager: Shutting down and abandoning module LocalizationService (499)
[2019.02.17-14.15.44:694][271]LogModuleManager: Shutting down and abandoning module HardwareTargeting (496)
[2019.02.17-14.15.44:694][271]LogModuleManager: Shutting down and abandoning module DeviceProfileEditor (494)
[2019.02.17-14.15.44:694][271]LogModuleManager: Shutting down and abandoning module UndoHistory (492)
[2019.02.17-14.15.44:694][271]LogModuleManager: Shutting down and abandoning module XmlParser (490)
[2019.02.17-14.15.44:694][271]LogModuleManager: Shutting down and abandoning module Blutility (488)
[2019.02.17-14.15.44:694][271]LogModuleManager: Shutting down and abandoning module ProjectSettingsViewer (486)
[2019.02.17-14.15.44:694][271]LogModuleManager: Shutting down and abandoning module ProjectTargetPlatformEditor (485)
[2019.02.17-14.15.44:694][271]LogModuleManager: Shutting down and abandoning module EditorSettingsViewer (482)
[2019.02.17-14.15.44:694][271]LogModuleManager: Shutting down and abandoning module SettingsEditor (480)
[2019.02.17-14.15.44:695][271]LogModuleManager: Shutting down and abandoning module ProjectLauncher (478)
[2019.02.17-14.15.44:695][271]LogModuleManager: Shutting down and abandoning module SessionFrontend (476)
[2019.02.17-14.15.44:695][271]LogModuleManager: Shutting down and abandoning module ProfilerClient (474)
[2019.02.17-14.15.44:695][271]LogModuleManager: Shutting down and abandoning module DeviceManager (472)
[2019.02.17-14.15.44:695][271]LogModuleManager: Shutting down and abandoning module TargetDeviceServices (471)
[2019.02.17-14.15.44:749][271]LogModuleManager: Shutting down and abandoning module AutomationController (468)
[2019.02.17-14.15.44:749][271]LogModuleManager: Shutting down and abandoning module AutomationWindow (466)
[2019.02.17-14.15.44:749][271]LogModuleManager: Shutting down and abandoning module Layers (464)
[2019.02.17-14.15.44:749][271]LogModuleManager: Shutting down and abandoning module ComponentVisualizers (462)
[2019.02.17-14.15.44:749][271]LogModuleManager: Shutting down and abandoning module DetailCustomizations (460)
[2019.02.17-14.15.44:749][271]LogModuleManager: Shutting down and abandoning module PackagesDialog (458)
[2019.02.17-14.15.44:749][271]LogModuleManager: Shutting down and abandoning module Persona (456)
[2019.02.17-14.15.44:749][271]LogModuleManager: Shutting down and abandoning module AdvancedPreviewScene (455)
[2019.02.17-14.15.44:749][271]LogModuleManager: Shutting down and abandoning module AnimGraph (453)
[2019.02.17-14.15.44:749][271]LogModuleManager: Shutting down and abandoning module Kismet (450)
[2019.02.17-14.15.44:752][271]LogModuleManager: Shutting down and abandoning module GraphEditor (448)
[2019.02.17-14.15.44:752][271]LogModuleManager: Shutting down and abandoning module ClassViewer (446)
[2019.02.17-14.15.44:752][271]LogModuleManager: Shutting down and abandoning module Toolbox (444)
[2019.02.17-14.15.44:752][271]LogModuleManager: Shutting down and abandoning module DesktopPlatform (443)
[2019.02.17-14.15.44:752][271]LogModuleManager: Shutting down and abandoning module ModuleUI (440)
[2019.02.17-14.15.44:752][271]LogModuleManager: Shutting down and abandoning module MovieSceneTools (438)
[2019.02.17-14.15.44:752][271]LogModuleManager: Shutting down and abandoning module OutputLog (436)
[2019.02.17-14.15.44:752][271]LogModuleManager: Shutting down and abandoning module GammaUI (434)
[2019.02.17-14.15.44:752][271]LogModuleManager: Shutting down and abandoning module Documentation (432)
[2019.02.17-14.15.44:752][271]LogModuleManager: Shutting down and abandoning module MovieSceneTracks (430)
[2019.02.17-14.15.44:752][271]LogModuleManager: Shutting down and abandoning module MovieScene (428)
[2019.02.17-14.15.44:752][271]LogModuleManager: Shutting down and abandoning module StreamingPauseRendering (426)
[2019.02.17-14.15.44:752][271]LogModuleManager: Shutting down and abandoning module LauncherPlatform (424)
[2019.02.17-14.15.44:752][271]LogModuleManager: Shutting down and abandoning module AnalyticsET (422)
[2019.02.17-14.15.44:752][271]LogModuleManager: Shutting down and abandoning module PortalServices (420)
[2019.02.17-14.15.44:752][271]LogModuleManager: Shutting down and abandoning module PortalRpc (418)
[2019.02.17-14.15.44:752][271]LogModuleManager: Shutting down and abandoning module MessagingRpc (416)
[2019.02.17-14.15.44:752][271]LogModuleManager: Shutting down and abandoning module AIModule (414)
[2019.02.17-14.15.44:752][271]LogModuleManager: Shutting down and abandoning module GameplayDebugger (413)
[2019.02.17-14.15.44:752][271]LogModuleManager: Shutting down and abandoning module AITestSuite (411)
[2019.02.17-14.15.44:752][271]LogModuleManager: Shutting down and abandoning module NavigationSystem (409)
[2019.02.17-14.15.44:752][271]LogModuleManager: Shutting down and abandoning module ImageWriteQueue (406)
[2019.02.17-14.15.44:754][271]LogModuleManager: Shutting down and abandoning module ProfilerService (404)
[2019.02.17-14.15.44:842][271]LogModuleManager: Shutting down and abandoning module TaskGraph (402)
[2019.02.17-14.15.44:842][271]LogModuleManager: Shutting down and abandoning module Climb (400)
[2019.02.17-14.15.44:842][271]LogModuleManager: Shutting down and abandoning module SteamVRController (398)
[2019.02.17-14.15.44:842][271]LogModuleManager: Shutting down and abandoning module ProceduralMeshComponentEditor (396)
[2019.02.17-14.15.44:842][271]LogModuleManager: Shutting down and abandoning module ProceduralMeshComponent (394)
[2019.02.17-14.15.44:842][271]LogModuleManager: Shutting down and abandoning module OculusInput (392)
[2019.02.17-14.15.44:842][271]LogModuleManager: Shutting down and abandoning module MobilePatchingUtils (390)
[2019.02.17-14.15.44:842][271]LogModuleManager: Shutting down and abandoning module EditableMesh (388)
[2019.02.17-14.15.44:842][271]LogModuleManager: Shutting down and abandoning module CustomMeshComponent (386)
[2019.02.17-14.15.44:842][271]LogModuleManager: Shutting down and abandoning module CableComponent (384)
[2019.02.17-14.15.44:842][271]LogModuleManager: Shutting down and abandoning module AudioCapture (382)
[2019.02.17-14.15.44:842][271]LogModuleManager: Shutting down and abandoning module ArchVisCharacter (380)
[2019.02.17-14.15.44:842][271]LogModuleManager: Shutting down and abandoning module AndroidPermission (378)
[2019.02.17-14.15.44:842][271]LogModuleManager: Shutting down and abandoning module NUTUnrealEngine4 (376)
[2019.02.17-14.15.44:842][271]LogModuleManager: Shutting down and abandoning module NetcodeUnitTest (374)
[2019.02.17-14.15.44:842][271]LogModuleManager: Shutting down and abandoning module MediaCompositing (372)
[2019.02.17-14.15.44:842][271]LogModuleManager: Shutting down and abandoning module LinearTimecode (370)
[2019.02.17-14.15.44:842][271]LogModuleManager: Shutting down and abandoning module ImgMedia (368)
[2019.02.17-14.15.44:845][271]LogModuleManager: Shutting down and abandoning module HTML5Networking (366)
[2019.02.17-14.15.44:845][271]LogModuleManager: Shutting down and abandoning module GeometryCacheTracks (364)
[2019.02.17-14.15.44:845][271]LogModuleManager: Shutting down and abandoning module GeometryCacheSequencer (362)
[2019.02.17-14.15.44:845][271]LogModuleManager: Shutting down and abandoning module BackChannel (360)
[2019.02.17-14.15.44:845][271]LogModuleManager: Shutting down and abandoning module AppleVision (358)
[2019.02.17-14.15.44:845][271]LogModuleManager: Shutting down and abandoning module AppleImageUtilsBlueprintSupport (356)
[2019.02.17-14.15.44:845][271]LogModuleManager: Shutting down and abandoning module AppleImageUtils (354)
[2019.02.17-14.15.44:845][271]LogModuleManager: Shutting down and abandoning module AlembicImporter (352)
[2019.02.17-14.15.44:845][271]LogModuleManager: Shutting down and abandoning module AlembicLibrary (351)
[2019.02.17-14.15.44:845][271]LogModuleManager: Shutting down and abandoning module GeometryCache (350)
[2019.02.17-14.15.44:845][271]LogModuleManager: Shutting down and abandoning module GeometryCacheEd (349)
[2019.02.17-14.15.44:845][271]LogModuleManager: Shutting down and abandoning module VariantManagerContent (344)
[2019.02.17-14.15.44:845][271]LogModuleManager: Shutting down and abandoning module DatasmithContentEditor (342)
[2019.02.17-14.15.44:845][271]LogModuleManager: Shutting down and abandoning module SpeedTreeImporter (340)
[2019.02.17-14.15.44:845][271]LogModuleManager: Shutting down and abandoning module PluginBrowser (338)
[2019.02.17-14.15.44:845][271]LogModuleManager: Shutting down and abandoning module MobileLauncherProfileWizard (336)
[2019.02.17-14.15.44:845][271]LogModuleManager: Shutting down and abandoning module PolygonModeling (334)
[2019.02.17-14.15.44:845][271]LogModuleManager: Shutting down and abandoning module MeshEditor (332)
[2019.02.17-14.15.44:845][271]LogModuleManager: Shutting down and abandoning module CryptoKeysOpenSSL (330)
[2019.02.17-14.15.44:845][271]LogModuleManager: Shutting down and abandoning module CryptoKeys (328)
[2019.02.17-14.15.44:845][271]LogModuleManager: Shutting down and abandoning module VisualStudioSourceCodeAccess (326)
[2019.02.17-14.15.44:845][271]LogModuleManager: Shutting down and abandoning module VisualStudioCodeSourceCodeAccess (324)
[2019.02.17-14.15.44:845][271]LogModuleManager: Shutting down and abandoning module UObjectPlugin (322)
[2019.02.17-14.15.44:845][271]LogModuleManager: Shutting down and abandoning module SubversionSourceControl (320)
[2019.02.17-14.15.44:846][271]LogModuleManager: Shutting down and abandoning module PerforceSourceControl (318)
[2019.02.17-14.15.44:846][271]LogModuleManager: Shutting down and abandoning module GitSourceControl (316)
[2019.02.17-14.15.44:846][271]LogModuleManager: Shutting down and abandoning module SourceControl (315)
[2019.02.17-14.15.44:846][271]LogModuleManager: Shutting down and abandoning module CLionSourceCodeAccess (312)
[2019.02.17-14.15.44:846][271]LogModuleManager: Shutting down and abandoning module ActorLayerUtilitiesEditor (310)
[2019.02.17-14.15.44:846][271]LogModuleManager: Shutting down and abandoning module ActorLayerUtilities (308)
[2019.02.17-14.15.44:846][271]LogModuleManager: Shutting down and abandoning module LightPropagationVolumeEditor (306)
[2019.02.17-14.15.44:846][271]LogModuleManager: Shutting down and abandoning module PaperTiledImporter (304)
[2019.02.17-14.15.44:846][271]LogModuleManager: Shutting down and abandoning module PaperSpriteSheetImporter (302)
[2019.02.17-14.15.44:846][271]LogModuleManager: Shutting down and abandoning module Paper2DEditor (300)
[2019.02.17-14.15.44:846][271]LogModuleManager: Shutting down and abandoning module MeshPaint (299)
[2019.02.17-14.15.44:846][271]LogModuleManager: Shutting down and abandoning module TimeTravel (296)
[2019.02.17-14.15.44:846][271]LogModuleManager: Shutting down and abandoning module RuntimePhysXCooking (294)
[2019.02.17-14.15.44:846][271]LogModuleManager: Shutting down and abandoning module PhysXVehiclesEditor (292)
[2019.02.17-14.15.44:846][271]LogModuleManager: Shutting down and abandoning module PhysXVehicles (290)
[2019.02.17-14.15.44:846][271]LogModuleManager: Shutting down and abandoning module OculusEditor (288)
[2019.02.17-14.15.44:846][271]LogModuleManager: Shutting down and abandoning module LocationServicesBPLibrary (286)
[2019.02.17-14.15.44:846][271]LogModuleManager: Shutting down and abandoning module ActorSequence (284)
[2019.02.17-14.15.44:846][271]LogModuleManager: Shutting down and abandoning module UdpMessaging (282)
[2019.02.17-14.15.44:947][271]LogModuleManager: Shutting down and abandoning module TcpMessaging (280)
[2019.02.17-14.15.45:047][271]LogModuleManager: Shutting down and abandoning module MagicLeapAudio (278)
[2019.02.17-14.15.45:047][271]LogModuleManager: Shutting down and abandoning module GameplayTagsEditor (276)
[2019.02.17-14.15.45:047][271]LogModuleManager: Shutting down and abandoning module FacialAnimationEditor (274)
[2019.02.17-14.15.45:047][271]LogModuleManager: Shutting down and abandoning module FacialAnimation (272)
[2019.02.17-14.15.45:047][271]LogModuleManager: Shutting down and abandoning module DataValidation (270)
[2019.02.17-14.15.45:047][271]LogModuleManager: Shutting down and abandoning module AssetManagerEditor (268)
[2019.02.17-14.15.45:047][271]LogModuleManager: Shutting down and abandoning module LevelEditor (267)
[2019.02.17-14.15.45:047][271]LogModuleManager: Shutting down and abandoning module PixelInspectorModule (266)
[2019.02.17-14.15.45:047][271]LogModuleManager: Shutting down and abandoning module CommonMenuExtensions (264)
[2019.02.17-14.15.45:047][271]LogModuleManager: Shutting down and abandoning module MainFrame (262)
[2019.02.17-14.15.45:047][271]LogModuleManager: Shutting down and abandoning module HotReload (261)
[2019.02.17-14.15.45:048][271]LogModuleManager: Shutting down and abandoning module ContentBrowser (257)
[2019.02.17-14.15.45:049][271]LogModuleManager: Shutting down and abandoning module TreeMap (255)
[2019.02.17-14.15.45:049][271]LogModuleManager: Shutting down and abandoning module LightPropagationVolumeRuntime (252)
[2019.02.17-14.15.45:049][271]LogModuleManager: Shutting down and abandoning module AISupportModule (250)
[2019.02.17-14.15.45:049][271]LogModuleManager: Shutting down and abandoning module Paper2D (248)
[2019.02.17-14.15.45:049][271]LogModuleManager: Shutting down and abandoning module WindowsMoviePlayer (246)
[2019.02.17-14.15.45:049][271]LogModuleManager: Shutting down and abandoning module WebMMoviePlayer (244)
[2019.02.17-14.15.45:049][271]LogModuleManager: Shutting down and abandoning module WmfMedia (242)
[2019.02.17-14.15.45:051][271]LogModuleManager: Shutting down and abandoning module Media (241)
[2019.02.17-14.15.45:057][271]LogModuleManager: Shutting down and abandoning module PacketHandler (238)
[2019.02.17-14.15.45:057][271]LogModuleManager: Shutting down and abandoning module ClothingSystemEditor (236)
[2019.02.17-14.15.45:057][271]LogModuleManager: Shutting down and abandoning module ClothingSystemRuntime (234)
[2019.02.17-14.15.45:057][271]LogModuleManager: Shutting down and abandoning module MediaAssets (232)
[2019.02.17-14.15.45:057][271]LogModuleManager: Shutting down and abandoning module Overlay (230)
[2019.02.17-14.15.45:057][271]LogModuleManager: Shutting down and abandoning module OverlayEditor (229)
[2019.02.17-14.15.45:057][271]LogModuleManager: Shutting down and abandoning module VREditor (226)
[2019.02.17-14.15.45:057][271]LogModuleManager: Shutting down and abandoning module StringTableEditor (224)
[2019.02.17-14.15.45:057][271]LogModuleManager: Shutting down and abandoning module GameplayTasksEditor (222)
[2019.02.17-14.15.45:057][271]LogModuleManager: Shutting down and abandoning module BehaviorTreeEditor (220)
[2019.02.17-14.15.45:057][271]LogModuleManager: Shutting down and abandoning module FunctionalTesting (218)
[2019.02.17-14.15.45:057][271]LogModuleManager: Shutting down and abandoning module CollisionAnalyzer (216)
[2019.02.17-14.15.45:057][271]LogModuleManager: Shutting down and abandoning module WorkspaceMenuStructure (215)
[2019.02.17-14.15.45:057][271]LogModuleManager: Shutting down and abandoning module UMG (212)
[2019.02.17-14.15.45:057][271]LogModuleManager: Shutting down and abandoning module UMGEditor (211)
[2019.02.17-14.15.45:057][271]LogModuleManager: Shutting down and abandoning module Sequencer (210)
[2019.02.17-14.15.45:057][271]LogModuleManager: Shutting down and abandoning module MessageLog (207)
[2019.02.17-14.15.45:057][271]LogModuleManager: Shutting down and abandoning module SlateReflector (202)
[2019.02.17-14.15.45:057][271]LogModuleManager: Shutting down and abandoning module Slate (200)
[2019.02.17-14.15.45:057][271]LogModuleManager: Shutting down and abandoning module EditorStyle (198)
[2019.02.17-14.15.45:059][271]LogModuleManager: Shutting down and abandoning module MRMesh (196)
[2019.02.17-14.15.45:059][271]LogModuleManager: Shutting down and abandoning module SourceCodeAccess (194)
[2019.02.17-14.15.45:059][271]LogModuleManager: Shutting down and abandoning module HeadMountedDisplay (192)
[2019.02.17-14.15.45:059][271]LogModuleManager: Shutting down and abandoning module XAudio2 (190)
[2019.02.17-14.15.45:059][271]LogModuleManager: Shutting down and abandoning module Networking (188)
[2019.02.17-14.15.45:059][271]LogModuleManager: Shutting down and abandoning module Core (186)
[2019.02.17-14.15.45:059][271]LogModuleManager: Shutting down and abandoning module LevelSequence (184)
[2019.02.17-14.15.45:059][271]LogModuleManager: Shutting down and abandoning module KismetCompiler (182)
[2019.02.17-14.15.45:059][271]LogModuleManager: Shutting down and abandoning module MeshUtilities (180)
[2019.02.17-14.15.45:059][271]LogModuleManager: Shutting down and abandoning module MeshMergeUtilities (179)
[2019.02.17-14.15.45:059][271]LogModuleManager: Shutting down and abandoning module MeshReductionInterface (178)
[2019.02.17-14.15.45:059][271]LogModuleManager: Shutting down and abandoning module SimplygonSwarm (177)
[2019.02.17-14.15.45:059][271]LogModuleManager: Shutting down and abandoning module ProxyLODMeshReduction (175)
[2019.02.17-14.15.45:059][271]LogModuleManager: Shutting down and abandoning module SimplygonMeshReduction (173)
[2019.02.17-14.15.45:059][271]LogModuleManager: Shutting down and abandoning module QuadricMeshReduction (171)
[2019.02.17-14.15.45:059][271]LogModuleManager: Shutting down and abandoning module MaterialBaking (167)
[2019.02.17-14.15.45:059][271]LogModuleManager: Shutting down and abandoning module DirectoryWatcher (163)
[2019.02.17-14.15.45:059][271]LogModuleManager: Shutting down and abandoning module DerivedDataCache (160)
[2019.02.17-14.15.45:061][271]LogDerivedDataCache: Shutdown
[2019.02.17-14.15.45:061][271]LogModuleManager: Shutting down and abandoning module XGEController (158)
[2019.02.17-14.15.45:061][271]LogXGEController: Cleaning working directory: C:/Users/MinLion/AppData/Local/Temp/UnrealXGEWorkingDir/
[2019.02.17-14.15.45:061][271]LogModuleManager: Shutting down and abandoning module TargetPlatform (156)
[2019.02.17-14.15.45:061][271]LogModuleManager: Shutting down and abandoning module VulkanShaderFormat (155)
[2019.02.17-14.15.45:061][271]LogModuleManager: Shutting down and abandoning module ShaderFormatVectorVM (153)
[2019.02.17-14.15.45:061][271]LogModuleManager: Shutting down and abandoning module ShaderFormatOpenGL (151)
[2019.02.17-14.15.45:061][271]LogModuleManager: Shutting down and abandoning module ShaderFormatD3D (149)
[2019.02.17-14.15.45:061][271]LogModuleManager: Shutting down and abandoning module MetalShaderFormat (147)
[2019.02.17-14.15.45:061][271]LogModuleManager: Shutting down and abandoning module TextureFormatUncompressed (145)
[2019.02.17-14.15.45:061][271]LogModuleManager: Shutting down and abandoning module TextureFormatPVR (143)
[2019.02.17-14.15.45:061][271]LogModuleManager: Shutting down and abandoning module TextureFormatDXT (141)
[2019.02.17-14.15.45:061][271]LogModuleManager: Shutting down and abandoning module TextureFormatIntelISPCTexComp (139)
[2019.02.17-14.15.45:061][271]LogModuleManager: Shutting down and abandoning module TextureFormatASTC (137)
[2019.02.17-14.15.45:061][271]LogModuleManager: Shutting down and abandoning module ImageWrapper (136)
[2019.02.17-14.15.45:061][271]LogModuleManager: Shutting down and abandoning module TextureFormatAndroid (133)
[2019.02.17-14.15.45:061][271]LogModuleManager: Shutting down and abandoning module AudioFormatOpus (131)
[2019.02.17-14.15.45:061][271]LogModuleManager: Shutting down and abandoning module AudioFormatOgg (129)
[2019.02.17-14.15.45:061][271]LogModuleManager: Shutting down and abandoning module AudioFormatADPCM (127)
[2019.02.17-14.15.45:062][271]LogModuleManager: Shutting down and abandoning module LuminTargetPlatform (125)
[2019.02.17-14.15.45:062][271]LogModuleManager: Shutting down and abandoning module LinuxTargetPlatform (123)
[2019.02.17-14.15.45:062][271]LogModuleManager: Shutting down and abandoning module LinuxServerTargetPlatform (121)
[2019.02.17-14.15.45:062][271]LogModuleManager: Shutting down and abandoning module LinuxNoEditorTargetPlatform (119)
[2019.02.17-14.15.45:062][271]LogModuleManager: Shutting down and abandoning module LinuxClientTargetPlatform (117)
[2019.02.17-14.15.45:062][271]LogModuleManager: Shutting down and abandoning module TVOSTargetPlatform (115)
[2019.02.17-14.15.45:063][271]LogModuleManager: Shutting down and abandoning module Messaging (113)
[2019.02.17-14.15.45:063][271]LogModuleManager: Shutting down and abandoning module IOSTargetPlatform (111)
[2019.02.17-14.15.45:063][271]LogModuleManager: Shutting down and abandoning module HTML5TargetPlatform (109)
[2019.02.17-14.15.45:063][271]LogModuleManager: Shutting down and abandoning module AndroidTargetPlatform (107)
[2019.02.17-14.15.45:068][271]LogModuleManager: Shutting down and abandoning module WindowsTargetPlatform (105)
[2019.02.17-14.15.45:068][271]LogModuleManager: Shutting down and abandoning module WindowsServerTargetPlatform (103)
[2019.02.17-14.15.45:068][271]LogModuleManager: Shutting down and abandoning module WindowsNoEditorTargetPlatform (101)
[2019.02.17-14.15.45:068][271]LogModuleManager: Shutting down and abandoning module WindowsClientTargetPlatform (99)
[2019.02.17-14.15.45:068][271]LogModuleManager: Shutting down and abandoning module MacTargetPlatform (97)
[2019.02.17-14.15.45:068][271]LogModuleManager: Shutting down and abandoning module MacServerTargetPlatform (95)
[2019.02.17-14.15.45:068][271]LogModuleManager: Shutting down and abandoning module MacNoEditorTargetPlatform (93)
[2019.02.17-14.15.45:068][271]LogModuleManager: Shutting down and abandoning module MacClientTargetPlatform (91)
[2019.02.17-14.15.45:068][271]LogModuleManager: Shutting down and abandoning module AllDesktopTargetPlatform (89)
[2019.02.17-14.15.45:068][271]LogModuleManager: Shutting down and abandoning module InputCore (86)
[2019.02.17-14.15.45:068][271]LogModuleManager: Shutting down and abandoning module Settings (84)
[2019.02.17-14.15.45:068][271]LogModuleManager: Shutting down and abandoning module PhysXCooking (82)
[2019.02.17-14.15.45:068][271]LogModuleManager: Shutting down and abandoning module SteamVR (80)
[2019.02.17-14.15.45:068][271]LogHMD: Freeing OpenVRDLLHandle.
[2019.02.17-14.15.45:068][271]LogModuleManager: Shutting down and abandoning module OculusHMD (78)
[2019.02.17-14.15.45:068][271]LogModuleManager: Shutting down and abandoning module ExampleDeviceProfileSelector (76)
[2019.02.17-14.15.45:068][271]LogModuleManager: Shutting down and abandoning module LauncherChunkInstaller (74)
[2019.02.17-14.15.45:068][271]LogModuleManager: Shutting down and abandoning module OnlineBlueprintSupport (72)
[2019.02.17-14.15.45:068][271]LogModuleManager: Shutting down and abandoning module OnlineSubsystem (68)
[2019.02.17-14.15.45:068][271]LogModuleManager: Shutting down and abandoning module XMPP (63)
[2019.02.17-14.15.45:069][271]LogModuleManager: Shutting down and abandoning module WebSockets (62)
[2019.02.17-14.15.45:073][271]LogModuleManager: Shutting down and abandoning module HTTP (59)
[2019.02.17-14.15.45:073][271]LogHttp: Display: Http module shutting down, but needs to wait on 1 outstanding Http requests:
[2019.02.17-14.15.45:073][271]LogHttp: Display: 	verb=[POST] url=[https://datarouter.ol.epicgames.com/datarouter/api/v1/public/data?SessionID=%7BA60FA61B-4849-ED42-4374-6A8C37ED75E2%7D&AppID=UEEditor.Rocket.Release&AppVersion=4.21.1-4613538%2B%2B%2BUE4%2BRelease-4.21&UserID=5ea42c2148a581730a0ff4860badea60%7C720a633edfcd4c21ba8666f14eb48fbd%7Cef12b262-7ea2-4600-9c3c-eb1b9db97665&AppEnvironment=datacollector-binary&UploadType=eteventstream] status=Processing
[2019.02.17-14.15.45:101][271]LogModuleManager: Shutting down and abandoning module SSL (58)
[2019.02.17-14.15.45:102][271]LogModuleManager: Shutting down and abandoning module MagicLeapIdentity (54)
[2019.02.17-14.15.45:102][271]LogModuleManager: Shutting down and abandoning module MagicLeapHelperVulkan (52)
[2019.02.17-14.15.45:102][271]LogModuleManager: Shutting down and abandoning module MagicLeapHelperOpenGL (50)
[2019.02.17-14.15.45:102][271]LogModuleManager: Shutting down and abandoning module MagicLeapSecureStorage (48)
[2019.02.17-14.15.45:102][271]LogModuleManager: Shutting down and abandoning module MagicLeapHandTracking (46)
[2019.02.17-14.15.45:102][271]LogModuleManager: Shutting down and abandoning module MagicLeapEyeTracker (44)
[2019.02.17-14.15.45:102][271]LogModuleManager: Shutting down and abandoning module MagicLeapController (42)
[2019.02.17-14.15.45:102][271]LogSlate: Slate User Destroyed.  User Index 0, Is Virtual User: 0
[2019.02.17-14.15.45:102][271]LogModuleManager: Shutting down and abandoning module MagicLeap (40)
[2019.02.17-14.15.45:102][271]LogModuleManager: Shutting down and abandoning module DatasmithContent (38)
[2019.02.17-14.15.45:103][271]LogModuleManager: Shutting down and abandoning module AnimationModifiers (36)
[2019.02.17-14.15.45:103][271]LogModuleManager: Shutting down and abandoning module PropertyEditor (35)
[2019.02.17-14.15.45:103][271]LogModuleManager: Shutting down and abandoning module AudioEditor (32)
[2019.02.17-14.15.45:103][271]LogModuleManager: Shutting down and abandoning module TextureCompressor (30)
[2019.02.17-14.15.45:103][271]LogModuleManager: Shutting down and abandoning module ShaderCore (28)
[2019.02.17-14.15.45:103][271]LogModuleManager: Shutting down and abandoning module Landscape (26)
[2019.02.17-14.15.45:103][271]LogModuleManager: Shutting down and abandoning module SlateRHIRenderer (24)
[2019.02.17-14.15.45:104][271]LogModuleManager: Shutting down and abandoning module OpenGLDrv (22)
[2019.02.17-14.15.45:104][271]LogModuleManager: Shutting down and abandoning module D3D11RHI (20)
[2019.02.17-14.15.45:104][271]LogModuleManager: Shutting down and abandoning module AnimGraphRuntime (18)
[2019.02.17-14.15.45:104][271]LogModuleManager: Shutting down and abandoning module Renderer (16)
[2019.02.17-14.15.45:104][271]LogModuleManager: Shutting down and abandoning module Engine (14)
[2019.02.17-14.15.45:104][271]LogModuleManager: Shutting down and abandoning module CoreUObject (12)
[2019.02.17-14.15.45:104][271]LogModuleManager: Shutting down and abandoning module NetworkFile (10)
[2019.02.17-14.15.45:104][271]LogModuleManager: Shutting down and abandoning module CookedIterativeFile (8)
[2019.02.17-14.15.45:104][271]LogModuleManager: Shutting down and abandoning module StreamingFile (6)
[2019.02.17-14.15.45:104][271]LogModuleManager: Shutting down and abandoning module SandboxFile (4)
[2019.02.17-14.15.45:104][271]LogModuleManager: Shutting down and abandoning module PakFile (2)
[2019.02.17-14.15.45:109][271]LogExit: Exiting.
[2019.02.17-14.15.45:120][271]Log file closed, 02/17/19 23:15:45
