Log file open, 02/18/19 00:25:47
LogWindows: Failed to load 'aqProf.dll' (GetLastError=126)
LogWindows: File 'aqProf.dll' does not exist
LogWindows: Failed to load 'VtuneApi.dll' (GetLastError=126)
LogWindows: File 'VtuneApi.dll' does not exist
LogWindows: Failed to load 'VtuneApi32e.dll' (GetLastError=126)
LogWindows: File 'VtuneApi32e.dll' does not exist
LogConsoleResponse: Display: Failed to find resolution value strings in scalability ini. Falling back to default.
LogInit: Display: Running engine for game: TimeTravel
LogPakFile: Registered encryption key '00000000000000000000000000000000': 0 pak files mounted, 0 remain pending
LogPlatformFile: Not using cached read wrapper
LogTaskGraph: Started task graph with 5 named threads and 20 total threads with 3 sets of task threads.
LogStats: Stats thread started at 0.231574
LogD3D11RHI: Loaded GFSDK_Aftermath_Lib.x64.dll
LogICUInternationalization: ICU TimeZone Detection - Raw Offset: +9:00, Platform Override: ''
LogPluginManager: Mounting plugin Paper2D
LogPluginManager: Mounting plugin AISupport
LogPluginManager: Mounting plugin LightPropagationVolume
LogPluginManager: Mounting plugin ActorLayerUtilities
LogPluginManager: Mounting plugin CLionSourceCodeAccess
LogPluginManager: Mounting plugin CodeLiteSourceCodeAccess
LogPluginManager: Mounting plugin GitSourceControl
LogPluginManager: Mounting plugin KDevelopSourceCodeAccess
LogPluginManager: Mounting plugin NullSourceCodeAccess
LogPluginManager: Mounting plugin PerforceSourceControl
LogPluginManager: Mounting plugin SubversionSourceControl
LogPluginManager: Mounting plugin UObjectPlugin
LogPluginManager: Mounting plugin VisualStudioCodeSourceCodeAccess
LogPluginManager: Mounting plugin VisualStudioSourceCodeAccess
LogPluginManager: Mounting plugin XCodeSourceCodeAccess
LogPluginManager: Mounting plugin AssetManagerEditor
LogPluginManager: Mounting plugin CryptoKeys
LogPluginManager: Mounting plugin DataValidation
LogPluginManager: Mounting plugin FacialAnimation
LogPluginManager: Mounting plugin GameplayTagsEditor
LogPluginManager: Mounting plugin MacGraphicsSwitching
LogPluginManager: Mounting plugin MeshEditor
LogPluginManager: Mounting plugin MobileLauncherProfileWizard
LogPluginManager: Mounting plugin PluginBrowser
LogPluginManager: Mounting plugin SpeedTreeImporter
LogPluginManager: Mounting plugin DatasmithContent
LogPluginManager: Mounting plugin VariantManagerContent
LogPluginManager: Mounting plugin AlembicImporter
LogPluginManager: Mounting plugin AppleImageUtils
LogPluginManager: Mounting plugin AppleVision
LogPluginManager: Mounting plugin BackChannel
LogPluginManager: Mounting plugin CharacterAI
LogPluginManager: Mounting plugin GeometryCache
LogPluginManager: Mounting plugin HTML5Networking
LogPluginManager: Mounting plugin ProxyLODPlugin
LogPluginManager: Mounting plugin MagicLeap
LogPluginManager: Mounting plugin MagicLeapMedia
LogPluginManager: Mounting plugin AndroidMedia
LogPluginManager: Mounting plugin AvfMedia
LogPluginManager: Mounting plugin ImgMedia
LogPluginManager: Mounting plugin LinearTimecode
LogPluginManager: Mounting plugin MediaCompositing
LogPluginManager: Mounting plugin MediaPlayerEditor
LogPluginManager: Mounting plugin WebMMedia
LogPluginManager: Mounting plugin WmfMedia
LogPluginManager: Mounting plugin TcpMessaging
LogPluginManager: Mounting plugin UdpMessaging
LogPluginManager: Mounting plugin ActorSequence
LogPluginManager: Mounting plugin LevelSequenceEditor
LogPluginManager: Mounting plugin MatineeToLevelSequence
LogPluginManager: Mounting plugin NetcodeUnitTest
LogPluginManager: Mounting plugin NUTUnrealEngine4
LogPluginManager: Mounting plugin OnlineSubsystemGooglePlay
LogPluginManager: Mounting plugin OnlineSubsystemIOS
LogPluginManager: Mounting plugin OnlineSubsystem
LogPluginManager: Mounting plugin OnlineSubsystemNull
LogPluginManager: Mounting plugin OnlineSubsystemUtils
LogPluginManager: Mounting plugin LauncherChunkInstaller
LogPluginManager: Mounting plugin AndroidDeviceProfileSelector
LogPluginManager: Mounting plugin AndroidMoviePlayer
LogPluginManager: Mounting plugin AndroidPermission
LogPluginManager: Mounting plugin AppleMoviePlayer
LogPluginManager: Mounting plugin ArchVisCharacter
LogPluginManager: Mounting plugin AudioCapture
LogPluginManager: Mounting plugin CableComponent
LogPluginManager: Mounting plugin CustomMeshComponent
LogPluginManager: Mounting plugin EditableMesh
LogPluginManager: Mounting plugin ExampleDeviceProfileSelector
LogPluginManager: Mounting plugin Firebase
LogPluginManager: Mounting plugin GoogleCloudMessaging
LogPluginManager: Mounting plugin IOSDeviceProfileSelector
LogPluginManager: Mounting plugin LinuxDeviceProfileSelector
LogPluginManager: Mounting plugin LocationServicesBPLibrary
LogPluginManager: Mounting plugin MobilePatchingUtils
LogPluginManager: Mounting plugin OculusVR
LogPluginManager: Mounting plugin PhysXVehicles
LogPluginManager: Mounting plugin ProceduralMeshComponent
LogPluginManager: Mounting plugin RuntimePhysXCooking
LogPluginManager: Mounting plugin SteamVR
LogPluginManager: Mounting plugin WebMMoviePlayer
LogPluginManager: Mounting plugin WindowsMoviePlayer
LogPluginManager: Mounting plugin Climb
LogStreaming: Display: Took  0.080s to configure plugins.
LogInit: Using libcurl 7.55.1-DEV
LogInit:  - built for x86_64-pc-win32
LogInit:  - supports SSL with OpenSSL/1.0.2h
LogInit:  - supports HTTP deflate (compression) using libz 1.2.8
LogInit:  - other features:
LogInit:      CURL_VERSION_SSL
LogInit:      CURL_VERSION_LIBZ
LogInit:      CURL_VERSION_IPV6
LogInit:      CURL_VERSION_ASYNCHDNS
LogInit:      CURL_VERSION_LARGEFILE
LogInit:      CURL_VERSION_IDN
LogInit:  CurlRequestOptions (configurable via config and command line):
LogInit:  - bVerifyPeer = true  - Libcurl will verify peer certificate
LogInit:  - bUseHttpProxy = false  - Libcurl will NOT use HTTP proxy
LogInit:  - bDontReuseConnections = false  - Libcurl will reuse connections
LogInit:  - MaxHostConnections = 16  - Libcurl will limit the number of connections to a host
LogInit:  - LocalHostAddr = Default
LogInit:  - BufferSize = 65536
LogInit: WinSock: version 1.1 (2.2), MaxSocks=32767, MaxUdp=65467
LogInit: Build: ++UE4+Release-4.21-CL-4613538
LogInit: Engine Version: 4.21.1-4613538+++UE4+Release-4.21
LogInit: Compatible Engine Version: 4.21.0-4541578+++UE4+Release-4.21
LogInit: Net CL: 4541578
LogInit: OS: Windows 10 (), CPU: Intel(R) Core(TM) i5-8600K CPU @ 3.60GHz, GPU: NVIDIA GeForce GTX 1060 6GB
LogInit: Compiled (64-bit): Nov 30 2018 04:13:25
LogInit: Compiled with Visual C++: 19.13.26129.00
LogInit: Build Configuration: Development
LogInit: Branch Name: ++UE4+Release-4.21
LogInit: Command Line: 
LogInit: Base Directory: C:/Program Files/Epic Games/UE_4.21/Engine/Binaries/Win64/
LogInit: Installed Engine Build: 1
LogDevObjectVersion: Number of dev versions registered: 22
LogDevObjectVersion:   Dev-Blueprints (B0D832E4-1F89-4F0D-ACCF-7EB736FD4AA2): 10
LogDevObjectVersion:   Dev-Build (E1C64328-A22C-4D53-A36C-8E866417BD8C): 0
LogDevObjectVersion:   Dev-Core (375EC13C-06E4-48FB-B500-84F0262A717E): 2
LogDevObjectVersion:   Dev-Editor (E4B068ED-F494-42E9-A231-DA0B2E46BB41): 26
LogDevObjectVersion:   Dev-Framework (CFFC743F-43B0-4480-9391-14DF171D2073): 34
LogDevObjectVersion:   Dev-Mobile (B02B49B5-BB20-44E9-A304-32B752E40360): 2
LogDevObjectVersion:   Dev-Networking (A4E4105C-59A1-49B5-A7C5-40C4547EDFEE): 0
LogDevObjectVersion:   Dev-Online (39C831C9-5AE6-47DC-9A44-9C173E1C8E7C): 0
LogDevObjectVersion:   Dev-Physics (78F01B33-EBEA-4F98-B9B4-84EACCB95AA2): 0
LogDevObjectVersion:   Dev-Platform (6631380F-2D4D-43E0-8009-CF276956A95A): 0
LogDevObjectVersion:   Dev-Rendering (12F88B9F-8875-4AFC-A67C-D90C383ABD29): 27
LogDevObjectVersion:   Dev-Sequencer (7B5AE74C-D270-4C10-A958-57980B212A5A): 9
LogDevObjectVersion:   Dev-VR (D7296918-1DD6-4BDD-9DE2-64A83CC13884): 2
LogDevObjectVersion:   Dev-LoadTimes (C2A15278-BFE7-4AFE-6C17-90FF531DF755): 1
LogDevObjectVersion:   Private-Geometry (6EACA3D4-40EC-4CC1-B786-8BED09428FC5): 3
LogDevObjectVersion:   Dev-AnimPhys (29E575DD-E0A3-4627-9D10-D276232CDCEA): 17
LogDevObjectVersion:   Dev-Anim (AF43A65D-7FD3-4947-9873-3E8ED9C1BB05): 2
LogDevObjectVersion:   Dev-ReflectionCapture (6B266CEC-1EC7-4B8F-A30B-E4D90942FC07): 1
LogDevObjectVersion:   Dev-Automation (0DF73D61-A23F-47EA-B727-89E90C41499A): 1
LogDevObjectVersion:   FortniteMain (601D1886-AC64-4F84-AA16-D3DE0DEAC7D6): 17
LogDevObjectVersion:   Dev-Enterprise (9DFFBCD6-494F-0158-E221-12823C92A888): 4
LogDevObjectVersion:   Dev-Niagara (F2AED0AC-9AFE-416F-8664-AA7FFA26D6FC): 1
LogStreaming: Display: Took  0.001s to delete old logs.
LogInit: Presizing for max 8388607 objects, including 0 objects not considered by GC, pre-allocating 0 bytes for permanent pool.
LogInit: Object subsystem initialized
LogConfig: Setting CVar [[con.DebugEarlyDefault:1]]
LogConfig: Setting CVar [[r.setres:1280x720]]
[2019.02.17-15.25.48:068][  0]LogConfig: Setting CVar [[r.VSync:0]]
[2019.02.17-15.25.48:068][  0]LogConfig: Setting CVar [[r.RHICmdBypass:0]]
[2019.02.17-15.25.48:068][  0]LogConfig: Applying CVar settings from Section [/Script/Engine.RendererSettings] File [C:/Users/MinLion/Desktop/UnrealProjects/UnrealMMO/TimeTravel/Saved/Config/Windows/Engine.ini]
[2019.02.17-15.25.48:068][  0]LogConfig: Setting CVar [[r.GPUCrashDebugging:0]]
[2019.02.17-15.25.48:068][  0]LogConfig: Applying CVar settings from Section [/Script/Engine.RendererOverrideSettings] File [C:/Users/MinLion/Desktop/UnrealProjects/UnrealMMO/TimeTravel/Saved/Config/Windows/Engine.ini]
[2019.02.17-15.25.48:068][  0]LogConfig: Applying CVar settings from Section [/Script/Engine.StreamingSettings] File [C:/Users/MinLion/Desktop/UnrealProjects/UnrealMMO/TimeTravel/Saved/Config/Windows/Engine.ini]
[2019.02.17-15.25.48:068][  0]LogConfig: Setting CVar [[s.MinBulkDataSizeForAsyncLoading:131072]]
[2019.02.17-15.25.48:068][  0]LogConfig: Setting CVar [[s.AsyncLoadingThreadEnabled:0]]
[2019.02.17-15.25.48:068][  0]LogConfig: Setting CVar [[s.EventDrivenLoaderEnabled:1]]
[2019.02.17-15.25.48:068][  0]LogConfig: Setting CVar [[s.WarnIfTimeLimitExceeded:0]]
[2019.02.17-15.25.48:068][  0]LogConfig: Setting CVar [[s.TimeLimitExceededMultiplier:1.5]]
[2019.02.17-15.25.48:068][  0]LogConfig: Setting CVar [[s.TimeLimitExceededMinTime:0.005]]
[2019.02.17-15.25.48:068][  0]LogConfig: Setting CVar [[s.UseBackgroundLevelStreaming:1]]
[2019.02.17-15.25.48:068][  0]LogConfig: Setting CVar [[s.PriorityAsyncLoadingExtraTime:15.0]]
[2019.02.17-15.25.48:068][  0]LogConfig: Setting CVar [[s.LevelStreamingActorsUpdateTimeLimit:5.0]]
[2019.02.17-15.25.48:068][  0]LogConfig: Setting CVar [[s.PriorityLevelStreamingActorsUpdateExtraTime:5.0]]
[2019.02.17-15.25.48:068][  0]LogConfig: Setting CVar [[s.LevelStreamingComponentsRegistrationGranularity:10]]
[2019.02.17-15.25.48:068][  0]LogConfig: Setting CVar [[s.UnregisterComponentsTimeLimit:1.0]]
[2019.02.17-15.25.48:068][  0]LogConfig: Setting CVar [[s.LevelStreamingComponentsUnregistrationGranularity:5]]
[2019.02.17-15.25.48:068][  0]LogConfig: Applying CVar settings from Section [/Script/Engine.GarbageCollectionSettings] File [C:/Users/MinLion/Desktop/UnrealProjects/UnrealMMO/TimeTravel/Saved/Config/Windows/Engine.ini]
[2019.02.17-15.25.48:068][  0]LogConfig: Setting CVar [[gc.MaxObjectsNotConsideredByGC:1]]
[2019.02.17-15.25.48:068][  0]LogConfig: Setting CVar [[gc.SizeOfPermanentObjectPool:0]]
[2019.02.17-15.25.48:068][  0]LogConfig: Setting CVar [[gc.FlushStreamingOnGC:0]]
[2019.02.17-15.25.48:068][  0]LogConfig: Setting CVar [[gc.NumRetriesBeforeForcingGC:10]]
[2019.02.17-15.25.48:068][  0]LogConfig: Setting CVar [[gc.AllowParallelGC:1]]
[2019.02.17-15.25.48:068][  0]LogConfig: Setting CVar [[gc.TimeBetweenPurgingPendingKillObjects:61.1]]
[2019.02.17-15.25.48:068][  0]LogConfig: Setting CVar [[gc.MaxObjectsInEditor:8388607]]
[2019.02.17-15.25.48:068][  0]LogConfig: Setting CVar [[gc.IncrementalBeginDestroyEnabled:1]]
[2019.02.17-15.25.48:068][  0]LogConfig: Setting CVar [[gc.CreateGCClusters:1]]
[2019.02.17-15.25.48:068][  0]LogConfig: Setting CVar [[gc.MergeGCClusters:0]]
[2019.02.17-15.25.48:068][  0]LogConfig: Setting CVar [[gc.MinGCClusterSize:5]]
[2019.02.17-15.25.48:068][  0]LogConfig: Setting CVar [[gc.ActorClusteringEnabled:0]]
[2019.02.17-15.25.48:068][  0]LogConfig: Setting CVar [[gc.BlueprintClusteringEnabled:0]]
[2019.02.17-15.25.48:068][  0]LogConfig: Setting CVar [[gc.UseDisregardForGCOnDedicatedServers:0]]
[2019.02.17-15.25.48:068][  0]LogConfig: Applying CVar settings from Section [/Script/Engine.NetworkSettings] File [C:/Users/MinLion/Desktop/UnrealProjects/UnrealMMO/TimeTravel/Saved/Config/Windows/Engine.ini]
[2019.02.17-15.25.48:068][  0]LogConfig: Applying CVar settings from Section [/Script/UnrealEd.CookerSettings] File [C:/Users/MinLion/Desktop/UnrealProjects/UnrealMMO/TimeTravel/Saved/Config/Windows/Engine.ini]
[2019.02.17-15.25.48:077][  0]LogConfig: Applying CVar settings from Section [ViewDistanceQuality@3] File [C:/Users/MinLion/Desktop/UnrealProjects/UnrealMMO/TimeTravel/Saved/Config/Windows/Scalability.ini]
[2019.02.17-15.25.48:078][  0]LogConfig: Setting CVar [[r.SkeletalMeshLODBias:0]]
[2019.02.17-15.25.48:078][  0]LogConfig: Setting CVar [[r.ViewDistanceScale:1.0]]
[2019.02.17-15.25.48:078][  0]LogConfig: Applying CVar settings from Section [AntiAliasingQuality@3] File [C:/Users/MinLion/Desktop/UnrealProjects/UnrealMMO/TimeTravel/Saved/Config/Windows/Scalability.ini]
[2019.02.17-15.25.48:078][  0]LogConfig: Setting CVar [[r.PostProcessAAQuality:4]]
[2019.02.17-15.25.48:078][  0]LogConfig: Applying CVar settings from Section [ShadowQuality@3] File [C:/Users/MinLion/Desktop/UnrealProjects/UnrealMMO/TimeTravel/Saved/Config/Windows/Scalability.ini]
[2019.02.17-15.25.48:078][  0]LogConfig: Setting CVar [[r.LightFunctionQuality:1]]
[2019.02.17-15.25.48:078][  0]LogConfig: Setting CVar [[r.ShadowQuality:5]]
[2019.02.17-15.25.48:078][  0]LogConfig: Setting CVar [[r.Shadow.CSM.MaxCascades:10]]
[2019.02.17-15.25.48:078][  0]LogConfig: Setting CVar [[r.Shadow.MaxResolution:2048]]
[2019.02.17-15.25.48:078][  0]LogConfig: Setting CVar [[r.Shadow.MaxCSMResolution:2048]]
[2019.02.17-15.25.48:078][  0]LogConfig: Setting CVar [[r.Shadow.RadiusThreshold:0.01]]
[2019.02.17-15.25.48:078][  0]LogConfig: Setting CVar [[r.Shadow.DistanceScale:1.0]]
[2019.02.17-15.25.48:078][  0]LogConfig: Setting CVar [[r.Shadow.CSM.TransitionScale:1.0]]
[2019.02.17-15.25.48:078][  0]LogConfig: Setting CVar [[r.Shadow.PreShadowResolutionFactor:1.0]]
[2019.02.17-15.25.48:078][  0]LogConfig: Setting CVar [[r.DistanceFieldShadowing:1]]
[2019.02.17-15.25.48:078][  0]LogConfig: Setting CVar [[r.DistanceFieldAO:1]]
[2019.02.17-15.25.48:078][  0]LogConfig: Setting CVar [[r.AOQuality:2]]
[2019.02.17-15.25.48:078][  0]LogConfig: Setting CVar [[r.VolumetricFog:1]]
[2019.02.17-15.25.48:078][  0]LogConfig: Setting CVar [[r.VolumetricFog.GridPixelSize:8]]
[2019.02.17-15.25.48:078][  0]LogConfig: Setting CVar [[r.VolumetricFog.GridSizeZ:128]]
[2019.02.17-15.25.48:078][  0]LogConfig: Setting CVar [[r.VolumetricFog.HistoryMissSupersampleCount:4]]
[2019.02.17-15.25.48:078][  0]LogConfig: Setting CVar [[r.LightMaxDrawDistanceScale:1]]
[2019.02.17-15.25.48:078][  0]LogConfig: Setting CVar [[r.CapsuleShadows:1]]
[2019.02.17-15.25.48:078][  0]LogConfig: Applying CVar settings from Section [PostProcessQuality@3] File [C:/Users/MinLion/Desktop/UnrealProjects/UnrealMMO/TimeTravel/Saved/Config/Windows/Scalability.ini]
[2019.02.17-15.25.48:078][  0]LogConfig: Setting CVar [[r.MotionBlurQuality:4]]
[2019.02.17-15.25.48:078][  0]LogConfig: Setting CVar [[r.AmbientOcclusionMipLevelFactor:0.4]]
[2019.02.17-15.25.48:078][  0]LogConfig: Setting CVar [[r.AmbientOcclusionMaxQuality:100]]
[2019.02.17-15.25.48:078][  0]LogConfig: Setting CVar [[r.AmbientOcclusionLevels:-1]]
[2019.02.17-15.25.48:078][  0]LogConfig: Setting CVar [[r.AmbientOcclusionRadiusScale:1.0]]
[2019.02.17-15.25.48:078][  0]LogConfig: Setting CVar [[r.DepthOfFieldQuality:2]]
[2019.02.17-15.25.48:078][  0]LogConfig: Setting CVar [[r.RenderTargetPoolMin:400]]
[2019.02.17-15.25.48:078][  0]LogConfig: Setting CVar [[r.LensFlareQuality:2]]
[2019.02.17-15.25.48:078][  0]LogConfig: Setting CVar [[r.SceneColorFringeQuality:1]]
[2019.02.17-15.25.48:078][  0]LogConfig: Setting CVar [[r.EyeAdaptationQuality:2]]
[2019.02.17-15.25.48:078][  0]LogConfig: Setting CVar [[r.BloomQuality:5]]
[2019.02.17-15.25.48:078][  0]LogConfig: Setting CVar [[r.FastBlurThreshold:100]]
[2019.02.17-15.25.48:078][  0]LogConfig: Setting CVar [[r.Upscale.Quality:3]]
[2019.02.17-15.25.48:078][  0]LogConfig: Setting CVar [[r.Tonemapper.GrainQuantization:1]]
[2019.02.17-15.25.48:078][  0]LogConfig: Setting CVar [[r.LightShaftQuality:1]]
[2019.02.17-15.25.48:078][  0]LogConfig: Setting CVar [[r.Filter.SizeScale:1]]
[2019.02.17-15.25.48:078][  0]LogConfig: Setting CVar [[r.Tonemapper.Quality:5]]
[2019.02.17-15.25.48:078][  0]LogConfig: Setting CVar [[r.DOF.Gather.AccumulatorQuality:1        ; higher gathering accumulator quality]]
[2019.02.17-15.25.48:078][  0]LogConfig: Setting CVar [[r.DOF.Gather.PostfilterMethod:1          ; Median3x3 postfilering method]]
[2019.02.17-15.25.48:078][  0]LogConfig: Setting CVar [[r.DOF.Gather.EnableBokehSettings:0       ; no bokeh simulation when gathering]]
[2019.02.17-15.25.48:078][  0]LogConfig: Setting CVar [[r.DOF.Gather.RingCount:4                 ; medium number of samples when gathering]]
[2019.02.17-15.25.48:078][  0]LogConfig: Setting CVar [[r.DOF.Scatter.ForegroundCompositing:1    ; additive foreground scattering]]
[2019.02.17-15.25.48:078][  0]LogConfig: Setting CVar [[r.DOF.Scatter.BackgroundCompositing:2    ; additive background scattering]]
[2019.02.17-15.25.48:078][  0]LogConfig: Setting CVar [[r.DOF.Scatter.EnableBokehSettings:1      ; bokeh simulation when scattering]]
[2019.02.17-15.25.48:078][  0]LogConfig: Setting CVar [[r.DOF.Scatter.MaxSpriteRatio:0.1         ; only a maximum of 10% of scattered bokeh]]
[2019.02.17-15.25.48:078][  0]LogConfig: Setting CVar [[r.DOF.Recombine.Quality:1                ; cheap slight out of focus]]
[2019.02.17-15.25.48:078][  0]LogConfig: Setting CVar [[r.DOF.Recombine.EnableBokehSettings:0    ; no bokeh simulation on slight out of focus]]
[2019.02.17-15.25.48:078][  0]LogConfig: Setting CVar [[r.DOF.TemporalAAQuality:1                ; more stable temporal accumulation]]
[2019.02.17-15.25.48:078][  0]LogConfig: Setting CVar [[r.DOF.Kernel.MaxForegroundRadius:0.025]]
[2019.02.17-15.25.48:078][  0]LogConfig: Setting CVar [[r.DOF.Kernel.MaxBackgroundRadius:0.025]]
[2019.02.17-15.25.48:078][  0]LogConfig: Applying CVar settings from Section [TextureQuality@3] File [C:/Users/MinLion/Desktop/UnrealProjects/UnrealMMO/TimeTravel/Saved/Config/Windows/Scalability.ini]
[2019.02.17-15.25.48:078][  0]LogConfig: Setting CVar [[r.Streaming.MipBias:0]]
[2019.02.17-15.25.48:078][  0]LogConfig: Setting CVar [[r.Streaming.AmortizeCPUToGPUCopy:0]]
[2019.02.17-15.25.48:078][  0]LogConfig: Setting CVar [[r.Streaming.MaxNumTexturesToStreamPerFrame:0]]
[2019.02.17-15.25.48:078][  0]LogConfig: Setting CVar [[r.Streaming.Boost:1]]
[2019.02.17-15.25.48:078][  0]LogConfig: Setting CVar [[r.MaxAnisotropy:8]]
[2019.02.17-15.25.48:078][  0]LogConfig: Setting CVar [[r.Streaming.LimitPoolSizeToVRAM:0]]
[2019.02.17-15.25.48:078][  0]LogConfig: Setting CVar [[r.Streaming.PoolSize:1000]]
[2019.02.17-15.25.48:078][  0]LogConfig: Setting CVar [[r.Streaming.MaxEffectiveScreenSize:0]]
[2019.02.17-15.25.48:078][  0]LogConfig: Applying CVar settings from Section [EffectsQuality@3] File [C:/Users/MinLion/Desktop/UnrealProjects/UnrealMMO/TimeTravel/Saved/Config/Windows/Scalability.ini]
[2019.02.17-15.25.48:078][  0]LogConfig: Setting CVar [[r.TranslucencyLightingVolumeDim:64]]
[2019.02.17-15.25.48:078][  0]LogConfig: Setting CVar [[r.RefractionQuality:2]]
[2019.02.17-15.25.48:078][  0]LogConfig: Setting CVar [[r.SSR.Quality:3]]
[2019.02.17-15.25.48:078][  0]LogConfig: Setting CVar [[r.SceneColorFormat:4]]
[2019.02.17-15.25.48:078][  0]LogConfig: Setting CVar [[r.DetailMode:2]]
[2019.02.17-15.25.48:078][  0]LogConfig: Setting CVar [[r.TranslucencyVolumeBlur:1]]
[2019.02.17-15.25.48:078][  0]LogConfig: Setting CVar [[r.MaterialQualityLevel:1 ; High quality]]
[2019.02.17-15.25.48:078][  0]LogConfig: Setting CVar [[r.SSS.Scale:1]]
[2019.02.17-15.25.48:078][  0]LogConfig: Setting CVar [[r.SSS.SampleSet:2]]
[2019.02.17-15.25.48:078][  0]LogConfig: Setting CVar [[r.SSS.Quality:1]]
[2019.02.17-15.25.48:078][  0]LogConfig: Setting CVar [[r.SSS.HalfRes:1]]
[2019.02.17-15.25.48:078][  0]LogConfig: Setting CVar [[r.EmitterSpawnRateScale:1.0]]
[2019.02.17-15.25.48:078][  0]LogConfig: Setting CVar [[r.ParticleLightQuality:2]]
[2019.02.17-15.25.48:078][  0]LogConfig: Applying CVar settings from Section [FoliageQuality@3] File [C:/Users/MinLion/Desktop/UnrealProjects/UnrealMMO/TimeTravel/Saved/Config/Windows/Scalability.ini]
[2019.02.17-15.25.48:078][  0]LogConfig: Setting CVar [[foliage.DensityScale:1.0]]
[2019.02.17-15.25.48:078][  0]LogConfig: Setting CVar [[grass.DensityScale:1.0]]
[2019.02.17-15.25.48:078][  0]LogInit: Selected Device Profile: [Windows]
[2019.02.17-15.25.48:078][  0]LogInit: Applying CVar settings loaded from the selected device profile: [Windows]
[2019.02.17-15.25.48:085][  0]LogHAL: Display: Platform has ~ 16 GB [17116471296 / 17179869184 / 16], which maps to Larger [LargestMinGB=32, LargerMinGB=12, DefaultMinGB=8, SmallerMinGB=6, SmallestMinGB=0)
[2019.02.17-15.25.48:085][  0]LogConfig: Setting CVar [[r.Vulkan.UseRealUBs:1]]
[2019.02.17-15.25.48:085][  0]LogInit: Going up to parent DeviceProfile []
[2019.02.17-15.25.48:085][  0]LogConfig: Applying CVar settings from Section [ViewDistanceQuality@3] File [C:/Users/MinLion/Desktop/UnrealProjects/UnrealMMO/TimeTravel/Saved/Config/Windows/Scalability.ini]
[2019.02.17-15.25.48:085][  0]LogConfig: Setting CVar [[r.SkeletalMeshLODBias:0]]
[2019.02.17-15.25.48:085][  0]LogConfig: Setting CVar [[r.ViewDistanceScale:1.0]]
[2019.02.17-15.25.48:085][  0]LogConfig: Applying CVar settings from Section [AntiAliasingQuality@3] File [C:/Users/MinLion/Desktop/UnrealProjects/UnrealMMO/TimeTravel/Saved/Config/Windows/Scalability.ini]
[2019.02.17-15.25.48:085][  0]LogConfig: Setting CVar [[r.PostProcessAAQuality:4]]
[2019.02.17-15.25.48:085][  0]LogConfig: Applying CVar settings from Section [ShadowQuality@3] File [C:/Users/MinLion/Desktop/UnrealProjects/UnrealMMO/TimeTravel/Saved/Config/Windows/Scalability.ini]
[2019.02.17-15.25.48:085][  0]LogConfig: Setting CVar [[r.LightFunctionQuality:1]]
[2019.02.17-15.25.48:085][  0]LogConfig: Setting CVar [[r.ShadowQuality:5]]
[2019.02.17-15.25.48:085][  0]LogConfig: Setting CVar [[r.Shadow.CSM.MaxCascades:10]]
[2019.02.17-15.25.48:085][  0]LogConfig: Setting CVar [[r.Shadow.MaxResolution:2048]]
[2019.02.17-15.25.48:085][  0]LogConfig: Setting CVar [[r.Shadow.MaxCSMResolution:2048]]
[2019.02.17-15.25.48:085][  0]LogConfig: Setting CVar [[r.Shadow.RadiusThreshold:0.01]]
[2019.02.17-15.25.48:085][  0]LogConfig: Setting CVar [[r.Shadow.DistanceScale:1.0]]
[2019.02.17-15.25.48:085][  0]LogConfig: Setting CVar [[r.Shadow.CSM.TransitionScale:1.0]]
[2019.02.17-15.25.48:085][  0]LogConfig: Setting CVar [[r.Shadow.PreShadowResolutionFactor:1.0]]
[2019.02.17-15.25.48:085][  0]LogConfig: Setting CVar [[r.DistanceFieldShadowing:1]]
[2019.02.17-15.25.48:085][  0]LogConfig: Setting CVar [[r.DistanceFieldAO:1]]
[2019.02.17-15.25.48:085][  0]LogConfig: Setting CVar [[r.AOQuality:2]]
[2019.02.17-15.25.48:085][  0]LogConfig: Setting CVar [[r.VolumetricFog:1]]
[2019.02.17-15.25.48:085][  0]LogConfig: Setting CVar [[r.VolumetricFog.GridPixelSize:8]]
[2019.02.17-15.25.48:085][  0]LogConfig: Setting CVar [[r.VolumetricFog.GridSizeZ:128]]
[2019.02.17-15.25.48:085][  0]LogConfig: Setting CVar [[r.VolumetricFog.HistoryMissSupersampleCount:4]]
[2019.02.17-15.25.48:085][  0]LogConfig: Setting CVar [[r.LightMaxDrawDistanceScale:1]]
[2019.02.17-15.25.48:085][  0]LogConfig: Setting CVar [[r.CapsuleShadows:1]]
[2019.02.17-15.25.48:085][  0]LogConfig: Applying CVar settings from Section [PostProcessQuality@3] File [C:/Users/MinLion/Desktop/UnrealProjects/UnrealMMO/TimeTravel/Saved/Config/Windows/Scalability.ini]
[2019.02.17-15.25.48:085][  0]LogConfig: Setting CVar [[r.MotionBlurQuality:4]]
[2019.02.17-15.25.48:085][  0]LogConfig: Setting CVar [[r.AmbientOcclusionMipLevelFactor:0.4]]
[2019.02.17-15.25.48:085][  0]LogConfig: Setting CVar [[r.AmbientOcclusionMaxQuality:100]]
[2019.02.17-15.25.48:085][  0]LogConfig: Setting CVar [[r.AmbientOcclusionLevels:-1]]
[2019.02.17-15.25.48:085][  0]LogConfig: Setting CVar [[r.AmbientOcclusionRadiusScale:1.0]]
[2019.02.17-15.25.48:085][  0]LogConfig: Setting CVar [[r.DepthOfFieldQuality:2]]
[2019.02.17-15.25.48:085][  0]LogConfig: Setting CVar [[r.RenderTargetPoolMin:400]]
[2019.02.17-15.25.48:085][  0]LogConfig: Setting CVar [[r.LensFlareQuality:2]]
[2019.02.17-15.25.48:085][  0]LogConfig: Setting CVar [[r.SceneColorFringeQuality:1]]
[2019.02.17-15.25.48:085][  0]LogConfig: Setting CVar [[r.EyeAdaptationQuality:2]]
[2019.02.17-15.25.48:085][  0]LogConfig: Setting CVar [[r.BloomQuality:5]]
[2019.02.17-15.25.48:085][  0]LogConfig: Setting CVar [[r.FastBlurThreshold:100]]
[2019.02.17-15.25.48:085][  0]LogConfig: Setting CVar [[r.Upscale.Quality:3]]
[2019.02.17-15.25.48:085][  0]LogConfig: Setting CVar [[r.Tonemapper.GrainQuantization:1]]
[2019.02.17-15.25.48:085][  0]LogConfig: Setting CVar [[r.LightShaftQuality:1]]
[2019.02.17-15.25.48:085][  0]LogConfig: Setting CVar [[r.Filter.SizeScale:1]]
[2019.02.17-15.25.48:085][  0]LogConfig: Setting CVar [[r.Tonemapper.Quality:5]]
[2019.02.17-15.25.48:085][  0]LogConfig: Setting CVar [[r.DOF.Gather.AccumulatorQuality:1        ; higher gathering accumulator quality]]
[2019.02.17-15.25.48:085][  0]LogConfig: Setting CVar [[r.DOF.Gather.PostfilterMethod:1          ; Median3x3 postfilering method]]
[2019.02.17-15.25.48:085][  0]LogConfig: Setting CVar [[r.DOF.Gather.EnableBokehSettings:0       ; no bokeh simulation when gathering]]
[2019.02.17-15.25.48:085][  0]LogConfig: Setting CVar [[r.DOF.Gather.RingCount:4                 ; medium number of samples when gathering]]
[2019.02.17-15.25.48:085][  0]LogConfig: Setting CVar [[r.DOF.Scatter.ForegroundCompositing:1    ; additive foreground scattering]]
[2019.02.17-15.25.48:085][  0]LogConfig: Setting CVar [[r.DOF.Scatter.BackgroundCompositing:2    ; additive background scattering]]
[2019.02.17-15.25.48:085][  0]LogConfig: Setting CVar [[r.DOF.Scatter.EnableBokehSettings:1      ; bokeh simulation when scattering]]
[2019.02.17-15.25.48:086][  0]LogConfig: Setting CVar [[r.DOF.Scatter.MaxSpriteRatio:0.1         ; only a maximum of 10% of scattered bokeh]]
[2019.02.17-15.25.48:086][  0]LogConfig: Setting CVar [[r.DOF.Recombine.Quality:1                ; cheap slight out of focus]]
[2019.02.17-15.25.48:086][  0]LogConfig: Setting CVar [[r.DOF.Recombine.EnableBokehSettings:0    ; no bokeh simulation on slight out of focus]]
[2019.02.17-15.25.48:086][  0]LogConfig: Setting CVar [[r.DOF.TemporalAAQuality:1                ; more stable temporal accumulation]]
[2019.02.17-15.25.48:086][  0]LogConfig: Setting CVar [[r.DOF.Kernel.MaxForegroundRadius:0.025]]
[2019.02.17-15.25.48:086][  0]LogConfig: Setting CVar [[r.DOF.Kernel.MaxBackgroundRadius:0.025]]
[2019.02.17-15.25.48:086][  0]LogConfig: Applying CVar settings from Section [TextureQuality@3] File [C:/Users/MinLion/Desktop/UnrealProjects/UnrealMMO/TimeTravel/Saved/Config/Windows/Scalability.ini]
[2019.02.17-15.25.48:086][  0]LogConfig: Setting CVar [[r.Streaming.MipBias:0]]
[2019.02.17-15.25.48:086][  0]LogConfig: Setting CVar [[r.Streaming.AmortizeCPUToGPUCopy:0]]
[2019.02.17-15.25.48:086][  0]LogConfig: Setting CVar [[r.Streaming.MaxNumTexturesToStreamPerFrame:0]]
[2019.02.17-15.25.48:086][  0]LogConfig: Setting CVar [[r.Streaming.Boost:1]]
[2019.02.17-15.25.48:086][  0]LogConfig: Setting CVar [[r.MaxAnisotropy:8]]
[2019.02.17-15.25.48:086][  0]LogConfig: Setting CVar [[r.Streaming.LimitPoolSizeToVRAM:0]]
[2019.02.17-15.25.48:086][  0]LogConfig: Setting CVar [[r.Streaming.PoolSize:1000]]
[2019.02.17-15.25.48:086][  0]LogConfig: Setting CVar [[r.Streaming.MaxEffectiveScreenSize:0]]
[2019.02.17-15.25.48:086][  0]LogConfig: Applying CVar settings from Section [EffectsQuality@3] File [C:/Users/MinLion/Desktop/UnrealProjects/UnrealMMO/TimeTravel/Saved/Config/Windows/Scalability.ini]
[2019.02.17-15.25.48:086][  0]LogConfig: Setting CVar [[r.TranslucencyLightingVolumeDim:64]]
[2019.02.17-15.25.48:086][  0]LogConfig: Setting CVar [[r.RefractionQuality:2]]
[2019.02.17-15.25.48:086][  0]LogConfig: Setting CVar [[r.SSR.Quality:3]]
[2019.02.17-15.25.48:086][  0]LogConfig: Setting CVar [[r.SceneColorFormat:4]]
[2019.02.17-15.25.48:086][  0]LogConfig: Setting CVar [[r.DetailMode:2]]
[2019.02.17-15.25.48:086][  0]LogConfig: Setting CVar [[r.TranslucencyVolumeBlur:1]]
[2019.02.17-15.25.48:086][  0]LogConfig: Setting CVar [[r.MaterialQualityLevel:1 ; High quality]]
[2019.02.17-15.25.48:086][  0]LogConfig: Setting CVar [[r.SSS.Scale:1]]
[2019.02.17-15.25.48:086][  0]LogConfig: Setting CVar [[r.SSS.SampleSet:2]]
[2019.02.17-15.25.48:086][  0]LogConfig: Setting CVar [[r.SSS.Quality:1]]
[2019.02.17-15.25.48:086][  0]LogConfig: Setting CVar [[r.SSS.HalfRes:1]]
[2019.02.17-15.25.48:086][  0]LogConfig: Setting CVar [[r.EmitterSpawnRateScale:1.0]]
[2019.02.17-15.25.48:086][  0]LogConfig: Setting CVar [[r.ParticleLightQuality:2]]
[2019.02.17-15.25.48:086][  0]LogConfig: Applying CVar settings from Section [FoliageQuality@3] File [C:/Users/MinLion/Desktop/UnrealProjects/UnrealMMO/TimeTravel/Saved/Config/Windows/Scalability.ini]
[2019.02.17-15.25.48:086][  0]LogConfig: Setting CVar [[foliage.DensityScale:1.0]]
[2019.02.17-15.25.48:086][  0]LogConfig: Setting CVar [[grass.DensityScale:1.0]]
[2019.02.17-15.25.48:086][  0]LogConfig: Applying CVar settings from Section [Startup] File [../../../Engine/Config/ConsoleVariables.ini]
[2019.02.17-15.25.48:086][  0]LogConfig: Setting CVar [[net.UseAdaptiveNetUpdateFrequency:0]]
[2019.02.17-15.25.48:086][  0]LogConfig: Applying CVar settings from Section [ConsoleVariables] File [C:/Users/MinLion/Desktop/UnrealProjects/UnrealMMO/TimeTravel/Saved/Config/Windows/Engine.ini]
[2019.02.17-15.25.48:086][  0]LogInit: Computer: DESKTOP-RAID143
[2019.02.17-15.25.48:086][  0]LogInit: User: MinLion
[2019.02.17-15.25.48:086][  0]LogInit: CPU Page size=4096, Cores=6
[2019.02.17-15.25.48:086][  0]LogInit: High frequency timer resolution =3.515623 MHz
[2019.02.17-15.25.48:086][  0]LogMemory: Memory total: Physical=15.9GB (16GB approx)
[2019.02.17-15.25.48:086][  0]LogMemory: Platform Memory Stats for Windows
[2019.02.17-15.25.48:086][  0]LogMemory: Process Physical Memory: 103.09 MB used, 103.09 MB peak
[2019.02.17-15.25.48:086][  0]LogMemory: Process Virtual Memory: 85.18 MB used, 85.18 MB peak
[2019.02.17-15.25.48:086][  0]LogMemory: Physical Memory: 6452.88 MB used,  9870.66 MB free, 16323.54 MB total
[2019.02.17-15.25.48:086][  0]LogMemory: Virtual Memory: 4642.55 MB used,  134213088.00 MB free, 134217728.00 MB total
[2019.02.17-15.25.48:113][  0]LogInit: Using OS detected language (ko-KR).
[2019.02.17-15.25.48:113][  0]LogInit: Using OS detected locale (ko-KR).
[2019.02.17-15.25.48:113][  0]LogTextLocalizationManager: No specific localization for 'ko-KR' exists, so the 'ko' localization will be used.
[2019.02.17-15.25.48:408][  0]LogStreaming: Display: Took  0.296s to InitEngineTextLocalization.
[2019.02.17-15.25.48:408][  0]LogInit: Setting process to per monitor DPI aware
[2019.02.17-15.25.48:445][  0]LogSlate: New Slate User Created.  User Index 0, Is Virtual User: 0
[2019.02.17-15.25.48:445][  0]LogSlate: Slate User Registered.  User Index 0, Is Virtual User: 0
[2019.02.17-15.25.48:820][  0]LogHMD: Failed to initialize OpenVR with code 110
[2019.02.17-15.25.48:820][  0]LogD3D11RHI: D3D11 adapters:
[2019.02.17-15.25.48:876][  0]LogD3D11RHI:    0. 'NVIDIA GeForce GTX 1060 6GB' (Feature Level 11_0)
[2019.02.17-15.25.48:876][  0]LogD3D11RHI:       6052/0/8161 MB DedicatedVideo/DedicatedSystem/SharedSystem, Outputs:2, VendorId:0x10de
[2019.02.17-15.25.48:878][  0]LogD3D11RHI:    1. 'Microsoft Basic Render Driver' (Feature Level 11_0)
[2019.02.17-15.25.48:878][  0]LogD3D11RHI:       0/0/8161 MB DedicatedVideo/DedicatedSystem/SharedSystem, Outputs:0, VendorId:0x1414
[2019.02.17-15.25.48:878][  0]LogD3D11RHI: Chosen D3D11 Adapter: 0
[2019.02.17-15.25.48:883][  0]LogD3D11RHI: Creating new Direct3DDevice
[2019.02.17-15.25.48:883][  0]LogD3D11RHI:     GPU DeviceId: 0x1c03 (for the marketing name, search the web for "GPU Device Id")
[2019.02.17-15.25.48:883][  0]LogWindows: EnumDisplayDevices:
[2019.02.17-15.25.48:883][  0]LogWindows:    0. 'NVIDIA GeForce GTX 1060 6GB' (P:1 D:1)
[2019.02.17-15.25.48:883][  0]LogWindows:    1. 'NVIDIA GeForce GTX 1060 6GB' (P:0 D:1)
[2019.02.17-15.25.48:884][  0]LogWindows:    2. 'NVIDIA GeForce GTX 1060 6GB' (P:0 D:0)
[2019.02.17-15.25.48:884][  0]LogWindows:    3. 'NVIDIA GeForce GTX 1060 6GB' (P:0 D:0)
[2019.02.17-15.25.48:884][  0]LogWindows: DebugString: FoundDriverCount:4 
[2019.02.17-15.25.48:884][  0]LogD3D11RHI:     Adapter Name: NVIDIA GeForce GTX 1060 6GB
[2019.02.17-15.25.48:884][  0]LogD3D11RHI:   Driver Version: 417.35 (internal:25.21.14.1735, unified:417.35)
[2019.02.17-15.25.48:884][  0]LogD3D11RHI:      Driver Date: 12-11-2018
[2019.02.17-15.25.48:884][  0]LogRHI: Texture pool is 4236 MB (70% of 6052 MB)
[2019.02.17-15.25.48:916][  0]LogD3D11RHI: Async texture creation enabled
[2019.02.17-15.25.48:933][  0]LogD3D11RHI: GPU Timing Frequency: 1000.000000 (Debug: 2 2)
[2019.02.17-15.25.49:258][  0]LogTemp: Display: Loaded TP AllDesktopTargetPlatform
[2019.02.17-15.25.49:268][  0]LogTemp: Display: Loaded TP MacClientTargetPlatform
[2019.02.17-15.25.49:278][  0]LogTemp: Display: Loaded TP MacNoEditorTargetPlatform
[2019.02.17-15.25.49:288][  0]LogTemp: Display: Loaded TP MacServerTargetPlatform
[2019.02.17-15.25.49:299][  0]LogTemp: Display: Loaded TP MacTargetPlatform
[2019.02.17-15.25.49:309][  0]LogTemp: Display: Loaded TP WindowsClientTargetPlatform
[2019.02.17-15.25.49:319][  0]LogTemp: Display: Loaded TP WindowsNoEditorTargetPlatform
[2019.02.17-15.25.49:330][  0]LogTemp: Display: Loaded TP WindowsServerTargetPlatform
[2019.02.17-15.25.49:335][  0]LogTemp: Display: Loaded TP WindowsTargetPlatform
[2019.02.17-15.25.49:394][  0]LogTemp: Display: Loaded TP AndroidTargetPlatform
[2019.02.17-15.25.49:394][  0]LogTemp: Display: Loaded TP AndroidTargetPlatform
[2019.02.17-15.25.49:394][  0]LogTemp: Display: Loaded TP AndroidTargetPlatform
[2019.02.17-15.25.49:394][  0]LogTemp: Display: Loaded TP AndroidTargetPlatform
[2019.02.17-15.25.49:394][  0]LogTemp: Display: Loaded TP AndroidTargetPlatform
[2019.02.17-15.25.49:394][  0]LogTemp: Display: Loaded TP AndroidTargetPlatform
[2019.02.17-15.25.49:394][  0]LogTemp: Display: Loaded TP AndroidTargetPlatform
[2019.02.17-15.25.49:394][  0]LogTemp: Display: Loaded TP AndroidTargetPlatform
[2019.02.17-15.25.49:394][  0]LogTemp: Display: Loaded TP AndroidTargetPlatform
[2019.02.17-15.25.49:394][  0]LogTemp: Display: Loaded TP AndroidTargetPlatform
[2019.02.17-15.25.49:394][  0]LogTemp: Display: Loaded TP AndroidTargetPlatform
[2019.02.17-15.25.49:394][  0]LogTemp: Display: Loaded TP AndroidTargetPlatform
[2019.02.17-15.25.49:394][  0]LogTemp: Display: Loaded TP AndroidTargetPlatform
[2019.02.17-15.25.49:394][  0]LogTemp: Display: Loaded TP AndroidTargetPlatform
[2019.02.17-15.25.49:394][  0]LogTemp: Display: Loaded TP AndroidTargetPlatform
[2019.02.17-15.25.49:394][  0]LogTemp: Display: Loaded TP AndroidTargetPlatform
[2019.02.17-15.25.49:394][  0]LogTemp: Display: Loaded TP AndroidTargetPlatform
[2019.02.17-15.25.49:394][  0]LogTemp: Display: Loaded TP AndroidTargetPlatform
[2019.02.17-15.25.49:396][  0]LogTemp: Display: Loaded TP HTML5TargetPlatform
[2019.02.17-15.25.49:450][  0]LogTemp: Display: Loaded TP IOSTargetPlatform
[2019.02.17-15.25.49:450][  0]LogTemp: Display: Loaded TP IOSTargetPlatform
[2019.02.17-15.25.49:469][  0]LogTemp: Display: Loaded TP TVOSTargetPlatform
[2019.02.17-15.25.49:469][  0]LogTemp: Display: Loaded TP TVOSTargetPlatform
[2019.02.17-15.25.49:479][  0]LogTemp: Display: Loaded TP LinuxClientTargetPlatform
[2019.02.17-15.25.49:489][  0]LogTemp: Display: Loaded TP LinuxNoEditorTargetPlatform
[2019.02.17-15.25.49:499][  0]LogTemp: Display: Loaded TP LinuxServerTargetPlatform
[2019.02.17-15.25.49:511][  0]LogTemp: Display: Loaded TP LinuxTargetPlatform
[2019.02.17-15.25.49:547][  0]LogTemp: Display: Loaded TP LuminTargetPlatform
[2019.02.17-15.25.49:547][  0]LogTemp: Display: Loaded TP LuminTargetPlatform
[2019.02.17-15.25.49:547][  0]LogTargetPlatformManager: Display: Building Assets For Windows
[2019.02.17-15.25.49:593][  0]LogShaderCompilers: Guid format shader working directory is -27 characters bigger than the processId version (../../../../../../Users/MinLion/Desktop/UnrealProjects/UnrealMMO/TimeTravel/Intermediate/Shaders/WorkingDirectory/8816/).
[2019.02.17-15.25.49:593][  0]LogShaderCompilers: Cleaned the shader compiler working directory 'C:/Users/MinLion/AppData/Local/Temp/UnrealShaderWorkingDir/E272434445590E873A70D6BA1E28D651/'.
[2019.02.17-15.25.49:594][  0]LogXGEController: Cleaning working directory: C:/Users/MinLion/AppData/Local/Temp/UnrealXGEWorkingDir/
[2019.02.17-15.25.49:594][  0]LogXGEController: Cannot use XGE Controller as Incredibuild is not installed on this machine.
[2019.02.17-15.25.49:594][  0]LogShaderCompilers: Cannot use XGE Shader Compiler as Incredibuild is not installed on this machine.
[2019.02.17-15.25.49:594][  0]LogShaderCompilers: Display: Using Local Shader Compiler.
[2019.02.17-15.25.50:077][  0]LogDerivedDataCache: Display: Max Cache Size: 512 MB
[2019.02.17-15.25.50:120][  0]LogDerivedDataCache: Loaded boot cache 0.04s 73MB C:/Users/MinLion/AppData/Local/UnrealEngine/4.21/DerivedDataCache/Boot.ddc.
[2019.02.17-15.25.50:120][  0]LogDerivedDataCache: Display: Loaded Boot cache: C:/Users/MinLion/AppData/Local/UnrealEngine/4.21/DerivedDataCache/Boot.ddc
[2019.02.17-15.25.50:120][  0]LogDerivedDataCache: FDerivedDataBackendGraph:  Pak pak cache file ../../../../../../Users/MinLion/Desktop/UnrealProjects/UnrealMMO/TimeTravel/DerivedDataCache/DDC.ddp not found, will not use a pak cache.
[2019.02.17-15.25.50:120][  0]LogDerivedDataCache: Unable to find inner node Pak for hierarchical cache Hierarchy.
[2019.02.17-15.25.50:120][  0]LogDerivedDataCache: FDerivedDataBackendGraph:  CompressedPak pak cache file ../../../../../../Users/MinLion/Desktop/UnrealProjects/UnrealMMO/TimeTravel/DerivedDataCache/Compressed.ddp not found, will not use a pak cache.
[2019.02.17-15.25.50:120][  0]LogDerivedDataCache: Unable to find inner node CompressedPak for hierarchical cache Hierarchy.
[2019.02.17-15.25.50:131][  0]LogDerivedDataCache: Display: Pak cache opened for reading ../../../Engine/DerivedDataCache/Compressed.ddp.
[2019.02.17-15.25.50:131][  0]LogDerivedDataCache: FDerivedDataBackendGraph:  EnterprisePak pak cache file ../../../Enterprise/DerivedDataCache/Compressed.ddp not found, will not use a pak cache.
[2019.02.17-15.25.50:131][  0]LogDerivedDataCache: Unable to find inner node EnterprisePak for hierarchical cache Hierarchy.
[2019.02.17-15.25.50:143][  0]LogDerivedDataCache: Using Local data cache path C:/Users/MinLion/AppData/Local/UnrealEngine/Common/DerivedDataCache: Writable
[2019.02.17-15.25.50:143][  0]LogDerivedDataCache: Shared data cache path not found in *engine.ini, will not use an Shared cache.
[2019.02.17-15.25.50:143][  0]LogDerivedDataCache: Unable to find inner node Shared for hierarchical cache Hierarchy.
[2019.02.17-15.25.50:159][  0]LogMaterial: Verifying Global Shaders for PCD3D_SM5
[2019.02.17-15.25.50:161][  0]LogSlate: Using FreeType 2.6.0
[2019.02.17-15.25.50:162][  0]LogSlate: SlateFontServices - WITH_FREETYPE: 1, WITH_HARFBUZZ: 1
[2019.02.17-15.25.50:294][  0]LogAssetRegistry: FAssetRegistry took 0.0313 seconds to start up
[2019.02.17-15.25.50:546][  0]LogInit: Selected Device Profile: [Windows]
[2019.02.17-15.25.50:612][  0]LogSimplygon: Simplygon DLL not present - disabling.
[2019.02.17-15.25.50:615][  0]LogMeshReduction: Using SimplygonSwarm for distributed automatic mesh merging
[2019.02.17-15.25.50:615][  0]LogMeshReduction: Using ProxyLODMeshReduction for automatic mesh merging
[2019.02.17-15.25.50:615][  0]LogMeshReduction: Using QuadricMeshReduction for automatic static mesh reduction
[2019.02.17-15.25.50:615][  0]LogMeshReduction: No automatic skeletal mesh reduction module available
[2019.02.17-15.25.50:693][  0]LogNetVersion: TimeTravel 1.0.0, NetCL: 4541578, EngineNetVer: 5, GameNetVer: 0 (Checksum: 2724064776)
[2019.02.17-15.25.51:164][  0]LogPackageLocalizationCache: Processed 12 localized package path(s) for 2 prioritized culture(s) in 0.062412 seconds
[2019.02.17-15.25.51:169][  0]LogUObjectArray: 39775 objects as part of root set at end of initial load.
[2019.02.17-15.25.51:169][  0]LogUObjectAllocator: 6914656 out of 0 bytes used by permanent object pool.
[2019.02.17-15.25.51:169][  0]LogUObjectArray: CloseDisregardForGC: 0/0 objects in disregard for GC pool
[2019.02.17-15.25.52:413][  0]LogTcpMessaging: Initializing TcpMessaging bridge
[2019.02.17-15.25.52:426][  0]LogUdpMessaging: Initializing bridge on interface 0.0.0.0:0 to multicast group 230.0.0.1:6666.
[2019.02.17-15.25.53:342][  0]SourceControl: 소스 컨트롤이 꺼졌습니다.
[2019.02.17-15.25.53:342][  0]SourceControl: 소스 컨트롤이 꺼졌습니다.
[2019.02.17-15.25.53:344][  0]SourceControl: 소스 컨트롤이 꺼졌습니다.
[2019.02.17-15.25.53:345][  0]SourceControl: 소스 컨트롤이 꺼졌습니다.
[2019.02.17-15.25.53:510][  0]LogAndroidPermission: UAndroidPermissionCallbackProxy::GetInstance
[2019.02.17-15.25.53:603][  0]LogOcInput: OculusInput pre-init called
[2019.02.17-15.25.53:736][  0]LogEngine: Initializing Engine...
[2019.02.17-15.25.53:736][  0]LogHMD: Failed to initialize OpenVR with code 110
[2019.02.17-15.25.53:738][  0]LogStats: UGameplayTagsManager::ConstructGameplayTagTree: ImportINI prefixes -  0.000 s
[2019.02.17-15.25.53:738][  0]LogStats: UGameplayTagsManager::ConstructGameplayTagTree: Construct from data asset -  0.000 s
[2019.02.17-15.25.53:738][  0]LogStats: UGameplayTagsManager::ConstructGameplayTagTree: ImportINI -  0.000 s
[2019.02.17-15.25.53:738][  0]LogStats: UGameplayTagsManager::ConstructGameplayTagTree: GameplayTagTreeChangedEvent.Broadcast -  0.000 s
[2019.02.17-15.25.53:931][  0]LogInit: Initializing FReadOnlyCVARCache
[2019.02.17-15.25.53:938][  0]LogAIModule: Creating AISystem for world Untitled
[2019.02.17-15.25.54:002][  0]LogInit: XAudio2 using '스피커(Realtek High Definition Audio)' : 2 channels at 48 kHz using 32 bits per sample (channel mask 0x3)
[2019.02.17-15.25.54:054][  0]LogInit: FAudioDevice initialized.
[2019.02.17-15.25.54:054][  0]LogNetVersion: Set ProjectVersion to 1.0.0.0. Version Checksum will be recalculated on next use.
[2019.02.17-15.25.54:123][  0]LogDerivedDataCache: Saved boot cache 0.07s 74MB C:/Users/MinLion/AppData/Local/UnrealEngine/4.21/DerivedDataCache/Boot.ddc.
[2019.02.17-15.25.54:128][  0]LogInit: Texture streaming: Enabled
[2019.02.17-15.25.54:141][  0]LogEngineSessionManager: EngineSessionManager initialized
[2019.02.17-15.25.54:149][  0]LogInit: Transaction tracking system initialized
[2019.02.17-15.25.54:165][  0]BlueprintLog: New page: 에디터 로드
[2019.02.17-15.25.54:251][  0]LocalizationService: 현지화 서비스가 비활성화되었습니다.
[2019.02.17-15.25.54:615][  0]LogFileCache: Scanning file cache for directory 'C:/Users/MinLion/Desktop/UnrealProjects/UnrealMMO/TimeTravel/Content/' took 0.03s
[2019.02.17-15.25.54:615][  0]LogCook: Display: Max memory allowance for cook 16384mb min free memory 0mb
[2019.02.17-15.25.54:615][  0]LogCook: Display: Mobile HDR setting 1
[2019.02.17-15.25.54:615][  0]LogGameplayTags: Display: UGameplayTagsManager::DoneAddingNativeTags. DelegateIsBound: 0
[2019.02.17-15.25.54:615][  0]LogStats: UGameplayTagsManager::ConstructGameplayTagTree: ImportINI prefixes -  0.000 s
[2019.02.17-15.25.54:615][  0]LogStats: UGameplayTagsManager::ConstructGameplayTagTree: Construct from data asset -  0.000 s
[2019.02.17-15.25.54:615][  0]LogStats: UGameplayTagsManager::ConstructGameplayTagTree: ImportINI -  0.000 s
[2019.02.17-15.25.54:615][  0]LogStats: UGameplayTagsManager::ConstructGameplayTagTree: GameplayTagTreeChangedEvent.Broadcast -  0.000 s
[2019.02.17-15.25.54:736][  0]SourceControl: 소스 컨트롤이 꺼졌습니다.
[2019.02.17-15.25.54:736][  0]Cmd: MAP LOAD FILE="../../../../../../Users/MinLion/Desktop/UnrealProjects/UnrealMMO/TimeTravel/Content/InfinityBladeGrassLands/Maps/TimeTravel.umap" TEMPLATE=0 SHOWPROGRESS=1 FEATURELEVEL=3
[2019.02.17-15.25.54:736][  0]LightingResults: New page: 라이팅 빌드
[2019.02.17-15.25.54:738][  0]MapCheck: New page: 맵 체크
[2019.02.17-15.25.54:738][  0]LightingResults: New page: 라이팅 빌드
[2019.02.17-15.25.55:401][  0]LogAIModule: Creating AISystem for world TimeTravel
[2019.02.17-15.25.55:432][  0]LogEditorServer: Finished looking for orphan Actors (0.000 secs)
[2019.02.17-15.25.55:456][  0]Cmd: MAP CHECKDEP NOCLEARLOG
[2019.02.17-15.25.55:457][  0]MapCheck: 맵 체크 완료: 오류 0 회, 경고 0 회, 소요 시간 0.208ms.
[2019.02.17-15.25.55:457][  0]LogFileHelpers: Loading map 'TimeTravel' took 0.721
[2019.02.17-15.25.55:546][  0]LogSlate: Updating window title bar state: overlay mode, drag disabled, window buttons hidden, title bar hidden
[2019.02.17-15.25.55:551][  0]LogSlate: Updating window title bar state: overlay mode, drag disabled, window buttons hidden, title bar hidden
[2019.02.17-15.25.55:556][  0]LogSlate: Updating window title bar state: overlay mode, drag disabled, window buttons hidden, title bar hidden
[2019.02.17-15.25.55:562][  0]LogSlate: Updating window title bar state: overlay mode, drag disabled, window buttons hidden, title bar hidden
[2019.02.17-15.25.55:566][  0]LogCollectionManager: Loaded 0 collections in 0.000677 seconds
[2019.02.17-15.25.55:579][  0]LogFileCache: Scanning file cache for directory 'C:/Users/MinLion/Desktop/UnrealProjects/UnrealMMO/TimeTravel/Saved/Collections/' took 0.01s
[2019.02.17-15.25.55:579][  0]LogFileCache: Scanning file cache for directory 'C:/Users/MinLion/Desktop/UnrealProjects/UnrealMMO/TimeTravel/Content/Developers/MinLion/Collections/' took 0.00s
[2019.02.17-15.25.55:579][  0]LogFileCache: Scanning file cache for directory 'C:/Users/MinLion/Desktop/UnrealProjects/UnrealMMO/TimeTravel/Content/Collections/' took 0.00s
[2019.02.17-15.25.55:579][  0]LogCollectionManager: Rebuilt the GUID cache for 0 collections in 0.000000 seconds
[2019.02.17-15.25.55:587][  0]LogContentBrowser: Native class hierarchy populated in 0.0069 seconds. Added 2659 classes and 622 folders.
[2019.02.17-15.25.55:590][  0]LogContentBrowser: Native class hierarchy updated for 'WidgetCarousel' in 0.0003 seconds. Added 0 classes and 0 folders.
[2019.02.17-15.25.55:593][  0]LogPakFile: Registered encryption key '00000000000000000000000000000000': 0 pak files mounted, 0 remain pending
[2019.02.17-15.25.55:594][  0]LogPakFile: Registered encryption key '00000000000000000000000000000000': 0 pak files mounted, 0 remain pending
[2019.02.17-15.25.55:595][  0]LogPakFile: Registered encryption key '00000000000000000000000000000000': 0 pak files mounted, 0 remain pending
[2019.02.17-15.25.55:596][  0]LogPakFile: Registered encryption key '00000000000000000000000000000000': 0 pak files mounted, 0 remain pending
[2019.02.17-15.25.55:596][  0]LogPakFile: Registered encryption key '00000000000000000000000000000000': 0 pak files mounted, 0 remain pending
[2019.02.17-15.25.55:597][  0]LogPakFile: Registered encryption key '00000000000000000000000000000000': 0 pak files mounted, 0 remain pending
[2019.02.17-15.25.55:597][  0]LogPakFile: Registered encryption key '00000000000000000000000000000000': 0 pak files mounted, 0 remain pending
[2019.02.17-15.25.55:598][  0]LogPakFile: Registered encryption key '00000000000000000000000000000000': 0 pak files mounted, 0 remain pending
[2019.02.17-15.25.55:599][  0]LogPakFile: Registered encryption key '00000000000000000000000000000000': 0 pak files mounted, 0 remain pending
[2019.02.17-15.25.55:599][  0]LogPakFile: Registered encryption key '00000000000000000000000000000000': 0 pak files mounted, 0 remain pending
[2019.02.17-15.25.55:600][  0]LogPakFile: Registered encryption key '00000000000000000000000000000000': 0 pak files mounted, 0 remain pending
[2019.02.17-15.25.55:601][  0]LogPakFile: Registered encryption key '00000000000000000000000000000000': 0 pak files mounted, 0 remain pending
[2019.02.17-15.25.55:601][  0]LogPakFile: Registered encryption key '00000000000000000000000000000000': 0 pak files mounted, 0 remain pending
[2019.02.17-15.25.55:602][  0]LogPakFile: Registered encryption key '00000000000000000000000000000000': 0 pak files mounted, 0 remain pending
[2019.02.17-15.25.55:603][  0]LogPakFile: Registered encryption key '00000000000000000000000000000000': 0 pak files mounted, 0 remain pending
[2019.02.17-15.25.55:603][  0]LogPakFile: Registered encryption key '00000000000000000000000000000000': 0 pak files mounted, 0 remain pending
[2019.02.17-15.25.55:604][  0]LogPakFile: Registered encryption key '00000000000000000000000000000000': 0 pak files mounted, 0 remain pending
[2019.02.17-15.25.55:605][  0]LogPakFile: Registered encryption key '00000000000000000000000000000000': 0 pak files mounted, 0 remain pending
[2019.02.17-15.25.55:605][  0]LogPakFile: Registered encryption key '00000000000000000000000000000000': 0 pak files mounted, 0 remain pending
[2019.02.17-15.25.55:606][  0]LogPakFile: Registered encryption key '00000000000000000000000000000000': 0 pak files mounted, 0 remain pending
[2019.02.17-15.25.55:606][  0]LogPakFile: Registered encryption key '00000000000000000000000000000000': 0 pak files mounted, 0 remain pending
[2019.02.17-15.25.55:607][  0]LogPakFile: Registered encryption key '00000000000000000000000000000000': 0 pak files mounted, 0 remain pending
[2019.02.17-15.25.55:607][  0]LogPakFile: Registered encryption key '00000000000000000000000000000000': 0 pak files mounted, 0 remain pending
[2019.02.17-15.25.55:608][  0]LogPakFile: Registered encryption key '00000000000000000000000000000000': 0 pak files mounted, 0 remain pending
[2019.02.17-15.25.55:609][  0]LogPakFile: Registered encryption key '00000000000000000000000000000000': 0 pak files mounted, 0 remain pending
[2019.02.17-15.25.55:609][  0]LogPakFile: Registered encryption key '00000000000000000000000000000000': 0 pak files mounted, 0 remain pending
[2019.02.17-15.25.55:650][  0]LogContentBrowser: Native class hierarchy updated for 'AddContentDialog' in 0.0003 seconds. Added 0 classes and 0 folders.
[2019.02.17-15.25.55:655][  0]LogContentBrowser: Native class hierarchy updated for 'SceneOutliner' in 0.0003 seconds. Added 1 classes and 2 folders.
[2019.02.17-15.25.55:666][  0]LogSlate: Took 0.000534 seconds to synchronously load lazily loaded font '../../../Engine/Content/Slate/Fonts/Roboto-Regular.ttf' (155K)
[2019.02.17-15.25.55:669][  0]LogSlate: Took 0.002205 seconds to synchronously load lazily loaded font '../../../Engine/Content/Editor/Slate/Fonts/NanumGothic.ttf' (4243K)
[2019.02.17-15.25.55:671][  0]LogSlate: Took 0.001758 seconds to synchronously load lazily loaded font '../../../Engine/Content/Editor/Slate/Fonts/NanumGothicBold.ttf' (4188K)
[2019.02.17-15.25.55:672][  0]LogSlate: Took 0.000386 seconds to synchronously load lazily loaded font '../../../Engine/Content/Slate/Fonts/Roboto-Bold.ttf' (160K)
[2019.02.17-15.25.55:675][  0]LogSlate: Took 0.000480 seconds to synchronously load lazily loaded font '../../../Engine/Content/Editor/Slate/Fonts/FontAwesome.ttf' (139K)
[2019.02.17-15.25.55:740][  0]LogRenderer: Reallocating scene render targets to support 1208x576 Format 10 NumSamples 1 (Frame:1).
[2019.02.17-15.25.55:858][  0]LogContentBrowser: Native class hierarchy updated for 'HierarchicalLODOutliner' in 0.0003 seconds. Added 0 classes and 0 folders.
[2019.02.17-15.25.55:858][  0]LogLoad: (Engine Initialization) Total time: 9.10 seconds
[2019.02.17-15.25.55:858][  0]LogLoad: (Engine Initialization) Total Blueprint compile time: 0.00 seconds
[2019.02.17-15.25.55:872][  0]LogWindowsTextInputMethodSystem: Display: IME system now activated using TSF (Microsoft 입력기).
[2019.02.17-15.25.55:922][  0]LogContentStreaming: Texture pool size now 1000 MB
[2019.02.17-15.25.55:953][  0]LogSlate: Took 0.000576 seconds to synchronously load lazily loaded font '../../../Engine/Content/Slate/Fonts/Roboto-Light.ttf' (167K)
[2019.02.17-15.25.56:006][  1]LogAssetRegistry: Asset discovery search completed in 5.7343 seconds
[2019.02.17-15.25.56:008][  1]LogCollectionManager: Rebuilt the object cache for 0 collections in 0.000000 seconds (found 0 objects)
[2019.02.17-15.25.56:008][  1]LogCollectionManager: Fixed up redirectors for 0 collections in 0.000057 seconds (updated 0 objects)
[2019.02.17-15.25.56:068][  3]AnimBlueprintLog: Warning: 슬롯노드: PlayerAnimBP_C 애니메이션 인스턴트 클래스의 'DefaultSlot' 는 이미 존재합니다. 이 클래스의 애니메이션 그래프에서 중복을 제거하세요.
[2019.02.17-15.25.57:903][221]LogSlate: FSceneViewport::OnFocusLost() reason 0
[2019.02.17-15.25.58:001][232]LogTemp: Repeating last play command: 선택된 뷰포트
[2019.02.17-15.25.58:016][232]LogBlueprintUserMessages: Early PlayInEditor Detection: Level '/Game/InfinityBladeGrassLands/Maps/TimeTravel.TimeTravel:PersistentLevel' has LevelScriptBlueprint '/Game/InfinityBladeGrassLands/Maps/TimeTravel.TimeTravel:PersistentLevel.TimeTravel' with GeneratedClass '/Game/InfinityBladeGrassLands/Maps/TimeTravel.TimeTravel_C' with ClassGeneratedBy '/Game/InfinityBladeGrassLands/Maps/TimeTravel.TimeTravel:PersistentLevel.TimeTravel'
[2019.02.17-15.25.58:018][232]LogPlayLevel: PlayLevel: No blueprints needed recompiling
[2019.02.17-15.25.58:024][232]PIE: New page: PIE 세션: TimeTravel (2019. 2. 18. 오전 9:25:58)
[2019.02.17-15.25.58:038][232]LogPlayLevel: Creating play world package: /Game/InfinityBladeGrassLands/Maps/UEDPIE_0_TimeTravel
[2019.02.17-15.25.58:083][232]LogPlayLevel: PIE: StaticDuplicateObject took: (0.043993s)
[2019.02.17-15.25.58:083][232]LogAIModule: Creating AISystem for world TimeTravel
[2019.02.17-15.25.58:084][232]LogPlayLevel: PIE: World Init took: (0.000800s)
[2019.02.17-15.25.58:084][232]LogPlayLevel: PIE: Created PIE world by copying editor world from /Game/InfinityBladeGrassLands/Maps/TimeTravel.TimeTravel to /Game/InfinityBladeGrassLands/Maps/UEDPIE_0_TimeTravel.TimeTravel (0.045271s)
[2019.02.17-15.25.58:129][232]LogInit: XAudio2 using '스피커(Realtek High Definition Audio)' : 2 channels at 48 kHz using 32 bits per sample (channel mask 0x3)
[2019.02.17-15.25.58:149][232]LogInit: FAudioDevice initialized.
[2019.02.17-15.25.58:195][232]LogLoad: Game class is 'TimeTravelGameMode'
[2019.02.17-15.25.58:196][232]LogActor: Warning: TimeTravelGameMode /Game/InfinityBladeGrassLands/Maps/UEDPIE_0_TimeTravel.TimeTravel:PersistentLevel.TimeTravelGameMode_0 has natively added scene component(s), but none of them were set as the actor's RootComponent - picking one arbitrarily
[2019.02.17-15.25.58:210][232]LogWorld: Bringing World /Game/InfinityBladeGrassLands/Maps/UEDPIE_0_TimeTravel.TimeTravel up for play (max tick rate 0) at 2019.02.18-00.25.58
[2019.02.17-15.25.58:228][232]LogWorld: Bringing up level for play took: 0.030891
[2019.02.17-15.25.58:256][232]LogContentBrowser: Native class hierarchy updated for 'MovieSceneCapture' in 0.0004 seconds. Added 20 classes and 0 folders.
[2019.02.17-15.25.58:256][232]AnimBlueprintLog: Warning: 슬롯노드: PlayerAnimBP_C 애니메이션 인스턴트 클래스의 'DefaultSlot' 는 이미 존재합니다. 이 클래스의 애니메이션 그래프에서 중복을 제거하세요.
[2019.02.17-15.25.58:261][232]PIE: /Game/InfinityBladeGrassLands/Maps/UEDPIE_0_TimeTravel 에 대한 에디터에서 플레이 시작 시간: -0.397
[2019.02.17-15.25.58:261][232]LogBlueprintUserMessages: Late PlayInEditor Detection: Level '/Game/InfinityBladeGrassLands/Maps/TimeTravel.TimeTravel:PersistentLevel' has LevelScriptBlueprint '/Game/InfinityBladeGrassLands/Maps/TimeTravel.TimeTravel:PersistentLevel.TimeTravel' with GeneratedClass '/Game/InfinityBladeGrassLands/Maps/TimeTravel.TimeTravel_C' with ClassGeneratedBy '/Game/InfinityBladeGrassLands/Maps/TimeTravel.TimeTravel:PersistentLevel.TimeTravel'
[2019.02.17-15.25.59:999][433]LogBlueprintUserMessages: [PlayerCharacter_C_0] 990.0
[2019.02.17-15.26.00:601][505]LogCharacterMovement: PlayerCharacter_C_0 is stuck and failed to move! Velocity: X=0.00 Y=-17.07 Z=0.00 Location: X=-3480.85 Y=891.36 Z=-838.72 Normal: X=-0.29 Y=0.96 Z=0.00 PenetrationDepth:4.284 Actor:RobotCharacterBP_2 Component:CharacterMesh0 BoneName:pelvis (0 other events since notify)
[2019.02.17-15.26.00:955][547]LogBlueprintUserMessages: [PlayerCharacter_C_0] 980.0
[2019.02.17-15.26.01:012][554]LogBlueprintUserMessages: [PlayerCharacter_C_0] 970.0
[2019.02.17-15.26.01:520][615]LogBlueprintUserMessages: [PlayerCharacter_C_0] 960.0
[2019.02.17-15.26.02:912][782]LogBlueprintUserMessages: [PlayerCharacter_C_0] 950.0
[2019.02.17-15.26.02:954][787]LogBlueprintUserMessages: [PlayerCharacter_C_0] 940.0
[2019.02.17-15.26.03:012][794]LogBlueprintUserMessages: [PlayerCharacter_C_0] 930.0
[2019.02.17-15.26.03:337][833]LogBlueprintUserMessages: [PlayerCharacter_C_0] 920.0
[2019.02.17-15.26.03:522][855]LogBlueprintUserMessages: [PlayerCharacter_C_0] 910.0
[2019.02.17-15.26.04:471][969]LogBlueprintUserMessages: [PlayerCharacter_C_0] 900.0
[2019.02.17-15.26.04:862][ 16]LogCharacterMovement: PlayerCharacter_C_0 is stuck and failed to move! Velocity: X=15.47 Y=-7.21 Z=0.00 Location: X=-2742.92 Y=257.93 Z=-838.84 Normal: X=0.84 Y=0.49 Z=0.23 PenetrationDepth:16.772 Actor:RobotCharacterBP_2 Component:CharacterMesh0 BoneName:calf_l (23 other events since notify)
[2019.02.17-15.26.04:913][ 22]LogBlueprintUserMessages: [PlayerCharacter_C_0] 890.0
[2019.02.17-15.26.05:428][ 84]LogBlueprintUserMessages: [PlayerCharacter_C_0] 880.0
[2019.02.17-15.26.05:612][106]LogBlueprintUserMessages: [PlayerCharacter_C_0] 870.0
[2019.02.17-15.26.05:929][144]LogCharacterMovement: PlayerCharacter_C_0 is stuck and failed to move! Velocity: X=-76.63 Y=116.53 Z=0.00 Location: X=-2580.49 Y=281.30 Z=-840.86 Normal: X=0.64 Y=0.00 Z=-0.77 PenetrationDepth:1.307 Actor:RobotCharacterBP_2 Component:CharacterMesh0 BoneName:upperarm_r (7 other events since notify)
[2019.02.17-15.26.06:005][153]LogBlueprintUserMessages: [PlayerCharacter_C_0] 860.0
[2019.02.17-15.26.20:961][947]LogBlueprintUserMessages: Early EndPlayMap Detection: Level '/Game/InfinityBladeGrassLands/Maps/TimeTravel.TimeTravel:PersistentLevel' has LevelScriptBlueprint '/Game/InfinityBladeGrassLands/Maps/TimeTravel.TimeTravel:PersistentLevel.TimeTravel' with GeneratedClass '/Game/InfinityBladeGrassLands/Maps/TimeTravel.TimeTravel_C' with ClassGeneratedBy '/Game/InfinityBladeGrassLands/Maps/TimeTravel.TimeTravel:PersistentLevel.TimeTravel'
[2019.02.17-15.26.20:962][947]LogSlate: Updating window title bar state: overlay mode, drag disabled, window buttons hidden, title bar hidden
[2019.02.17-15.26.20:998][947]LogPlayLevel: Display: Shutting down PIE online subsystems
[2019.02.17-15.26.20:998][947]LogBlueprintUserMessages: Late EndPlayMap Detection: Level '/Game/InfinityBladeGrassLands/Maps/TimeTravel.TimeTravel:PersistentLevel' has LevelScriptBlueprint '/Game/InfinityBladeGrassLands/Maps/TimeTravel.TimeTravel:PersistentLevel.TimeTravel' with GeneratedClass '/Game/InfinityBladeGrassLands/Maps/TimeTravel.TimeTravel_C' with ClassGeneratedBy '/Game/InfinityBladeGrassLands/Maps/TimeTravel.TimeTravel:PersistentLevel.TimeTravel'
[2019.02.17-15.26.21:021][947]LogSlate: Updating window title bar state: overlay mode, drag disabled, window buttons hidden, title bar hidden
[2019.02.17-15.26.21:061][949]LogPlayLevel: Display: Destroying online subsystem :Context_5
[2019.02.17-15.26.44:545][217]LogSlate: FSceneViewport::OnFocusLost() reason 0
[2019.02.17-15.26.44:718][226]AnimBlueprintLog: Warning: 슬롯노드: PlayerAnimBP_C 애니메이션 인스턴트 클래스의 'DefaultSlot' 는 이미 존재합니다. 이 클래스의 애니메이션 그래프에서 중복을 제거하세요.
[2019.02.17-15.26.47:504][552]LogSlate: Took 0.000136 seconds to synchronously load lazily loaded font '../../../Engine/Content/Slate/Fonts/Roboto-Light.ttf' (167K)
[2019.02.17-15.26.47:509][552]LogAssetEditorManager: Opening Asset editor for AnimMontage /Game/TimeTravel/Animations/RobotMeleeMontage.RobotMeleeMontage
[2019.02.17-15.26.47:528][552]LogContentBrowser: Native class hierarchy updated for 'SkeletonEditor' in 0.0003 seconds. Added 1 classes and 2 folders.
[2019.02.17-15.26.47:701][552]LogActorComponent: RegisterComponentWithWorld: (/Engine/Transient.World_8:PersistentLevel.AnimationEditorPreviewActor_0.DebugSkelMeshComponent_0) Already registered. Aborting.
[2019.02.17-15.26.47:702][552]LogContentBrowser: Native class hierarchy updated for 'PinnedCommandList' in 0.0003 seconds. Added 1 classes and 0 folders.
[2019.02.17-15.26.47:732][552]LogSkeletalMesh: USkeletalMeshComponent::InitArticulated : Bodies already created (/Engine/Transient.World_8:PersistentLevel.AnimationEditorPreviewActor_0.DebugSkelMeshComponent_0) - call TermArticulated first.
[2019.02.17-15.26.48:020][552]LogContentBrowser: Native class hierarchy updated for 'ClothingSystemEditorInterface' in 0.0003 seconds. Added 1 classes and 0 folders.
[2019.02.17-15.26.48:025][552]LogContentBrowser: Verbose: The majority of assets in the view are of type: AnimSequence
[2019.02.17-15.26.58:422][749]LogSlate: Window 'RobotMeleeMontage' being destroyed
[2019.02.17-15.27.26:454][559]LogSlate: Prevented a slow task dialog from being summoned while a context menu was open
[2019.02.17-15.27.53:476][453]LogParticles: Warning: Particle Notify: Particle system is null for particle notify 'PlayParticleEffect' in anim: '/Game/TimeTravel/Animations/RobotMeleeMontage.RobotMeleeMontage'
[2019.02.17-15.27.54:518][578]LogParticles: Warning: Particle Notify: Particle system is null for particle notify 'PlayParticleEffect' in anim: '/Game/TimeTravel/Animations/RobotMeleeMontage.RobotMeleeMontage'
[2019.02.17-15.28.03:961][729]LogParticles: Warning: Particle Notify: Particle system is null for particle notify 'PlayParticleEffect' in anim: '/Game/TimeTravel/Animations/RobotMeleeMontage.RobotMeleeMontage'
[2019.02.17-15.28.05:000][847]LogParticles: Warning: Particle Notify: Particle system is null for particle notify 'PlayParticleEffect' in anim: '/Game/TimeTravel/Animations/RobotMeleeMontage.RobotMeleeMontage'
[2019.02.17-15.28.06:042][972]LogParticles: Warning: Particle Notify: Particle system is null for particle notify 'PlayParticleEffect' in anim: '/Game/TimeTravel/Animations/RobotMeleeMontage.RobotMeleeMontage'
[2019.02.17-15.28.07:085][ 97]LogParticles: Warning: Particle Notify: Particle system is null for particle notify 'PlayParticleEffect' in anim: '/Game/TimeTravel/Animations/RobotMeleeMontage.RobotMeleeMontage'
[2019.02.17-15.28.08:126][221]LogParticles: Warning: Particle Notify: Particle system is null for particle notify 'PlayParticleEffect' in anim: '/Game/TimeTravel/Animations/RobotMeleeMontage.RobotMeleeMontage'
[2019.02.17-15.28.09:166][345]LogParticles: Warning: Particle Notify: Anim 'RobotMeleeMontage' tried to spawn infinitely looping particle system 'P_Buff_ShoutFreeze_02'. Spawning suppressed.
[2019.02.17-15.28.10:215][464]LogParticles: Warning: Particle Notify: Anim 'RobotMeleeMontage' tried to spawn infinitely looping particle system 'P_Buff_ShoutFreeze_02'. Spawning suppressed.
[2019.02.17-15.28.11:248][587]LogParticles: Warning: Particle Notify: Anim 'RobotMeleeMontage' tried to spawn infinitely looping particle system 'P_Buff_ShoutFreeze_02'. Spawning suppressed.
[2019.02.17-15.28.12:296][710]LogParticles: Warning: Particle Notify: Anim 'RobotMeleeMontage' tried to spawn infinitely looping particle system 'P_Buff_ShoutFreeze_02'. Spawning suppressed.
[2019.02.17-15.28.13:335][830]LogParticles: Warning: Particle Notify: Anim 'RobotMeleeMontage' tried to spawn infinitely looping particle system 'P_Buff_ShoutFreeze_02'. Spawning suppressed.
[2019.02.17-15.28.14:377][955]LogParticles: Warning: Particle Notify: Anim 'RobotMeleeMontage' tried to spawn infinitely looping particle system 'P_Buff_ShoutFreeze_02'. Spawning suppressed.
[2019.02.17-15.28.15:419][ 80]LogParticles: Warning: Particle Notify: Anim 'RobotMeleeMontage' tried to spawn infinitely looping particle system 'P_Buff_ShoutFreeze_02'. Spawning suppressed.
[2019.02.17-15.28.16:459][204]LogParticles: Warning: Particle Notify: Anim 'RobotMeleeMontage' tried to spawn infinitely looping particle system 'P_Buff_ShoutFreeze_02'. Spawning suppressed.
[2019.02.17-15.28.17:501][329]LogParticles: Warning: Particle Notify: Anim 'RobotMeleeMontage' tried to spawn infinitely looping particle system 'P_Buff_ShoutFreeze_02'. Spawning suppressed.
[2019.02.17-15.28.18:546][452]LogParticles: Warning: Particle Notify: Anim 'RobotMeleeMontage' tried to spawn infinitely looping particle system 'P_Buff_ShoutFreeze_02'. Spawning suppressed.
[2019.02.17-15.28.19:588][577]LogParticles: Warning: Particle Notify: Anim 'RobotMeleeMontage' tried to spawn infinitely looping particle system 'P_Buff_ShoutFreeze_02'. Spawning suppressed.
[2019.02.17-15.28.20:629][702]LogParticles: Warning: Particle Notify: Anim 'RobotMeleeMontage' tried to spawn infinitely looping particle system 'P_Buff_ShoutFreeze_02'. Spawning suppressed.
[2019.02.17-15.28.21:671][827]LogParticles: Warning: Particle Notify: Anim 'RobotMeleeMontage' tried to spawn infinitely looping particle system 'P_Buff_ShoutFreeze_02'. Spawning suppressed.
[2019.02.17-15.28.22:713][952]LogParticles: Warning: Particle Notify: Anim 'RobotMeleeMontage' tried to spawn infinitely looping particle system 'P_Buff_ShoutFreeze_02'. Spawning suppressed.
[2019.02.17-15.28.23:754][ 77]LogParticles: Warning: Particle Notify: Anim 'RobotMeleeMontage' tried to spawn infinitely looping particle system 'P_Buff_ShoutFreeze_02'. Spawning suppressed.
[2019.02.17-15.28.24:796][202]LogParticles: Warning: Particle Notify: Anim 'RobotMeleeMontage' tried to spawn infinitely looping particle system 'P_Buff_ShoutFreeze_02'. Spawning suppressed.
[2019.02.17-15.28.25:838][327]LogParticles: Warning: Particle Notify: Anim 'RobotMeleeMontage' tried to spawn infinitely looping particle system 'P_Buff_ShoutFreeze_02'. Spawning suppressed.
[2019.02.17-15.28.26:880][452]LogParticles: Warning: Particle Notify: Anim 'RobotMeleeMontage' tried to spawn infinitely looping particle system 'P_Buff_ShoutFreeze_02'. Spawning suppressed.
[2019.02.17-15.28.27:922][577]LogParticles: Warning: Particle Notify: Anim 'RobotMeleeMontage' tried to spawn infinitely looping particle system 'P_Buff_ShoutFreeze_02'. Spawning suppressed.
[2019.02.17-15.28.28:964][702]LogParticles: Warning: Particle Notify: Anim 'RobotMeleeMontage' tried to spawn infinitely looping particle system 'P_Buff_ShoutFreeze_02'. Spawning suppressed.
[2019.02.17-15.28.30:005][827]LogParticles: Warning: Particle Notify: Anim 'RobotMeleeMontage' tried to spawn infinitely looping particle system 'P_Buff_ShoutFreeze_02'. Spawning suppressed.
[2019.02.17-15.28.31:047][952]LogParticles: Warning: Particle Notify: Anim 'RobotMeleeMontage' tried to spawn infinitely looping particle system 'P_Buff_ShoutFreeze_02'. Spawning suppressed.
[2019.02.17-15.28.32:089][ 77]LogParticles: Warning: Particle Notify: Anim 'RobotMeleeMontage' tried to spawn infinitely looping particle system 'P_Buff_ShoutFreeze_02'. Spawning suppressed.
[2019.02.17-15.28.33:131][202]LogParticles: Warning: Particle Notify: Anim 'RobotMeleeMontage' tried to spawn infinitely looping particle system 'P_Buff_ShoutFreeze_02'. Spawning suppressed.
[2019.02.17-15.28.34:172][327]LogParticles: Warning: Particle Notify: Anim 'RobotMeleeMontage' tried to spawn infinitely looping particle system 'P_Buff_ShoutFreeze_02'. Spawning suppressed.
[2019.02.17-15.28.35:214][452]LogParticles: Warning: Particle Notify: Anim 'RobotMeleeMontage' tried to spawn infinitely looping particle system 'P_Buff_ShoutFreeze_02'. Spawning suppressed.
[2019.02.17-15.28.36:255][577]LogParticles: Warning: Particle Notify: Anim 'RobotMeleeMontage' tried to spawn infinitely looping particle system 'P_Buff_ShoutFreeze_02'. Spawning suppressed.
[2019.02.17-15.28.37:297][702]LogParticles: Warning: Particle Notify: Anim 'RobotMeleeMontage' tried to spawn infinitely looping particle system 'P_Buff_ShoutFreeze_02'. Spawning suppressed.
[2019.02.17-15.28.38:339][827]LogParticles: Warning: Particle Notify: Anim 'RobotMeleeMontage' tried to spawn infinitely looping particle system 'P_Buff_ShoutFreeze_02'. Spawning suppressed.
[2019.02.17-15.28.39:380][952]LogParticles: Warning: Particle Notify: Anim 'RobotMeleeMontage' tried to spawn infinitely looping particle system 'P_Buff_ShoutFreeze_02'. Spawning suppressed.
[2019.02.17-15.28.40:422][ 77]LogParticles: Warning: Particle Notify: Anim 'RobotMeleeMontage' tried to spawn infinitely looping particle system 'P_Buff_ShoutFreeze_02'. Spawning suppressed.
[2019.02.17-15.28.41:464][202]LogParticles: Warning: Particle Notify: Anim 'RobotMeleeMontage' tried to spawn infinitely looping particle system 'P_Buff_ShoutFreeze_02'. Spawning suppressed.
[2019.02.17-15.28.42:506][327]LogParticles: Warning: Particle Notify: Anim 'RobotMeleeMontage' tried to spawn infinitely looping particle system 'P_Buff_ShoutFreeze_02'. Spawning suppressed.
[2019.02.17-15.28.43:547][452]LogParticles: Warning: Particle Notify: Anim 'RobotMeleeMontage' tried to spawn infinitely looping particle system 'P_Buff_ShoutFreeze_02'. Spawning suppressed.
[2019.02.17-15.28.44:588][576]LogParticles: Warning: Particle Notify: Anim 'RobotMeleeMontage' tried to spawn infinitely looping particle system 'P_Buff_ShoutFreeze_02'. Spawning suppressed.
[2019.02.17-15.28.45:629][701]LogParticles: Warning: Particle Notify: Anim 'RobotMeleeMontage' tried to spawn infinitely looping particle system 'P_Buff_ShoutFreeze_02'. Spawning suppressed.
[2019.02.17-15.28.50:049][834]LogParticles: Warning: Particle Notify: Anim 'RobotMeleeMontage' tried to spawn infinitely looping particle system 'P_Buff_ShoutFreeze_02'. Spawning suppressed.
[2019.02.17-15.28.51:094][959]LogParticles: Warning: Particle Notify: Anim 'RobotMeleeMontage' tried to spawn infinitely looping particle system 'P_Buff_ShoutFreeze_02'. Spawning suppressed.
[2019.02.17-15.28.51:916][ 33]LogTexture: Display: 텍스처 빌드: ThumbnailTexture (DXT1, 512X512)
[2019.02.17-15.28.51:916][ 33]LogTexture: Display: 텍스처 빌드: T_LeafFlip_6X6_01 (AutoDXT, 1024X1024)
[2019.02.17-15.28.52:132][ 59]LogParticles: Warning: Particle Notify: Anim 'RobotMeleeMontage' tried to spawn infinitely looping particle system 'P_DeadLeaves_Blow_Loop'. Spawning suppressed.
[2019.02.17-15.28.53:177][177]LogParticles: Warning: Particle Notify: Anim 'RobotMeleeMontage' tried to spawn infinitely looping particle system 'P_DeadLeaves_Blow_Loop'. Spawning suppressed.
[2019.02.17-15.28.54:220][290]LogParticles: Warning: Particle Notify: Anim 'RobotMeleeMontage' tried to spawn infinitely looping particle system 'P_DeadLeaves_Blow_Loop'. Spawning suppressed.
[2019.02.17-15.28.54:637][340]LogSlate: FSceneViewport::OnFocusLost() reason 0
[2019.02.17-15.28.55:259][413]LogParticles: Warning: Particle Notify: Anim 'RobotMeleeMontage' tried to spawn infinitely looping particle system 'P_DeadLeaves_Blow_Loop'. Spawning suppressed.
[2019.02.17-15.28.56:304][536]LogParticles: Warning: Particle Notify: Anim 'RobotMeleeMontage' tried to spawn infinitely looping particle system 'P_DeadLeaves_Blow_Loop'. Spawning suppressed.
[2019.02.17-15.28.57:345][661]LogParticles: Warning: Particle Notify: Anim 'RobotMeleeMontage' tried to spawn infinitely looping particle system 'P_DeadLeaves_Blow_Loop'. Spawning suppressed.
[2019.02.17-15.28.58:388][785]LogParticles: Warning: Particle Notify: Anim 'RobotMeleeMontage' tried to spawn infinitely looping particle system 'P_DeadLeaves_Blow_Loop'. Spawning suppressed.
[2019.02.17-15.28.59:428][906]LogParticles: Warning: Particle Notify: Anim 'RobotMeleeMontage' tried to spawn infinitely looping particle system 'P_DeadLeaves_Blow_Loop'. Spawning suppressed.
[2019.02.17-15.29.00:466][ 14]LogParticles: Warning: Particle Notify: Anim 'RobotMeleeMontage' tried to spawn infinitely looping particle system 'P_DeadLeaves_Blow_Loop'. Spawning suppressed.
[2019.02.17-15.29.01:507][139]LogParticles: Warning: Particle Notify: Anim 'RobotMeleeMontage' tried to spawn infinitely looping particle system 'P_DeadLeaves_Blow_Loop'. Spawning suppressed.
[2019.02.17-15.29.02:550][264]LogParticles: Warning: Particle Notify: Anim 'RobotMeleeMontage' tried to spawn infinitely looping particle system 'P_DeadLeaves_Blow_Loop'. Spawning suppressed.
[2019.02.17-15.29.04:320][475]LogParticles: Warning: Particle Notify: Anim 'RobotMeleeMontage' tried to spawn infinitely looping particle system 'P_DeadLeaves_Blow_Loop'. Spawning suppressed.
[2019.02.17-15.29.04:527][500]LogParticles: Warning: Particle Notify: Anim 'RobotMeleeMontage' tried to spawn infinitely looping particle system 'P_DeadLeaves_Blow_Loop'. Spawning suppressed.
[2019.02.17-15.29.05:671][636]LogParticles: Warning: Particle Notify: Anim 'RobotMeleeMontage' tried to spawn infinitely looping particle system 'P_DeadLeaves_Blow_Loop'. Spawning suppressed.
[2019.02.17-15.29.06:690][757]LogParticles: Warning: Particle Notify: Anim 'RobotMeleeMontage' tried to spawn infinitely looping particle system 'P_DeadLeaves_Blow_Loop'. Spawning suppressed.
[2019.02.17-15.29.07:738][882]LogParticles: Warning: Particle Notify: Anim 'RobotMeleeMontage' tried to spawn infinitely looping particle system 'P_DeadLeaves_Blow_Loop'. Spawning suppressed.
[2019.02.17-15.29.08:778][  6]LogParticles: Warning: Particle Notify: Anim 'RobotMeleeMontage' tried to spawn infinitely looping particle system 'P_DeadLeaves_Blow_Loop'. Spawning suppressed.
[2019.02.17-15.29.09:819][131]LogParticles: Warning: Particle Notify: Anim 'RobotMeleeMontage' tried to spawn infinitely looping particle system 'P_DeadLeaves_Blow_Loop'. Spawning suppressed.
[2019.02.17-15.29.10:861][256]LogParticles: Warning: Particle Notify: Anim 'RobotMeleeMontage' tried to spawn infinitely looping particle system 'P_DeadLeaves_Blow_Loop'. Spawning suppressed.
[2019.02.17-15.29.11:903][381]LogParticles: Warning: Particle Notify: Anim 'RobotMeleeMontage' tried to spawn infinitely looping particle system 'P_DeadLeaves_Blow_Loop'. Spawning suppressed.
[2019.02.17-15.29.12:945][506]LogParticles: Warning: Particle Notify: Anim 'RobotMeleeMontage' tried to spawn infinitely looping particle system 'P_DeadLeaves_Blow_Loop'. Spawning suppressed.
[2019.02.17-15.29.13:987][631]LogParticles: Warning: Particle Notify: Anim 'RobotMeleeMontage' tried to spawn infinitely looping particle system 'P_DeadLeaves_Blow_Loop'. Spawning suppressed.
[2019.02.17-15.29.15:028][756]LogParticles: Warning: Particle Notify: Anim 'RobotMeleeMontage' tried to spawn infinitely looping particle system 'P_DeadLeaves_Blow_Loop'. Spawning suppressed.
[2019.02.17-15.29.16:070][881]LogParticles: Warning: Particle Notify: Anim 'RobotMeleeMontage' tried to spawn infinitely looping particle system 'P_DeadLeaves_Blow_Loop'. Spawning suppressed.
[2019.02.17-15.29.17:112][  6]LogParticles: Warning: Particle Notify: Anim 'RobotMeleeMontage' tried to spawn infinitely looping particle system 'P_DeadLeaves_Blow_Loop'. Spawning suppressed.
[2019.02.17-15.29.18:153][131]LogParticles: Warning: Particle Notify: Anim 'RobotMeleeMontage' tried to spawn infinitely looping particle system 'P_DeadLeaves_Blow_Loop'. Spawning suppressed.
[2019.02.17-15.29.19:197][256]LogParticles: Warning: Particle Notify: Anim 'RobotMeleeMontage' tried to spawn infinitely looping particle system 'P_DeadLeaves_Blow_Loop'. Spawning suppressed.
[2019.02.17-15.29.20:239][381]LogParticles: Warning: Particle Notify: Anim 'RobotMeleeMontage' tried to spawn infinitely looping particle system 'P_DeadLeaves_Blow_Loop'. Spawning suppressed.
[2019.02.17-15.29.21:276][501]LogParticles: Warning: Particle Notify: Anim 'RobotMeleeMontage' tried to spawn infinitely looping particle system 'P_DeadLeaves_Blow_Loop'. Spawning suppressed.
[2019.02.17-15.29.22:316][621]LogParticles: Warning: Particle Notify: Anim 'RobotMeleeMontage' tried to spawn infinitely looping particle system 'P_DeadLeaves_Blow_Loop'. Spawning suppressed.
[2019.02.17-15.29.23:361][746]LogParticles: Warning: Particle Notify: Anim 'RobotMeleeMontage' tried to spawn infinitely looping particle system 'P_DeadLeaves_Blow_Loop'. Spawning suppressed.
[2019.02.17-15.29.24:402][870]LogParticles: Warning: Particle Notify: Anim 'RobotMeleeMontage' tried to spawn infinitely looping particle system 'P_DeadLeaves_Blow_Loop'. Spawning suppressed.
[2019.02.17-15.29.25:445][995]LogParticles: Warning: Particle Notify: Anim 'RobotMeleeMontage' tried to spawn infinitely looping particle system 'P_DeadLeaves_Blow_Loop'. Spawning suppressed.
[2019.02.17-15.29.26:484][119]LogParticles: Warning: Particle Notify: Anim 'RobotMeleeMontage' tried to spawn infinitely looping particle system 'P_DeadLeaves_Blow_Loop'. Spawning suppressed.
[2019.02.17-15.29.27:360][214]LogTexture: Display: 텍스처 빌드: ThumbnailTexture (DXT1, 512X512)
[2019.02.17-15.29.27:528][234]LogParticles: Warning: Particle Notify: Anim 'RobotMeleeMontage' tried to spawn infinitely looping particle system 'P_ky_waterBall'. Spawning suppressed.
[2019.02.17-15.29.28:572][359]LogParticles: Warning: Particle Notify: Anim 'RobotMeleeMontage' tried to spawn infinitely looping particle system 'P_ky_waterBall'. Spawning suppressed.
[2019.02.17-15.29.29:613][484]LogParticles: Warning: Particle Notify: Anim 'RobotMeleeMontage' tried to spawn infinitely looping particle system 'P_ky_waterBall'. Spawning suppressed.
[2019.02.17-15.29.30:656][609]LogParticles: Warning: Particle Notify: Anim 'RobotMeleeMontage' tried to spawn infinitely looping particle system 'P_ky_waterBall'. Spawning suppressed.
[2019.02.17-15.29.31:694][728]LogParticles: Warning: Particle Notify: Anim 'RobotMeleeMontage' tried to spawn infinitely looping particle system 'P_ky_waterBall'. Spawning suppressed.
[2019.02.17-15.29.32:737][852]LogParticles: Warning: Particle Notify: Anim 'RobotMeleeMontage' tried to spawn infinitely looping particle system 'P_ky_waterBall'. Spawning suppressed.
[2019.02.17-15.29.34:344][969]LogTexture: Display: 텍스처 빌드: ThumbnailTexture (DXT1, 512X512)
[2019.02.17-15.29.34:344][969]LogTexture: Display: 텍스처 빌드: T_ky_shockWave03_4x4 (DXT1, 2048X2048)
[2019.02.17-15.29.34:344][969]LogMaterial: Display: Missing cached shader map for material M_ky_shockWave03_4x4, compiling. 
[2019.02.17-15.29.34:372][969]LogShaderCompilers: Display: Shaders left to compile 43
[2019.02.17-15.29.34:372][969]LogShaderCompilers: Display: Shaders left to compile 33
[2019.02.17-15.29.34:372][969]LogMaterial: Display: Missing cached shader map for material M_ky_shockWave03_4x4, compiling. 
[2019.02.17-15.29.34:394][969]LogStaticMesh: SM_ky_tornado07 스태틱 메시 빌드중...
[2019.02.17-15.29.34:399][969]LogOutputDevice: Warning: 

Script Stack (0 frames):

[2019.02.17-15.29.34:399][969]LogWindows: Windows GetLastError: 작업을 완료했습니다. (0)
