Log file open, 12/25/18 21:03:58
LogWindows: Failed to load 'aqProf.dll' (GetLastError=126)
LogWindows: File 'aqProf.dll' does not exist
LogWindows: Failed to load 'VtuneApi.dll' (GetLastError=126)
LogWindows: File 'VtuneApi.dll' does not exist
LogWindows: Failed to load 'VtuneApi32e.dll' (GetLastError=126)
LogWindows: File 'VtuneApi32e.dll' does not exist
LogConsoleResponse: Display: Failed to find resolution value strings in scalability ini. Falling back to default.
LogInit: Display: Running engine for game: TimeTravel
LogPakFile: Registered encryption key '00000000000000000000000000000000': 0 pak files mounted, 0 remain pending
LogPlatformFile: Not using cached read wrapper
LogTaskGraph: Started task graph with 5 named threads and 20 total threads with 3 sets of task threads.
LogStats: Stats thread started at 0.228268
LogD3D11RHI: Loaded GFSDK_Aftermath_Lib.x64.dll
LogICUInternationalization: ICU TimeZone Detection - Raw Offset: +9:00, Platform Override: ''
LogPluginManager: Mounting plugin Paper2D
LogPluginManager: Mounting plugin AISupport
LogPluginManager: Mounting plugin LightPropagationVolume
LogPluginManager: Mounting plugin ActorLayerUtilities
LogPluginManager: Mounting plugin CLionSourceCodeAccess
LogPluginManager: Mounting plugin CodeLiteSourceCodeAccess
LogPluginManager: Mounting plugin GitSourceControl
LogPluginManager: Mounting plugin KDevelopSourceCodeAccess
LogPluginManager: Mounting plugin NullSourceCodeAccess
LogPluginManager: Mounting plugin PerforceSourceControl
LogPluginManager: Mounting plugin SubversionSourceControl
LogPluginManager: Mounting plugin UObjectPlugin
LogPluginManager: Mounting plugin VisualStudioCodeSourceCodeAccess
LogPluginManager: Mounting plugin VisualStudioSourceCodeAccess
LogPluginManager: Mounting plugin XCodeSourceCodeAccess
LogPluginManager: Mounting plugin AssetManagerEditor
LogPluginManager: Mounting plugin CryptoKeys
LogPluginManager: Mounting plugin DataValidation
LogPluginManager: Mounting plugin FacialAnimation
LogPluginManager: Mounting plugin GameplayTagsEditor
LogPluginManager: Mounting plugin MacGraphicsSwitching
LogPluginManager: Mounting plugin MeshEditor
LogPluginManager: Mounting plugin MobileLauncherProfileWizard
LogPluginManager: Mounting plugin PluginBrowser
LogPluginManager: Mounting plugin SpeedTreeImporter
LogPluginManager: Mounting plugin DatasmithContent
LogPluginManager: Mounting plugin VariantManagerContent
LogPluginManager: Mounting plugin AlembicImporter
LogPluginManager: Mounting plugin AppleImageUtils
LogPluginManager: Mounting plugin AppleVision
LogPluginManager: Mounting plugin BackChannel
LogPluginManager: Mounting plugin CharacterAI
LogPluginManager: Mounting plugin GeometryCache
LogPluginManager: Mounting plugin HTML5Networking
LogPluginManager: Mounting plugin ProxyLODPlugin
LogPluginManager: Mounting plugin MagicLeap
LogPluginManager: Mounting plugin MagicLeapMedia
LogPluginManager: Mounting plugin AndroidMedia
LogPluginManager: Mounting plugin AvfMedia
LogPluginManager: Mounting plugin ImgMedia
LogPluginManager: Mounting plugin LinearTimecode
LogPluginManager: Mounting plugin MediaCompositing
LogPluginManager: Mounting plugin MediaPlayerEditor
LogPluginManager: Mounting plugin WebMMedia
LogPluginManager: Mounting plugin WmfMedia
LogPluginManager: Mounting plugin TcpMessaging
LogPluginManager: Mounting plugin UdpMessaging
LogPluginManager: Mounting plugin ActorSequence
LogPluginManager: Mounting plugin LevelSequenceEditor
LogPluginManager: Mounting plugin MatineeToLevelSequence
LogPluginManager: Mounting plugin NetcodeUnitTest
LogPluginManager: Mounting plugin NUTUnrealEngine4
LogPluginManager: Mounting plugin OnlineSubsystemGooglePlay
LogPluginManager: Mounting plugin OnlineSubsystemIOS
LogPluginManager: Mounting plugin OnlineSubsystem
LogPluginManager: Mounting plugin OnlineSubsystemNull
LogPluginManager: Mounting plugin OnlineSubsystemUtils
LogPluginManager: Mounting plugin LauncherChunkInstaller
LogPluginManager: Mounting plugin AndroidDeviceProfileSelector
LogPluginManager: Mounting plugin AndroidMoviePlayer
LogPluginManager: Mounting plugin AndroidPermission
LogPluginManager: Mounting plugin AppleMoviePlayer
LogPluginManager: Mounting plugin ArchVisCharacter
LogPluginManager: Mounting plugin AudioCapture
LogPluginManager: Mounting plugin CableComponent
LogPluginManager: Mounting plugin CustomMeshComponent
LogPluginManager: Mounting plugin EditableMesh
LogPluginManager: Mounting plugin ExampleDeviceProfileSelector
LogPluginManager: Mounting plugin Firebase
LogPluginManager: Mounting plugin GoogleCloudMessaging
LogPluginManager: Mounting plugin IOSDeviceProfileSelector
LogPluginManager: Mounting plugin LinuxDeviceProfileSelector
LogPluginManager: Mounting plugin LocationServicesBPLibrary
LogPluginManager: Mounting plugin MobilePatchingUtils
LogPluginManager: Mounting plugin OculusVR
LogPluginManager: Mounting plugin PhysXVehicles
LogPluginManager: Mounting plugin ProceduralMeshComponent
LogPluginManager: Mounting plugin RuntimePhysXCooking
LogPluginManager: Mounting plugin SteamVR
LogPluginManager: Mounting plugin WebMMoviePlayer
LogPluginManager: Mounting plugin WindowsMoviePlayer
LogPluginManager: Mounting plugin Climb
LogStreaming: Display: Took  0.069s to configure plugins.
LogInit: Using libcurl 7.55.1-DEV
LogInit:  - built for x86_64-pc-win32
LogInit:  - supports SSL with OpenSSL/1.0.2h
LogInit:  - supports HTTP deflate (compression) using libz 1.2.8
LogInit:  - other features:
LogInit:      CURL_VERSION_SSL
LogInit:      CURL_VERSION_LIBZ
LogInit:      CURL_VERSION_IPV6
LogInit:      CURL_VERSION_ASYNCHDNS
LogInit:      CURL_VERSION_LARGEFILE
LogInit:      CURL_VERSION_IDN
LogInit:  CurlRequestOptions (configurable via config and command line):
LogInit:  - bVerifyPeer = true  - Libcurl will verify peer certificate
LogInit:  - bUseHttpProxy = false  - Libcurl will NOT use HTTP proxy
LogInit:  - bDontReuseConnections = false  - Libcurl will reuse connections
LogInit:  - MaxHostConnections = 16  - Libcurl will limit the number of connections to a host
LogInit:  - LocalHostAddr = Default
LogInit:  - BufferSize = 65536
LogInit: WinSock: version 1.1 (2.2), MaxSocks=32767, MaxUdp=65467
LogInit: Build: ++UE4+Release-4.21-CL-4613538
LogInit: Engine Version: 4.21.1-4613538+++UE4+Release-4.21
LogInit: Compatible Engine Version: 4.21.0-4541578+++UE4+Release-4.21
LogInit: Net CL: 4541578
LogInit: OS: Windows 10 (), CPU: Intel(R) Core(TM) i5-8600K CPU @ 3.60GHz, GPU: NVIDIA GeForce GTX 1060 6GB
LogInit: Compiled (64-bit): Nov 30 2018 04:13:25
LogInit: Compiled with Visual C++: 19.13.26129.00
LogInit: Build Configuration: Development
LogInit: Branch Name: ++UE4+Release-4.21
LogInit: Command Line: 
LogInit: Base Directory: C:/Program Files/Epic Games/UE_4.21/Engine/Binaries/Win64/
LogInit: Installed Engine Build: 1
LogDevObjectVersion: Number of dev versions registered: 22
LogDevObjectVersion:   Dev-Blueprints (B0D832E4-1F89-4F0D-ACCF-7EB736FD4AA2): 10
LogDevObjectVersion:   Dev-Build (E1C64328-A22C-4D53-A36C-8E866417BD8C): 0
LogDevObjectVersion:   Dev-Core (375EC13C-06E4-48FB-B500-84F0262A717E): 2
LogDevObjectVersion:   Dev-Editor (E4B068ED-F494-42E9-A231-DA0B2E46BB41): 26
LogDevObjectVersion:   Dev-Framework (CFFC743F-43B0-4480-9391-14DF171D2073): 34
LogDevObjectVersion:   Dev-Mobile (B02B49B5-BB20-44E9-A304-32B752E40360): 2
LogDevObjectVersion:   Dev-Networking (A4E4105C-59A1-49B5-A7C5-40C4547EDFEE): 0
LogDevObjectVersion:   Dev-Online (39C831C9-5AE6-47DC-9A44-9C173E1C8E7C): 0
LogDevObjectVersion:   Dev-Physics (78F01B33-EBEA-4F98-B9B4-84EACCB95AA2): 0
LogDevObjectVersion:   Dev-Platform (6631380F-2D4D-43E0-8009-CF276956A95A): 0
LogDevObjectVersion:   Dev-Rendering (12F88B9F-8875-4AFC-A67C-D90C383ABD29): 27
LogDevObjectVersion:   Dev-Sequencer (7B5AE74C-D270-4C10-A958-57980B212A5A): 9
LogDevObjectVersion:   Dev-VR (D7296918-1DD6-4BDD-9DE2-64A83CC13884): 2
LogDevObjectVersion:   Dev-LoadTimes (C2A15278-BFE7-4AFE-6C17-90FF531DF755): 1
LogDevObjectVersion:   Private-Geometry (6EACA3D4-40EC-4CC1-B786-8BED09428FC5): 3
LogDevObjectVersion:   Dev-AnimPhys (29E575DD-E0A3-4627-9D10-D276232CDCEA): 17
LogDevObjectVersion:   Dev-Anim (AF43A65D-7FD3-4947-9873-3E8ED9C1BB05): 2
LogDevObjectVersion:   Dev-ReflectionCapture (6B266CEC-1EC7-4B8F-A30B-E4D90942FC07): 1
LogDevObjectVersion:   Dev-Automation (0DF73D61-A23F-47EA-B727-89E90C41499A): 1
LogDevObjectVersion:   FortniteMain (601D1886-AC64-4F84-AA16-D3DE0DEAC7D6): 17
LogDevObjectVersion:   Dev-Enterprise (9DFFBCD6-494F-0158-E221-12823C92A888): 4
LogDevObjectVersion:   Dev-Niagara (F2AED0AC-9AFE-416F-8664-AA7FFA26D6FC): 1
LogStreaming: Display: Took  0.000s to delete old logs.
LogInit: Presizing for max 8388607 objects, including 0 objects not considered by GC, pre-allocating 0 bytes for permanent pool.
LogInit: Object subsystem initialized
LogConfig: Setting CVar [[con.DebugEarlyDefault:1]]
LogConfig: Setting CVar [[r.setres:1280x720]]
[2018.12.25-12.03.58:944][  0]LogConfig: Setting CVar [[r.VSync:0]]
[2018.12.25-12.03.58:944][  0]LogConfig: Setting CVar [[r.RHICmdBypass:0]]
[2018.12.25-12.03.58:944][  0]LogConfig: Applying CVar settings from Section [/Script/Engine.RendererSettings] File [C:/Users/MinLion/Desktop/UnrealProjects/UnrealMMO/TimeTravel/Saved/Config/Windows/Engine.ini]
[2018.12.25-12.03.58:944][  0]LogConfig: Setting CVar [[r.GPUCrashDebugging:0]]
[2018.12.25-12.03.58:944][  0]LogConfig: Applying CVar settings from Section [/Script/Engine.RendererOverrideSettings] File [C:/Users/MinLion/Desktop/UnrealProjects/UnrealMMO/TimeTravel/Saved/Config/Windows/Engine.ini]
[2018.12.25-12.03.58:944][  0]LogConfig: Applying CVar settings from Section [/Script/Engine.StreamingSettings] File [C:/Users/MinLion/Desktop/UnrealProjects/UnrealMMO/TimeTravel/Saved/Config/Windows/Engine.ini]
[2018.12.25-12.03.58:944][  0]LogConfig: Setting CVar [[s.MinBulkDataSizeForAsyncLoading:131072]]
[2018.12.25-12.03.58:944][  0]LogConfig: Setting CVar [[s.AsyncLoadingThreadEnabled:0]]
[2018.12.25-12.03.58:944][  0]LogConfig: Setting CVar [[s.EventDrivenLoaderEnabled:1]]
[2018.12.25-12.03.58:944][  0]LogConfig: Setting CVar [[s.WarnIfTimeLimitExceeded:0]]
[2018.12.25-12.03.58:944][  0]LogConfig: Setting CVar [[s.TimeLimitExceededMultiplier:1.5]]
[2018.12.25-12.03.58:944][  0]LogConfig: Setting CVar [[s.TimeLimitExceededMinTime:0.005]]
[2018.12.25-12.03.58:944][  0]LogConfig: Setting CVar [[s.UseBackgroundLevelStreaming:1]]
[2018.12.25-12.03.58:944][  0]LogConfig: Setting CVar [[s.PriorityAsyncLoadingExtraTime:15.0]]
[2018.12.25-12.03.58:944][  0]LogConfig: Setting CVar [[s.LevelStreamingActorsUpdateTimeLimit:5.0]]
[2018.12.25-12.03.58:944][  0]LogConfig: Setting CVar [[s.PriorityLevelStreamingActorsUpdateExtraTime:5.0]]
[2018.12.25-12.03.58:944][  0]LogConfig: Setting CVar [[s.LevelStreamingComponentsRegistrationGranularity:10]]
[2018.12.25-12.03.58:944][  0]LogConfig: Setting CVar [[s.UnregisterComponentsTimeLimit:1.0]]
[2018.12.25-12.03.58:944][  0]LogConfig: Setting CVar [[s.LevelStreamingComponentsUnregistrationGranularity:5]]
[2018.12.25-12.03.58:944][  0]LogConfig: Applying CVar settings from Section [/Script/Engine.GarbageCollectionSettings] File [C:/Users/MinLion/Desktop/UnrealProjects/UnrealMMO/TimeTravel/Saved/Config/Windows/Engine.ini]
[2018.12.25-12.03.58:944][  0]LogConfig: Setting CVar [[gc.MaxObjectsNotConsideredByGC:1]]
[2018.12.25-12.03.58:944][  0]LogConfig: Setting CVar [[gc.SizeOfPermanentObjectPool:0]]
[2018.12.25-12.03.58:944][  0]LogConfig: Setting CVar [[gc.FlushStreamingOnGC:0]]
[2018.12.25-12.03.58:944][  0]LogConfig: Setting CVar [[gc.NumRetriesBeforeForcingGC:10]]
[2018.12.25-12.03.58:944][  0]LogConfig: Setting CVar [[gc.AllowParallelGC:1]]
[2018.12.25-12.03.58:944][  0]LogConfig: Setting CVar [[gc.TimeBetweenPurgingPendingKillObjects:61.1]]
[2018.12.25-12.03.58:944][  0]LogConfig: Setting CVar [[gc.MaxObjectsInEditor:8388607]]
[2018.12.25-12.03.58:944][  0]LogConfig: Setting CVar [[gc.IncrementalBeginDestroyEnabled:1]]
[2018.12.25-12.03.58:944][  0]LogConfig: Setting CVar [[gc.CreateGCClusters:1]]
[2018.12.25-12.03.58:944][  0]LogConfig: Setting CVar [[gc.MergeGCClusters:0]]
[2018.12.25-12.03.58:944][  0]LogConfig: Setting CVar [[gc.MinGCClusterSize:5]]
[2018.12.25-12.03.58:944][  0]LogConfig: Setting CVar [[gc.ActorClusteringEnabled:0]]
[2018.12.25-12.03.58:944][  0]LogConfig: Setting CVar [[gc.BlueprintClusteringEnabled:0]]
[2018.12.25-12.03.58:944][  0]LogConfig: Setting CVar [[gc.UseDisregardForGCOnDedicatedServers:0]]
[2018.12.25-12.03.58:944][  0]LogConfig: Applying CVar settings from Section [/Script/Engine.NetworkSettings] File [C:/Users/MinLion/Desktop/UnrealProjects/UnrealMMO/TimeTravel/Saved/Config/Windows/Engine.ini]
[2018.12.25-12.03.58:944][  0]LogConfig: Applying CVar settings from Section [/Script/UnrealEd.CookerSettings] File [C:/Users/MinLion/Desktop/UnrealProjects/UnrealMMO/TimeTravel/Saved/Config/Windows/Engine.ini]
[2018.12.25-12.03.58:947][  0]LogConfig: Applying CVar settings from Section [ViewDistanceQuality@3] File [C:/Users/MinLion/Desktop/UnrealProjects/UnrealMMO/TimeTravel/Saved/Config/Windows/Scalability.ini]
[2018.12.25-12.03.58:947][  0]LogConfig: Setting CVar [[r.SkeletalMeshLODBias:0]]
[2018.12.25-12.03.58:947][  0]LogConfig: Setting CVar [[r.ViewDistanceScale:1.0]]
[2018.12.25-12.03.58:947][  0]LogConfig: Applying CVar settings from Section [AntiAliasingQuality@3] File [C:/Users/MinLion/Desktop/UnrealProjects/UnrealMMO/TimeTravel/Saved/Config/Windows/Scalability.ini]
[2018.12.25-12.03.58:947][  0]LogConfig: Setting CVar [[r.PostProcessAAQuality:4]]
[2018.12.25-12.03.58:947][  0]LogConfig: Applying CVar settings from Section [ShadowQuality@3] File [C:/Users/MinLion/Desktop/UnrealProjects/UnrealMMO/TimeTravel/Saved/Config/Windows/Scalability.ini]
[2018.12.25-12.03.58:947][  0]LogConfig: Setting CVar [[r.LightFunctionQuality:1]]
[2018.12.25-12.03.58:947][  0]LogConfig: Setting CVar [[r.ShadowQuality:5]]
[2018.12.25-12.03.58:947][  0]LogConfig: Setting CVar [[r.Shadow.CSM.MaxCascades:10]]
[2018.12.25-12.03.58:947][  0]LogConfig: Setting CVar [[r.Shadow.MaxResolution:2048]]
[2018.12.25-12.03.58:947][  0]LogConfig: Setting CVar [[r.Shadow.MaxCSMResolution:2048]]
[2018.12.25-12.03.58:947][  0]LogConfig: Setting CVar [[r.Shadow.RadiusThreshold:0.01]]
[2018.12.25-12.03.58:947][  0]LogConfig: Setting CVar [[r.Shadow.DistanceScale:1.0]]
[2018.12.25-12.03.58:947][  0]LogConfig: Setting CVar [[r.Shadow.CSM.TransitionScale:1.0]]
[2018.12.25-12.03.58:947][  0]LogConfig: Setting CVar [[r.Shadow.PreShadowResolutionFactor:1.0]]
[2018.12.25-12.03.58:947][  0]LogConfig: Setting CVar [[r.DistanceFieldShadowing:1]]
[2018.12.25-12.03.58:947][  0]LogConfig: Setting CVar [[r.DistanceFieldAO:1]]
[2018.12.25-12.03.58:947][  0]LogConfig: Setting CVar [[r.AOQuality:2]]
[2018.12.25-12.03.58:947][  0]LogConfig: Setting CVar [[r.VolumetricFog:1]]
[2018.12.25-12.03.58:947][  0]LogConfig: Setting CVar [[r.VolumetricFog.GridPixelSize:8]]
[2018.12.25-12.03.58:947][  0]LogConfig: Setting CVar [[r.VolumetricFog.GridSizeZ:128]]
[2018.12.25-12.03.58:947][  0]LogConfig: Setting CVar [[r.VolumetricFog.HistoryMissSupersampleCount:4]]
[2018.12.25-12.03.58:947][  0]LogConfig: Setting CVar [[r.LightMaxDrawDistanceScale:1]]
[2018.12.25-12.03.58:947][  0]LogConfig: Setting CVar [[r.CapsuleShadows:1]]
[2018.12.25-12.03.58:947][  0]LogConfig: Applying CVar settings from Section [PostProcessQuality@3] File [C:/Users/MinLion/Desktop/UnrealProjects/UnrealMMO/TimeTravel/Saved/Config/Windows/Scalability.ini]
[2018.12.25-12.03.58:947][  0]LogConfig: Setting CVar [[r.MotionBlurQuality:4]]
[2018.12.25-12.03.58:947][  0]LogConfig: Setting CVar [[r.AmbientOcclusionMipLevelFactor:0.4]]
[2018.12.25-12.03.58:947][  0]LogConfig: Setting CVar [[r.AmbientOcclusionMaxQuality:100]]
[2018.12.25-12.03.58:947][  0]LogConfig: Setting CVar [[r.AmbientOcclusionLevels:-1]]
[2018.12.25-12.03.58:947][  0]LogConfig: Setting CVar [[r.AmbientOcclusionRadiusScale:1.0]]
[2018.12.25-12.03.58:947][  0]LogConfig: Setting CVar [[r.DepthOfFieldQuality:2]]
[2018.12.25-12.03.58:947][  0]LogConfig: Setting CVar [[r.RenderTargetPoolMin:400]]
[2018.12.25-12.03.58:947][  0]LogConfig: Setting CVar [[r.LensFlareQuality:2]]
[2018.12.25-12.03.58:947][  0]LogConfig: Setting CVar [[r.SceneColorFringeQuality:1]]
[2018.12.25-12.03.58:947][  0]LogConfig: Setting CVar [[r.EyeAdaptationQuality:2]]
[2018.12.25-12.03.58:947][  0]LogConfig: Setting CVar [[r.BloomQuality:5]]
[2018.12.25-12.03.58:947][  0]LogConfig: Setting CVar [[r.FastBlurThreshold:100]]
[2018.12.25-12.03.58:947][  0]LogConfig: Setting CVar [[r.Upscale.Quality:3]]
[2018.12.25-12.03.58:947][  0]LogConfig: Setting CVar [[r.Tonemapper.GrainQuantization:1]]
[2018.12.25-12.03.58:947][  0]LogConfig: Setting CVar [[r.LightShaftQuality:1]]
[2018.12.25-12.03.58:947][  0]LogConfig: Setting CVar [[r.Filter.SizeScale:1]]
[2018.12.25-12.03.58:947][  0]LogConfig: Setting CVar [[r.Tonemapper.Quality:5]]
[2018.12.25-12.03.58:947][  0]LogConfig: Setting CVar [[r.DOF.Gather.AccumulatorQuality:1        ; higher gathering accumulator quality]]
[2018.12.25-12.03.58:947][  0]LogConfig: Setting CVar [[r.DOF.Gather.PostfilterMethod:1          ; Median3x3 postfilering method]]
[2018.12.25-12.03.58:947][  0]LogConfig: Setting CVar [[r.DOF.Gather.EnableBokehSettings:0       ; no bokeh simulation when gathering]]
[2018.12.25-12.03.58:947][  0]LogConfig: Setting CVar [[r.DOF.Gather.RingCount:4                 ; medium number of samples when gathering]]
[2018.12.25-12.03.58:947][  0]LogConfig: Setting CVar [[r.DOF.Scatter.ForegroundCompositing:1    ; additive foreground scattering]]
[2018.12.25-12.03.58:947][  0]LogConfig: Setting CVar [[r.DOF.Scatter.BackgroundCompositing:2    ; additive background scattering]]
[2018.12.25-12.03.58:947][  0]LogConfig: Setting CVar [[r.DOF.Scatter.EnableBokehSettings:1      ; bokeh simulation when scattering]]
[2018.12.25-12.03.58:947][  0]LogConfig: Setting CVar [[r.DOF.Scatter.MaxSpriteRatio:0.1         ; only a maximum of 10% of scattered bokeh]]
[2018.12.25-12.03.58:947][  0]LogConfig: Setting CVar [[r.DOF.Recombine.Quality:1                ; cheap slight out of focus]]
[2018.12.25-12.03.58:947][  0]LogConfig: Setting CVar [[r.DOF.Recombine.EnableBokehSettings:0    ; no bokeh simulation on slight out of focus]]
[2018.12.25-12.03.58:947][  0]LogConfig: Setting CVar [[r.DOF.TemporalAAQuality:1                ; more stable temporal accumulation]]
[2018.12.25-12.03.58:947][  0]LogConfig: Setting CVar [[r.DOF.Kernel.MaxForegroundRadius:0.025]]
[2018.12.25-12.03.58:947][  0]LogConfig: Setting CVar [[r.DOF.Kernel.MaxBackgroundRadius:0.025]]
[2018.12.25-12.03.58:947][  0]LogConfig: Applying CVar settings from Section [TextureQuality@3] File [C:/Users/MinLion/Desktop/UnrealProjects/UnrealMMO/TimeTravel/Saved/Config/Windows/Scalability.ini]
[2018.12.25-12.03.58:947][  0]LogConfig: Setting CVar [[r.Streaming.MipBias:0]]
[2018.12.25-12.03.58:947][  0]LogConfig: Setting CVar [[r.Streaming.AmortizeCPUToGPUCopy:0]]
[2018.12.25-12.03.58:947][  0]LogConfig: Setting CVar [[r.Streaming.MaxNumTexturesToStreamPerFrame:0]]
[2018.12.25-12.03.58:947][  0]LogConfig: Setting CVar [[r.Streaming.Boost:1]]
[2018.12.25-12.03.58:947][  0]LogConfig: Setting CVar [[r.MaxAnisotropy:8]]
[2018.12.25-12.03.58:948][  0]LogConfig: Setting CVar [[r.Streaming.LimitPoolSizeToVRAM:0]]
[2018.12.25-12.03.58:948][  0]LogConfig: Setting CVar [[r.Streaming.PoolSize:1000]]
[2018.12.25-12.03.58:948][  0]LogConfig: Setting CVar [[r.Streaming.MaxEffectiveScreenSize:0]]
[2018.12.25-12.03.58:948][  0]LogConfig: Applying CVar settings from Section [EffectsQuality@3] File [C:/Users/MinLion/Desktop/UnrealProjects/UnrealMMO/TimeTravel/Saved/Config/Windows/Scalability.ini]
[2018.12.25-12.03.58:948][  0]LogConfig: Setting CVar [[r.TranslucencyLightingVolumeDim:64]]
[2018.12.25-12.03.58:948][  0]LogConfig: Setting CVar [[r.RefractionQuality:2]]
[2018.12.25-12.03.58:948][  0]LogConfig: Setting CVar [[r.SSR.Quality:3]]
[2018.12.25-12.03.58:948][  0]LogConfig: Setting CVar [[r.SceneColorFormat:4]]
[2018.12.25-12.03.58:948][  0]LogConfig: Setting CVar [[r.DetailMode:2]]
[2018.12.25-12.03.58:948][  0]LogConfig: Setting CVar [[r.TranslucencyVolumeBlur:1]]
[2018.12.25-12.03.58:948][  0]LogConfig: Setting CVar [[r.MaterialQualityLevel:1 ; High quality]]
[2018.12.25-12.03.58:948][  0]LogConfig: Setting CVar [[r.SSS.Scale:1]]
[2018.12.25-12.03.58:948][  0]LogConfig: Setting CVar [[r.SSS.SampleSet:2]]
[2018.12.25-12.03.58:948][  0]LogConfig: Setting CVar [[r.SSS.Quality:1]]
[2018.12.25-12.03.58:948][  0]LogConfig: Setting CVar [[r.SSS.HalfRes:1]]
[2018.12.25-12.03.58:948][  0]LogConfig: Setting CVar [[r.EmitterSpawnRateScale:1.0]]
[2018.12.25-12.03.58:948][  0]LogConfig: Setting CVar [[r.ParticleLightQuality:2]]
[2018.12.25-12.03.58:948][  0]LogConfig: Applying CVar settings from Section [FoliageQuality@3] File [C:/Users/MinLion/Desktop/UnrealProjects/UnrealMMO/TimeTravel/Saved/Config/Windows/Scalability.ini]
[2018.12.25-12.03.58:948][  0]LogConfig: Setting CVar [[foliage.DensityScale:1.0]]
[2018.12.25-12.03.58:948][  0]LogConfig: Setting CVar [[grass.DensityScale:1.0]]
[2018.12.25-12.03.58:948][  0]LogInit: Selected Device Profile: [Windows]
[2018.12.25-12.03.58:948][  0]LogInit: Applying CVar settings loaded from the selected device profile: [Windows]
[2018.12.25-12.03.58:953][  0]LogHAL: Display: Platform has ~ 16 GB [17116471296 / 17179869184 / 16], which maps to Larger [LargestMinGB=32, LargerMinGB=12, DefaultMinGB=8, SmallerMinGB=6, SmallestMinGB=0)
[2018.12.25-12.03.58:953][  0]LogConfig: Setting CVar [[r.Vulkan.UseRealUBs:1]]
[2018.12.25-12.03.58:953][  0]LogInit: Going up to parent DeviceProfile []
[2018.12.25-12.03.58:953][  0]LogConfig: Applying CVar settings from Section [ViewDistanceQuality@3] File [C:/Users/MinLion/Desktop/UnrealProjects/UnrealMMO/TimeTravel/Saved/Config/Windows/Scalability.ini]
[2018.12.25-12.03.58:953][  0]LogConfig: Setting CVar [[r.SkeletalMeshLODBias:0]]
[2018.12.25-12.03.58:953][  0]LogConfig: Setting CVar [[r.ViewDistanceScale:1.0]]
[2018.12.25-12.03.58:953][  0]LogConfig: Applying CVar settings from Section [AntiAliasingQuality@3] File [C:/Users/MinLion/Desktop/UnrealProjects/UnrealMMO/TimeTravel/Saved/Config/Windows/Scalability.ini]
[2018.12.25-12.03.58:953][  0]LogConfig: Setting CVar [[r.PostProcessAAQuality:4]]
[2018.12.25-12.03.58:953][  0]LogConfig: Applying CVar settings from Section [ShadowQuality@3] File [C:/Users/MinLion/Desktop/UnrealProjects/UnrealMMO/TimeTravel/Saved/Config/Windows/Scalability.ini]
[2018.12.25-12.03.58:953][  0]LogConfig: Setting CVar [[r.LightFunctionQuality:1]]
[2018.12.25-12.03.58:953][  0]LogConfig: Setting CVar [[r.ShadowQuality:5]]
[2018.12.25-12.03.58:953][  0]LogConfig: Setting CVar [[r.Shadow.CSM.MaxCascades:10]]
[2018.12.25-12.03.58:953][  0]LogConfig: Setting CVar [[r.Shadow.MaxResolution:2048]]
[2018.12.25-12.03.58:953][  0]LogConfig: Setting CVar [[r.Shadow.MaxCSMResolution:2048]]
[2018.12.25-12.03.58:953][  0]LogConfig: Setting CVar [[r.Shadow.RadiusThreshold:0.01]]
[2018.12.25-12.03.58:953][  0]LogConfig: Setting CVar [[r.Shadow.DistanceScale:1.0]]
[2018.12.25-12.03.58:953][  0]LogConfig: Setting CVar [[r.Shadow.CSM.TransitionScale:1.0]]
[2018.12.25-12.03.58:953][  0]LogConfig: Setting CVar [[r.Shadow.PreShadowResolutionFactor:1.0]]
[2018.12.25-12.03.58:953][  0]LogConfig: Setting CVar [[r.DistanceFieldShadowing:1]]
[2018.12.25-12.03.58:953][  0]LogConfig: Setting CVar [[r.DistanceFieldAO:1]]
[2018.12.25-12.03.58:953][  0]LogConfig: Setting CVar [[r.AOQuality:2]]
[2018.12.25-12.03.58:953][  0]LogConfig: Setting CVar [[r.VolumetricFog:1]]
[2018.12.25-12.03.58:953][  0]LogConfig: Setting CVar [[r.VolumetricFog.GridPixelSize:8]]
[2018.12.25-12.03.58:953][  0]LogConfig: Setting CVar [[r.VolumetricFog.GridSizeZ:128]]
[2018.12.25-12.03.58:953][  0]LogConfig: Setting CVar [[r.VolumetricFog.HistoryMissSupersampleCount:4]]
[2018.12.25-12.03.58:953][  0]LogConfig: Setting CVar [[r.LightMaxDrawDistanceScale:1]]
[2018.12.25-12.03.58:953][  0]LogConfig: Setting CVar [[r.CapsuleShadows:1]]
[2018.12.25-12.03.58:953][  0]LogConfig: Applying CVar settings from Section [PostProcessQuality@3] File [C:/Users/MinLion/Desktop/UnrealProjects/UnrealMMO/TimeTravel/Saved/Config/Windows/Scalability.ini]
[2018.12.25-12.03.58:953][  0]LogConfig: Setting CVar [[r.MotionBlurQuality:4]]
[2018.12.25-12.03.58:953][  0]LogConfig: Setting CVar [[r.AmbientOcclusionMipLevelFactor:0.4]]
[2018.12.25-12.03.58:953][  0]LogConfig: Setting CVar [[r.AmbientOcclusionMaxQuality:100]]
[2018.12.25-12.03.58:953][  0]LogConfig: Setting CVar [[r.AmbientOcclusionLevels:-1]]
[2018.12.25-12.03.58:953][  0]LogConfig: Setting CVar [[r.AmbientOcclusionRadiusScale:1.0]]
[2018.12.25-12.03.58:953][  0]LogConfig: Setting CVar [[r.DepthOfFieldQuality:2]]
[2018.12.25-12.03.58:953][  0]LogConfig: Setting CVar [[r.RenderTargetPoolMin:400]]
[2018.12.25-12.03.58:953][  0]LogConfig: Setting CVar [[r.LensFlareQuality:2]]
[2018.12.25-12.03.58:953][  0]LogConfig: Setting CVar [[r.SceneColorFringeQuality:1]]
[2018.12.25-12.03.58:953][  0]LogConfig: Setting CVar [[r.EyeAdaptationQuality:2]]
[2018.12.25-12.03.58:953][  0]LogConfig: Setting CVar [[r.BloomQuality:5]]
[2018.12.25-12.03.58:953][  0]LogConfig: Setting CVar [[r.FastBlurThreshold:100]]
[2018.12.25-12.03.58:953][  0]LogConfig: Setting CVar [[r.Upscale.Quality:3]]
[2018.12.25-12.03.58:953][  0]LogConfig: Setting CVar [[r.Tonemapper.GrainQuantization:1]]
[2018.12.25-12.03.58:953][  0]LogConfig: Setting CVar [[r.LightShaftQuality:1]]
[2018.12.25-12.03.58:953][  0]LogConfig: Setting CVar [[r.Filter.SizeScale:1]]
[2018.12.25-12.03.58:953][  0]LogConfig: Setting CVar [[r.Tonemapper.Quality:5]]
[2018.12.25-12.03.58:953][  0]LogConfig: Setting CVar [[r.DOF.Gather.AccumulatorQuality:1        ; higher gathering accumulator quality]]
[2018.12.25-12.03.58:953][  0]LogConfig: Setting CVar [[r.DOF.Gather.PostfilterMethod:1          ; Median3x3 postfilering method]]
[2018.12.25-12.03.58:953][  0]LogConfig: Setting CVar [[r.DOF.Gather.EnableBokehSettings:0       ; no bokeh simulation when gathering]]
[2018.12.25-12.03.58:953][  0]LogConfig: Setting CVar [[r.DOF.Gather.RingCount:4                 ; medium number of samples when gathering]]
[2018.12.25-12.03.58:953][  0]LogConfig: Setting CVar [[r.DOF.Scatter.ForegroundCompositing:1    ; additive foreground scattering]]
[2018.12.25-12.03.58:953][  0]LogConfig: Setting CVar [[r.DOF.Scatter.BackgroundCompositing:2    ; additive background scattering]]
[2018.12.25-12.03.58:953][  0]LogConfig: Setting CVar [[r.DOF.Scatter.EnableBokehSettings:1      ; bokeh simulation when scattering]]
[2018.12.25-12.03.58:953][  0]LogConfig: Setting CVar [[r.DOF.Scatter.MaxSpriteRatio:0.1         ; only a maximum of 10% of scattered bokeh]]
[2018.12.25-12.03.58:953][  0]LogConfig: Setting CVar [[r.DOF.Recombine.Quality:1                ; cheap slight out of focus]]
[2018.12.25-12.03.58:953][  0]LogConfig: Setting CVar [[r.DOF.Recombine.EnableBokehSettings:0    ; no bokeh simulation on slight out of focus]]
[2018.12.25-12.03.58:953][  0]LogConfig: Setting CVar [[r.DOF.TemporalAAQuality:1                ; more stable temporal accumulation]]
[2018.12.25-12.03.58:953][  0]LogConfig: Setting CVar [[r.DOF.Kernel.MaxForegroundRadius:0.025]]
[2018.12.25-12.03.58:953][  0]LogConfig: Setting CVar [[r.DOF.Kernel.MaxBackgroundRadius:0.025]]
[2018.12.25-12.03.58:953][  0]LogConfig: Applying CVar settings from Section [TextureQuality@3] File [C:/Users/MinLion/Desktop/UnrealProjects/UnrealMMO/TimeTravel/Saved/Config/Windows/Scalability.ini]
[2018.12.25-12.03.58:953][  0]LogConfig: Setting CVar [[r.Streaming.MipBias:0]]
[2018.12.25-12.03.58:953][  0]LogConfig: Setting CVar [[r.Streaming.AmortizeCPUToGPUCopy:0]]
[2018.12.25-12.03.58:953][  0]LogConfig: Setting CVar [[r.Streaming.MaxNumTexturesToStreamPerFrame:0]]
[2018.12.25-12.03.58:953][  0]LogConfig: Setting CVar [[r.Streaming.Boost:1]]
[2018.12.25-12.03.58:953][  0]LogConfig: Setting CVar [[r.MaxAnisotropy:8]]
[2018.12.25-12.03.58:953][  0]LogConfig: Setting CVar [[r.Streaming.LimitPoolSizeToVRAM:0]]
[2018.12.25-12.03.58:953][  0]LogConfig: Setting CVar [[r.Streaming.PoolSize:1000]]
[2018.12.25-12.03.58:953][  0]LogConfig: Setting CVar [[r.Streaming.MaxEffectiveScreenSize:0]]
[2018.12.25-12.03.58:953][  0]LogConfig: Applying CVar settings from Section [EffectsQuality@3] File [C:/Users/MinLion/Desktop/UnrealProjects/UnrealMMO/TimeTravel/Saved/Config/Windows/Scalability.ini]
[2018.12.25-12.03.58:954][  0]LogConfig: Setting CVar [[r.TranslucencyLightingVolumeDim:64]]
[2018.12.25-12.03.58:954][  0]LogConfig: Setting CVar [[r.RefractionQuality:2]]
[2018.12.25-12.03.58:954][  0]LogConfig: Setting CVar [[r.SSR.Quality:3]]
[2018.12.25-12.03.58:954][  0]LogConfig: Setting CVar [[r.SceneColorFormat:4]]
[2018.12.25-12.03.58:954][  0]LogConfig: Setting CVar [[r.DetailMode:2]]
[2018.12.25-12.03.58:954][  0]LogConfig: Setting CVar [[r.TranslucencyVolumeBlur:1]]
[2018.12.25-12.03.58:954][  0]LogConfig: Setting CVar [[r.MaterialQualityLevel:1 ; High quality]]
[2018.12.25-12.03.58:954][  0]LogConfig: Setting CVar [[r.SSS.Scale:1]]
[2018.12.25-12.03.58:954][  0]LogConfig: Setting CVar [[r.SSS.SampleSet:2]]
[2018.12.25-12.03.58:954][  0]LogConfig: Setting CVar [[r.SSS.Quality:1]]
[2018.12.25-12.03.58:954][  0]LogConfig: Setting CVar [[r.SSS.HalfRes:1]]
[2018.12.25-12.03.58:954][  0]LogConfig: Setting CVar [[r.EmitterSpawnRateScale:1.0]]
[2018.12.25-12.03.58:954][  0]LogConfig: Setting CVar [[r.ParticleLightQuality:2]]
[2018.12.25-12.03.58:954][  0]LogConfig: Applying CVar settings from Section [FoliageQuality@3] File [C:/Users/MinLion/Desktop/UnrealProjects/UnrealMMO/TimeTravel/Saved/Config/Windows/Scalability.ini]
[2018.12.25-12.03.58:954][  0]LogConfig: Setting CVar [[foliage.DensityScale:1.0]]
[2018.12.25-12.03.58:954][  0]LogConfig: Setting CVar [[grass.DensityScale:1.0]]
[2018.12.25-12.03.58:954][  0]LogConfig: Applying CVar settings from Section [Startup] File [../../../Engine/Config/ConsoleVariables.ini]
[2018.12.25-12.03.58:954][  0]LogConfig: Setting CVar [[net.UseAdaptiveNetUpdateFrequency:0]]
[2018.12.25-12.03.58:954][  0]LogConfig: Applying CVar settings from Section [ConsoleVariables] File [C:/Users/MinLion/Desktop/UnrealProjects/UnrealMMO/TimeTravel/Saved/Config/Windows/Engine.ini]
[2018.12.25-12.03.58:954][  0]LogInit: Computer: DESKTOP-RAID143
[2018.12.25-12.03.58:954][  0]LogInit: User: MinLion
[2018.12.25-12.03.58:954][  0]LogInit: CPU Page size=4096, Cores=6
[2018.12.25-12.03.58:954][  0]LogInit: High frequency timer resolution =3.515631 MHz
[2018.12.25-12.03.58:954][  0]LogMemory: Memory total: Physical=15.9GB (16GB approx)
[2018.12.25-12.03.58:954][  0]LogMemory: Platform Memory Stats for Windows
[2018.12.25-12.03.58:954][  0]LogMemory: Process Physical Memory: 102.55 MB used, 102.55 MB peak
[2018.12.25-12.03.58:954][  0]LogMemory: Process Virtual Memory: 84.98 MB used, 84.98 MB peak
[2018.12.25-12.03.58:954][  0]LogMemory: Physical Memory: 4310.53 MB used,  12013.01 MB free, 16323.54 MB total
[2018.12.25-12.03.58:954][  0]LogMemory: Virtual Memory: 4642.55 MB used,  134213088.00 MB free, 134217728.00 MB total
[2018.12.25-12.03.58:968][  0]LogInit: Using OS detected language (ko-KR).
[2018.12.25-12.03.58:968][  0]LogInit: Using OS detected locale (ko-KR).
[2018.12.25-12.03.58:969][  0]LogTextLocalizationManager: No specific localization for 'ko-KR' exists, so the 'ko' localization will be used.
[2018.12.25-12.03.59:270][  0]LogStreaming: Display: Took  0.302s to InitEngineTextLocalization.
[2018.12.25-12.03.59:271][  0]LogInit: Setting process to per monitor DPI aware
[2018.12.25-12.03.59:291][  0]LogSlate: New Slate User Created.  User Index 0, Is Virtual User: 0
[2018.12.25-12.03.59:291][  0]LogSlate: Slate User Registered.  User Index 0, Is Virtual User: 0
[2018.12.25-12.03.59:433][  0]LogHMD: Failed to initialize OpenVR with code 110
[2018.12.25-12.03.59:433][  0]LogD3D11RHI: D3D11 adapters:
[2018.12.25-12.03.59:486][  0]LogD3D11RHI:    0. 'NVIDIA GeForce GTX 1060 6GB' (Feature Level 11_0)
[2018.12.25-12.03.59:486][  0]LogD3D11RHI:       6052/0/8161 MB DedicatedVideo/DedicatedSystem/SharedSystem, Outputs:1, VendorId:0x10de
[2018.12.25-12.03.59:488][  0]LogD3D11RHI:    1. 'Microsoft Basic Render Driver' (Feature Level 11_0)
[2018.12.25-12.03.59:488][  0]LogD3D11RHI:       0/0/8161 MB DedicatedVideo/DedicatedSystem/SharedSystem, Outputs:0, VendorId:0x1414
[2018.12.25-12.03.59:488][  0]LogD3D11RHI: Chosen D3D11 Adapter: 0
[2018.12.25-12.03.59:492][  0]LogD3D11RHI: Creating new Direct3DDevice
[2018.12.25-12.03.59:492][  0]LogD3D11RHI:     GPU DeviceId: 0x1c03 (for the marketing name, search the web for "GPU Device Id")
[2018.12.25-12.03.59:492][  0]LogWindows: EnumDisplayDevices:
[2018.12.25-12.03.59:492][  0]LogWindows:    0. 'NVIDIA GeForce GTX 1060 6GB' (P:1 D:1)
[2018.12.25-12.03.59:493][  0]LogWindows:    1. 'NVIDIA GeForce GTX 1060 6GB' (P:0 D:0)
[2018.12.25-12.03.59:493][  0]LogWindows:    2. 'NVIDIA GeForce GTX 1060 6GB' (P:0 D:0)
[2018.12.25-12.03.59:493][  0]LogWindows:    3. 'NVIDIA GeForce GTX 1060 6GB' (P:0 D:0)
[2018.12.25-12.03.59:493][  0]LogWindows: DebugString: FoundDriverCount:4 
[2018.12.25-12.03.59:493][  0]LogD3D11RHI:     Adapter Name: NVIDIA GeForce GTX 1060 6GB
[2018.12.25-12.03.59:493][  0]LogD3D11RHI:   Driver Version: 416.16 (internal:25.21.14.1616, unified:416.16)
[2018.12.25-12.03.59:493][  0]LogD3D11RHI:      Driver Date: 10-2-2018
[2018.12.25-12.03.59:493][  0]LogRHI: Texture pool is 4236 MB (70% of 6052 MB)
[2018.12.25-12.03.59:529][  0]LogD3D11RHI: Async texture creation enabled
[2018.12.25-12.03.59:546][  0]LogD3D11RHI: GPU Timing Frequency: 1000.000000 (Debug: 2 2)
[2018.12.25-12.03.59:787][  0]LogTemp: Display: Loaded TP AllDesktopTargetPlatform
[2018.12.25-12.03.59:797][  0]LogTemp: Display: Loaded TP MacClientTargetPlatform
[2018.12.25-12.03.59:807][  0]LogTemp: Display: Loaded TP MacNoEditorTargetPlatform
[2018.12.25-12.03.59:816][  0]LogTemp: Display: Loaded TP MacServerTargetPlatform
[2018.12.25-12.03.59:826][  0]LogTemp: Display: Loaded TP MacTargetPlatform
[2018.12.25-12.03.59:836][  0]LogTemp: Display: Loaded TP WindowsClientTargetPlatform
[2018.12.25-12.03.59:852][  0]LogTemp: Display: Loaded TP WindowsNoEditorTargetPlatform
[2018.12.25-12.03.59:862][  0]LogTemp: Display: Loaded TP WindowsServerTargetPlatform
[2018.12.25-12.03.59:866][  0]LogTemp: Display: Loaded TP WindowsTargetPlatform
[2018.12.25-12.03.59:926][  0]LogTemp: Display: Loaded TP AndroidTargetPlatform
[2018.12.25-12.03.59:926][  0]LogTemp: Display: Loaded TP AndroidTargetPlatform
[2018.12.25-12.03.59:926][  0]LogTemp: Display: Loaded TP AndroidTargetPlatform
[2018.12.25-12.03.59:926][  0]LogTemp: Display: Loaded TP AndroidTargetPlatform
[2018.12.25-12.03.59:926][  0]LogTemp: Display: Loaded TP AndroidTargetPlatform
[2018.12.25-12.03.59:926][  0]LogTemp: Display: Loaded TP AndroidTargetPlatform
[2018.12.25-12.03.59:926][  0]LogTemp: Display: Loaded TP AndroidTargetPlatform
[2018.12.25-12.03.59:926][  0]LogTemp: Display: Loaded TP AndroidTargetPlatform
[2018.12.25-12.03.59:926][  0]LogTemp: Display: Loaded TP AndroidTargetPlatform
[2018.12.25-12.03.59:926][  0]LogTemp: Display: Loaded TP AndroidTargetPlatform
[2018.12.25-12.03.59:926][  0]LogTemp: Display: Loaded TP AndroidTargetPlatform
[2018.12.25-12.03.59:926][  0]LogTemp: Display: Loaded TP AndroidTargetPlatform
[2018.12.25-12.03.59:926][  0]LogTemp: Display: Loaded TP AndroidTargetPlatform
[2018.12.25-12.03.59:926][  0]LogTemp: Display: Loaded TP AndroidTargetPlatform
[2018.12.25-12.03.59:926][  0]LogTemp: Display: Loaded TP AndroidTargetPlatform
[2018.12.25-12.03.59:926][  0]LogTemp: Display: Loaded TP AndroidTargetPlatform
[2018.12.25-12.03.59:926][  0]LogTemp: Display: Loaded TP AndroidTargetPlatform
[2018.12.25-12.03.59:926][  0]LogTemp: Display: Loaded TP AndroidTargetPlatform
[2018.12.25-12.03.59:927][  0]LogTemp: Display: Loaded TP HTML5TargetPlatform
[2018.12.25-12.03.59:979][  0]LogTemp: Display: Loaded TP IOSTargetPlatform
[2018.12.25-12.03.59:979][  0]LogTemp: Display: Loaded TP IOSTargetPlatform
[2018.12.25-12.03.59:997][  0]LogTemp: Display: Loaded TP TVOSTargetPlatform
[2018.12.25-12.03.59:997][  0]LogTemp: Display: Loaded TP TVOSTargetPlatform
[2018.12.25-12.04.00:007][  0]LogTemp: Display: Loaded TP LinuxClientTargetPlatform
[2018.12.25-12.04.00:017][  0]LogTemp: Display: Loaded TP LinuxNoEditorTargetPlatform
[2018.12.25-12.04.00:026][  0]LogTemp: Display: Loaded TP LinuxServerTargetPlatform
[2018.12.25-12.04.00:036][  0]LogTemp: Display: Loaded TP LinuxTargetPlatform
[2018.12.25-12.04.00:071][  0]LogTemp: Display: Loaded TP LuminTargetPlatform
[2018.12.25-12.04.00:071][  0]LogTemp: Display: Loaded TP LuminTargetPlatform
[2018.12.25-12.04.00:071][  0]LogTargetPlatformManager: Display: Building Assets For Windows
[2018.12.25-12.04.00:108][  0]LogShaderCompilers: Guid format shader working directory is -27 characters bigger than the processId version (../../../../../../Users/MinLion/Desktop/UnrealProjects/UnrealMMO/TimeTravel/Intermediate/Shaders/WorkingDirectory/4124/).
[2018.12.25-12.04.00:108][  0]LogShaderCompilers: Cleaned the shader compiler working directory 'C:/Users/MinLion/AppData/Local/Temp/UnrealShaderWorkingDir/17E6BD5D435954A3A8CE9DA4C5ADAFB3/'.
[2018.12.25-12.04.00:110][  0]LogXGEController: Cannot use XGE Controller as Incredibuild is not installed on this machine.
[2018.12.25-12.04.00:110][  0]LogShaderCompilers: Cannot use XGE Shader Compiler as Incredibuild is not installed on this machine.
[2018.12.25-12.04.00:110][  0]LogShaderCompilers: Display: Using Local Shader Compiler.
[2018.12.25-12.04.00:529][  0]LogDerivedDataCache: Display: Max Cache Size: 512 MB
[2018.12.25-12.04.00:584][  0]LogDerivedDataCache: Loaded boot cache 0.05s 86MB C:/Users/MinLion/AppData/Local/UnrealEngine/4.21/DerivedDataCache/Boot.ddc.
[2018.12.25-12.04.00:584][  0]LogDerivedDataCache: Display: Loaded Boot cache: C:/Users/MinLion/AppData/Local/UnrealEngine/4.21/DerivedDataCache/Boot.ddc
[2018.12.25-12.04.00:584][  0]LogDerivedDataCache: FDerivedDataBackendGraph:  Pak pak cache file ../../../../../../Users/MinLion/Desktop/UnrealProjects/UnrealMMO/TimeTravel/DerivedDataCache/DDC.ddp not found, will not use a pak cache.
[2018.12.25-12.04.00:584][  0]LogDerivedDataCache: Unable to find inner node Pak for hierarchical cache Hierarchy.
[2018.12.25-12.04.00:584][  0]LogDerivedDataCache: FDerivedDataBackendGraph:  CompressedPak pak cache file ../../../../../../Users/MinLion/Desktop/UnrealProjects/UnrealMMO/TimeTravel/DerivedDataCache/Compressed.ddp not found, will not use a pak cache.
[2018.12.25-12.04.00:584][  0]LogDerivedDataCache: Unable to find inner node CompressedPak for hierarchical cache Hierarchy.
[2018.12.25-12.04.00:595][  0]LogDerivedDataCache: Display: Pak cache opened for reading ../../../Engine/DerivedDataCache/Compressed.ddp.
[2018.12.25-12.04.00:595][  0]LogDerivedDataCache: FDerivedDataBackendGraph:  EnterprisePak pak cache file ../../../Enterprise/DerivedDataCache/Compressed.ddp not found, will not use a pak cache.
[2018.12.25-12.04.00:595][  0]LogDerivedDataCache: Unable to find inner node EnterprisePak for hierarchical cache Hierarchy.
[2018.12.25-12.04.00:608][  0]LogDerivedDataCache: Using Local data cache path C:/Users/MinLion/AppData/Local/UnrealEngine/Common/DerivedDataCache: Writable
[2018.12.25-12.04.00:608][  0]LogDerivedDataCache: Shared data cache path not found in *engine.ini, will not use an Shared cache.
[2018.12.25-12.04.00:608][  0]LogDerivedDataCache: Unable to find inner node Shared for hierarchical cache Hierarchy.
[2018.12.25-12.04.00:626][  0]LogMaterial: Verifying Global Shaders for PCD3D_SM5
[2018.12.25-12.04.00:628][  0]LogSlate: Using FreeType 2.6.0
[2018.12.25-12.04.00:628][  0]LogSlate: SlateFontServices - WITH_FREETYPE: 1, WITH_HARFBUZZ: 1
[2018.12.25-12.04.00:700][  0]LogAssetRegistry: FAssetRegistry took 0.0310 seconds to start up
[2018.12.25-12.04.00:956][  0]LogInit: Selected Device Profile: [Windows]
[2018.12.25-12.04.01:067][  0]LogSimplygon: Simplygon DLL not present - disabling.
[2018.12.25-12.04.01:070][  0]LogMeshReduction: Using SimplygonSwarm for distributed automatic mesh merging
[2018.12.25-12.04.01:070][  0]LogMeshReduction: Using ProxyLODMeshReduction for automatic mesh merging
[2018.12.25-12.04.01:070][  0]LogMeshReduction: Using QuadricMeshReduction for automatic static mesh reduction
[2018.12.25-12.04.01:070][  0]LogMeshReduction: No automatic skeletal mesh reduction module available
[2018.12.25-12.04.01:083][  0]LogNetVersion: TimeTravel 1.0.0, NetCL: 4541578, EngineNetVer: 5, GameNetVer: 0 (Checksum: 2724064776)
[2018.12.25-12.04.01:479][  0]LogPackageLocalizationCache: Processed 12 localized package path(s) for 2 prioritized culture(s) in 0.063877 seconds
[2018.12.25-12.04.01:484][  0]LogUObjectArray: 39775 objects as part of root set at end of initial load.
[2018.12.25-12.04.01:484][  0]LogUObjectAllocator: 6914656 out of 0 bytes used by permanent object pool.
[2018.12.25-12.04.01:484][  0]LogUObjectArray: CloseDisregardForGC: 0/0 objects in disregard for GC pool
[2018.12.25-12.04.02:144][  0]LogTcpMessaging: Initializing TcpMessaging bridge
[2018.12.25-12.04.02:164][  0]LogUdpMessaging: Initializing bridge on interface 0.0.0.0:0 to multicast group 230.0.0.1:6666.
[2018.12.25-12.04.02:867][  0]SourceControl: 소스 컨트롤이 꺼졌습니다.
[2018.12.25-12.04.02:867][  0]SourceControl: 소스 컨트롤이 꺼졌습니다.
[2018.12.25-12.04.02:868][  0]SourceControl: 소스 컨트롤이 꺼졌습니다.
[2018.12.25-12.04.02:869][  0]SourceControl: 소스 컨트롤이 꺼졌습니다.
[2018.12.25-12.04.03:017][  0]LogAndroidPermission: UAndroidPermissionCallbackProxy::GetInstance
[2018.12.25-12.04.03:067][  0]LogOcInput: OculusInput pre-init called
[2018.12.25-12.04.03:186][  0]LogEngine: Initializing Engine...
[2018.12.25-12.04.03:187][  0]LogHMD: Failed to initialize OpenVR with code 110
[2018.12.25-12.04.03:188][  0]LogStats: UGameplayTagsManager::ConstructGameplayTagTree: ImportINI prefixes -  0.000 s
[2018.12.25-12.04.03:188][  0]LogStats: UGameplayTagsManager::ConstructGameplayTagTree: Construct from data asset -  0.000 s
[2018.12.25-12.04.03:188][  0]LogStats: UGameplayTagsManager::ConstructGameplayTagTree: ImportINI -  0.000 s
[2018.12.25-12.04.03:188][  0]LogStats: UGameplayTagsManager::ConstructGameplayTagTree: GameplayTagTreeChangedEvent.Broadcast -  0.000 s
[2018.12.25-12.04.03:376][  0]LogInit: Initializing FReadOnlyCVARCache
[2018.12.25-12.04.03:386][  0]LogAIModule: Creating AISystem for world Untitled
[2018.12.25-12.04.03:399][  0]LogInit: XAudio2 using '스피커(Realtek High Definition Audio)' : 2 channels at 48 kHz using 32 bits per sample (channel mask 0x3)
[2018.12.25-12.04.03:437][  0]LogInit: FAudioDevice initialized.
[2018.12.25-12.04.03:437][  0]LogNetVersion: Set ProjectVersion to 1.0.0.0. Version Checksum will be recalculated on next use.
[2018.12.25-12.04.03:576][  0]LogDerivedDataCache: Saved boot cache 0.14s 89MB C:/Users/MinLion/AppData/Local/UnrealEngine/4.21/DerivedDataCache/Boot.ddc.
[2018.12.25-12.04.03:580][  0]LogInit: Texture streaming: Enabled
[2018.12.25-12.04.03:591][  0]LogEngineSessionManager: EngineSessionManager initialized
[2018.12.25-12.04.03:608][  0]LogInit: Transaction tracking system initialized
[2018.12.25-12.04.03:622][  0]BlueprintLog: New page: 에디터 로드
[2018.12.25-12.04.03:694][  0]LocalizationService: 현지화 서비스가 비활성화되었습니다.
[2018.12.25-12.04.04:041][  0]LogFileCache: Scanning file cache for directory 'C:/Users/MinLion/Desktop/UnrealProjects/UnrealMMO/TimeTravel/Content/' took 0.01s
[2018.12.25-12.04.04:041][  0]LogCook: Display: Max memory allowance for cook 16384mb min free memory 0mb
[2018.12.25-12.04.04:041][  0]LogCook: Display: Mobile HDR setting 1
[2018.12.25-12.04.04:041][  0]LogGameplayTags: Display: UGameplayTagsManager::DoneAddingNativeTags. DelegateIsBound: 0
[2018.12.25-12.04.04:041][  0]LogStats: UGameplayTagsManager::ConstructGameplayTagTree: ImportINI prefixes -  0.000 s
[2018.12.25-12.04.04:041][  0]LogStats: UGameplayTagsManager::ConstructGameplayTagTree: Construct from data asset -  0.000 s
[2018.12.25-12.04.04:041][  0]LogStats: UGameplayTagsManager::ConstructGameplayTagTree: ImportINI -  0.000 s
[2018.12.25-12.04.04:041][  0]LogStats: UGameplayTagsManager::ConstructGameplayTagTree: GameplayTagTreeChangedEvent.Broadcast -  0.000 s
[2018.12.25-12.04.04:138][  0]SourceControl: 소스 컨트롤이 꺼졌습니다.
[2018.12.25-12.04.04:138][  0]Cmd: MAP LOAD FILE="../../../../../../Users/MinLion/Desktop/UnrealProjects/UnrealMMO/TimeTravel/Content/ThirdPersonCPP/Maps/ThirdPersonExampleMap.umap" TEMPLATE=0 SHOWPROGRESS=1 FEATURELEVEL=3
[2018.12.25-12.04.04:138][  0]LightingResults: New page: 라이팅 빌드
[2018.12.25-12.04.04:140][  0]MapCheck: New page: 맵 체크
[2018.12.25-12.04.04:140][  0]LightingResults: New page: 라이팅 빌드
[2018.12.25-12.04.04:302][  0]LogAIModule: Creating AISystem for world ThirdPersonExampleMap
[2018.12.25-12.04.04:314][  0]LogEditorServer: Finished looking for orphan Actors (0.000 secs)
[2018.12.25-12.04.04:338][  0]Cmd: MAP CHECKDEP NOCLEARLOG
[2018.12.25-12.04.04:338][  0]MapCheck: 맵 체크 완료: 오류 0 회, 경고 0 회, 소요 시간 0.128ms.
[2018.12.25-12.04.04:338][  0]LogFileHelpers: Loading map 'ThirdPersonExampleMap' took 0.200
[2018.12.25-12.04.04:475][  0]LogSlate: Updating window title bar state: overlay mode, drag disabled, window buttons hidden, title bar hidden
[2018.12.25-12.04.04:480][  0]LogSlate: Updating window title bar state: overlay mode, drag disabled, window buttons hidden, title bar hidden
[2018.12.25-12.04.04:485][  0]LogSlate: Updating window title bar state: overlay mode, drag disabled, window buttons hidden, title bar hidden
[2018.12.25-12.04.04:490][  0]LogSlate: Updating window title bar state: overlay mode, drag disabled, window buttons hidden, title bar hidden
[2018.12.25-12.04.04:498][  0]LogCollectionManager: Loaded 0 collections in 0.000711 seconds
[2018.12.25-12.04.04:568][  0]LogFileCache: Scanning file cache for directory 'C:/Users/MinLion/Desktop/UnrealProjects/UnrealMMO/TimeTravel/Saved/Collections/' took 0.01s
[2018.12.25-12.04.04:568][  0]LogFileCache: Scanning file cache for directory 'C:/Users/MinLion/Desktop/UnrealProjects/UnrealMMO/TimeTravel/Content/Developers/MinLion/Collections/' took 0.01s
[2018.12.25-12.04.04:568][  0]LogFileCache: Scanning file cache for directory 'C:/Users/MinLion/Desktop/UnrealProjects/UnrealMMO/TimeTravel/Content/Collections/' took 0.01s
[2018.12.25-12.04.04:568][  0]LogCollectionManager: Rebuilt the GUID cache for 0 collections in 0.000000 seconds
[2018.12.25-12.04.04:580][  0]LogContentBrowser: Native class hierarchy populated in 0.0110 seconds. Added 2653 classes and 622 folders.
[2018.12.25-12.04.04:600][  0]LogContentBrowser: Native class hierarchy updated for 'WidgetCarousel' in 0.0003 seconds. Added 0 classes and 0 folders.
[2018.12.25-12.04.04:610][  0]LogPakFile: Registered encryption key '00000000000000000000000000000000': 0 pak files mounted, 0 remain pending
[2018.12.25-12.04.04:620][  0]LogPakFile: Registered encryption key '00000000000000000000000000000000': 0 pak files mounted, 0 remain pending
[2018.12.25-12.04.04:621][  0]LogPakFile: Registered encryption key '00000000000000000000000000000000': 0 pak files mounted, 0 remain pending
[2018.12.25-12.04.04:623][  0]LogPakFile: Registered encryption key '00000000000000000000000000000000': 0 pak files mounted, 0 remain pending
[2018.12.25-12.04.04:625][  0]LogPakFile: Registered encryption key '00000000000000000000000000000000': 0 pak files mounted, 0 remain pending
[2018.12.25-12.04.04:629][  0]LogPakFile: Registered encryption key '00000000000000000000000000000000': 0 pak files mounted, 0 remain pending
[2018.12.25-12.04.04:631][  0]LogPakFile: Registered encryption key '00000000000000000000000000000000': 0 pak files mounted, 0 remain pending
[2018.12.25-12.04.04:632][  0]LogPakFile: Registered encryption key '00000000000000000000000000000000': 0 pak files mounted, 0 remain pending
[2018.12.25-12.04.04:636][  0]LogPakFile: Registered encryption key '00000000000000000000000000000000': 0 pak files mounted, 0 remain pending
[2018.12.25-12.04.04:638][  0]LogPakFile: Registered encryption key '00000000000000000000000000000000': 0 pak files mounted, 0 remain pending
[2018.12.25-12.04.04:639][  0]LogPakFile: Registered encryption key '00000000000000000000000000000000': 0 pak files mounted, 0 remain pending
[2018.12.25-12.04.04:640][  0]LogPakFile: Registered encryption key '00000000000000000000000000000000': 0 pak files mounted, 0 remain pending
[2018.12.25-12.04.04:642][  0]LogPakFile: Registered encryption key '00000000000000000000000000000000': 0 pak files mounted, 0 remain pending
[2018.12.25-12.04.04:646][  0]LogPakFile: Registered encryption key '00000000000000000000000000000000': 0 pak files mounted, 0 remain pending
[2018.12.25-12.04.04:648][  0]LogPakFile: Registered encryption key '00000000000000000000000000000000': 0 pak files mounted, 0 remain pending
[2018.12.25-12.04.04:650][  0]LogPakFile: Registered encryption key '00000000000000000000000000000000': 0 pak files mounted, 0 remain pending
[2018.12.25-12.04.04:651][  0]LogPakFile: Registered encryption key '00000000000000000000000000000000': 0 pak files mounted, 0 remain pending
[2018.12.25-12.04.04:655][  0]LogPakFile: Registered encryption key '00000000000000000000000000000000': 0 pak files mounted, 0 remain pending
[2018.12.25-12.04.04:656][  0]LogPakFile: Registered encryption key '00000000000000000000000000000000': 0 pak files mounted, 0 remain pending
[2018.12.25-12.04.04:658][  0]LogPakFile: Registered encryption key '00000000000000000000000000000000': 0 pak files mounted, 0 remain pending
[2018.12.25-12.04.04:659][  0]LogPakFile: Registered encryption key '00000000000000000000000000000000': 0 pak files mounted, 0 remain pending
[2018.12.25-12.04.04:661][  0]LogPakFile: Registered encryption key '00000000000000000000000000000000': 0 pak files mounted, 0 remain pending
[2018.12.25-12.04.04:669][  0]LogPakFile: Registered encryption key '00000000000000000000000000000000': 0 pak files mounted, 0 remain pending
[2018.12.25-12.04.04:676][  0]LogPakFile: Registered encryption key '00000000000000000000000000000000': 0 pak files mounted, 0 remain pending
[2018.12.25-12.04.04:678][  0]LogPakFile: Registered encryption key '00000000000000000000000000000000': 0 pak files mounted, 0 remain pending
[2018.12.25-12.04.04:679][  0]LogPakFile: Registered encryption key '00000000000000000000000000000000': 0 pak files mounted, 0 remain pending
[2018.12.25-12.04.04:781][  0]LogContentBrowser: Native class hierarchy updated for 'AddContentDialog' in 0.0003 seconds. Added 0 classes and 0 folders.
[2018.12.25-12.04.04:805][  0]LogContentBrowser: Native class hierarchy updated for 'SceneOutliner' in 0.0003 seconds. Added 1 classes and 2 folders.
[2018.12.25-12.04.04:881][  0]LogSlate: Took 0.000104 seconds to synchronously load lazily loaded font '../../../Engine/Content/Slate/Fonts/Roboto-Regular.ttf' (155K)
[2018.12.25-12.04.04:884][  0]LogSlate: Took 0.001694 seconds to synchronously load lazily loaded font '../../../Engine/Content/Editor/Slate/Fonts/NanumGothic.ttf' (4243K)
[2018.12.25-12.04.04:886][  0]LogSlate: Took 0.001597 seconds to synchronously load lazily loaded font '../../../Engine/Content/Editor/Slate/Fonts/NanumGothicBold.ttf' (4188K)
[2018.12.25-12.04.04:886][  0]LogSlate: Took 0.000097 seconds to synchronously load lazily loaded font '../../../Engine/Content/Slate/Fonts/Roboto-Bold.ttf' (160K)
[2018.12.25-12.04.04:892][  0]LogSlate: Took 0.000592 seconds to synchronously load lazily loaded font '../../../Engine/Content/Editor/Slate/Fonts/FontAwesome.ttf' (139K)
[2018.12.25-12.04.04:973][  0]LogRenderer: Reallocating scene render targets to support 1208x576 Format 10 NumSamples 1 (Frame:1).
[2018.12.25-12.04.05:100][  0]LogSlate: FSceneViewport::OnFocusLost() reason 2
[2018.12.25-12.04.05:123][  0]LogSlate: Window '튜토리얼' being destroyed
[2018.12.25-12.04.05:150][  0]LogContentBrowser: Native class hierarchy updated for 'HierarchicalLODOutliner' in 0.0003 seconds. Added 0 classes and 0 folders.
[2018.12.25-12.04.05:150][  0]LogLoad: (Engine Initialization) Total time: 7.44 seconds
[2018.12.25-12.04.05:150][  0]LogLoad: (Engine Initialization) Total Blueprint compile time: 0.00 seconds
[2018.12.25-12.04.05:162][  0]LogWindowsTextInputMethodSystem: Display: IME system now activated using TSF (Microsoft 입력기).
[2018.12.25-12.04.05:218][  0]LogContentStreaming: Texture pool size now 1000 MB
[2018.12.25-12.04.05:236][  0]LogSlate: Took 0.001046 seconds to synchronously load lazily loaded font '../../../Engine/Content/Slate/Fonts/Roboto-Light.ttf' (167K)
[2018.12.25-12.04.05:259][  1]LogAssetRegistry: Asset discovery search completed in 4.5805 seconds
[2018.12.25-12.04.05:260][  1]LogCollectionManager: Rebuilt the object cache for 0 collections in 0.000000 seconds (found 0 objects)
[2018.12.25-12.04.05:260][  1]LogCollectionManager: Fixed up redirectors for 0 collections in 0.000040 seconds (updated 0 objects)
[2018.12.25-12.04.22:301][ 41]LogSlate: FSceneViewport::OnFocusLost() reason 0
[2018.12.25-12.07.46:492][577]LogHotReload: New module detected: UE4Editor-TimeTravel-4295.dll
[2018.12.25-12.07.47:510][581]LogHotReload: Starting Hot-Reload from IDE
[2018.12.25-12.07.47:514][581]LogSlate: Took 0.000142 seconds to synchronously load lazily loaded font '../../../Engine/Content/Slate/Fonts/Roboto-Light.ttf' (167K)
[2018.12.25-12.07.47:566][581]LogContentBrowser: Native class hierarchy updated for 'TimeTravel' in 0.0004 seconds. Added 2 classes and 2 folders.
[2018.12.25-12.07.47:568][581]Display: HotReload successful (0 functions remapped  0 scriptstructs remapped)
[2018.12.25-12.07.47:675][581]LogContentBrowser: Native class hierarchy populated in 0.0071 seconds. Added 2654 classes and 624 folders.
[2018.12.25-12.07.47:678][581]Display: HotReload took  0.2s.
[2018.12.25-12.12.53:143][492]LogHotReload: New module detected: UE4Editor-TimeTravel-5481.dll
[2018.12.25-12.12.53:825][495]LogHotReload: Starting Hot-Reload from IDE
[2018.12.25-12.12.53:866][495]LogContentBrowser: Native class hierarchy updated for 'TimeTravel' in 0.0003 seconds. Added 2 classes and 2 folders.
[2018.12.25-12.12.53:867][495]Display: HotReload successful (0 functions remapped  0 scriptstructs remapped)
[2018.12.25-12.12.53:914][495]LogContentBrowser: Native class hierarchy populated in 0.0070 seconds. Added 2654 classes and 624 folders.
[2018.12.25-12.12.53:916][495]Display: HotReload took  0.1s.
[2018.12.25-12.13.02:129][610]LogSlate: Window 'TimeTravel - 언리얼 에디터' being destroyed
[2018.12.25-12.13.02:275][611]Cmd: QUIT_EDITOR
[2018.12.25-12.13.02:296][611]LogWindowsTextInputMethodSystem: Display: IME system now activated using TSF (Microsoft 입력기).
[2018.12.25-12.13.02:306][611]LogExit: Preparing to exit.
[2018.12.25-12.13.03:473][611]LogExit: Editor shut down
[2018.12.25-12.13.03:474][611]LogExit: Transaction tracking system shut down
[2018.12.25-12.13.03:667][611]LogExit: Object subsystem successfully closed.
[2018.12.25-12.13.03:682][611]LogShaderCompilers: Display: Shaders left to compile 0
[2018.12.25-12.13.03:684][611]LogD3D11RHI: Shutdown
[2018.12.25-12.13.03:684][611]LogD3D11RHI: CleanupD3DDevice
[2018.12.25-12.13.03:685][611]LogD3D11RHI: ~FD3D11DynamicRHI
[2018.12.25-12.13.03:710][611]LogModuleManager: Shutting down and abandoning module TimeTravel (628)
[2018.12.25-12.13.03:710][611]LogModuleManager: Shutting down and abandoning module HierarchicalLODOutliner (626)
[2018.12.25-12.13.03:710][611]LogModuleManager: Shutting down and abandoning module SceneOutliner (624)
[2018.12.25-12.13.03:710][611]LogModuleManager: Shutting down and abandoning module AddContentDialog (622)
[2018.12.25-12.13.03:710][611]LogModuleManager: Shutting down and abandoning module WidgetCarousel (621)
[2018.12.25-12.13.03:710][611]LogModuleManager: Shutting down and abandoning module EditorWidgets (618)
[2018.12.25-12.13.03:710][611]LogModuleManager: Shutting down and abandoning module CollectionManager (616)
[2018.12.25-12.13.03:710][611]LogModuleManager: Shutting down and abandoning module StatsViewer (614)
[2018.12.25-12.13.03:710][611]LogModuleManager: Shutting down and abandoning module FoliageEdit (612)
[2018.12.25-12.13.03:711][611]LogModuleManager: Shutting down and abandoning module LandscapeEditor (610)
[2018.12.25-12.13.03:711][611]LogModuleManager: Shutting down and abandoning module MeshPaintMode (608)
[2018.12.25-12.13.03:711][611]LogModuleManager: Shutting down and abandoning module SceneDepthPickerMode (606)
[2018.12.25-12.13.03:711][611]LogModuleManager: Shutting down and abandoning module ActorPickerMode (604)
[2018.12.25-12.13.03:711][611]LogModuleManager: Shutting down and abandoning module GeometryMode (602)
[2018.12.25-12.13.03:711][611]LogModuleManager: Shutting down and abandoning module TextureAlignMode (600)
[2018.12.25-12.13.03:711][611]LogModuleManager: Shutting down and abandoning module BspMode (598)
[2018.12.25-12.13.03:711][611]LogModuleManager: Shutting down and abandoning module PIEPreviewDeviceProfileSelector (596)
[2018.12.25-12.13.03:711][611]LogModuleManager: Shutting down and abandoning module SequenceRecorderSections (594)
[2018.12.25-12.13.03:711][611]LogModuleManager: Shutting down and abandoning module AutomationWorker (592)
[2018.12.25-12.13.03:711][611]LogModuleManager: Shutting down and abandoning module AudioCaptureEditor (590)
[2018.12.25-12.13.03:711][611]LogModuleManager: Shutting down and abandoning module MatineeToLevelSequence (588)
[2018.12.25-12.13.03:711][611]LogModuleManager: Shutting down and abandoning module LevelSequenceEditor (586)
[2018.12.25-12.13.03:711][611]LogModuleManager: Shutting down and abandoning module PlacementMode (585)
[2018.12.25-12.13.03:711][611]LogModuleManager: Shutting down and abandoning module MaterialEditor (584)
[2018.12.25-12.13.03:711][611]LogModuleManager: Shutting down and abandoning module WmfMediaFactory (580)
[2018.12.25-12.13.03:711][611]LogModuleManager: Shutting down and abandoning module WmfMediaEditor (578)
[2018.12.25-12.13.03:711][611]LogModuleManager: Shutting down and abandoning module WebMMediaFactory (576)
[2018.12.25-12.13.03:711][611]LogModuleManager: Shutting down and abandoning module WebMMediaEditor (574)
[2018.12.25-12.13.03:711][611]LogModuleManager: Shutting down and abandoning module WebMMedia (572)
[2018.12.25-12.13.03:711][611]LogModuleManager: Shutting down and abandoning module MediaPlayerEditor (570)
[2018.12.25-12.13.03:711][611]LogModuleManager: Shutting down and abandoning module MediaCompositingEditor (568)
[2018.12.25-12.13.03:711][611]LogModuleManager: Shutting down and abandoning module SequenceRecorder (567)
[2018.12.25-12.13.03:711][611]LogModuleManager: Shutting down and abandoning module OpenExrWrapper (564)
[2018.12.25-12.13.03:711][611]LogModuleManager: Shutting down and abandoning module ImgMediaFactory (562)
[2018.12.25-12.13.03:711][611]LogModuleManager: Shutting down and abandoning module ImgMediaEditor (560)
[2018.12.25-12.13.03:711][611]LogModuleManager: Shutting down and abandoning module AvfMediaFactory (558)
[2018.12.25-12.13.03:711][611]LogModuleManager: Shutting down and abandoning module AvfMediaEditor (556)
[2018.12.25-12.13.03:711][611]LogModuleManager: Shutting down and abandoning module AndroidMediaFactory (554)
[2018.12.25-12.13.03:711][611]LogModuleManager: Shutting down and abandoning module AndroidMediaEditor (552)
[2018.12.25-12.13.03:711][611]LogModuleManager: Shutting down and abandoning module MagicLeapCameraPreviewFactory (550)
[2018.12.25-12.13.03:711][611]LogModuleManager: Shutting down and abandoning module MagicLeapMediaFactory (548)
[2018.12.25-12.13.03:711][611]LogModuleManager: Shutting down and abandoning module MagicLeapMediaEditor (546)
[2018.12.25-12.13.03:711][611]LogModuleManager: Shutting down and abandoning module CharacterAI (544)
[2018.12.25-12.13.03:711][611]LogModuleManager: Shutting down and abandoning module SmartSnapping (542)
[2018.12.25-12.13.03:711][611]LogModuleManager: Shutting down and abandoning module SessionServices (540)
[2018.12.25-12.13.03:711][611]LogModuleManager: Shutting down and abandoning module ViewportSnapping (538)
[2018.12.25-12.13.03:711][611]LogModuleManager: Shutting down and abandoning module ViewportInteraction (536)
[2018.12.25-12.13.03:711][611]LogModuleManager: Shutting down and abandoning module ClothPainter (534)
[2018.12.25-12.13.03:711][611]LogModuleManager: Shutting down and abandoning module SkeletalMeshEditor (533)
[2018.12.25-12.13.03:711][611]LogModuleManager: Shutting down and abandoning module LogVisualizer (530)
[2018.12.25-12.13.03:711][611]LogModuleManager: Shutting down and abandoning module IntroTutorials (528)
[2018.12.25-12.13.03:711][611]LogModuleManager: Shutting down and abandoning module GameProjectGeneration (527)
[2018.12.25-12.13.03:711][611]LogModuleManager: Shutting down and abandoning module LuminPlatformEditor (524)
[2018.12.25-12.13.03:711][611]LogModuleManager: Shutting down and abandoning module IOSPlatformEditor (522)
[2018.12.25-12.13.03:711][611]LogModuleManager: Shutting down and abandoning module HTML5PlatformEditor (520)
[2018.12.25-12.13.03:711][611]LogModuleManager: Shutting down and abandoning module AndroidPlatformEditor (518)
[2018.12.25-12.13.03:711][611]LogModuleManager: Shutting down and abandoning module AndroidDeviceDetection (517)
[2018.12.25-12.13.04:140][611]LogModuleManager: Shutting down and abandoning module WindowsPlatformEditor (514)
[2018.12.25-12.13.04:140][611]LogModuleManager: Shutting down and abandoning module LuminRuntimeSettings (512)
[2018.12.25-12.13.04:140][611]LogModuleManager: Shutting down and abandoning module IOSRuntimeSettings (510)
[2018.12.25-12.13.04:140][611]LogModuleManager: Shutting down and abandoning module AndroidRuntimeSettings (508)
[2018.12.25-12.13.04:141][611]LogModuleManager: Shutting down and abandoning module TimeManagementEditor (506)
[2018.12.25-12.13.04:141][611]LogModuleManager: Shutting down and abandoning module InputBindingEditor (504)
[2018.12.25-12.13.04:141][611]LogModuleManager: Shutting down and abandoning module MergeActors (502)
[2018.12.25-12.13.04:141][611]LogModuleManager: Shutting down and abandoning module LocalizationDashboard (500)
[2018.12.25-12.13.04:141][611]LogModuleManager: Shutting down and abandoning module LocalizationService (499)
[2018.12.25-12.13.04:141][611]LogModuleManager: Shutting down and abandoning module HardwareTargeting (496)
[2018.12.25-12.13.04:141][611]LogModuleManager: Shutting down and abandoning module DeviceProfileEditor (494)
[2018.12.25-12.13.04:141][611]LogModuleManager: Shutting down and abandoning module UndoHistory (492)
[2018.12.25-12.13.04:141][611]LogModuleManager: Shutting down and abandoning module XmlParser (490)
[2018.12.25-12.13.04:141][611]LogModuleManager: Shutting down and abandoning module Blutility (488)
[2018.12.25-12.13.04:141][611]LogModuleManager: Shutting down and abandoning module ProjectSettingsViewer (486)
[2018.12.25-12.13.04:141][611]LogModuleManager: Shutting down and abandoning module ProjectTargetPlatformEditor (485)
[2018.12.25-12.13.04:142][611]LogModuleManager: Shutting down and abandoning module EditorSettingsViewer (482)
[2018.12.25-12.13.04:142][611]LogModuleManager: Shutting down and abandoning module SettingsEditor (480)
[2018.12.25-12.13.04:142][611]LogModuleManager: Shutting down and abandoning module ProjectLauncher (478)
[2018.12.25-12.13.04:142][611]LogModuleManager: Shutting down and abandoning module SessionFrontend (476)
[2018.12.25-12.13.04:142][611]LogModuleManager: Shutting down and abandoning module ProfilerClient (474)
[2018.12.25-12.13.04:142][611]LogModuleManager: Shutting down and abandoning module DeviceManager (472)
[2018.12.25-12.13.04:142][611]LogModuleManager: Shutting down and abandoning module TargetDeviceServices (471)
[2018.12.25-12.13.04:198][611]LogModuleManager: Shutting down and abandoning module AutomationController (468)
[2018.12.25-12.13.04:198][611]LogModuleManager: Shutting down and abandoning module AutomationWindow (466)
[2018.12.25-12.13.04:198][611]LogModuleManager: Shutting down and abandoning module Layers (464)
[2018.12.25-12.13.04:198][611]LogModuleManager: Shutting down and abandoning module ComponentVisualizers (462)
[2018.12.25-12.13.04:198][611]LogModuleManager: Shutting down and abandoning module DetailCustomizations (460)
[2018.12.25-12.13.04:198][611]LogModuleManager: Shutting down and abandoning module PackagesDialog (458)
[2018.12.25-12.13.04:198][611]LogModuleManager: Shutting down and abandoning module Persona (456)
[2018.12.25-12.13.04:199][611]LogModuleManager: Shutting down and abandoning module AdvancedPreviewScene (455)
[2018.12.25-12.13.04:199][611]LogModuleManager: Shutting down and abandoning module AnimGraph (453)
[2018.12.25-12.13.04:199][611]LogModuleManager: Shutting down and abandoning module Kismet (450)
[2018.12.25-12.13.04:199][611]LogModuleManager: Shutting down and abandoning module GraphEditor (448)
[2018.12.25-12.13.04:200][611]LogModuleManager: Shutting down and abandoning module ClassViewer (446)
[2018.12.25-12.13.04:200][611]LogModuleManager: Shutting down and abandoning module Toolbox (444)
[2018.12.25-12.13.04:200][611]LogModuleManager: Shutting down and abandoning module DesktopPlatform (443)
[2018.12.25-12.13.04:200][611]LogModuleManager: Shutting down and abandoning module ModuleUI (440)
[2018.12.25-12.13.04:200][611]LogModuleManager: Shutting down and abandoning module MovieSceneTools (438)
[2018.12.25-12.13.04:200][611]LogModuleManager: Shutting down and abandoning module OutputLog (436)
[2018.12.25-12.13.04:200][611]LogModuleManager: Shutting down and abandoning module GammaUI (434)
[2018.12.25-12.13.04:201][611]LogModuleManager: Shutting down and abandoning module Documentation (432)
[2018.12.25-12.13.04:201][611]LogModuleManager: Shutting down and abandoning module MovieSceneTracks (430)
[2018.12.25-12.13.04:201][611]LogModuleManager: Shutting down and abandoning module MovieScene (428)
[2018.12.25-12.13.04:201][611]LogModuleManager: Shutting down and abandoning module StreamingPauseRendering (426)
[2018.12.25-12.13.04:201][611]LogModuleManager: Shutting down and abandoning module LauncherPlatform (424)
[2018.12.25-12.13.04:201][611]LogModuleManager: Shutting down and abandoning module AnalyticsET (422)
[2018.12.25-12.13.04:201][611]LogModuleManager: Shutting down and abandoning module PortalServices (420)
[2018.12.25-12.13.04:201][611]LogModuleManager: Shutting down and abandoning module PortalRpc (418)
[2018.12.25-12.13.04:201][611]LogModuleManager: Shutting down and abandoning module MessagingRpc (416)
[2018.12.25-12.13.04:201][611]LogModuleManager: Shutting down and abandoning module AIModule (414)
[2018.12.25-12.13.04:201][611]LogModuleManager: Shutting down and abandoning module GameplayDebugger (413)
[2018.12.25-12.13.04:202][611]LogModuleManager: Shutting down and abandoning module AITestSuite (411)
[2018.12.25-12.13.04:202][611]LogModuleManager: Shutting down and abandoning module NavigationSystem (409)
[2018.12.25-12.13.04:202][611]LogModuleManager: Shutting down and abandoning module ImageWriteQueue (406)
[2018.12.25-12.13.04:210][611]LogModuleManager: Shutting down and abandoning module ProfilerService (404)
[2018.12.25-12.13.04:314][611]LogModuleManager: Shutting down and abandoning module TaskGraph (402)
[2018.12.25-12.13.04:314][611]LogModuleManager: Shutting down and abandoning module Climb (400)
[2018.12.25-12.13.04:314][611]LogModuleManager: Shutting down and abandoning module SteamVRController (398)
[2018.12.25-12.13.04:314][611]LogModuleManager: Shutting down and abandoning module ProceduralMeshComponentEditor (396)
[2018.12.25-12.13.04:314][611]LogModuleManager: Shutting down and abandoning module ProceduralMeshComponent (394)
[2018.12.25-12.13.04:314][611]LogModuleManager: Shutting down and abandoning module OculusInput (392)
[2018.12.25-12.13.04:314][611]LogModuleManager: Shutting down and abandoning module MobilePatchingUtils (390)
[2018.12.25-12.13.04:314][611]LogModuleManager: Shutting down and abandoning module EditableMesh (388)
[2018.12.25-12.13.04:314][611]LogModuleManager: Shutting down and abandoning module CustomMeshComponent (386)
[2018.12.25-12.13.04:314][611]LogModuleManager: Shutting down and abandoning module CableComponent (384)
[2018.12.25-12.13.04:314][611]LogModuleManager: Shutting down and abandoning module AudioCapture (382)
[2018.12.25-12.13.04:314][611]LogModuleManager: Shutting down and abandoning module ArchVisCharacter (380)
[2018.12.25-12.13.04:314][611]LogModuleManager: Shutting down and abandoning module AndroidPermission (378)
[2018.12.25-12.13.04:314][611]LogModuleManager: Shutting down and abandoning module NUTUnrealEngine4 (376)
[2018.12.25-12.13.04:314][611]LogModuleManager: Shutting down and abandoning module NetcodeUnitTest (374)
[2018.12.25-12.13.04:314][611]LogModuleManager: Shutting down and abandoning module MediaCompositing (372)
[2018.12.25-12.13.04:314][611]LogModuleManager: Shutting down and abandoning module LinearTimecode (370)
[2018.12.25-12.13.04:314][611]LogModuleManager: Shutting down and abandoning module ImgMedia (368)
[2018.12.25-12.13.04:316][611]LogModuleManager: Shutting down and abandoning module HTML5Networking (366)
[2018.12.25-12.13.04:316][611]LogModuleManager: Shutting down and abandoning module GeometryCacheTracks (364)
[2018.12.25-12.13.04:317][611]LogModuleManager: Shutting down and abandoning module GeometryCacheSequencer (362)
[2018.12.25-12.13.04:317][611]LogModuleManager: Shutting down and abandoning module BackChannel (360)
[2018.12.25-12.13.04:317][611]LogModuleManager: Shutting down and abandoning module AppleVision (358)
[2018.12.25-12.13.04:317][611]LogModuleManager: Shutting down and abandoning module AppleImageUtilsBlueprintSupport (356)
[2018.12.25-12.13.04:317][611]LogModuleManager: Shutting down and abandoning module AppleImageUtils (354)
[2018.12.25-12.13.04:317][611]LogModuleManager: Shutting down and abandoning module AlembicImporter (352)
[2018.12.25-12.13.04:317][611]LogModuleManager: Shutting down and abandoning module AlembicLibrary (351)
[2018.12.25-12.13.04:317][611]LogModuleManager: Shutting down and abandoning module GeometryCache (350)
[2018.12.25-12.13.04:317][611]LogModuleManager: Shutting down and abandoning module GeometryCacheEd (349)
[2018.12.25-12.13.04:317][611]LogModuleManager: Shutting down and abandoning module VariantManagerContent (344)
[2018.12.25-12.13.04:317][611]LogModuleManager: Shutting down and abandoning module DatasmithContentEditor (342)
[2018.12.25-12.13.04:317][611]LogModuleManager: Shutting down and abandoning module SpeedTreeImporter (340)
[2018.12.25-12.13.04:317][611]LogModuleManager: Shutting down and abandoning module PluginBrowser (338)
[2018.12.25-12.13.04:317][611]LogModuleManager: Shutting down and abandoning module MobileLauncherProfileWizard (336)
[2018.12.25-12.13.04:317][611]LogModuleManager: Shutting down and abandoning module PolygonModeling (334)
[2018.12.25-12.13.04:317][611]LogModuleManager: Shutting down and abandoning module MeshEditor (332)
[2018.12.25-12.13.04:317][611]LogModuleManager: Shutting down and abandoning module CryptoKeysOpenSSL (330)
[2018.12.25-12.13.04:317][611]LogModuleManager: Shutting down and abandoning module CryptoKeys (328)
[2018.12.25-12.13.04:317][611]LogModuleManager: Shutting down and abandoning module VisualStudioSourceCodeAccess (326)
[2018.12.25-12.13.04:317][611]LogModuleManager: Shutting down and abandoning module VisualStudioCodeSourceCodeAccess (324)
[2018.12.25-12.13.04:317][611]LogModuleManager: Shutting down and abandoning module UObjectPlugin (322)
[2018.12.25-12.13.04:317][611]LogModuleManager: Shutting down and abandoning module SubversionSourceControl (320)
[2018.12.25-12.13.04:317][611]LogModuleManager: Shutting down and abandoning module PerforceSourceControl (318)
[2018.12.25-12.13.04:317][611]LogModuleManager: Shutting down and abandoning module GitSourceControl (316)
[2018.12.25-12.13.04:317][611]LogModuleManager: Shutting down and abandoning module SourceControl (315)
[2018.12.25-12.13.04:317][611]LogModuleManager: Shutting down and abandoning module CLionSourceCodeAccess (312)
[2018.12.25-12.13.04:317][611]LogModuleManager: Shutting down and abandoning module ActorLayerUtilitiesEditor (310)
[2018.12.25-12.13.04:317][611]LogModuleManager: Shutting down and abandoning module ActorLayerUtilities (308)
[2018.12.25-12.13.04:317][611]LogModuleManager: Shutting down and abandoning module LightPropagationVolumeEditor (306)
[2018.12.25-12.13.04:317][611]LogModuleManager: Shutting down and abandoning module PaperTiledImporter (304)
[2018.12.25-12.13.04:317][611]LogModuleManager: Shutting down and abandoning module PaperSpriteSheetImporter (302)
[2018.12.25-12.13.04:317][611]LogModuleManager: Shutting down and abandoning module Paper2DEditor (300)
[2018.12.25-12.13.04:317][611]LogModuleManager: Shutting down and abandoning module MeshPaint (299)
[2018.12.25-12.13.04:317][611]LogModuleManager: Shutting down and abandoning module RuntimePhysXCooking (294)
[2018.12.25-12.13.04:317][611]LogModuleManager: Shutting down and abandoning module PhysXVehiclesEditor (292)
[2018.12.25-12.13.04:317][611]LogModuleManager: Shutting down and abandoning module PhysXVehicles (290)
[2018.12.25-12.13.04:317][611]LogModuleManager: Shutting down and abandoning module OculusEditor (288)
[2018.12.25-12.13.04:317][611]LogModuleManager: Shutting down and abandoning module LocationServicesBPLibrary (286)
[2018.12.25-12.13.04:317][611]LogModuleManager: Shutting down and abandoning module ActorSequence (284)
[2018.12.25-12.13.04:317][611]LogModuleManager: Shutting down and abandoning module UdpMessaging (282)
[2018.12.25-12.13.04:419][611]LogModuleManager: Shutting down and abandoning module TcpMessaging (280)
[2018.12.25-12.13.04:519][611]LogModuleManager: Shutting down and abandoning module MagicLeapAudio (278)
[2018.12.25-12.13.04:519][611]LogModuleManager: Shutting down and abandoning module GameplayTagsEditor (276)
[2018.12.25-12.13.04:519][611]LogModuleManager: Shutting down and abandoning module FacialAnimationEditor (274)
[2018.12.25-12.13.04:519][611]LogModuleManager: Shutting down and abandoning module FacialAnimation (272)
[2018.12.25-12.13.04:519][611]LogModuleManager: Shutting down and abandoning module DataValidation (270)
[2018.12.25-12.13.04:519][611]LogModuleManager: Shutting down and abandoning module AssetManagerEditor (268)
[2018.12.25-12.13.04:519][611]LogModuleManager: Shutting down and abandoning module LevelEditor (267)
[2018.12.25-12.13.04:519][611]LogModuleManager: Shutting down and abandoning module PixelInspectorModule (266)
[2018.12.25-12.13.04:519][611]LogModuleManager: Shutting down and abandoning module CommonMenuExtensions (264)
[2018.12.25-12.13.04:519][611]LogModuleManager: Shutting down and abandoning module MainFrame (262)
[2018.12.25-12.13.04:519][611]LogModuleManager: Shutting down and abandoning module HotReload (261)
[2018.12.25-12.13.04:520][611]LogModuleManager: Shutting down and abandoning module ContentBrowser (257)
[2018.12.25-12.13.04:520][611]LogModuleManager: Shutting down and abandoning module TreeMap (255)
[2018.12.25-12.13.04:520][611]LogModuleManager: Shutting down and abandoning module LightPropagationVolumeRuntime (252)
[2018.12.25-12.13.04:520][611]LogModuleManager: Shutting down and abandoning module AISupportModule (250)
[2018.12.25-12.13.04:520][611]LogModuleManager: Shutting down and abandoning module Paper2D (248)
[2018.12.25-12.13.04:520][611]LogModuleManager: Shutting down and abandoning module WindowsMoviePlayer (246)
[2018.12.25-12.13.04:520][611]LogModuleManager: Shutting down and abandoning module WebMMoviePlayer (244)
[2018.12.25-12.13.04:520][611]LogModuleManager: Shutting down and abandoning module WmfMedia (242)
[2018.12.25-12.13.04:522][611]LogModuleManager: Shutting down and abandoning module Media (241)
[2018.12.25-12.13.04:528][611]LogModuleManager: Shutting down and abandoning module PacketHandler (238)
[2018.12.25-12.13.04:528][611]LogModuleManager: Shutting down and abandoning module ClothingSystemEditor (236)
[2018.12.25-12.13.04:528][611]LogModuleManager: Shutting down and abandoning module ClothingSystemRuntime (234)
[2018.12.25-12.13.04:528][611]LogModuleManager: Shutting down and abandoning module MediaAssets (232)
[2018.12.25-12.13.04:528][611]LogModuleManager: Shutting down and abandoning module Overlay (230)
[2018.12.25-12.13.04:528][611]LogModuleManager: Shutting down and abandoning module OverlayEditor (229)
[2018.12.25-12.13.04:528][611]LogModuleManager: Shutting down and abandoning module VREditor (226)
[2018.12.25-12.13.04:528][611]LogModuleManager: Shutting down and abandoning module StringTableEditor (224)
[2018.12.25-12.13.04:528][611]LogModuleManager: Shutting down and abandoning module GameplayTasksEditor (222)
[2018.12.25-12.13.04:528][611]LogModuleManager: Shutting down and abandoning module BehaviorTreeEditor (220)
[2018.12.25-12.13.04:528][611]LogModuleManager: Shutting down and abandoning module FunctionalTesting (218)
[2018.12.25-12.13.04:528][611]LogModuleManager: Shutting down and abandoning module CollisionAnalyzer (216)
[2018.12.25-12.13.04:528][611]LogModuleManager: Shutting down and abandoning module WorkspaceMenuStructure (215)
[2018.12.25-12.13.04:528][611]LogModuleManager: Shutting down and abandoning module UMG (212)
[2018.12.25-12.13.04:528][611]LogModuleManager: Shutting down and abandoning module UMGEditor (211)
[2018.12.25-12.13.04:528][611]LogModuleManager: Shutting down and abandoning module Sequencer (210)
[2018.12.25-12.13.04:529][611]LogModuleManager: Shutting down and abandoning module MessageLog (207)
[2018.12.25-12.13.04:529][611]LogModuleManager: Shutting down and abandoning module SlateReflector (202)
[2018.12.25-12.13.04:529][611]LogModuleManager: Shutting down and abandoning module Slate (200)
[2018.12.25-12.13.04:529][611]LogModuleManager: Shutting down and abandoning module EditorStyle (198)
[2018.12.25-12.13.04:530][611]LogModuleManager: Shutting down and abandoning module MRMesh (196)
[2018.12.25-12.13.04:530][611]LogModuleManager: Shutting down and abandoning module SourceCodeAccess (194)
[2018.12.25-12.13.04:530][611]LogModuleManager: Shutting down and abandoning module HeadMountedDisplay (192)
[2018.12.25-12.13.04:530][611]LogModuleManager: Shutting down and abandoning module XAudio2 (190)
[2018.12.25-12.13.04:530][611]LogModuleManager: Shutting down and abandoning module Networking (188)
[2018.12.25-12.13.04:530][611]LogModuleManager: Shutting down and abandoning module Core (186)
[2018.12.25-12.13.04:530][611]LogModuleManager: Shutting down and abandoning module LevelSequence (184)
[2018.12.25-12.13.04:530][611]LogModuleManager: Shutting down and abandoning module KismetCompiler (182)
[2018.12.25-12.13.04:530][611]LogModuleManager: Shutting down and abandoning module MeshUtilities (180)
[2018.12.25-12.13.04:530][611]LogModuleManager: Shutting down and abandoning module MeshMergeUtilities (179)
[2018.12.25-12.13.04:530][611]LogModuleManager: Shutting down and abandoning module MeshReductionInterface (178)
[2018.12.25-12.13.04:530][611]LogModuleManager: Shutting down and abandoning module SimplygonSwarm (177)
[2018.12.25-12.13.04:530][611]LogModuleManager: Shutting down and abandoning module ProxyLODMeshReduction (175)
[2018.12.25-12.13.04:530][611]LogModuleManager: Shutting down and abandoning module SimplygonMeshReduction (173)
[2018.12.25-12.13.04:530][611]LogModuleManager: Shutting down and abandoning module QuadricMeshReduction (171)
[2018.12.25-12.13.04:530][611]LogModuleManager: Shutting down and abandoning module MaterialBaking (167)
[2018.12.25-12.13.04:530][611]LogModuleManager: Shutting down and abandoning module DirectoryWatcher (163)
[2018.12.25-12.13.04:530][611]LogModuleManager: Shutting down and abandoning module DerivedDataCache (160)
[2018.12.25-12.13.04:613][611]LogDerivedDataCache: Shutdown
[2018.12.25-12.13.04:613][611]LogModuleManager: Shutting down and abandoning module XGEController (158)
[2018.12.25-12.13.04:613][611]LogModuleManager: Shutting down and abandoning module TargetPlatform (156)
[2018.12.25-12.13.04:613][611]LogModuleManager: Shutting down and abandoning module VulkanShaderFormat (155)
[2018.12.25-12.13.04:613][611]LogModuleManager: Shutting down and abandoning module ShaderFormatVectorVM (153)
[2018.12.25-12.13.04:613][611]LogModuleManager: Shutting down and abandoning module ShaderFormatOpenGL (151)
[2018.12.25-12.13.04:613][611]LogModuleManager: Shutting down and abandoning module ShaderFormatD3D (149)
[2018.12.25-12.13.04:613][611]LogModuleManager: Shutting down and abandoning module MetalShaderFormat (147)
[2018.12.25-12.13.04:613][611]LogModuleManager: Shutting down and abandoning module TextureFormatUncompressed (145)
[2018.12.25-12.13.04:613][611]LogModuleManager: Shutting down and abandoning module TextureFormatPVR (143)
[2018.12.25-12.13.04:613][611]LogModuleManager: Shutting down and abandoning module TextureFormatDXT (141)
[2018.12.25-12.13.04:613][611]LogModuleManager: Shutting down and abandoning module TextureFormatIntelISPCTexComp (139)
[2018.12.25-12.13.04:613][611]LogModuleManager: Shutting down and abandoning module TextureFormatASTC (137)
[2018.12.25-12.13.04:613][611]LogModuleManager: Shutting down and abandoning module ImageWrapper (136)
[2018.12.25-12.13.04:613][611]LogModuleManager: Shutting down and abandoning module TextureFormatAndroid (133)
[2018.12.25-12.13.04:613][611]LogModuleManager: Shutting down and abandoning module AudioFormatOpus (131)
[2018.12.25-12.13.04:613][611]LogModuleManager: Shutting down and abandoning module AudioFormatOgg (129)
[2018.12.25-12.13.04:613][611]LogModuleManager: Shutting down and abandoning module AudioFormatADPCM (127)
[2018.12.25-12.13.04:613][611]LogModuleManager: Shutting down and abandoning module LuminTargetPlatform (125)
[2018.12.25-12.13.04:614][611]LogModuleManager: Shutting down and abandoning module LinuxTargetPlatform (123)
[2018.12.25-12.13.04:614][611]LogModuleManager: Shutting down and abandoning module LinuxServerTargetPlatform (121)
[2018.12.25-12.13.04:614][611]LogModuleManager: Shutting down and abandoning module LinuxNoEditorTargetPlatform (119)
[2018.12.25-12.13.04:614][611]LogModuleManager: Shutting down and abandoning module LinuxClientTargetPlatform (117)
[2018.12.25-12.13.04:614][611]LogModuleManager: Shutting down and abandoning module TVOSTargetPlatform (115)
[2018.12.25-12.13.04:614][611]LogModuleManager: Shutting down and abandoning module Messaging (113)
[2018.12.25-12.13.04:615][611]LogModuleManager: Shutting down and abandoning module IOSTargetPlatform (111)
[2018.12.25-12.13.04:615][611]LogModuleManager: Shutting down and abandoning module HTML5TargetPlatform (109)
[2018.12.25-12.13.04:615][611]LogModuleManager: Shutting down and abandoning module AndroidTargetPlatform (107)
[2018.12.25-12.13.04:619][611]LogModuleManager: Shutting down and abandoning module WindowsTargetPlatform (105)
[2018.12.25-12.13.04:619][611]LogModuleManager: Shutting down and abandoning module WindowsServerTargetPlatform (103)
[2018.12.25-12.13.04:619][611]LogModuleManager: Shutting down and abandoning module WindowsNoEditorTargetPlatform (101)
[2018.12.25-12.13.04:619][611]LogModuleManager: Shutting down and abandoning module WindowsClientTargetPlatform (99)
[2018.12.25-12.13.04:619][611]LogModuleManager: Shutting down and abandoning module MacTargetPlatform (97)
[2018.12.25-12.13.04:619][611]LogModuleManager: Shutting down and abandoning module MacServerTargetPlatform (95)
[2018.12.25-12.13.04:619][611]LogModuleManager: Shutting down and abandoning module MacNoEditorTargetPlatform (93)
[2018.12.25-12.13.04:619][611]LogModuleManager: Shutting down and abandoning module MacClientTargetPlatform (91)
[2018.12.25-12.13.04:619][611]LogModuleManager: Shutting down and abandoning module AllDesktopTargetPlatform (89)
[2018.12.25-12.13.04:620][611]LogModuleManager: Shutting down and abandoning module InputCore (86)
[2018.12.25-12.13.04:620][611]LogModuleManager: Shutting down and abandoning module Settings (84)
[2018.12.25-12.13.04:620][611]LogModuleManager: Shutting down and abandoning module PhysXCooking (82)
[2018.12.25-12.13.04:620][611]LogModuleManager: Shutting down and abandoning module SteamVR (80)
[2018.12.25-12.13.04:620][611]LogHMD: Freeing OpenVRDLLHandle.
[2018.12.25-12.13.04:620][611]LogModuleManager: Shutting down and abandoning module OculusHMD (78)
[2018.12.25-12.13.04:620][611]LogModuleManager: Shutting down and abandoning module ExampleDeviceProfileSelector (76)
[2018.12.25-12.13.04:620][611]LogModuleManager: Shutting down and abandoning module LauncherChunkInstaller (74)
[2018.12.25-12.13.04:620][611]LogModuleManager: Shutting down and abandoning module OnlineBlueprintSupport (72)
[2018.12.25-12.13.04:620][611]LogModuleManager: Shutting down and abandoning module OnlineSubsystem (68)
[2018.12.25-12.13.04:620][611]LogModuleManager: Shutting down and abandoning module XMPP (63)
[2018.12.25-12.13.04:620][611]LogModuleManager: Shutting down and abandoning module WebSockets (62)
[2018.12.25-12.13.04:654][611]LogModuleManager: Shutting down and abandoning module HTTP (59)
[2018.12.25-12.13.04:654][611]LogHttp: Display: Http module shutting down, but needs to wait on 1 outstanding Http requests:
[2018.12.25-12.13.04:654][611]LogHttp: Display: 	verb=[POST] url=[https://datarouter.ol.epicgames.com/datarouter/api/v1/public/data?SessionID=%7B12E31967-4ED2-3596-9562-C1A46647128F%7D&AppID=UEEditor.Rocket.Release&AppVersion=4.21.1-4613538%2B%2B%2BUE4%2BRelease-4.21&UserID=5ea42c2148a581730a0ff4860badea60%7C720a633edfcd4c21ba8666f14eb48fbd%7Cef12b262-7ea2-4600-9c3c-eb1b9db97665&AppEnvironment=datacollector-binary&UploadType=eteventstream] status=Processing
[2018.12.25-12.13.04:682][611]LogModuleManager: Shutting down and abandoning module SSL (58)
[2018.12.25-12.13.04:683][611]LogModuleManager: Shutting down and abandoning module MagicLeapIdentity (54)
[2018.12.25-12.13.04:683][611]LogModuleManager: Shutting down and abandoning module MagicLeapHelperVulkan (52)
[2018.12.25-12.13.04:683][611]LogModuleManager: Shutting down and abandoning module MagicLeapHelperOpenGL (50)
[2018.12.25-12.13.04:683][611]LogModuleManager: Shutting down and abandoning module MagicLeapSecureStorage (48)
[2018.12.25-12.13.04:683][611]LogModuleManager: Shutting down and abandoning module MagicLeapHandTracking (46)
[2018.12.25-12.13.04:683][611]LogModuleManager: Shutting down and abandoning module MagicLeapEyeTracker (44)
[2018.12.25-12.13.04:683][611]LogModuleManager: Shutting down and abandoning module MagicLeapController (42)
[2018.12.25-12.13.04:683][611]LogSlate: Slate User Destroyed.  User Index 0, Is Virtual User: 0
[2018.12.25-12.13.04:683][611]LogModuleManager: Shutting down and abandoning module MagicLeap (40)
[2018.12.25-12.13.04:683][611]LogModuleManager: Shutting down and abandoning module DatasmithContent (38)
[2018.12.25-12.13.04:683][611]LogModuleManager: Shutting down and abandoning module AnimationModifiers (36)
[2018.12.25-12.13.04:683][611]LogModuleManager: Shutting down and abandoning module PropertyEditor (35)
[2018.12.25-12.13.04:683][611]LogModuleManager: Shutting down and abandoning module AudioEditor (32)
[2018.12.25-12.13.04:683][611]LogModuleManager: Shutting down and abandoning module TextureCompressor (30)
[2018.12.25-12.13.04:683][611]LogModuleManager: Shutting down and abandoning module ShaderCore (28)
[2018.12.25-12.13.04:683][611]LogModuleManager: Shutting down and abandoning module Landscape (26)
[2018.12.25-12.13.04:683][611]LogModuleManager: Shutting down and abandoning module SlateRHIRenderer (24)
[2018.12.25-12.13.04:684][611]LogModuleManager: Shutting down and abandoning module OpenGLDrv (22)
[2018.12.25-12.13.04:684][611]LogModuleManager: Shutting down and abandoning module D3D11RHI (20)
[2018.12.25-12.13.04:684][611]LogModuleManager: Shutting down and abandoning module AnimGraphRuntime (18)
[2018.12.25-12.13.04:684][611]LogModuleManager: Shutting down and abandoning module Renderer (16)
[2018.12.25-12.13.04:684][611]LogModuleManager: Shutting down and abandoning module Engine (14)
[2018.12.25-12.13.04:684][611]LogModuleManager: Shutting down and abandoning module CoreUObject (12)
[2018.12.25-12.13.04:684][611]LogModuleManager: Shutting down and abandoning module NetworkFile (10)
[2018.12.25-12.13.04:684][611]LogModuleManager: Shutting down and abandoning module CookedIterativeFile (8)
[2018.12.25-12.13.04:684][611]LogModuleManager: Shutting down and abandoning module StreamingFile (6)
[2018.12.25-12.13.04:684][611]LogModuleManager: Shutting down and abandoning module SandboxFile (4)
[2018.12.25-12.13.04:684][611]LogModuleManager: Shutting down and abandoning module PakFile (2)
[2018.12.25-12.13.04:689][611]LogExit: Exiting.
[2018.12.25-12.13.04:708][611]Log file closed, 12/25/18 21:13:04
