Log file open, 12/09/18 21:32:17
LogWindows: Failed to load 'aqProf.dll' (GetLastError=126)
LogWindows: File 'aqProf.dll' does not exist
LogWindows: Failed to load 'VSPerf140.dll' (GetLastError=126)
LogWindows: File 'VSPerf140.dll' does not exist
LogWindows: Failed to load 'VtuneApi.dll' (GetLastError=126)
LogWindows: File 'VtuneApi.dll' does not exist
LogWindows: Failed to load 'VtuneApi32e.dll' (GetLastError=126)
LogWindows: File 'VtuneApi32e.dll' does not exist
LogInit: Display: Running engine for game: TimeTravel
LogPlatformFile: Not using cached read wrapper
LogTaskGraph: Started task graph with 5 named threads and 20 total threads with 3 sets of task threads.
LogStats: Stats thread started at 0.238154
LogD3D11RHI: Loaded GFSDK_Aftermath_Lib.x64.dll
LogICUInternationalization: Display: ICU TimeZone Detection - Raw Offset: +9:00, Platform Override: ''
LogPluginManager: Mounting plugin Paper2D
LogPluginManager: Mounting plugin AISupport
LogPluginManager: Mounting plugin LightPropagationVolume
LogPluginManager: Mounting plugin CLionSourceCodeAccess
LogPluginManager: Mounting plugin CodeLiteSourceCodeAccess
LogPluginManager: Mounting plugin GitSourceControl
LogPluginManager: Mounting plugin KDevelopSourceCodeAccess
LogPluginManager: Mounting plugin NullSourceCodeAccess
LogPluginManager: Mounting plugin PerforceSourceControl
LogPluginManager: Mounting plugin SubversionSourceControl
LogPluginManager: Mounting plugin UObjectPlugin
LogPluginManager: Mounting plugin VisualStudioCodeSourceCodeAccess
LogPluginManager: Mounting plugin VisualStudioSourceCodeAccess
LogPluginManager: Mounting plugin XCodeSourceCodeAccess
LogPluginManager: Mounting plugin AssetManagerEditor
LogPluginManager: Mounting plugin CryptoKeys
LogPluginManager: Mounting plugin DataValidation
LogPluginManager: Mounting plugin FacialAnimation
LogPluginManager: Mounting plugin GameplayTagsEditor
LogPluginManager: Mounting plugin MacGraphicsSwitching
LogPluginManager: Mounting plugin MeshEditor
LogPluginManager: Mounting plugin MobileLauncherProfileWizard
LogPluginManager: Mounting plugin PluginBrowser
LogPluginManager: Mounting plugin SpeedTreeImporter
LogPluginManager: Mounting plugin DatasmithContent
LogPluginManager: Mounting plugin AlembicImporter
LogPluginManager: Mounting plugin AppleImageUtils
LogPluginManager: Mounting plugin AppleVision
LogPluginManager: Mounting plugin BackChannel
LogPluginManager: Mounting plugin CharacterAI
LogPluginManager: Mounting plugin GeometryCache
LogPluginManager: Mounting plugin HTML5Networking
LogPluginManager: Mounting plugin ProxyLODPlugin
LogPluginManager: Mounting plugin MagicLeap
LogPluginManager: Mounting plugin MagicLeapEmulator
LogPluginManager: Mounting plugin MagicLeapMedia
LogPluginManager: Mounting plugin AndroidMedia
LogPluginManager: Mounting plugin AvfMedia
LogPluginManager: Mounting plugin ImgMedia
LogPluginManager: Mounting plugin LinearTimecode
LogPluginManager: Mounting plugin MediaCompositing
LogPluginManager: Mounting plugin MediaPlayerEditor
LogPluginManager: Mounting plugin WmfMedia
LogPluginManager: Mounting plugin TcpMessaging
LogPluginManager: Mounting plugin UdpMessaging
LogPluginManager: Mounting plugin ActorSequence
LogPluginManager: Mounting plugin LevelSequenceEditor
LogPluginManager: Mounting plugin MatineeToLevelSequence
LogPluginManager: Mounting plugin NetcodeUnitTest
LogPluginManager: Mounting plugin NUTUnrealEngine4
LogPluginManager: Mounting plugin OnlineSubsystemGooglePlay
LogPluginManager: Mounting plugin OnlineSubsystemIOS
LogPluginManager: Mounting plugin OnlineSubsystem
LogPluginManager: Mounting plugin OnlineSubsystemNull
LogPluginManager: Mounting plugin OnlineSubsystemUtils
LogPluginManager: Mounting plugin LauncherChunkInstaller
LogPluginManager: Mounting plugin AndroidDeviceProfileSelector
LogPluginManager: Mounting plugin AndroidMoviePlayer
LogPluginManager: Mounting plugin AndroidPermission
LogPluginManager: Mounting plugin AppleMoviePlayer
LogPluginManager: Mounting plugin ArchVisCharacter
LogPluginManager: Mounting plugin AudioCapture
LogPluginManager: Mounting plugin CableComponent
LogPluginManager: Mounting plugin CustomMeshComponent
LogPluginManager: Mounting plugin EditableMesh
LogPluginManager: Mounting plugin ExampleDeviceProfileSelector
LogPluginManager: Mounting plugin GoogleCloudMessaging
LogPluginManager: Mounting plugin ImmediatePhysics
LogPluginManager: Mounting plugin IOSDeviceProfileSelector
LogPluginManager: Mounting plugin LinuxDeviceProfileSelector
LogPluginManager: Mounting plugin LocationServicesBPLibrary
LogPluginManager: Mounting plugin MobilePatchingUtils
LogPluginManager: Mounting plugin OculusVR
LogPluginManager: Plugin shader directory ../../../Engine/Plugins/Runtime/Oculus/OculusVR/Shaders found
LogPluginManager: Mapping shader source directory ../../../Engine/Plugins/Runtime/Oculus/OculusVR/Shaders to virtual directory /Plugin/OculusVR
LogPluginManager: Mounting plugin PhysXVehicles
LogPluginManager: Mounting plugin ProceduralMeshComponent
LogPluginManager: Mounting plugin RuntimePhysXCooking
LogPluginManager: Mounting plugin SteamVR
LogPluginManager: Mounting plugin WindowsMoviePlayer
LogStreaming: Display: Took  0.088s to configure plugins.
LogInit: Using libcurl 7.55.1-DEV
LogInit:  - built for x86_64-pc-win32
LogInit:  - supports SSL with OpenSSL/1.0.2h
LogInit:  - supports HTTP deflate (compression) using libz 1.2.8
LogInit:  - other features:
LogInit:      CURL_VERSION_SSL
LogInit:      CURL_VERSION_LIBZ
LogInit:      CURL_VERSION_IPV6
LogInit:      CURL_VERSION_ASYNCHDNS
LogInit:      CURL_VERSION_LARGEFILE
LogInit:      CURL_VERSION_IDN
LogInit:  CurlRequestOptions (configurable via config and command line):
LogInit:  - bVerifyPeer = false  - Libcurl will NOT verify peer certificate
LogInit:  - bUseHttpProxy = false  - Libcurl will NOT use HTTP proxy
LogInit:  - bDontReuseConnections = false  - Libcurl will reuse connections
LogInit:  - CertBundlePath = nullptr  - Libcurl will use whatever was configured at build time.
LogInit:  - MaxHostConnections = 16  - Libcurl will limit the number of connections to a host
LogInit:  - LocalHostAddr = Default
LogInit:  - BufferSize = 65536
LogInit: WinSock: version 1.1 (2.2), MaxSocks=32767, MaxUdp=65467
LogInit: Build: ++UE4+Release-4.20-CL-4369336
LogInit: Engine Version: 4.20.3-4369336+++UE4+Release-4.20
LogInit: Compatible Engine Version: 4.20.0-4212847+++UE4+Release-4.20
LogInit: Net CL: 4212847
LogInit: OS: Windows 10 (), CPU: Intel(R) Core(TM) i5-8600K CPU @ 3.60GHz, GPU: NVIDIA GeForce GTX 1060 6GB
LogInit: Compiled (64-bit): Sep 17 2018 12:26:19
LogInit: Compiled with Visual C++: 19.13.26129.00
LogInit: Build Configuration: Development
LogInit: Branch Name: ++UE4+Release-4.20
LogInit: Command Line: 
LogInit: Base Directory: C:/Program Files/Epic Games/UE_4.20/Engine/Binaries/Win64/
LogInit: Installed Engine Build: 1
LogDevObjectVersion: Number of dev versions registered: 20
LogDevObjectVersion:   Dev-Blueprints (B0D832E4-1F89-4F0D-ACCF-7EB736FD4AA2): 10
LogDevObjectVersion:   Dev-Build (E1C64328-A22C-4D53-A36C-8E866417BD8C): 0
LogDevObjectVersion:   Dev-Core (375EC13C-06E4-48FB-B500-84F0262A717E): 2
LogDevObjectVersion:   Dev-Editor (E4B068ED-F494-42E9-A231-DA0B2E46BB41): 24
LogDevObjectVersion:   Dev-Framework (CFFC743F-43B0-4480-9391-14DF171D2073): 34
LogDevObjectVersion:   Dev-Mobile (B02B49B5-BB20-44E9-A304-32B752E40360): 2
LogDevObjectVersion:   Dev-Networking (A4E4105C-59A1-49B5-A7C5-40C4547EDFEE): 0
LogDevObjectVersion:   Dev-Online (39C831C9-5AE6-47DC-9A44-9C173E1C8E7C): 0
LogDevObjectVersion:   Dev-Physics (78F01B33-EBEA-4F98-B9B4-84EACCB95AA2): 0
LogDevObjectVersion:   Dev-Platform (6631380F-2D4D-43E0-8009-CF276956A95A): 0
LogDevObjectVersion:   Dev-Rendering (12F88B9F-8875-4AFC-A67C-D90C383ABD29): 26
LogDevObjectVersion:   Dev-Sequencer (7B5AE74C-D270-4C10-A958-57980B212A5A): 9
LogDevObjectVersion:   Dev-VR (D7296918-1DD6-4BDD-9DE2-64A83CC13884): 2
LogDevObjectVersion:   Dev-LoadTimes (C2A15278-BFE7-4AFE-6C17-90FF531DF755): 1
LogDevObjectVersion:   Private-Geometry (6EACA3D4-40EC-4CC1-B786-8BED09428FC5): 3
LogDevObjectVersion:   Dev-AnimPhys (29E575DD-E0A3-4627-9D10-D276232CDCEA): 17
LogDevObjectVersion:   Dev-ReflectionCapture (6B266CEC-1EC7-4B8F-A30B-E4D90942FC07): 1
LogDevObjectVersion:   Dev-Automation (0DF73D61-A23F-47EA-B727-89E90C41499A): 1
LogDevObjectVersion:   FortniteMain (601D1886-AC64-4F84-AA16-D3DE0DEAC7D6): 12
LogDevObjectVersion:   Dev-Enterprise (9DFFBCD6-494F-0158-E221-12823C92A888): 1
LogStreaming: Display: Took  0.000s to delete old logs.
LogInit: Presizing for max 8388607 objects, including 0 objects not considered by GC, pre-allocating 0 bytes for permanent pool.
LogInit: Object subsystem initialized
[2018.12.09-12.32.18:235][  0]LogInit: Selected Device Profile: [Windows]
[2018.12.09-12.32.18:235][  0]LogInit: Applying CVar settings loaded from the selected device profile: [Windows]
[2018.12.09-12.32.18:240][  0]LogHAL: Display: Platform has ~ 16 GB [17116471296 / 17179869184 / 16], which maps to Larger [LargestMinGB=32, LargerMinGB=12, DefaultMinGB=8, SmallerMinGB=6, SmallestMinGB=0)
[2018.12.09-12.32.18:240][  0]LogInit: Setting Device Profile CVar: [[r.Vulkan.UseRealUBs:1]]
[2018.12.09-12.32.18:240][  0]LogInit: Going up to parent DeviceProfile []
[2018.12.09-12.32.18:240][  0]LogInit: Computer: DESKTOP-RAID143
[2018.12.09-12.32.18:240][  0]LogInit: User: MinLion
[2018.12.09-12.32.18:240][  0]LogInit: CPU Page size=4096, Cores=6
[2018.12.09-12.32.18:240][  0]LogInit: High frequency timer resolution =3.515623 MHz
[2018.12.09-12.32.18:241][  0]LogMemory: Memory total: Physical=15.9GB (16GB approx)
[2018.12.09-12.32.18:241][  0]LogMemory: Platform Memory Stats for Windows
[2018.12.09-12.32.18:241][  0]LogMemory: Process Physical Memory: 100.11 MB used, 100.11 MB peak
[2018.12.09-12.32.18:241][  0]LogMemory: Process Virtual Memory: 90.96 MB used, 90.96 MB peak
[2018.12.09-12.32.18:241][  0]LogMemory: Physical Memory: 3696.34 MB used,  12627.20 MB free, 16323.54 MB total
[2018.12.09-12.32.18:241][  0]LogMemory: Virtual Memory: 4641.16 MB used,  12627.20 MB free, 134217728.00 MB total
[2018.12.09-12.32.18:255][  0]LogInit: Using OS detected language (ko-KR).
[2018.12.09-12.32.18:255][  0]LogInit: Using OS detected locale (ko-KR).
[2018.12.09-12.32.18:256][  0]LogTextLocalizationManager: No specific localization for 'ko-KR' exists, so the 'ko' localization will be used.
[2018.12.09-12.32.18:549][  0]LogStreaming: Display: Took  0.294s to InitEngineTextLocalization.
[2018.12.09-12.32.18:549][  0]LogInit: Setting process to per monitor DPI aware
[2018.12.09-12.32.18:570][  0]LogSlate: New Slate User Created.  User Index 0, Is Virtual User: 0
[2018.12.09-12.32.18:570][  0]LogSlate: Slate User Registered.  User Index 0, Is Virtual User: 0
[2018.12.09-12.32.18:718][  0]LogHMD: Failed to initialize OpenVR with code 110
[2018.12.09-12.32.18:718][  0]LogD3D11RHI: D3D11 adapters:
[2018.12.09-12.32.18:762][  0]LogD3D11RHI:    0. 'NVIDIA GeForce GTX 1060 6GB' (Feature Level 11_0)
[2018.12.09-12.32.18:762][  0]LogD3D11RHI:       6052/0/8161 MB DedicatedVideo/DedicatedSystem/SharedSystem, Outputs:1, VendorId:0x10de
[2018.12.09-12.32.18:764][  0]LogD3D11RHI:    1. 'Microsoft Basic Render Driver' (Feature Level 11_0)
[2018.12.09-12.32.18:764][  0]LogD3D11RHI:       0/0/8161 MB DedicatedVideo/DedicatedSystem/SharedSystem, Outputs:0, VendorId:0x1414
[2018.12.09-12.32.18:764][  0]LogD3D11RHI: Chosen D3D11 Adapter: 0
[2018.12.09-12.32.18:768][  0]LogD3D11RHI: Creating new Direct3DDevice
[2018.12.09-12.32.18:769][  0]LogD3D11RHI:     GPU DeviceId: 0x1c03 (for the marketing name, search the web for "GPU Device Id")
[2018.12.09-12.32.18:769][  0]LogWindows: EnumDisplayDevices:
[2018.12.09-12.32.18:769][  0]LogWindows:    0. 'NVIDIA GeForce GTX 1060 6GB' (P:1 D:1)
[2018.12.09-12.32.18:769][  0]LogWindows:    1. 'NVIDIA GeForce GTX 1060 6GB' (P:0 D:0)
[2018.12.09-12.32.18:769][  0]LogWindows:    2. 'NVIDIA GeForce GTX 1060 6GB' (P:0 D:0)
[2018.12.09-12.32.18:769][  0]LogWindows:    3. 'NVIDIA GeForce GTX 1060 6GB' (P:0 D:0)
[2018.12.09-12.32.18:769][  0]LogWindows: DebugString: FoundDriverCount:4 
[2018.12.09-12.32.18:769][  0]LogD3D11RHI:     Adapter Name: NVIDIA GeForce GTX 1060 6GB
[2018.12.09-12.32.18:769][  0]LogD3D11RHI:   Driver Version: 416.16 (internal:25.21.14.1616, unified:416.16)
[2018.12.09-12.32.18:769][  0]LogD3D11RHI:      Driver Date: 10-2-2018
[2018.12.09-12.32.18:769][  0]LogRHI: Texture pool is 4236 MB (70% of 6052 MB)
[2018.12.09-12.32.18:800][  0]LogD3D11RHI: Async texture creation enabled
[2018.12.09-12.32.18:816][  0]LogD3D11RHI: GPU Timing Frequency: 1000.000000 (Debug: 2 2)
[2018.12.09-12.32.18:817][  0]LogShaderCompilers: Guid format shader working directory is -17 characters bigger than the processId version (../../../../../../Users/MinLion/Desktop/UnrealProjects/TimeTravel/Intermediate/Shaders/WorkingDirectory/1880/).
[2018.12.09-12.32.18:817][  0]LogShaderCompilers: Cleaned the shader compiler working directory 'C:/Users/MinLion/AppData/Local/Temp/UnrealShaderWorkingDir/828541024A7359F12C9787ABDC175963/'.
[2018.12.09-12.32.19:055][  0]LogTemp: Display: Loaded TP AllDesktopTargetPlatform
[2018.12.09-12.32.19:065][  0]LogTemp: Display: Loaded TP MacClientTargetPlatform
[2018.12.09-12.32.19:076][  0]LogTemp: Display: Loaded TP MacNoEditorTargetPlatform
[2018.12.09-12.32.19:087][  0]LogTemp: Display: Loaded TP MacServerTargetPlatform
[2018.12.09-12.32.19:098][  0]LogTemp: Display: Loaded TP MacTargetPlatform
[2018.12.09-12.32.19:108][  0]LogTemp: Display: Loaded TP WindowsClientTargetPlatform
[2018.12.09-12.32.19:118][  0]LogTemp: Display: Loaded TP WindowsNoEditorTargetPlatform
[2018.12.09-12.32.19:129][  0]LogTemp: Display: Loaded TP WindowsServerTargetPlatform
[2018.12.09-12.32.19:134][  0]LogTemp: Display: Loaded TP WindowsTargetPlatform
[2018.12.09-12.32.19:195][  0]LogTemp: Display: Loaded TP AndroidTargetPlatform
[2018.12.09-12.32.19:195][  0]LogTemp: Display: Loaded TP AndroidTargetPlatform
[2018.12.09-12.32.19:195][  0]LogTemp: Display: Loaded TP AndroidTargetPlatform
[2018.12.09-12.32.19:195][  0]LogTemp: Display: Loaded TP AndroidTargetPlatform
[2018.12.09-12.32.19:195][  0]LogTemp: Display: Loaded TP AndroidTargetPlatform
[2018.12.09-12.32.19:195][  0]LogTemp: Display: Loaded TP AndroidTargetPlatform
[2018.12.09-12.32.19:195][  0]LogTemp: Display: Loaded TP AndroidTargetPlatform
[2018.12.09-12.32.19:195][  0]LogTemp: Display: Loaded TP AndroidTargetPlatform
[2018.12.09-12.32.19:195][  0]LogTemp: Display: Loaded TP AndroidTargetPlatform
[2018.12.09-12.32.19:195][  0]LogTemp: Display: Loaded TP AndroidTargetPlatform
[2018.12.09-12.32.19:195][  0]LogTemp: Display: Loaded TP AndroidTargetPlatform
[2018.12.09-12.32.19:195][  0]LogTemp: Display: Loaded TP AndroidTargetPlatform
[2018.12.09-12.32.19:195][  0]LogTemp: Display: Loaded TP AndroidTargetPlatform
[2018.12.09-12.32.19:195][  0]LogTemp: Display: Loaded TP AndroidTargetPlatform
[2018.12.09-12.32.19:195][  0]LogTemp: Display: Loaded TP AndroidTargetPlatform
[2018.12.09-12.32.19:195][  0]LogTemp: Display: Loaded TP AndroidTargetPlatform
[2018.12.09-12.32.19:195][  0]LogTemp: Display: Loaded TP AndroidTargetPlatform
[2018.12.09-12.32.19:195][  0]LogTemp: Display: Loaded TP AndroidTargetPlatform
[2018.12.09-12.32.19:197][  0]LogTemp: Display: Loaded TP HTML5TargetPlatform
[2018.12.09-12.32.19:250][  0]LogTemp: Display: Loaded TP IOSTargetPlatform
[2018.12.09-12.32.19:250][  0]LogTemp: Display: Loaded TP IOSTargetPlatform
[2018.12.09-12.32.19:267][  0]LogTemp: Display: Loaded TP TVOSTargetPlatform
[2018.12.09-12.32.19:267][  0]LogTemp: Display: Loaded TP TVOSTargetPlatform
[2018.12.09-12.32.19:277][  0]LogTemp: Display: Loaded TP LinuxClientTargetPlatform
[2018.12.09-12.32.19:287][  0]LogTemp: Display: Loaded TP LinuxNoEditorTargetPlatform
[2018.12.09-12.32.19:296][  0]LogTemp: Display: Loaded TP LinuxServerTargetPlatform
[2018.12.09-12.32.19:309][  0]LogTemp: Display: Loaded TP LinuxTargetPlatform
[2018.12.09-12.32.19:318][  0]LogTemp: Display: Loaded TP LuminTargetPlatform
[2018.12.09-12.32.19:318][  0]LogTargetPlatformManager: Display: Building Assets For Windows
[2018.12.09-12.32.19:366][  0]LogXGEController: Cannot use XGE Controller as Incredibuild is not installed on this machine.
[2018.12.09-12.32.19:366][  0]LogShaderCompilers: Cannot use XGE Shader Compiler as Incredibuild is not installed on this machine.
[2018.12.09-12.32.19:366][  0]LogShaderCompilers: Display: Using Local Shader Compiler.
[2018.12.09-12.32.19:998][  0]LogDerivedDataCache: Display: Max Cache Size: 512 MB
[2018.12.09-12.32.20:048][  0]LogDerivedDataCache: Loaded boot cache 0.05s 71MB C:/Users/MinLion/AppData/Local/UnrealEngine/4.20/DerivedDataCache/Boot.ddc.
[2018.12.09-12.32.20:048][  0]LogDerivedDataCache: Display: Loaded Boot cache: C:/Users/MinLion/AppData/Local/UnrealEngine/4.20/DerivedDataCache/Boot.ddc
[2018.12.09-12.32.20:048][  0]LogDerivedDataCache: FDerivedDataBackendGraph:  Pak pak cache file ../../../../../../Users/MinLion/Desktop/UnrealProjects/TimeTravel/DerivedDataCache/DDC.ddp not found, will not use a pak cache.
[2018.12.09-12.32.20:048][  0]LogDerivedDataCache: Unable to find inner node Pak for hierarchical cache Hierarchy.
[2018.12.09-12.32.20:049][  0]LogDerivedDataCache: FDerivedDataBackendGraph:  CompressedPak pak cache file ../../../../../../Users/MinLion/Desktop/UnrealProjects/TimeTravel/DerivedDataCache/Compressed.ddp not found, will not use a pak cache.
[2018.12.09-12.32.20:049][  0]LogDerivedDataCache: Unable to find inner node CompressedPak for hierarchical cache Hierarchy.
[2018.12.09-12.32.20:059][  0]LogDerivedDataCache: Display: Pak cache opened for reading ../../../Engine/DerivedDataCache/Compressed.ddp.
[2018.12.09-12.32.20:072][  0]LogDerivedDataCache: Using Local data cache path C:/Users/MinLion/AppData/Local/UnrealEngine/Common/DerivedDataCache: Writable
[2018.12.09-12.32.20:072][  0]LogDerivedDataCache: Shared data cache path not found in *engine.ini, will not use an Shared cache.
[2018.12.09-12.32.20:072][  0]LogDerivedDataCache: Unable to find inner node Shared for hierarchical cache Hierarchy.
[2018.12.09-12.32.20:087][  0]LogMaterial: Verifying Global Shaders for PCD3D_SM5
[2018.12.09-12.32.20:088][  0]LogSlate: Using FreeType 2.6.0
[2018.12.09-12.32.20:088][  0]LogSlate: SlateFontServices - WITH_FREETYPE: 1, WITH_HARFBUZZ: 1
[2018.12.09-12.32.20:154][  0]LogAssetRegistry: FAssetRegistry took 0.0253 seconds to start up
[2018.12.09-12.32.20:404][  0]LogInit: Selected Device Profile: [Windows]
[2018.12.09-12.32.20:507][  0]LogSimplygon: Simplygon DLL not present - disabling.
[2018.12.09-12.32.20:510][  0]LogMeshReduction: Using SimplygonSwarm for distributed automatic mesh merging
[2018.12.09-12.32.20:510][  0]LogMeshReduction: Using ProxyLODMeshReduction for automatic mesh merging
[2018.12.09-12.32.20:510][  0]LogMeshReduction: Using QuadricMeshReduction for automatic static mesh reduction
[2018.12.09-12.32.20:510][  0]LogMeshReduction: No automatic skeletal mesh reduction module available
[2018.12.09-12.32.20:524][  0]LogNetVersion: TimeTravel 1.0.0, NetCL: 4212847, EngineNetVer: 5, GameNetVer: 0 (Checksum: 2178339170)
[2018.12.09-12.32.20:974][  0]LogPackageLocalizationCache: Processed 11 localized package path(s) for 2 prioritized culture(s) in 0.105919 seconds
[2018.12.09-12.32.20:980][  0]LogUObjectArray: 38425 objects as part of root set at end of initial load.
[2018.12.09-12.32.20:980][  0]LogUObjectAllocator: 6690872 out of 0 bytes used by permanent object pool.
[2018.12.09-12.32.20:980][  0]LogUObjectArray: CloseDisregardForGC: 0/0 objects in disregard for GC pool
[2018.12.09-12.32.21:678][  0]LogTcpMessaging: Initializing TcpMessaging bridge
[2018.12.09-12.32.21:709][  0]LogUdpMessaging: Initializing bridge on interface 0.0.0.0:0 to multicast group 230.0.0.1:6666.
[2018.12.09-12.32.21:838][  0]SourceControl: 소스 컨트롤이 꺼졌습니다.
[2018.12.09-12.32.21:838][  0]SourceControl: 소스 컨트롤이 꺼졌습니다.
[2018.12.09-12.32.21:839][  0]SourceControl: 소스 컨트롤이 꺼졌습니다.
[2018.12.09-12.32.21:840][  0]SourceControl: 소스 컨트롤이 꺼졌습니다.
[2018.12.09-12.32.21:994][  0]LogAndroidPermission: UAndroidPermissionCallbackProxy::GetInstance
[2018.12.09-12.32.22:048][  0]LogOcInput: OculusInput pre-init called
[2018.12.09-12.32.22:098][  0]LogEngine: Initializing Engine...
[2018.12.09-12.32.22:099][  0]LogHMD: Failed to initialize OpenVR with code 110
[2018.12.09-12.32.22:100][  0]LogStats: UGameplayTagsManager::ConstructGameplayTagTree: ImportINI prefixes -  0.000 s
[2018.12.09-12.32.22:100][  0]LogStats: UGameplayTagsManager::ConstructGameplayTagTree: Construct from data asset -  0.000 s
[2018.12.09-12.32.22:100][  0]LogStats: UGameplayTagsManager::ConstructGameplayTagTree: ImportINI -  0.000 s
[2018.12.09-12.32.22:100][  0]LogStats: UGameplayTagsManager::ConstructGameplayTagTree: GameplayTagTreeChangedEvent.Broadcast -  0.000 s
[2018.12.09-12.32.22:268][  0]LogInit: Initializing FReadOnlyCVARCache
[2018.12.09-12.32.22:278][  0]LogAIModule: Creating AISystem for world Untitled
[2018.12.09-12.32.22:289][  0]LogInit: XAudio2 using '스피커(Realtek High Definition Audio)' : 2 channels at 48 kHz using 32 bits per sample (channel mask 0x3)
[2018.12.09-12.32.22:327][  0]LogInit: FAudioDevice initialized.
[2018.12.09-12.32.22:327][  0]LogNetVersion: Set ProjectVersion to 1.0.0.0. Version Checksum will be recalculated on next use.
[2018.12.09-12.32.22:392][  0]LogDerivedDataCache: Saved boot cache 0.06s 71MB C:/Users/MinLion/AppData/Local/UnrealEngine/4.20/DerivedDataCache/Boot.ddc.
[2018.12.09-12.32.22:393][  0]LogInit: Texture streaming: Enabled
[2018.12.09-12.32.22:407][  0]LogEngineSessionManager: EngineSessionManager initialized
[2018.12.09-12.32.22:416][  0]LogInit: Transaction tracking system initialized
[2018.12.09-12.32.22:436][  0]BlueprintLog: New page: 에디터 로드
[2018.12.09-12.32.22:538][  0]LocalizationService: 현지화 서비스가 비활성화되었습니다.
[2018.12.09-12.32.22:748][  0]LogFileCache: Scanning file cache for directory 'C:/Users/MinLion/Desktop/UnrealProjects/TimeTravel/Content/' took 0.01s
[2018.12.09-12.32.22:748][  0]LogCook: Display: Max memory allowance for cook 16384mb min free memory 0mb
[2018.12.09-12.32.22:748][  0]LogCook: Display: Mobile HDR setting 1
[2018.12.09-12.32.22:748][  0]LogGameplayTags: Display: UGameplayTagsManager::DoneAddingNativeTags. DelegateIsBound: 0
[2018.12.09-12.32.22:748][  0]LogStats: UGameplayTagsManager::ConstructGameplayTagTree: ImportINI prefixes -  0.000 s
[2018.12.09-12.32.22:748][  0]LogStats: UGameplayTagsManager::ConstructGameplayTagTree: Construct from data asset -  0.000 s
[2018.12.09-12.32.22:748][  0]LogStats: UGameplayTagsManager::ConstructGameplayTagTree: ImportINI -  0.000 s
[2018.12.09-12.32.22:748][  0]LogStats: UGameplayTagsManager::ConstructGameplayTagTree: GameplayTagTreeChangedEvent.Broadcast -  0.000 s
[2018.12.09-12.32.22:847][  0]SourceControl: 소스 컨트롤이 꺼졌습니다.
[2018.12.09-12.32.22:847][  0]Cmd: MAP LOAD FILE="../../../Engine/Content/Maps/Templates/Template_Default.umap" TEMPLATE=1 SHOWPROGRESS=1 FEATURELEVEL=3
[2018.12.09-12.32.22:847][  0]LightingResults: New page: 라이팅 빌드
[2018.12.09-12.32.22:849][  0]MapCheck: New page: 맵 체크
[2018.12.09-12.32.22:849][  0]LightingResults: New page: 라이팅 빌드
[2018.12.09-12.32.23:005][  0]LogAIModule: Creating AISystem for world Untitled_1
[2018.12.09-12.32.23:010][  0]LogEditorServer: Finished looking for orphan Actors (0.000 secs)
[2018.12.09-12.32.23:030][  0]Cmd: MAP CHECKDEP NOCLEARLOG
[2018.12.09-12.32.23:091][  0]MapCheck: 맵 체크 완료: 오류 0 회, 경고 0 회, 소요 시간 61.121ms.
[2018.12.09-12.32.23:092][  0]LogFileHelpers: Loading map 'Template_Default' took 0.245
[2018.12.09-12.32.23:304][  0]LogSlate: Updating window title bar state: overlay mode, drag disabled, window buttons hidden, title bar hidden
[2018.12.09-12.32.23:310][  0]LogSlate: Updating window title bar state: overlay mode, drag disabled, window buttons hidden, title bar hidden
[2018.12.09-12.32.23:315][  0]LogSlate: Updating window title bar state: overlay mode, drag disabled, window buttons hidden, title bar hidden
[2018.12.09-12.32.23:320][  0]LogSlate: Updating window title bar state: overlay mode, drag disabled, window buttons hidden, title bar hidden
[2018.12.09-12.32.23:328][  0]LogCollectionManager: Loaded 0 collections in 0.001147 seconds
[2018.12.09-12.32.23:381][  0]LogFileCache: Scanning file cache for directory 'C:/Users/MinLion/Desktop/UnrealProjects/TimeTravel/Saved/Collections/' took 0.01s
[2018.12.09-12.32.23:381][  0]LogFileCache: Scanning file cache for directory 'C:/Users/MinLion/Desktop/UnrealProjects/TimeTravel/Content/Developers/MinLion/Collections/' took 0.01s
[2018.12.09-12.32.23:381][  0]LogFileCache: Scanning file cache for directory 'C:/Users/MinLion/Desktop/UnrealProjects/TimeTravel/Content/Collections/' took 0.01s
[2018.12.09-12.32.23:381][  0]LogCollectionManager: Rebuilt the GUID cache for 0 collections in 0.000000 seconds
[2018.12.09-12.32.23:391][  0]LogContentBrowser: Native class hierarchy populated in 0.0089 seconds. Added 2573 classes and 605 folders.
[2018.12.09-12.32.23:402][  0]LogContentBrowser: Native class hierarchy updated for 'WidgetCarousel' in 0.0003 seconds. Added 0 classes and 0 folders.
[2018.12.09-12.32.23:513][  0]LogContentBrowser: Native class hierarchy updated for 'AddContentDialog' in 0.0003 seconds. Added 0 classes and 0 folders.
[2018.12.09-12.32.23:524][  0]LogContentBrowser: Native class hierarchy updated for 'SceneOutliner' in 0.0003 seconds. Added 1 classes and 2 folders.
[2018.12.09-12.32.23:563][  0]LogSlate: Took 0.000299 seconds to synchronously load lazily loaded font '../../../Engine/Content/Slate/Fonts/Roboto-Regular.ttf' (155K)
[2018.12.09-12.32.23:566][  0]LogSlate: Took 0.002561 seconds to synchronously load lazily loaded font '../../../Engine/Content/Editor/Slate/Fonts/NanumGothic.ttf' (4243K)
[2018.12.09-12.32.23:569][  0]LogSlate: Took 0.002059 seconds to synchronously load lazily loaded font '../../../Engine/Content/Editor/Slate/Fonts/NanumGothicBold.ttf' (4188K)
[2018.12.09-12.32.23:570][  0]LogSlate: Took 0.000129 seconds to synchronously load lazily loaded font '../../../Engine/Content/Slate/Fonts/Roboto-Bold.ttf' (160K)
[2018.12.09-12.32.23:575][  0]LogSlate: Took 0.001239 seconds to synchronously load lazily loaded font '../../../Engine/Content/Editor/Slate/Fonts/FontAwesome.ttf' (139K)
[2018.12.09-12.32.23:647][  0]LogRenderer: Reallocating scene render targets to support 1208x576 Format 10 NumSamples 1 (Frame:1).
[2018.12.09-12.32.23:741][  0]LogContentBrowser: Native class hierarchy updated for 'HierarchicalLODOutliner' in 0.0003 seconds. Added 0 classes and 0 folders.
[2018.12.09-12.32.23:741][  0]LogLoad: (Engine Initialization) Total time: 6.82 seconds
[2018.12.09-12.32.23:741][  0]LogLoad: (Engine Initialization) Total Blueprint compile time: 0.00 seconds
[2018.12.09-12.32.23:752][  0]LogWindowsTextInputMethodSystem: Display: IME system now activated using TSF (Microsoft 입력기).
[2018.12.09-12.32.23:776][  0]LogAssetRegistry: Asset discovery search completed in 3.6440 seconds
[2018.12.09-12.32.23:777][  0]LogCollectionManager: Rebuilt the object cache for 0 collections in 0.000000 seconds (found 0 objects)
[2018.12.09-12.32.23:777][  0]LogCollectionManager: Fixed up redirectors for 0 collections in 0.000047 seconds (updated 0 objects)
[2018.12.09-12.32.23:779][  0]LogContentStreaming: Texture pool size now 1000 MB
[2018.12.09-12.32.35:859][439]LogSlate: FSceneViewport::OnFocusLost() reason 0
[2018.12.09-12.32.36:987][573]LogSlate: Took 0.000164 seconds to synchronously load lazily loaded font '../../../Engine/Content/Slate/Fonts/Roboto-Light.ttf' (167K)
[2018.12.09-12.34.27:829][765]LogSlate: Took 0.000146 seconds to synchronously load lazily loaded font '../../../Engine/Content/Slate/Fonts/Roboto-Light.ttf' (167K)
[2018.12.09-12.34.27:834][765]LogAssetEditorManager: Opening Asset editor for Class /Script/TimeTravel.TimeTravelGameModeBase
[2018.12.09-12.40.22:333][660]LogTemp: Repeating last play command: 선택된 뷰포트
[2018.12.09-12.40.22:343][660]LogPlayLevel: PlayLevel: No blueprints needed recompiling
[2018.12.09-12.40.22:356][660]PIE: New page: PIE 세션: Untitled_1 (2018. 12. 10. 오전 6:40:22)
[2018.12.09-12.40.22:356][660]LogPlayLevel: Creating play world package: /Temp/UEDPIE_0_Untitled_1
[2018.12.09-12.40.22:359][660]LogPlayLevel: PIE: StaticDuplicateObject took: (0.002726s)
[2018.12.09-12.40.22:359][660]LogAIModule: Creating AISystem for world Untitled_1
[2018.12.09-12.40.22:360][660]LogPlayLevel: PIE: World Init took: (0.000678s)
[2018.12.09-12.40.22:360][660]LogPlayLevel: PIE: Created PIE world by copying editor world from /Temp/Untitled_1.Untitled_1 to /Temp/UEDPIE_0_Untitled_1.Untitled_1 (0.003515s)
[2018.12.09-12.40.22:386][660]LogInit: XAudio2 using '스피커(Realtek High Definition Audio)' : 2 channels at 48 kHz using 32 bits per sample (channel mask 0x3)
[2018.12.09-12.40.22:401][660]LogInit: FAudioDevice initialized.
[2018.12.09-12.40.22:445][660]LogLoad: Game class is 'GameModeBase'
[2018.12.09-12.40.22:447][660]LogWorld: Bringing World /Temp/UEDPIE_0_Untitled_1.Untitled_1 up for play (max tick rate 0) at 2018.12.09-21.40.22
[2018.12.09-12.40.22:447][660]LogWorld: Bringing up level for play took: 0.000522
[2018.12.09-12.40.22:468][660]LogContentBrowser: Native class hierarchy updated for 'MovieSceneCapture' in 0.0004 seconds. Added 10 classes and 0 folders.
[2018.12.09-12.40.22:470][660]PIE: /Temp/UEDPIE_0_Untitled_1 에 대한 에디터에서 플레이 시작 시간: 0.476
[2018.12.09-12.40.23:791][806]LogSlate: Updating window title bar state: overlay mode, drag disabled, window buttons hidden, title bar hidden
[2018.12.09-12.40.23:824][806]LogPlayLevel: Display: Shutting down PIE online subsystems
[2018.12.09-12.40.23:844][806]LogSlate: Updating window title bar state: overlay mode, drag disabled, window buttons hidden, title bar hidden
[2018.12.09-12.40.23:894][812]LogPlayLevel: Display: Destroying online subsystem :Context_1
[2018.12.09-12.40.54:997][543]LogSlate: FSceneViewport::OnFocusLost() reason 2
[2018.12.09-12.42.39:749][ 55]LogSlate: Window '에디터 개인설정' being destroyed
[2018.12.09-12.42.39:752][ 55]LogSlate: Window '에디터 개인설정' being destroyed
[2018.12.09-12.44.10:945][ 21]LogEditorViewport: Clicking on Actor (LMB): StaticMeshActor (Floor)
[2018.12.09-12.44.12:364][176]Cmd: CAMERA ALIGN ACTIVEVIEWPORTONLY
[2018.12.09-12.44.20:070][100]LogSlate: FSceneViewport::OnFocusLost() reason 0
[2018.12.09-12.44.20:730][174]Cmd: CAMERA ALIGN ACTIVEVIEWPORTONLY
[2018.12.09-12.44.21:706][290]Cmd: CAMERA ALIGN ACTIVEVIEWPORTONLY
[2018.12.09-12.44.22:993][440]Cmd: CAMERA ALIGN ACTIVEVIEWPORTONLY
[2018.12.09-12.44.27:644][997]LogActorFactory: Actor Factory created Cone
[2018.12.09-12.44.27:668][999]LogSlate: Took 0.001678 seconds to synchronously load lazily loaded font '../../../Engine/Content/Slate/Fonts/../../Editor/Slate/Fonts/NanumGothic.ttf' (4243K)
[2018.12.09-12.44.28:108][ 51]LogActorFactory: Actor Factory created Cone
[2018.12.09-12.44.34:290][787]LogSlate: FSceneViewport::OnFocusLost() reason 0
[2018.12.09-12.44.35:017][874]EditorErrors: New page: 액터 붙임
[2018.12.09-12.44.47:840][392]LogSlate: FSceneViewport::OnFocusLost() reason 0
[2018.12.09-12.45.00:606][893]LogSlate: FSceneViewport::OnFocusLost() reason 0
[2018.12.09-12.45.01:486][977]LogSlate: FSceneViewport::OnFocusLost() reason 0
[2018.12.09-12.45.26:686][973]LogSlate: FSceneViewport::OnFocusLost() reason 2
[2018.12.09-12.45.29:858][346]LogRenderer: Reallocating scene render targets to support 1472x788 Format 10 NumSamples 1 (Frame:31917).
[2018.12.09-12.45.29:899][347]LogRenderer: Reallocating scene render targets to support 1816x984 Format 10 NumSamples 1 (Frame:31919).
[2018.12.09-12.45.29:942][348]LogRenderer: Reallocating scene render targets to support 1916x1040 Format 10 NumSamples 1 (Frame:31921).
[2018.12.09-12.45.29:981][349]LogRenderer: Reallocating scene render targets to support 1920x1040 Format 10 NumSamples 1 (Frame:31923).
[2018.12.09-12.45.29:987][350]LogSlate: FSceneViewport::OnFocusLost() reason 2
[2018.12.09-12.45.31:955][559]LogSlate: FSceneViewport::OnFocusLost() reason 2
[2018.12.09-12.45.34:548][868]LogSlate: FSceneViewport::OnFocusLost() reason 0
[2018.12.09-12.45.36:730][111]LogSlate: FSceneViewport::OnFocusLost() reason 0
[2018.12.09-12.45.39:233][407]LogTemp: Repeating last play command: 선택된 뷰포트
[2018.12.09-12.45.39:238][407]LogPlayLevel: PlayLevel: No blueprints needed recompiling
[2018.12.09-12.45.39:238][407]PIE: New page: PIE 세션: Untitled_1 (2018. 12. 10. 오전 6:45:39)
[2018.12.09-12.45.39:238][407]LogPlayLevel: Creating play world package: /Temp/UEDPIE_0_Untitled_1
[2018.12.09-12.45.39:240][407]LogPlayLevel: PIE: StaticDuplicateObject took: (0.001819s)
[2018.12.09-12.45.39:241][407]LogAIModule: Creating AISystem for world Untitled_1
[2018.12.09-12.45.39:241][407]LogPlayLevel: PIE: World Init took: (0.000683s)
[2018.12.09-12.45.39:241][407]LogPlayLevel: PIE: Created PIE world by copying editor world from /Temp/Untitled_1.Untitled_1 to /Temp/UEDPIE_0_Untitled_1.Untitled_1 (0.002590s)
[2018.12.09-12.45.39:267][407]LogInit: XAudio2 using '스피커(Realtek High Definition Audio)' : 2 channels at 48 kHz using 32 bits per sample (channel mask 0x3)
[2018.12.09-12.45.39:281][407]LogInit: FAudioDevice initialized.
[2018.12.09-12.45.39:313][407]LogLoad: Game class is 'GameModeBase'
[2018.12.09-12.45.39:314][407]LogWorld: Bringing World /Temp/UEDPIE_0_Untitled_1.Untitled_1 up for play (max tick rate 0) at 2018.12.09-21.45.39
[2018.12.09-12.45.39:314][407]LogWorld: Bringing up level for play took: 0.000534
[2018.12.09-12.45.39:327][407]PIE: /Temp/UEDPIE_0_Untitled_1 에 대한 에디터에서 플레이 시작 시간: -0.666
[2018.12.09-12.45.41:058][613]Cmd: LevelEditor.ToggleImmersive
[2018.12.09-12.45.41:239][618]LogSlate: FSceneViewport::OnFocusLost() reason 2
[2018.12.09-12.45.41:620][664]Cmd: LevelEditor.ToggleImmersive
[2018.12.09-12.45.41:858][671]LogSlate: FSceneViewport::OnFocusLost() reason 2
[2018.12.09-12.45.49:252][558]LogSlate: Updating window title bar state: overlay mode, drag disabled, window buttons hidden, title bar hidden
[2018.12.09-12.45.49:279][558]LogPlayLevel: Display: Shutting down PIE online subsystems
[2018.12.09-12.45.49:299][558]LogSlate: Updating window title bar state: overlay mode, drag disabled, window buttons hidden, title bar hidden
[2018.12.09-12.45.49:354][564]LogPlayLevel: Display: Destroying online subsystem :Context_4
[2018.12.09-12.46.07:349][723]LogSlate: FSceneViewport::OnFocusLost() reason 0
[2018.12.09-12.46.22:222][232]LogSlate: Window '레벨 다른 이름으로 저장' being destroyed
[2018.12.09-12.46.22:312][232]Cmd: OBJ SAVEPACKAGE PACKAGE="/Game/Cone" FILE="../../../../../../Users/MinLion/Desktop/UnrealProjects/TimeTravel/Content/Cone.umap" SILENT=true AUTOSAVING=false KEEPDIRTY=false
[2018.12.09-12.46.22:352][232]LogSavePackage: Moving '../../../../../../Users/MinLion/Desktop/UnrealProjects/TimeTravel/Saved/Cone6DB91D5D47C952D2B42C648E4E598F83.tmp' to '../../../../../../Users/MinLion/Desktop/UnrealProjects/TimeTravel/Content/Cone.umap'
[2018.12.09-12.46.22:363][232]Cmd: OBJ SAVEPACKAGE PACKAGE="/Game/Cone_BuiltData" FILE="../../../../../../Users/MinLion/Desktop/UnrealProjects/TimeTravel/Content/Cone_BuiltData.uasset" SILENT=true
[2018.12.09-12.46.22:373][232]LogSavePackage: Moving '../../../../../../Users/MinLion/Desktop/UnrealProjects/TimeTravel/Saved/Cone_BuiltData5E6584374CCD893DBF611BADCD5CE732.tmp' to '../../../../../../Users/MinLion/Desktop/UnrealProjects/TimeTravel/Content/Cone_BuiltData.uasset'
[2018.12.09-12.46.22:377][232]LogFileHelpers: Saving map 'Cone' took 0.145
[2018.12.09-12.46.28:046][908]Cmd: OBJ SAVEPACKAGE PACKAGE="/Game/Maps/Cone_BuiltData" FILE="../../../../../../Users/MinLion/Desktop/UnrealProjects/TimeTravel/Content/Maps/Cone_BuiltData.uasset" SILENT=true
[2018.12.09-12.46.28:055][908]LogSavePackage: Moving '../../../../../../Users/MinLion/Desktop/UnrealProjects/TimeTravel/Saved/Cone_BuiltDataF58EB3C6422F0B40D1E712B50BC3F8CB.tmp' to '../../../../../../Users/MinLion/Desktop/UnrealProjects/TimeTravel/Content/Maps/Cone_BuiltData.uasset'
[2018.12.09-12.46.28:119][908]Cmd: OBJ SAVEPACKAGE PACKAGE="/Game/Maps/Cone" FILE="../../../../../../Users/MinLion/Desktop/UnrealProjects/TimeTravel/Content/Maps/Cone.umap" SILENT=true AUTOSAVING=false KEEPDIRTY=false
[2018.12.09-12.46.28:158][908]LogSavePackage: Moving '../../../../../../Users/MinLion/Desktop/UnrealProjects/TimeTravel/Saved/Cone623621DD44C7A2D290E7A8BB49BCF713.tmp' to '../../../../../../Users/MinLion/Desktop/UnrealProjects/TimeTravel/Content/Maps/Cone.umap'
[2018.12.09-12.46.28:166][908]LogFileHelpers: Saving map 'Cone' took 0.108
[2018.12.09-12.46.30:023][112]LogAssetEditorManager: Opening Asset editor for World /Game/Maps/Cone.Cone
[2018.12.09-12.46.30:042][112]Cmd: MAP LOAD FILE="../../../../../../Users/MinLion/Desktop/UnrealProjects/TimeTravel/Content/Maps/Cone.umap" TEMPLATE=0 SHOWPROGRESS=1 FEATURELEVEL=3
[2018.12.09-12.46.30:042][112]LightingResults: New page: 라이팅 빌드
[2018.12.09-12.46.30:043][112]LoadErrors: New page: 맵 로드중: Cone.umap
[2018.12.09-12.46.30:043][112]MapCheck: New page: 맵 체크
[2018.12.09-12.46.30:043][112]LightingResults: New page: 라이팅 빌드
[2018.12.09-12.46.30:074][112]LogAIModule: Creating AISystem for world Cone
[2018.12.09-12.46.30:077][112]LogEditorServer: Finished looking for orphan Actors (0.000 secs)
[2018.12.09-12.46.30:104][112]Cmd: MAP CHECKDEP NOCLEARLOG
[2018.12.09-12.46.30:165][112]MapCheck: 맵 체크 완료: 오류 0 회, 경고 0 회, 소요 시간 60.806ms.
[2018.12.09-12.46.30:166][112]LogFileHelpers: Loading map 'Cone' took 0.125
[2018.12.09-12.47.09:587][839]LogSlate: FSceneViewport::OnFocusLost() reason 0
[2018.12.09-13.02.52:506][552]Running C:/Program Files/Epic Games/UE_4.20/Engine/Binaries/DotNET/UnrealBuildTool.exe Development Win64 -TargetType=Editor -Module=Climb -EnablePlugin="Climb" -Project="../../../../../../Users/MinLion/Desktop/UnrealProjects/TimeTravel/TimeTravel.uproject" -Progress -NoHotReloadFromIDE
[2018.12.09-13.02.53:223][552]Performing full C++ include scan (hot reloading a new target)
[2018.12.09-13.02.53:223][552]Creating makefile for hot reloading TimeTravelEditor (no existing makefile)
[2018.12.09-13.02.53:223][552]Compiling game modules for hot reload
[2018.12.09-13.02.53:323][552]Using Visual Studio 2017 14.15.26726 toolchain (C:\Program Files (x86)\Microsoft Visual Studio\2017\Community\VC\Tools\MSVC\14.15.26726) and Windows 10.0.17134.0 SDK (C:\Program Files (x86)\Windows Kits\10).
[2018.12.09-13.02.56:041][552]@progress push 5%
[2018.12.09-13.02.56:344][552]@progress pop
[2018.12.09-13.02.56:647][552]Building 4 actions with 6 processes...
[2018.12.09-13.02.56:647][552]  @progress 'Compiling C++ source code...' 0%
[2018.12.09-13.02.56:747][552]  @progress 'Compiling C++ source code...' 25%
[2018.12.09-13.02.56:747][552]  [1/4] PCLaunch.rc
[2018.12.09-13.02.56:949][552]  @progress 'Compiling C++ source code...' 50%
[2018.12.09-13.02.56:949][552]  [2/4] Module.Climb.cpp
[2018.12.09-13.02.57:049][552]  @progress 'Compiling C++ source code...' 75%
[2018.12.09-13.02.57:049][552]  [3/4] UE4Editor-Climb.lib
[2018.12.09-13.02.57:049][552]     C:\Users\MinLion\Desktop\UnrealProjects\TimeTravel\Plugins\Climb\Intermediate\Build\Win64\UE4Editor\Development\Climb\UE4Editor-Climb.lib ???????? ?? C:\Users\MinLion\Desktop\UnrealProjects\TimeTravel\Plugins\Climb\Intermediate\Build\Win64\UE4Editor\Development\Climb\UE4Editor-Climb.exp ??u?? ??????? ??????.
[2018.12.09-13.02.57:553][552]  @progress 'Compiling C++ source code...' 100%
[2018.12.09-13.02.57:553][552]  [4/4] UE4Editor-Climb.dll
[2018.12.09-13.02.57:553][552]     C:\Users\MinLion\Desktop\UnrealProjects\TimeTravel\Plugins\Climb\Intermediate\Build\Win64\UE4Editor\Development\Climb\UE4Editor-Climb.suppressed.lib ???????? ?? C:\Users\MinLion\Desktop\UnrealProjects\TimeTravel\Plugins\Climb\Intermediate\Build\Win64\UE4Editor\Development\Climb\UE4Editor-Climb.suppressed.exp ??u?? ??????? ??????.
[2018.12.09-13.02.57:654][552]Total build time: 4.84 seconds (Parallel executor: 0.93 seconds)
[2018.12.09-13.02.57:763][552]Running C:/Program Files/Epic Games/UE_4.20/Engine/Binaries/DotNET/UnrealBuildTool.exe  -projectfiles -project="C:/Users/MinLion/Desktop/UnrealProjects/TimeTravel/TimeTravel.uproject" -game -rocket -progress
[2018.12.09-13.02.58:071][552]Discovering modules, targets and source code for project...
[2018.12.09-13.02.59:682][552]C:\Program Files\Epic Games\UE_4.20\Engine\Source\ThirdParty\Expat\Expat.Build.cs: warning: Referenced directory 'C:\Program Files\Epic Games\UE_4.20\Engine\Source\ThirdParty\Expat\expat-2.2.0\Win64\VS2015\Release' does not exist.
[2018.12.09-13.03.02:140][552]LogDirectoryWatcher: A directory notification for 'C:/Users/MinLion/Desktop/UnrealProjects/TimeTravel/Content/' was aborted.
[2018.12.09-13.03.02:152][552]LogFileCache: Scanning file cache for directory 'C:/Users/MinLion/Desktop/UnrealProjects/TimeTravel/Content/' took 0.01s
[2018.12.09-13.03.02:201][552]LogSlate: Window '새 플러그인' being destroyed
[2018.12.09-13.05.33:009][693]LogHotReload: New module detected: UE4Editor-TimeTravel-1807.dll
[2018.12.09-13.05.33:696][696]LogHotReload: Starting Hot-Reload from IDE
[2018.12.09-13.05.33:730][696]LogContentBrowser: Native class hierarchy updated for 'TimeTravel' in 0.0003 seconds. Added 1 classes and 2 folders.
[2018.12.09-13.05.33:732][696]Display: HotReload successful (0 functions remapped  0 scriptstructs remapped)
[2018.12.09-13.05.33:829][696]LogContentBrowser: Native class hierarchy populated in 0.0074 seconds. Added 2574 classes and 607 folders.
[2018.12.09-13.05.33:835][696]Display: HotReload took  0.1s.
[2018.12.09-13.11.01:598][672]LogHotReload: New module detected: UE4Editor-TimeTravel-3989.dll
[2018.12.09-13.11.02:282][675]LogHotReload: Starting Hot-Reload from IDE
[2018.12.09-13.11.02:316][675]LogContentBrowser: Native class hierarchy updated for 'TimeTravel' in 0.0004 seconds. Added 1 classes and 2 folders.
[2018.12.09-13.11.02:318][675]Display: HotReload successful (0 functions remapped  0 scriptstructs remapped)
[2018.12.09-13.11.02:366][675]LogContentBrowser: Native class hierarchy populated in 0.0084 seconds. Added 2574 classes and 607 folders.
[2018.12.09-13.11.02:372][675]Display: HotReload took  0.1s.
[2018.12.09-13.12.36:105][ 67]LogSlate: Window '플러그인' being destroyed
[2018.12.09-13.12.36:109][ 67]LogSlate: Window '플러그인' being destroyed
[2018.12.09-13.12.36:109][ 67]LogDirectoryWatcher: A directory notification for '../../../Engine/Plugins/' was aborted.
[2018.12.09-13.12.36:109][ 67]LogDirectoryWatcher: A directory notification for '../../../../../../Users/MinLion/Desktop/UnrealProjects/TimeTravel/Plugins/' was aborted.
[2018.12.09-13.12.39:773][502]LogSlate: Window 'TimeTravel - 언리얼 에디터' being destroyed
[2018.12.09-13.12.39:776][502]LogWindowsTextInputMethodSystem: Display: IME system now activated using TSF (Microsoft 입력기).
[2018.12.09-13.12.39:931][503]Cmd: QUIT_EDITOR
[2018.12.09-13.12.40:674][503]LogExit: Preparing to exit.
[2018.12.09-13.12.40:968][503]LogExit: Editor shut down
[2018.12.09-13.12.40:968][503]LogExit: Transaction tracking system shut down
[2018.12.09-13.12.41:101][503]LogExit: Object subsystem successfully closed.
[2018.12.09-13.12.41:114][503]LogShaderCompilers: Display: Shaders left to compile 0
[2018.12.09-13.12.41:116][503]LogD3D11RHI: Shutdown
[2018.12.09-13.12.41:116][503]LogD3D11RHI: CleanupD3DDevice
[2018.12.09-13.12.41:117][503]LogD3D11RHI: ~FD3D11DynamicRHI
[2018.12.09-13.12.41:142][503]LogModuleManager: Shutting down and abandoning module TimeTravel (622)
[2018.12.09-13.12.41:142][503]LogModuleManager: Shutting down and abandoning module Climb (620)
[2018.12.09-13.12.41:142][503]LogModuleManager: Shutting down and abandoning module MovieSceneCapture (618)
[2018.12.09-13.12.41:142][503]LogModuleManager: Shutting down and abandoning module Voice (616)
[2018.12.09-13.12.41:142][503]LogModuleManager: Shutting down and abandoning module HierarchicalLODOutliner (614)
[2018.12.09-13.12.41:142][503]LogModuleManager: Shutting down and abandoning module SceneOutliner (612)
[2018.12.09-13.12.41:142][503]LogModuleManager: Shutting down and abandoning module AddContentDialog (610)
[2018.12.09-13.12.41:142][503]LogModuleManager: Shutting down and abandoning module WidgetCarousel (609)
[2018.12.09-13.12.41:142][503]LogModuleManager: Shutting down and abandoning module EditorWidgets (606)
[2018.12.09-13.12.41:142][503]LogModuleManager: Shutting down and abandoning module CollectionManager (604)
[2018.12.09-13.12.41:143][503]LogModuleManager: Shutting down and abandoning module HierarchicalLODUtilities (602)
[2018.12.09-13.12.41:143][503]LogModuleManager: Shutting down and abandoning module StatsViewer (600)
[2018.12.09-13.12.41:143][503]LogModuleManager: Shutting down and abandoning module FoliageEdit (598)
[2018.12.09-13.12.41:143][503]LogModuleManager: Shutting down and abandoning module LandscapeEditor (596)
[2018.12.09-13.12.41:143][503]LogModuleManager: Shutting down and abandoning module MeshPaintMode (594)
[2018.12.09-13.12.41:143][503]LogModuleManager: Shutting down and abandoning module SceneDepthPickerMode (592)
[2018.12.09-13.12.41:143][503]LogModuleManager: Shutting down and abandoning module ActorPickerMode (590)
[2018.12.09-13.12.41:143][503]LogModuleManager: Shutting down and abandoning module GeometryMode (588)
[2018.12.09-13.12.41:143][503]LogModuleManager: Shutting down and abandoning module TextureAlignMode (586)
[2018.12.09-13.12.41:143][503]LogModuleManager: Shutting down and abandoning module BspMode (584)
[2018.12.09-13.12.41:143][503]LogModuleManager: Shutting down and abandoning module PIEPreviewDeviceProfileSelector (582)
[2018.12.09-13.12.41:143][503]LogModuleManager: Shutting down and abandoning module SequenceRecorderSections (580)
[2018.12.09-13.12.41:143][503]LogModuleManager: Shutting down and abandoning module AutomationWorker (578)
[2018.12.09-13.12.41:143][503]LogModuleManager: Shutting down and abandoning module AudioCaptureEditor (576)
[2018.12.09-13.12.41:143][503]LogModuleManager: Shutting down and abandoning module SequenceRecorder (575)
[2018.12.09-13.12.41:143][503]LogModuleManager: Shutting down and abandoning module MatineeToLevelSequence (572)
[2018.12.09-13.12.41:143][503]LogModuleManager: Shutting down and abandoning module LevelSequenceEditor (570)
[2018.12.09-13.12.41:143][503]LogModuleManager: Shutting down and abandoning module PlacementMode (569)
[2018.12.09-13.12.41:143][503]LogModuleManager: Shutting down and abandoning module MaterialEditor (568)
[2018.12.09-13.12.41:143][503]LogModuleManager: Shutting down and abandoning module WmfMediaFactory (564)
[2018.12.09-13.12.41:143][503]LogModuleManager: Shutting down and abandoning module WmfMediaEditor (562)
[2018.12.09-13.12.41:143][503]LogModuleManager: Shutting down and abandoning module MediaPlayerEditor (560)
[2018.12.09-13.12.41:143][503]LogModuleManager: Shutting down and abandoning module OpenExrWrapper (558)
[2018.12.09-13.12.41:143][503]LogModuleManager: Shutting down and abandoning module ImgMediaFactory (556)
[2018.12.09-13.12.41:143][503]LogModuleManager: Shutting down and abandoning module ImgMediaEditor (554)
[2018.12.09-13.12.41:143][503]LogModuleManager: Shutting down and abandoning module AvfMediaFactory (552)
[2018.12.09-13.12.41:143][503]LogModuleManager: Shutting down and abandoning module AvfMediaEditor (550)
[2018.12.09-13.12.41:143][503]LogModuleManager: Shutting down and abandoning module AndroidMediaFactory (548)
[2018.12.09-13.12.41:143][503]LogModuleManager: Shutting down and abandoning module AndroidMediaEditor (546)
[2018.12.09-13.12.41:143][503]LogModuleManager: Shutting down and abandoning module MagicLeapCameraPreviewFactory (544)
[2018.12.09-13.12.41:143][503]LogModuleManager: Shutting down and abandoning module MagicLeapMediaFactory (542)
[2018.12.09-13.12.41:143][503]LogModuleManager: Shutting down and abandoning module MagicLeapMediaEditor (540)
[2018.12.09-13.12.41:143][503]LogModuleManager: Shutting down and abandoning module CharacterAI (538)
[2018.12.09-13.12.41:143][503]LogModuleManager: Shutting down and abandoning module SmartSnapping (536)
[2018.12.09-13.12.41:143][503]LogModuleManager: Shutting down and abandoning module SessionServices (534)
[2018.12.09-13.12.41:143][503]LogModuleManager: Shutting down and abandoning module ViewportSnapping (532)
[2018.12.09-13.12.41:143][503]LogModuleManager: Shutting down and abandoning module ViewportInteraction (530)
[2018.12.09-13.12.41:143][503]LogModuleManager: Shutting down and abandoning module ClothPainter (528)
[2018.12.09-13.12.41:143][503]LogModuleManager: Shutting down and abandoning module SkeletalMeshEditor (527)
[2018.12.09-13.12.41:143][503]LogModuleManager: Shutting down and abandoning module LogVisualizer (524)
[2018.12.09-13.12.41:143][503]LogModuleManager: Shutting down and abandoning module IntroTutorials (522)
[2018.12.09-13.12.41:143][503]LogModuleManager: Shutting down and abandoning module GameProjectGeneration (521)
[2018.12.09-13.12.41:143][503]LogModuleManager: Shutting down and abandoning module LuminPlatformEditor (518)
[2018.12.09-13.12.41:143][503]LogModuleManager: Shutting down and abandoning module IOSPlatformEditor (516)
[2018.12.09-13.12.41:143][503]LogModuleManager: Shutting down and abandoning module HTML5PlatformEditor (514)
[2018.12.09-13.12.41:143][503]LogModuleManager: Shutting down and abandoning module AndroidPlatformEditor (512)
[2018.12.09-13.12.41:144][503]LogModuleManager: Shutting down and abandoning module AndroidDeviceDetection (511)
[2018.12.09-13.12.41:928][503]LogModuleManager: Shutting down and abandoning module WindowsPlatformEditor (508)
[2018.12.09-13.12.41:928][503]LogModuleManager: Shutting down and abandoning module LuminRuntimeSettings (506)
[2018.12.09-13.12.41:928][503]LogModuleManager: Shutting down and abandoning module IOSRuntimeSettings (504)
[2018.12.09-13.12.41:928][503]LogModuleManager: Shutting down and abandoning module AndroidRuntimeSettings (502)
[2018.12.09-13.12.41:928][503]LogModuleManager: Shutting down and abandoning module InputBindingEditor (500)
[2018.12.09-13.12.41:928][503]LogModuleManager: Shutting down and abandoning module MergeActors (498)
[2018.12.09-13.12.41:928][503]LogModuleManager: Shutting down and abandoning module LocalizationDashboard (496)
[2018.12.09-13.12.41:928][503]LogModuleManager: Shutting down and abandoning module LocalizationService (495)
[2018.12.09-13.12.41:928][503]LogModuleManager: Shutting down and abandoning module HardwareTargeting (492)
[2018.12.09-13.12.41:928][503]LogModuleManager: Shutting down and abandoning module DeviceProfileEditor (490)
[2018.12.09-13.12.41:928][503]LogModuleManager: Shutting down and abandoning module UndoHistory (488)
[2018.12.09-13.12.41:928][503]LogModuleManager: Shutting down and abandoning module XmlParser (486)
[2018.12.09-13.12.41:928][503]LogModuleManager: Shutting down and abandoning module Blutility (484)
[2018.12.09-13.12.41:928][503]LogModuleManager: Shutting down and abandoning module ProjectSettingsViewer (482)
[2018.12.09-13.12.41:928][503]LogModuleManager: Shutting down and abandoning module ProjectTargetPlatformEditor (481)
[2018.12.09-13.12.41:928][503]LogModuleManager: Shutting down and abandoning module EditorSettingsViewer (478)
[2018.12.09-13.12.41:929][503]LogModuleManager: Shutting down and abandoning module SettingsEditor (476)
[2018.12.09-13.12.41:929][503]LogModuleManager: Shutting down and abandoning module ProjectLauncher (474)
[2018.12.09-13.12.41:929][503]LogModuleManager: Shutting down and abandoning module SessionFrontend (472)
[2018.12.09-13.12.41:929][503]LogModuleManager: Shutting down and abandoning module ProfilerClient (470)
[2018.12.09-13.12.41:929][503]LogModuleManager: Shutting down and abandoning module DeviceManager (468)
[2018.12.09-13.12.41:929][503]LogModuleManager: Shutting down and abandoning module TargetDeviceServices (467)
[2018.12.09-13.12.41:984][503]LogModuleManager: Shutting down and abandoning module AutomationController (464)
[2018.12.09-13.12.41:984][503]LogModuleManager: Shutting down and abandoning module AutomationWindow (462)
[2018.12.09-13.12.41:984][503]LogModuleManager: Shutting down and abandoning module Layers (460)
[2018.12.09-13.12.41:984][503]LogModuleManager: Shutting down and abandoning module ComponentVisualizers (458)
[2018.12.09-13.12.41:984][503]LogModuleManager: Shutting down and abandoning module DetailCustomizations (456)
[2018.12.09-13.12.41:984][503]LogModuleManager: Shutting down and abandoning module PackagesDialog (454)
[2018.12.09-13.12.41:984][503]LogModuleManager: Shutting down and abandoning module Persona (452)
[2018.12.09-13.12.41:984][503]LogModuleManager: Shutting down and abandoning module AdvancedPreviewScene (451)
[2018.12.09-13.12.41:984][503]LogModuleManager: Shutting down and abandoning module AnimGraph (449)
[2018.12.09-13.12.41:984][503]LogModuleManager: Shutting down and abandoning module Kismet (446)
[2018.12.09-13.12.41:984][503]LogModuleManager: Shutting down and abandoning module GraphEditor (444)
[2018.12.09-13.12.41:984][503]LogModuleManager: Shutting down and abandoning module ClassViewer (442)
[2018.12.09-13.12.41:984][503]LogModuleManager: Shutting down and abandoning module Toolbox (440)
[2018.12.09-13.12.41:984][503]LogModuleManager: Shutting down and abandoning module DesktopPlatform (439)
[2018.12.09-13.12.41:984][503]LogModuleManager: Shutting down and abandoning module ModuleUI (436)
[2018.12.09-13.12.41:984][503]LogModuleManager: Shutting down and abandoning module MovieSceneTools (434)
[2018.12.09-13.12.41:984][503]LogModuleManager: Shutting down and abandoning module OutputLog (432)
[2018.12.09-13.12.41:984][503]LogModuleManager: Shutting down and abandoning module GammaUI (430)
[2018.12.09-13.12.41:984][503]LogModuleManager: Shutting down and abandoning module Documentation (428)
[2018.12.09-13.12.41:984][503]LogModuleManager: Shutting down and abandoning module MovieSceneTracks (426)
[2018.12.09-13.12.41:984][503]LogModuleManager: Shutting down and abandoning module MovieScene (424)
[2018.12.09-13.12.41:984][503]LogModuleManager: Shutting down and abandoning module StreamingPauseRendering (422)
[2018.12.09-13.12.41:984][503]LogModuleManager: Shutting down and abandoning module LauncherPlatform (420)
[2018.12.09-13.12.41:984][503]LogModuleManager: Shutting down and abandoning module AnalyticsET (418)
[2018.12.09-13.12.41:984][503]LogModuleManager: Shutting down and abandoning module PortalServices (416)
[2018.12.09-13.12.41:984][503]LogModuleManager: Shutting down and abandoning module PortalRpc (414)
[2018.12.09-13.12.41:984][503]LogModuleManager: Shutting down and abandoning module MessagingRpc (412)
[2018.12.09-13.12.41:985][503]LogModuleManager: Shutting down and abandoning module AIModule (410)
[2018.12.09-13.12.41:985][503]LogModuleManager: Shutting down and abandoning module GameplayDebugger (409)
[2018.12.09-13.12.41:985][503]LogModuleManager: Shutting down and abandoning module AITestSuite (407)
[2018.12.09-13.12.41:985][503]LogModuleManager: Shutting down and abandoning module NavigationSystem (405)
[2018.12.09-13.12.41:985][503]LogModuleManager: Shutting down and abandoning module ProfilerService (402)
[2018.12.09-13.12.42:191][503]LogModuleManager: Shutting down and abandoning module TaskGraph (400)
[2018.12.09-13.12.42:191][503]LogModuleManager: Shutting down and abandoning module SteamVRController (398)
[2018.12.09-13.12.42:191][503]LogModuleManager: Shutting down and abandoning module ProceduralMeshComponentEditor (396)
[2018.12.09-13.12.42:191][503]LogModuleManager: Shutting down and abandoning module ProceduralMeshComponent (394)
[2018.12.09-13.12.42:191][503]LogModuleManager: Shutting down and abandoning module OculusInput (392)
[2018.12.09-13.12.42:191][503]LogModuleManager: Shutting down and abandoning module MobilePatchingUtils (390)
[2018.12.09-13.12.42:191][503]LogModuleManager: Shutting down and abandoning module EditableMesh (388)
[2018.12.09-13.12.42:191][503]LogModuleManager: Shutting down and abandoning module CustomMeshComponent (386)
[2018.12.09-13.12.42:191][503]LogModuleManager: Shutting down and abandoning module CableComponent (384)
[2018.12.09-13.12.42:191][503]LogModuleManager: Shutting down and abandoning module AudioCapture (382)
[2018.12.09-13.12.42:191][503]LogModuleManager: Shutting down and abandoning module ArchVisCharacter (380)
[2018.12.09-13.12.42:191][503]LogModuleManager: Shutting down and abandoning module AndroidPermission (378)
[2018.12.09-13.12.42:191][503]LogModuleManager: Shutting down and abandoning module NUTUnrealEngine4 (376)
[2018.12.09-13.12.42:191][503]LogModuleManager: Shutting down and abandoning module NetcodeUnitTest (374)
[2018.12.09-13.12.42:191][503]LogModuleManager: Shutting down and abandoning module MediaCompositingEditor (372)
[2018.12.09-13.12.42:191][503]LogModuleManager: Shutting down and abandoning module MediaCompositing (370)
[2018.12.09-13.12.42:191][503]LogModuleManager: Shutting down and abandoning module LinearTimecode (368)
[2018.12.09-13.12.42:191][503]LogModuleManager: Shutting down and abandoning module ImgMedia (366)
[2018.12.09-13.12.42:194][503]LogModuleManager: Shutting down and abandoning module HTML5Networking (364)
[2018.12.09-13.12.42:194][503]LogModuleManager: Shutting down and abandoning module GeometryCacheTracks (362)
[2018.12.09-13.12.42:194][503]LogModuleManager: Shutting down and abandoning module GeometryCacheSequencer (360)
[2018.12.09-13.12.42:194][503]LogModuleManager: Shutting down and abandoning module BackChannel (358)
[2018.12.09-13.12.42:194][503]LogModuleManager: Shutting down and abandoning module AppleVision (356)
[2018.12.09-13.12.42:194][503]LogModuleManager: Shutting down and abandoning module AppleImageUtils (354)
[2018.12.09-13.12.42:194][503]LogModuleManager: Shutting down and abandoning module AlembicImporter (352)
[2018.12.09-13.12.42:194][503]LogModuleManager: Shutting down and abandoning module AlembicLibrary (351)
[2018.12.09-13.12.42:194][503]LogModuleManager: Shutting down and abandoning module GeometryCache (350)
[2018.12.09-13.12.42:194][503]LogModuleManager: Shutting down and abandoning module GeometryCacheEd (349)
[2018.12.09-13.12.42:194][503]LogModuleManager: Shutting down and abandoning module DatasmithContentEditor (344)
[2018.12.09-13.12.42:194][503]LogModuleManager: Shutting down and abandoning module DatasmithContent (342)
[2018.12.09-13.12.42:194][503]LogModuleManager: Shutting down and abandoning module SpeedTreeImporter (340)
[2018.12.09-13.12.42:194][503]LogModuleManager: Shutting down and abandoning module PluginBrowser (338)
[2018.12.09-13.12.42:194][503]LogModuleManager: Shutting down and abandoning module MobileLauncherProfileWizard (336)
[2018.12.09-13.12.42:194][503]LogModuleManager: Shutting down and abandoning module PolygonModeling (334)
[2018.12.09-13.12.42:194][503]LogModuleManager: Shutting down and abandoning module MeshEditor (332)
[2018.12.09-13.12.42:194][503]LogModuleManager: Shutting down and abandoning module CryptoKeysOpenSSL (330)
[2018.12.09-13.12.42:194][503]LogModuleManager: Shutting down and abandoning module CryptoKeys (328)
[2018.12.09-13.12.42:194][503]LogModuleManager: Shutting down and abandoning module VisualStudioSourceCodeAccess (326)
[2018.12.09-13.12.42:194][503]LogModuleManager: Shutting down and abandoning module VisualStudioCodeSourceCodeAccess (324)
[2018.12.09-13.12.42:194][503]LogModuleManager: Shutting down and abandoning module UObjectPlugin (322)
[2018.12.09-13.12.42:194][503]LogModuleManager: Shutting down and abandoning module SubversionSourceControl (320)
[2018.12.09-13.12.42:194][503]LogModuleManager: Shutting down and abandoning module PerforceSourceControl (318)
[2018.12.09-13.12.42:194][503]LogModuleManager: Shutting down and abandoning module GitSourceControl (316)
[2018.12.09-13.12.42:194][503]LogModuleManager: Shutting down and abandoning module SourceControl (315)
[2018.12.09-13.12.42:194][503]LogModuleManager: Shutting down and abandoning module CLionSourceCodeAccess (312)
[2018.12.09-13.12.42:195][503]LogModuleManager: Shutting down and abandoning module LightPropagationVolumeEditor (310)
[2018.12.09-13.12.42:195][503]LogModuleManager: Shutting down and abandoning module PaperTiledImporter (308)
[2018.12.09-13.12.42:195][503]LogModuleManager: Shutting down and abandoning module PaperSpriteSheetImporter (306)
[2018.12.09-13.12.42:195][503]LogModuleManager: Shutting down and abandoning module Paper2DEditor (304)
[2018.12.09-13.12.42:195][503]LogModuleManager: Shutting down and abandoning module MeshPaint (303)
[2018.12.09-13.12.42:195][503]LogModuleManager: Shutting down and abandoning module RuntimePhysXCooking (298)
[2018.12.09-13.12.42:195][503]LogModuleManager: Shutting down and abandoning module PhysXVehiclesEditor (296)
[2018.12.09-13.12.42:195][503]LogModuleManager: Shutting down and abandoning module PhysXVehicles (294)
[2018.12.09-13.12.42:195][503]LogModuleManager: Shutting down and abandoning module OculusEditor (292)
[2018.12.09-13.12.42:195][503]LogModuleManager: Shutting down and abandoning module LocationServicesBPLibrary (290)
[2018.12.09-13.12.42:195][503]LogModuleManager: Shutting down and abandoning module ImmediatePhysicsEditor (288)
[2018.12.09-13.12.42:195][503]LogModuleManager: Shutting down and abandoning module ImmediatePhysics (286)
[2018.12.09-13.12.42:195][503]LogModuleManager: Shutting down and abandoning module ActorSequence (284)
[2018.12.09-13.12.42:195][503]LogModuleManager: Shutting down and abandoning module UdpMessaging (282)
[2018.12.09-13.12.42:296][503]LogModuleManager: Shutting down and abandoning module TcpMessaging (280)
[2018.12.09-13.12.42:397][503]LogModuleManager: Shutting down and abandoning module MagicLeapAudio (278)
[2018.12.09-13.12.42:397][503]LogModuleManager: Shutting down and abandoning module GameplayTagsEditor (276)
[2018.12.09-13.12.42:397][503]LogModuleManager: Shutting down and abandoning module FacialAnimationEditor (274)
[2018.12.09-13.12.42:397][503]LogModuleManager: Shutting down and abandoning module FacialAnimation (272)
[2018.12.09-13.12.42:397][503]LogModuleManager: Shutting down and abandoning module DataValidation (270)
[2018.12.09-13.12.42:397][503]LogModuleManager: Shutting down and abandoning module AssetManagerEditor (268)
[2018.12.09-13.12.42:397][503]LogModuleManager: Shutting down and abandoning module LevelEditor (267)
[2018.12.09-13.12.42:397][503]LogModuleManager: Shutting down and abandoning module PixelInspectorModule (266)
[2018.12.09-13.12.42:397][503]LogModuleManager: Shutting down and abandoning module CommonMenuExtensions (264)
[2018.12.09-13.12.42:397][503]LogModuleManager: Shutting down and abandoning module MainFrame (262)
[2018.12.09-13.12.42:397][503]LogModuleManager: Shutting down and abandoning module HotReload (261)
[2018.12.09-13.12.42:398][503]LogModuleManager: Shutting down and abandoning module ContentBrowser (257)
[2018.12.09-13.12.42:399][503]LogModuleManager: Shutting down and abandoning module TreeMap (255)
[2018.12.09-13.12.42:399][503]LogModuleManager: Shutting down and abandoning module LightPropagationVolumeRuntime (252)
[2018.12.09-13.12.42:399][503]LogModuleManager: Shutting down and abandoning module AISupportModule (250)
[2018.12.09-13.12.42:399][503]LogModuleManager: Shutting down and abandoning module Paper2D (248)
[2018.12.09-13.12.42:399][503]LogModuleManager: Shutting down and abandoning module WindowsMoviePlayer (246)
[2018.12.09-13.12.42:399][503]LogModuleManager: Shutting down and abandoning module WmfMedia (244)
[2018.12.09-13.12.42:400][503]LogModuleManager: Shutting down and abandoning module Media (243)
[2018.12.09-13.12.42:406][503]LogModuleManager: Shutting down and abandoning module PacketHandler (240)
[2018.12.09-13.12.42:406][503]LogModuleManager: Shutting down and abandoning module ClothingSystemEditor (238)
[2018.12.09-13.12.42:406][503]LogModuleManager: Shutting down and abandoning module ClothingSystemRuntime (236)
[2018.12.09-13.12.42:406][503]LogModuleManager: Shutting down and abandoning module MediaAssets (234)
[2018.12.09-13.12.42:406][503]LogModuleManager: Shutting down and abandoning module Overlay (232)
[2018.12.09-13.12.42:406][503]LogModuleManager: Shutting down and abandoning module OverlayEditor (231)
[2018.12.09-13.12.42:406][503]LogModuleManager: Shutting down and abandoning module VREditor (228)
[2018.12.09-13.12.42:406][503]LogModuleManager: Shutting down and abandoning module StringTableEditor (226)
[2018.12.09-13.12.42:406][503]LogModuleManager: Shutting down and abandoning module GameplayTasksEditor (224)
[2018.12.09-13.12.42:406][503]LogModuleManager: Shutting down and abandoning module BehaviorTreeEditor (222)
[2018.12.09-13.12.42:406][503]LogModuleManager: Shutting down and abandoning module FunctionalTesting (220)
[2018.12.09-13.12.42:406][503]LogModuleManager: Shutting down and abandoning module CollisionAnalyzer (218)
[2018.12.09-13.12.42:406][503]LogModuleManager: Shutting down and abandoning module WorkspaceMenuStructure (217)
[2018.12.09-13.12.42:406][503]LogModuleManager: Shutting down and abandoning module UMG (214)
[2018.12.09-13.12.42:406][503]LogModuleManager: Shutting down and abandoning module UMGEditor (213)
[2018.12.09-13.12.42:406][503]LogModuleManager: Shutting down and abandoning module Sequencer (212)
[2018.12.09-13.12.42:406][503]LogModuleManager: Shutting down and abandoning module MessageLog (209)
[2018.12.09-13.12.42:406][503]LogModuleManager: Shutting down and abandoning module SlateReflector (204)
[2018.12.09-13.12.42:407][503]LogModuleManager: Shutting down and abandoning module Slate (202)
[2018.12.09-13.12.42:407][503]LogModuleManager: Shutting down and abandoning module EditorStyle (200)
[2018.12.09-13.12.42:408][503]LogModuleManager: Shutting down and abandoning module MRMesh (198)
[2018.12.09-13.12.42:408][503]LogModuleManager: Shutting down and abandoning module SourceCodeAccess (196)
[2018.12.09-13.12.42:408][503]LogModuleManager: Shutting down and abandoning module HeadMountedDisplay (194)
[2018.12.09-13.12.42:408][503]LogModuleManager: Shutting down and abandoning module XAudio2 (192)
[2018.12.09-13.12.42:408][503]LogModuleManager: Shutting down and abandoning module Networking (190)
[2018.12.09-13.12.42:408][503]LogModuleManager: Shutting down and abandoning module Core (188)
[2018.12.09-13.12.42:408][503]LogModuleManager: Shutting down and abandoning module LevelSequence (186)
[2018.12.09-13.12.42:408][503]LogModuleManager: Shutting down and abandoning module KismetCompiler (184)
[2018.12.09-13.12.42:408][503]LogModuleManager: Shutting down and abandoning module MeshUtilities (182)
[2018.12.09-13.12.42:408][503]LogModuleManager: Shutting down and abandoning module MeshMergeUtilities (181)
[2018.12.09-13.12.42:408][503]LogModuleManager: Shutting down and abandoning module MeshReductionInterface (180)
[2018.12.09-13.12.42:408][503]LogModuleManager: Shutting down and abandoning module SimplygonSwarm (179)
[2018.12.09-13.12.42:408][503]LogModuleManager: Shutting down and abandoning module ProxyLODMeshReduction (177)
[2018.12.09-13.12.42:408][503]LogModuleManager: Shutting down and abandoning module SimplygonMeshReduction (175)
[2018.12.09-13.12.42:408][503]LogModuleManager: Shutting down and abandoning module QuadricMeshReduction (173)
[2018.12.09-13.12.42:408][503]LogModuleManager: Shutting down and abandoning module MaterialBaking (169)
[2018.12.09-13.12.42:408][503]LogModuleManager: Shutting down and abandoning module DirectoryWatcher (165)
[2018.12.09-13.12.42:408][503]LogModuleManager: Shutting down and abandoning module DerivedDataCache (162)
[2018.12.09-13.12.42:476][503]LogDerivedDataCache: Shutdown
[2018.12.09-13.12.42:476][503]LogModuleManager: Shutting down and abandoning module XGEController (160)
[2018.12.09-13.12.42:476][503]LogModuleManager: Shutting down and abandoning module TargetPlatform (158)
[2018.12.09-13.12.42:476][503]LogModuleManager: Shutting down and abandoning module VulkanShaderFormat (157)
[2018.12.09-13.12.42:476][503]LogModuleManager: Shutting down and abandoning module ShaderFormatVectorVM (155)
[2018.12.09-13.12.42:476][503]LogModuleManager: Shutting down and abandoning module ShaderFormatOpenGL (153)
[2018.12.09-13.12.42:476][503]LogModuleManager: Shutting down and abandoning module ShaderFormatD3D (151)
[2018.12.09-13.12.42:476][503]LogModuleManager: Shutting down and abandoning module MetalShaderFormat (149)
[2018.12.09-13.12.42:476][503]LogModuleManager: Shutting down and abandoning module TextureFormatUncompressed (147)
[2018.12.09-13.12.42:476][503]LogModuleManager: Shutting down and abandoning module TextureFormatPVR (145)
[2018.12.09-13.12.42:476][503]LogModuleManager: Shutting down and abandoning module TextureFormatDXT (143)
[2018.12.09-13.12.42:476][503]LogModuleManager: Shutting down and abandoning module TextureFormatIntelISPCTexComp (141)
[2018.12.09-13.12.42:476][503]LogModuleManager: Shutting down and abandoning module TextureFormatASTC (139)
[2018.12.09-13.12.42:476][503]LogModuleManager: Shutting down and abandoning module ImageWrapper (138)
[2018.12.09-13.12.42:476][503]LogModuleManager: Shutting down and abandoning module TextureFormatAndroid (135)
[2018.12.09-13.12.42:476][503]LogModuleManager: Shutting down and abandoning module AudioFormatOpus (133)
[2018.12.09-13.12.42:476][503]LogModuleManager: Shutting down and abandoning module AudioFormatOgg (131)
[2018.12.09-13.12.42:476][503]LogModuleManager: Shutting down and abandoning module AudioFormatADPCM (129)
[2018.12.09-13.12.42:476][503]LogModuleManager: Shutting down and abandoning module LuminTargetPlatform (127)
[2018.12.09-13.12.42:476][503]LogModuleManager: Shutting down and abandoning module LinuxTargetPlatform (125)
[2018.12.09-13.12.42:476][503]LogModuleManager: Shutting down and abandoning module LinuxServerTargetPlatform (123)
[2018.12.09-13.12.42:476][503]LogModuleManager: Shutting down and abandoning module LinuxNoEditorTargetPlatform (121)
[2018.12.09-13.12.42:477][503]LogModuleManager: Shutting down and abandoning module LinuxClientTargetPlatform (119)
[2018.12.09-13.12.42:477][503]LogModuleManager: Shutting down and abandoning module TVOSTargetPlatform (117)
[2018.12.09-13.12.42:477][503]LogModuleManager: Shutting down and abandoning module Messaging (115)
[2018.12.09-13.12.42:477][503]LogModuleManager: Shutting down and abandoning module IOSTargetPlatform (113)
[2018.12.09-13.12.42:478][503]LogModuleManager: Shutting down and abandoning module HTML5TargetPlatform (111)
[2018.12.09-13.12.42:478][503]LogModuleManager: Shutting down and abandoning module AndroidTargetPlatform (109)
[2018.12.09-13.12.42:482][503]LogModuleManager: Shutting down and abandoning module WindowsTargetPlatform (107)
[2018.12.09-13.12.42:482][503]LogModuleManager: Shutting down and abandoning module WindowsServerTargetPlatform (105)
[2018.12.09-13.12.42:482][503]LogModuleManager: Shutting down and abandoning module WindowsNoEditorTargetPlatform (103)
[2018.12.09-13.12.42:482][503]LogModuleManager: Shutting down and abandoning module WindowsClientTargetPlatform (101)
[2018.12.09-13.12.42:482][503]LogModuleManager: Shutting down and abandoning module MacTargetPlatform (99)
[2018.12.09-13.12.42:482][503]LogModuleManager: Shutting down and abandoning module MacServerTargetPlatform (97)
[2018.12.09-13.12.42:482][503]LogModuleManager: Shutting down and abandoning module MacNoEditorTargetPlatform (95)
[2018.12.09-13.12.42:482][503]LogModuleManager: Shutting down and abandoning module MacClientTargetPlatform (93)
[2018.12.09-13.12.42:482][503]LogModuleManager: Shutting down and abandoning module AllDesktopTargetPlatform (91)
[2018.12.09-13.12.42:482][503]LogModuleManager: Shutting down and abandoning module InputCore (88)
[2018.12.09-13.12.42:482][503]LogModuleManager: Shutting down and abandoning module Settings (86)
[2018.12.09-13.12.42:482][503]LogModuleManager: Shutting down and abandoning module PhysXCooking (84)
[2018.12.09-13.12.42:482][503]LogModuleManager: Shutting down and abandoning module SteamVR (82)
[2018.12.09-13.12.42:482][503]LogModuleManager: Shutting down and abandoning module OculusHMD (80)
[2018.12.09-13.12.42:482][503]LogModuleManager: Shutting down and abandoning module ExampleDeviceProfileSelector (78)
[2018.12.09-13.12.42:482][503]LogModuleManager: Shutting down and abandoning module LauncherChunkInstaller (76)
[2018.12.09-13.12.42:482][503]LogModuleManager: Shutting down and abandoning module OnlineBlueprintSupport (74)
[2018.12.09-13.12.42:482][503]LogModuleManager: Shutting down and abandoning module OnlineSubsystem (70)
[2018.12.09-13.12.42:482][503]LogModuleManager: Shutting down and abandoning module XMPP (65)
[2018.12.09-13.12.42:483][503]LogModuleManager: Shutting down and abandoning module WebSockets (64)
[2018.12.09-13.12.42:504][503]LogModuleManager: Shutting down and abandoning module HTTP (61)
[2018.12.09-13.12.42:504][503]LogHttp: Display: Http module shutting down, but needs to wait on 1 outstanding Http requests:
[2018.12.09-13.12.42:504][503]LogHttp: Display: 	verb=[POST] url=[https://datarouter.ol.epicgames.com/datarouter/api/v1/public/data?SessionID=%7B80FCE13A-4904-FD6F-0E4D-00912DD06F90%7D&AppID=UEEditor.Rocket.Release&AppVersion=4.20.3-4369336%2B%2B%2BUE4%2BRelease-4.20&UserID=5ea42c2148a581730a0ff4860badea60%7C720a633edfcd4c21ba8666f14eb48fbd%7Cef12b262-7ea2-4600-9c3c-eb1b9db97665&AppEnvironment=datacollector-binary&UploadType=eteventstream] status=Processing
[2018.12.09-13.12.42:532][503]LogModuleManager: Shutting down and abandoning module SSL (60)
[2018.12.09-13.12.42:533][503]LogModuleManager: Shutting down and abandoning module MagicLeapEmulator (56)
[2018.12.09-13.12.42:533][503]LogModuleManager: Shutting down and abandoning module MagicLeapPrivileges (54)
[2018.12.09-13.12.42:533][503]LogModuleManager: Shutting down and abandoning module MagicLeapIdentity (52)
[2018.12.09-13.12.42:533][503]LogModuleManager: Shutting down and abandoning module MagicLeapHelperVulkan (50)
[2018.12.09-13.12.42:533][503]LogModuleManager: Shutting down and abandoning module MagicLeapHelperOpenGL (48)
[2018.12.09-13.12.42:533][503]LogModuleManager: Shutting down and abandoning module MagicLeapSecureStorage (46)
[2018.12.09-13.12.42:533][503]LogModuleManager: Shutting down and abandoning module MagicLeapGestures (44)
[2018.12.09-13.12.42:533][503]LogModuleManager: Shutting down and abandoning module MagicLeapEyeTracker (42)
[2018.12.09-13.12.42:533][503]LogModuleManager: Shutting down and abandoning module MagicLeapController (40)
[2018.12.09-13.12.42:533][503]LogSlate: Slate User Destroyed.  User Index 0, Is Virtual User: 0
[2018.12.09-13.12.42:533][503]LogModuleManager: Shutting down and abandoning module MagicLeap (38)
[2018.12.09-13.12.42:533][503]LogModuleManager: Shutting down and abandoning module AnimationModifiers (36)
[2018.12.09-13.12.42:533][503]LogModuleManager: Shutting down and abandoning module PropertyEditor (35)
[2018.12.09-13.12.42:533][503]LogModuleManager: Shutting down and abandoning module AudioEditor (32)
[2018.12.09-13.12.42:534][503]LogModuleManager: Shutting down and abandoning module TextureCompressor (30)
[2018.12.09-13.12.42:534][503]LogModuleManager: Shutting down and abandoning module ShaderCore (28)
[2018.12.09-13.12.42:534][503]LogModuleManager: Shutting down and abandoning module Landscape (26)
[2018.12.09-13.12.42:534][503]LogModuleManager: Shutting down and abandoning module SlateRHIRenderer (24)
[2018.12.09-13.12.42:535][503]LogModuleManager: Shutting down and abandoning module OpenGLDrv (22)
[2018.12.09-13.12.42:535][503]LogModuleManager: Shutting down and abandoning module D3D11RHI (20)
[2018.12.09-13.12.42:535][503]LogModuleManager: Shutting down and abandoning module AnimGraphRuntime (18)
[2018.12.09-13.12.42:535][503]LogModuleManager: Shutting down and abandoning module Renderer (16)
[2018.12.09-13.12.42:535][503]LogModuleManager: Shutting down and abandoning module Engine (14)
[2018.12.09-13.12.42:535][503]LogModuleManager: Shutting down and abandoning module CoreUObject (12)
[2018.12.09-13.12.42:535][503]LogModuleManager: Shutting down and abandoning module NetworkFile (10)
[2018.12.09-13.12.42:535][503]LogModuleManager: Shutting down and abandoning module CookedIterativeFile (8)
[2018.12.09-13.12.42:535][503]LogModuleManager: Shutting down and abandoning module StreamingFile (6)
[2018.12.09-13.12.42:535][503]LogModuleManager: Shutting down and abandoning module SandboxFile (4)
[2018.12.09-13.12.42:535][503]LogModuleManager: Shutting down and abandoning module PakFile (2)
[2018.12.09-13.12.42:540][503]LogExit: Exiting.
[2018.12.09-13.12.42:557][503]Log file closed, 12/09/18 22:12:42
