Log file open, 02/09/19 21:44:00
LogWindows: Failed to load 'aqProf.dll' (GetLastError=126)
LogWindows: File 'aqProf.dll' does not exist
LogWindows: Failed to load 'VtuneApi.dll' (GetLastError=126)
LogWindows: File 'VtuneApi.dll' does not exist
LogWindows: Failed to load 'VtuneApi32e.dll' (GetLastError=126)
LogWindows: File 'VtuneApi32e.dll' does not exist
LogConsoleResponse: Display: Failed to find resolution value strings in scalability ini. Falling back to default.
LogInit: Display: Running engine for game: TimeTravel
LogPakFile: Registered encryption key '00000000000000000000000000000000': 0 pak files mounted, 0 remain pending
LogPlatformFile: Not using cached read wrapper
LogTaskGraph: Started task graph with 5 named threads and 20 total threads with 3 sets of task threads.
LogStats: Stats thread started at 0.275989
LogD3D11RHI: Loaded GFSDK_Aftermath_Lib.x64.dll
LogICUInternationalization: ICU TimeZone Detection - Raw Offset: +9:00, Platform Override: ''
LogPluginManager: Mounting plugin Paper2D
LogPluginManager: Mounting plugin AISupport
LogPluginManager: Mounting plugin LightPropagationVolume
LogPluginManager: Mounting plugin ActorLayerUtilities
LogPluginManager: Mounting plugin CLionSourceCodeAccess
LogPluginManager: Mounting plugin CodeLiteSourceCodeAccess
LogPluginManager: Mounting plugin GitSourceControl
LogPluginManager: Mounting plugin KDevelopSourceCodeAccess
LogPluginManager: Mounting plugin NullSourceCodeAccess
LogPluginManager: Mounting plugin PerforceSourceControl
LogPluginManager: Mounting plugin SubversionSourceControl
LogPluginManager: Mounting plugin UObjectPlugin
LogPluginManager: Mounting plugin VisualStudioCodeSourceCodeAccess
LogPluginManager: Mounting plugin VisualStudioSourceCodeAccess
LogPluginManager: Mounting plugin XCodeSourceCodeAccess
LogPluginManager: Mounting plugin AssetManagerEditor
LogPluginManager: Mounting plugin CryptoKeys
LogPluginManager: Mounting plugin DataValidation
LogPluginManager: Mounting plugin FacialAnimation
LogPluginManager: Mounting plugin GameplayTagsEditor
LogPluginManager: Mounting plugin MacGraphicsSwitching
LogPluginManager: Mounting plugin MeshEditor
LogPluginManager: Mounting plugin MobileLauncherProfileWizard
LogPluginManager: Mounting plugin PluginBrowser
LogPluginManager: Mounting plugin SpeedTreeImporter
LogPluginManager: Mounting plugin DatasmithContent
LogPluginManager: Mounting plugin VariantManagerContent
LogPluginManager: Mounting plugin AlembicImporter
LogPluginManager: Mounting plugin AppleImageUtils
LogPluginManager: Mounting plugin AppleVision
LogPluginManager: Mounting plugin BackChannel
LogPluginManager: Mounting plugin CharacterAI
LogPluginManager: Mounting plugin GeometryCache
LogPluginManager: Mounting plugin HTML5Networking
LogPluginManager: Mounting plugin ProxyLODPlugin
LogPluginManager: Mounting plugin MagicLeap
LogPluginManager: Mounting plugin MagicLeapMedia
LogPluginManager: Mounting plugin AndroidMedia
LogPluginManager: Mounting plugin AvfMedia
LogPluginManager: Mounting plugin ImgMedia
LogPluginManager: Mounting plugin LinearTimecode
LogPluginManager: Mounting plugin MediaCompositing
LogPluginManager: Mounting plugin MediaPlayerEditor
LogPluginManager: Mounting plugin WebMMedia
LogPluginManager: Mounting plugin WmfMedia
LogPluginManager: Mounting plugin TcpMessaging
LogPluginManager: Mounting plugin UdpMessaging
LogPluginManager: Mounting plugin ActorSequence
LogPluginManager: Mounting plugin LevelSequenceEditor
LogPluginManager: Mounting plugin MatineeToLevelSequence
LogPluginManager: Mounting plugin NetcodeUnitTest
LogPluginManager: Mounting plugin NUTUnrealEngine4
LogPluginManager: Mounting plugin OnlineSubsystemGooglePlay
LogPluginManager: Mounting plugin OnlineSubsystemIOS
LogPluginManager: Mounting plugin OnlineSubsystem
LogPluginManager: Mounting plugin OnlineSubsystemNull
LogPluginManager: Mounting plugin OnlineSubsystemUtils
LogPluginManager: Mounting plugin LauncherChunkInstaller
LogPluginManager: Mounting plugin AndroidDeviceProfileSelector
LogPluginManager: Mounting plugin AndroidMoviePlayer
LogPluginManager: Mounting plugin AndroidPermission
LogPluginManager: Mounting plugin AppleMoviePlayer
LogPluginManager: Mounting plugin ArchVisCharacter
LogPluginManager: Mounting plugin AudioCapture
LogPluginManager: Mounting plugin CableComponent
LogPluginManager: Mounting plugin CustomMeshComponent
LogPluginManager: Mounting plugin EditableMesh
LogPluginManager: Mounting plugin ExampleDeviceProfileSelector
LogPluginManager: Mounting plugin Firebase
LogPluginManager: Mounting plugin GoogleCloudMessaging
LogPluginManager: Mounting plugin IOSDeviceProfileSelector
LogPluginManager: Mounting plugin LinuxDeviceProfileSelector
LogPluginManager: Mounting plugin LocationServicesBPLibrary
LogPluginManager: Mounting plugin MobilePatchingUtils
LogPluginManager: Mounting plugin OculusVR
LogPluginManager: Mounting plugin PhysXVehicles
LogPluginManager: Mounting plugin ProceduralMeshComponent
LogPluginManager: Mounting plugin RuntimePhysXCooking
LogPluginManager: Mounting plugin SteamVR
LogPluginManager: Mounting plugin WebMMoviePlayer
LogPluginManager: Mounting plugin WindowsMoviePlayer
LogPluginManager: Mounting plugin Climb
LogStreaming: Display: Took  0.084s to configure plugins.
LogInit: Using libcurl 7.55.1-DEV
LogInit:  - built for x86_64-pc-win32
LogInit:  - supports SSL with OpenSSL/1.0.2h
LogInit:  - supports HTTP deflate (compression) using libz 1.2.8
LogInit:  - other features:
LogInit:      CURL_VERSION_SSL
LogInit:      CURL_VERSION_LIBZ
LogInit:      CURL_VERSION_IPV6
LogInit:      CURL_VERSION_ASYNCHDNS
LogInit:      CURL_VERSION_LARGEFILE
LogInit:      CURL_VERSION_IDN
LogInit:  CurlRequestOptions (configurable via config and command line):
LogInit:  - bVerifyPeer = true  - Libcurl will verify peer certificate
LogInit:  - bUseHttpProxy = false  - Libcurl will NOT use HTTP proxy
LogInit:  - bDontReuseConnections = false  - Libcurl will reuse connections
LogInit:  - MaxHostConnections = 16  - Libcurl will limit the number of connections to a host
LogInit:  - LocalHostAddr = Default
LogInit:  - BufferSize = 65536
LogInit: WinSock: version 1.1 (2.2), MaxSocks=32767, MaxUdp=65467
LogInit: Build: ++UE4+Release-4.21-CL-4613538
LogInit: Engine Version: 4.21.1-4613538+++UE4+Release-4.21
LogInit: Compatible Engine Version: 4.21.0-4541578+++UE4+Release-4.21
LogInit: Net CL: 4541578
LogInit: OS: Windows 10 (), CPU: Intel(R) Core(TM) i5-8600K CPU @ 3.60GHz, GPU: NVIDIA GeForce GTX 1060 6GB
LogInit: Compiled (64-bit): Nov 30 2018 04:13:25
LogInit: Compiled with Visual C++: 19.13.26129.00
LogInit: Build Configuration: Development
LogInit: Branch Name: ++UE4+Release-4.21
LogInit: Command Line: 
LogInit: Base Directory: C:/Program Files/Epic Games/UE_4.21/Engine/Binaries/Win64/
LogInit: Installed Engine Build: 1
LogDevObjectVersion: Number of dev versions registered: 22
LogDevObjectVersion:   Dev-Blueprints (B0D832E4-1F89-4F0D-ACCF-7EB736FD4AA2): 10
LogDevObjectVersion:   Dev-Build (E1C64328-A22C-4D53-A36C-8E866417BD8C): 0
LogDevObjectVersion:   Dev-Core (375EC13C-06E4-48FB-B500-84F0262A717E): 2
LogDevObjectVersion:   Dev-Editor (E4B068ED-F494-42E9-A231-DA0B2E46BB41): 26
LogDevObjectVersion:   Dev-Framework (CFFC743F-43B0-4480-9391-14DF171D2073): 34
LogDevObjectVersion:   Dev-Mobile (B02B49B5-BB20-44E9-A304-32B752E40360): 2
LogDevObjectVersion:   Dev-Networking (A4E4105C-59A1-49B5-A7C5-40C4547EDFEE): 0
LogDevObjectVersion:   Dev-Online (39C831C9-5AE6-47DC-9A44-9C173E1C8E7C): 0
LogDevObjectVersion:   Dev-Physics (78F01B33-EBEA-4F98-B9B4-84EACCB95AA2): 0
LogDevObjectVersion:   Dev-Platform (6631380F-2D4D-43E0-8009-CF276956A95A): 0
LogDevObjectVersion:   Dev-Rendering (12F88B9F-8875-4AFC-A67C-D90C383ABD29): 27
LogDevObjectVersion:   Dev-Sequencer (7B5AE74C-D270-4C10-A958-57980B212A5A): 9
LogDevObjectVersion:   Dev-VR (D7296918-1DD6-4BDD-9DE2-64A83CC13884): 2
LogDevObjectVersion:   Dev-LoadTimes (C2A15278-BFE7-4AFE-6C17-90FF531DF755): 1
LogDevObjectVersion:   Private-Geometry (6EACA3D4-40EC-4CC1-B786-8BED09428FC5): 3
LogDevObjectVersion:   Dev-AnimPhys (29E575DD-E0A3-4627-9D10-D276232CDCEA): 17
LogDevObjectVersion:   Dev-Anim (AF43A65D-7FD3-4947-9873-3E8ED9C1BB05): 2
LogDevObjectVersion:   Dev-ReflectionCapture (6B266CEC-1EC7-4B8F-A30B-E4D90942FC07): 1
LogDevObjectVersion:   Dev-Automation (0DF73D61-A23F-47EA-B727-89E90C41499A): 1
LogDevObjectVersion:   FortniteMain (601D1886-AC64-4F84-AA16-D3DE0DEAC7D6): 17
LogDevObjectVersion:   Dev-Enterprise (9DFFBCD6-494F-0158-E221-12823C92A888): 4
LogDevObjectVersion:   Dev-Niagara (F2AED0AC-9AFE-416F-8664-AA7FFA26D6FC): 1
LogStreaming: Display: Took  0.001s to delete old logs.
LogInit: Presizing for max 8388607 objects, including 0 objects not considered by GC, pre-allocating 0 bytes for permanent pool.
LogInit: Object subsystem initialized
LogConfig: Setting CVar [[con.DebugEarlyDefault:1]]
LogConfig: Setting CVar [[r.setres:1280x720]]
[2019.02.09-12.44.01:133][  0]LogConfig: Setting CVar [[r.VSync:0]]
[2019.02.09-12.44.01:133][  0]LogConfig: Setting CVar [[r.RHICmdBypass:0]]
[2019.02.09-12.44.01:133][  0]LogConfig: Applying CVar settings from Section [/Script/Engine.RendererSettings] File [C:/Users/MinLion/Desktop/UnrealProjects/UnrealMMO/TimeTravel/Saved/Config/Windows/Engine.ini]
[2019.02.09-12.44.01:133][  0]LogConfig: Setting CVar [[r.GPUCrashDebugging:0]]
[2019.02.09-12.44.01:133][  0]LogConfig: Applying CVar settings from Section [/Script/Engine.RendererOverrideSettings] File [C:/Users/MinLion/Desktop/UnrealProjects/UnrealMMO/TimeTravel/Saved/Config/Windows/Engine.ini]
[2019.02.09-12.44.01:133][  0]LogConfig: Applying CVar settings from Section [/Script/Engine.StreamingSettings] File [C:/Users/MinLion/Desktop/UnrealProjects/UnrealMMO/TimeTravel/Saved/Config/Windows/Engine.ini]
[2019.02.09-12.44.01:133][  0]LogConfig: Setting CVar [[s.MinBulkDataSizeForAsyncLoading:131072]]
[2019.02.09-12.44.01:133][  0]LogConfig: Setting CVar [[s.AsyncLoadingThreadEnabled:0]]
[2019.02.09-12.44.01:133][  0]LogConfig: Setting CVar [[s.EventDrivenLoaderEnabled:1]]
[2019.02.09-12.44.01:133][  0]LogConfig: Setting CVar [[s.WarnIfTimeLimitExceeded:0]]
[2019.02.09-12.44.01:133][  0]LogConfig: Setting CVar [[s.TimeLimitExceededMultiplier:1.5]]
[2019.02.09-12.44.01:133][  0]LogConfig: Setting CVar [[s.TimeLimitExceededMinTime:0.005]]
[2019.02.09-12.44.01:133][  0]LogConfig: Setting CVar [[s.UseBackgroundLevelStreaming:1]]
[2019.02.09-12.44.01:133][  0]LogConfig: Setting CVar [[s.PriorityAsyncLoadingExtraTime:15.0]]
[2019.02.09-12.44.01:133][  0]LogConfig: Setting CVar [[s.LevelStreamingActorsUpdateTimeLimit:5.0]]
[2019.02.09-12.44.01:133][  0]LogConfig: Setting CVar [[s.PriorityLevelStreamingActorsUpdateExtraTime:5.0]]
[2019.02.09-12.44.01:133][  0]LogConfig: Setting CVar [[s.LevelStreamingComponentsRegistrationGranularity:10]]
[2019.02.09-12.44.01:133][  0]LogConfig: Setting CVar [[s.UnregisterComponentsTimeLimit:1.0]]
[2019.02.09-12.44.01:133][  0]LogConfig: Setting CVar [[s.LevelStreamingComponentsUnregistrationGranularity:5]]
[2019.02.09-12.44.01:133][  0]LogConfig: Applying CVar settings from Section [/Script/Engine.GarbageCollectionSettings] File [C:/Users/MinLion/Desktop/UnrealProjects/UnrealMMO/TimeTravel/Saved/Config/Windows/Engine.ini]
[2019.02.09-12.44.01:133][  0]LogConfig: Setting CVar [[gc.MaxObjectsNotConsideredByGC:1]]
[2019.02.09-12.44.01:133][  0]LogConfig: Setting CVar [[gc.SizeOfPermanentObjectPool:0]]
[2019.02.09-12.44.01:133][  0]LogConfig: Setting CVar [[gc.FlushStreamingOnGC:0]]
[2019.02.09-12.44.01:133][  0]LogConfig: Setting CVar [[gc.NumRetriesBeforeForcingGC:10]]
[2019.02.09-12.44.01:133][  0]LogConfig: Setting CVar [[gc.AllowParallelGC:1]]
[2019.02.09-12.44.01:133][  0]LogConfig: Setting CVar [[gc.TimeBetweenPurgingPendingKillObjects:61.1]]
[2019.02.09-12.44.01:133][  0]LogConfig: Setting CVar [[gc.MaxObjectsInEditor:8388607]]
[2019.02.09-12.44.01:133][  0]LogConfig: Setting CVar [[gc.IncrementalBeginDestroyEnabled:1]]
[2019.02.09-12.44.01:133][  0]LogConfig: Setting CVar [[gc.CreateGCClusters:1]]
[2019.02.09-12.44.01:133][  0]LogConfig: Setting CVar [[gc.MergeGCClusters:0]]
[2019.02.09-12.44.01:133][  0]LogConfig: Setting CVar [[gc.MinGCClusterSize:5]]
[2019.02.09-12.44.01:133][  0]LogConfig: Setting CVar [[gc.ActorClusteringEnabled:0]]
[2019.02.09-12.44.01:133][  0]LogConfig: Setting CVar [[gc.BlueprintClusteringEnabled:0]]
[2019.02.09-12.44.01:133][  0]LogConfig: Setting CVar [[gc.UseDisregardForGCOnDedicatedServers:0]]
[2019.02.09-12.44.01:133][  0]LogConfig: Applying CVar settings from Section [/Script/Engine.NetworkSettings] File [C:/Users/MinLion/Desktop/UnrealProjects/UnrealMMO/TimeTravel/Saved/Config/Windows/Engine.ini]
[2019.02.09-12.44.01:133][  0]LogConfig: Applying CVar settings from Section [/Script/UnrealEd.CookerSettings] File [C:/Users/MinLion/Desktop/UnrealProjects/UnrealMMO/TimeTravel/Saved/Config/Windows/Engine.ini]
[2019.02.09-12.44.01:136][  0]LogConfig: Applying CVar settings from Section [ViewDistanceQuality@3] File [C:/Users/MinLion/Desktop/UnrealProjects/UnrealMMO/TimeTravel/Saved/Config/Windows/Scalability.ini]
[2019.02.09-12.44.01:136][  0]LogConfig: Setting CVar [[r.SkeletalMeshLODBias:0]]
[2019.02.09-12.44.01:136][  0]LogConfig: Setting CVar [[r.ViewDistanceScale:1.0]]
[2019.02.09-12.44.01:136][  0]LogConfig: Applying CVar settings from Section [AntiAliasingQuality@3] File [C:/Users/MinLion/Desktop/UnrealProjects/UnrealMMO/TimeTravel/Saved/Config/Windows/Scalability.ini]
[2019.02.09-12.44.01:136][  0]LogConfig: Setting CVar [[r.PostProcessAAQuality:4]]
[2019.02.09-12.44.01:136][  0]LogConfig: Applying CVar settings from Section [ShadowQuality@3] File [C:/Users/MinLion/Desktop/UnrealProjects/UnrealMMO/TimeTravel/Saved/Config/Windows/Scalability.ini]
[2019.02.09-12.44.01:136][  0]LogConfig: Setting CVar [[r.LightFunctionQuality:1]]
[2019.02.09-12.44.01:136][  0]LogConfig: Setting CVar [[r.ShadowQuality:5]]
[2019.02.09-12.44.01:136][  0]LogConfig: Setting CVar [[r.Shadow.CSM.MaxCascades:10]]
[2019.02.09-12.44.01:136][  0]LogConfig: Setting CVar [[r.Shadow.MaxResolution:2048]]
[2019.02.09-12.44.01:136][  0]LogConfig: Setting CVar [[r.Shadow.MaxCSMResolution:2048]]
[2019.02.09-12.44.01:136][  0]LogConfig: Setting CVar [[r.Shadow.RadiusThreshold:0.01]]
[2019.02.09-12.44.01:136][  0]LogConfig: Setting CVar [[r.Shadow.DistanceScale:1.0]]
[2019.02.09-12.44.01:136][  0]LogConfig: Setting CVar [[r.Shadow.CSM.TransitionScale:1.0]]
[2019.02.09-12.44.01:136][  0]LogConfig: Setting CVar [[r.Shadow.PreShadowResolutionFactor:1.0]]
[2019.02.09-12.44.01:136][  0]LogConfig: Setting CVar [[r.DistanceFieldShadowing:1]]
[2019.02.09-12.44.01:136][  0]LogConfig: Setting CVar [[r.DistanceFieldAO:1]]
[2019.02.09-12.44.01:136][  0]LogConfig: Setting CVar [[r.AOQuality:2]]
[2019.02.09-12.44.01:136][  0]LogConfig: Setting CVar [[r.VolumetricFog:1]]
[2019.02.09-12.44.01:136][  0]LogConfig: Setting CVar [[r.VolumetricFog.GridPixelSize:8]]
[2019.02.09-12.44.01:136][  0]LogConfig: Setting CVar [[r.VolumetricFog.GridSizeZ:128]]
[2019.02.09-12.44.01:136][  0]LogConfig: Setting CVar [[r.VolumetricFog.HistoryMissSupersampleCount:4]]
[2019.02.09-12.44.01:136][  0]LogConfig: Setting CVar [[r.LightMaxDrawDistanceScale:1]]
[2019.02.09-12.44.01:136][  0]LogConfig: Setting CVar [[r.CapsuleShadows:1]]
[2019.02.09-12.44.01:136][  0]LogConfig: Applying CVar settings from Section [PostProcessQuality@3] File [C:/Users/MinLion/Desktop/UnrealProjects/UnrealMMO/TimeTravel/Saved/Config/Windows/Scalability.ini]
[2019.02.09-12.44.01:136][  0]LogConfig: Setting CVar [[r.MotionBlurQuality:4]]
[2019.02.09-12.44.01:136][  0]LogConfig: Setting CVar [[r.AmbientOcclusionMipLevelFactor:0.4]]
[2019.02.09-12.44.01:136][  0]LogConfig: Setting CVar [[r.AmbientOcclusionMaxQuality:100]]
[2019.02.09-12.44.01:136][  0]LogConfig: Setting CVar [[r.AmbientOcclusionLevels:-1]]
[2019.02.09-12.44.01:136][  0]LogConfig: Setting CVar [[r.AmbientOcclusionRadiusScale:1.0]]
[2019.02.09-12.44.01:136][  0]LogConfig: Setting CVar [[r.DepthOfFieldQuality:2]]
[2019.02.09-12.44.01:136][  0]LogConfig: Setting CVar [[r.RenderTargetPoolMin:400]]
[2019.02.09-12.44.01:136][  0]LogConfig: Setting CVar [[r.LensFlareQuality:2]]
[2019.02.09-12.44.01:136][  0]LogConfig: Setting CVar [[r.SceneColorFringeQuality:1]]
[2019.02.09-12.44.01:136][  0]LogConfig: Setting CVar [[r.EyeAdaptationQuality:2]]
[2019.02.09-12.44.01:136][  0]LogConfig: Setting CVar [[r.BloomQuality:5]]
[2019.02.09-12.44.01:136][  0]LogConfig: Setting CVar [[r.FastBlurThreshold:100]]
[2019.02.09-12.44.01:136][  0]LogConfig: Setting CVar [[r.Upscale.Quality:3]]
[2019.02.09-12.44.01:136][  0]LogConfig: Setting CVar [[r.Tonemapper.GrainQuantization:1]]
[2019.02.09-12.44.01:136][  0]LogConfig: Setting CVar [[r.LightShaftQuality:1]]
[2019.02.09-12.44.01:136][  0]LogConfig: Setting CVar [[r.Filter.SizeScale:1]]
[2019.02.09-12.44.01:136][  0]LogConfig: Setting CVar [[r.Tonemapper.Quality:5]]
[2019.02.09-12.44.01:137][  0]LogConfig: Setting CVar [[r.DOF.Gather.AccumulatorQuality:1        ; higher gathering accumulator quality]]
[2019.02.09-12.44.01:137][  0]LogConfig: Setting CVar [[r.DOF.Gather.PostfilterMethod:1          ; Median3x3 postfilering method]]
[2019.02.09-12.44.01:137][  0]LogConfig: Setting CVar [[r.DOF.Gather.EnableBokehSettings:0       ; no bokeh simulation when gathering]]
[2019.02.09-12.44.01:137][  0]LogConfig: Setting CVar [[r.DOF.Gather.RingCount:4                 ; medium number of samples when gathering]]
[2019.02.09-12.44.01:137][  0]LogConfig: Setting CVar [[r.DOF.Scatter.ForegroundCompositing:1    ; additive foreground scattering]]
[2019.02.09-12.44.01:137][  0]LogConfig: Setting CVar [[r.DOF.Scatter.BackgroundCompositing:2    ; additive background scattering]]
[2019.02.09-12.44.01:137][  0]LogConfig: Setting CVar [[r.DOF.Scatter.EnableBokehSettings:1      ; bokeh simulation when scattering]]
[2019.02.09-12.44.01:137][  0]LogConfig: Setting CVar [[r.DOF.Scatter.MaxSpriteRatio:0.1         ; only a maximum of 10% of scattered bokeh]]
[2019.02.09-12.44.01:137][  0]LogConfig: Setting CVar [[r.DOF.Recombine.Quality:1                ; cheap slight out of focus]]
[2019.02.09-12.44.01:137][  0]LogConfig: Setting CVar [[r.DOF.Recombine.EnableBokehSettings:0    ; no bokeh simulation on slight out of focus]]
[2019.02.09-12.44.01:137][  0]LogConfig: Setting CVar [[r.DOF.TemporalAAQuality:1                ; more stable temporal accumulation]]
[2019.02.09-12.44.01:137][  0]LogConfig: Setting CVar [[r.DOF.Kernel.MaxForegroundRadius:0.025]]
[2019.02.09-12.44.01:137][  0]LogConfig: Setting CVar [[r.DOF.Kernel.MaxBackgroundRadius:0.025]]
[2019.02.09-12.44.01:137][  0]LogConfig: Applying CVar settings from Section [TextureQuality@3] File [C:/Users/MinLion/Desktop/UnrealProjects/UnrealMMO/TimeTravel/Saved/Config/Windows/Scalability.ini]
[2019.02.09-12.44.01:137][  0]LogConfig: Setting CVar [[r.Streaming.MipBias:0]]
[2019.02.09-12.44.01:137][  0]LogConfig: Setting CVar [[r.Streaming.AmortizeCPUToGPUCopy:0]]
[2019.02.09-12.44.01:137][  0]LogConfig: Setting CVar [[r.Streaming.MaxNumTexturesToStreamPerFrame:0]]
[2019.02.09-12.44.01:137][  0]LogConfig: Setting CVar [[r.Streaming.Boost:1]]
[2019.02.09-12.44.01:137][  0]LogConfig: Setting CVar [[r.MaxAnisotropy:8]]
[2019.02.09-12.44.01:137][  0]LogConfig: Setting CVar [[r.Streaming.LimitPoolSizeToVRAM:0]]
[2019.02.09-12.44.01:137][  0]LogConfig: Setting CVar [[r.Streaming.PoolSize:1000]]
[2019.02.09-12.44.01:137][  0]LogConfig: Setting CVar [[r.Streaming.MaxEffectiveScreenSize:0]]
[2019.02.09-12.44.01:137][  0]LogConfig: Applying CVar settings from Section [EffectsQuality@3] File [C:/Users/MinLion/Desktop/UnrealProjects/UnrealMMO/TimeTravel/Saved/Config/Windows/Scalability.ini]
[2019.02.09-12.44.01:137][  0]LogConfig: Setting CVar [[r.TranslucencyLightingVolumeDim:64]]
[2019.02.09-12.44.01:137][  0]LogConfig: Setting CVar [[r.RefractionQuality:2]]
[2019.02.09-12.44.01:137][  0]LogConfig: Setting CVar [[r.SSR.Quality:3]]
[2019.02.09-12.44.01:137][  0]LogConfig: Setting CVar [[r.SceneColorFormat:4]]
[2019.02.09-12.44.01:137][  0]LogConfig: Setting CVar [[r.DetailMode:2]]
[2019.02.09-12.44.01:137][  0]LogConfig: Setting CVar [[r.TranslucencyVolumeBlur:1]]
[2019.02.09-12.44.01:137][  0]LogConfig: Setting CVar [[r.MaterialQualityLevel:1 ; High quality]]
[2019.02.09-12.44.01:137][  0]LogConfig: Setting CVar [[r.SSS.Scale:1]]
[2019.02.09-12.44.01:137][  0]LogConfig: Setting CVar [[r.SSS.SampleSet:2]]
[2019.02.09-12.44.01:137][  0]LogConfig: Setting CVar [[r.SSS.Quality:1]]
[2019.02.09-12.44.01:137][  0]LogConfig: Setting CVar [[r.SSS.HalfRes:1]]
[2019.02.09-12.44.01:137][  0]LogConfig: Setting CVar [[r.EmitterSpawnRateScale:1.0]]
[2019.02.09-12.44.01:137][  0]LogConfig: Setting CVar [[r.ParticleLightQuality:2]]
[2019.02.09-12.44.01:137][  0]LogConfig: Applying CVar settings from Section [FoliageQuality@3] File [C:/Users/MinLion/Desktop/UnrealProjects/UnrealMMO/TimeTravel/Saved/Config/Windows/Scalability.ini]
[2019.02.09-12.44.01:137][  0]LogConfig: Setting CVar [[foliage.DensityScale:1.0]]
[2019.02.09-12.44.01:137][  0]LogConfig: Setting CVar [[grass.DensityScale:1.0]]
[2019.02.09-12.44.01:137][  0]LogInit: Selected Device Profile: [Windows]
[2019.02.09-12.44.01:137][  0]LogInit: Applying CVar settings loaded from the selected device profile: [Windows]
[2019.02.09-12.44.01:147][  0]LogHAL: Display: Platform has ~ 16 GB [17116471296 / 17179869184 / 16], which maps to Larger [LargestMinGB=32, LargerMinGB=12, DefaultMinGB=8, SmallerMinGB=6, SmallestMinGB=0)
[2019.02.09-12.44.01:147][  0]LogConfig: Setting CVar [[r.Vulkan.UseRealUBs:1]]
[2019.02.09-12.44.01:147][  0]LogInit: Going up to parent DeviceProfile []
[2019.02.09-12.44.01:147][  0]LogConfig: Applying CVar settings from Section [ViewDistanceQuality@3] File [C:/Users/MinLion/Desktop/UnrealProjects/UnrealMMO/TimeTravel/Saved/Config/Windows/Scalability.ini]
[2019.02.09-12.44.01:147][  0]LogConfig: Setting CVar [[r.SkeletalMeshLODBias:0]]
[2019.02.09-12.44.01:147][  0]LogConfig: Setting CVar [[r.ViewDistanceScale:1.0]]
[2019.02.09-12.44.01:147][  0]LogConfig: Applying CVar settings from Section [AntiAliasingQuality@3] File [C:/Users/MinLion/Desktop/UnrealProjects/UnrealMMO/TimeTravel/Saved/Config/Windows/Scalability.ini]
[2019.02.09-12.44.01:147][  0]LogConfig: Setting CVar [[r.PostProcessAAQuality:4]]
[2019.02.09-12.44.01:147][  0]LogConfig: Applying CVar settings from Section [ShadowQuality@3] File [C:/Users/MinLion/Desktop/UnrealProjects/UnrealMMO/TimeTravel/Saved/Config/Windows/Scalability.ini]
[2019.02.09-12.44.01:147][  0]LogConfig: Setting CVar [[r.LightFunctionQuality:1]]
[2019.02.09-12.44.01:147][  0]LogConfig: Setting CVar [[r.ShadowQuality:5]]
[2019.02.09-12.44.01:147][  0]LogConfig: Setting CVar [[r.Shadow.CSM.MaxCascades:10]]
[2019.02.09-12.44.01:147][  0]LogConfig: Setting CVar [[r.Shadow.MaxResolution:2048]]
[2019.02.09-12.44.01:147][  0]LogConfig: Setting CVar [[r.Shadow.MaxCSMResolution:2048]]
[2019.02.09-12.44.01:147][  0]LogConfig: Setting CVar [[r.Shadow.RadiusThreshold:0.01]]
[2019.02.09-12.44.01:147][  0]LogConfig: Setting CVar [[r.Shadow.DistanceScale:1.0]]
[2019.02.09-12.44.01:147][  0]LogConfig: Setting CVar [[r.Shadow.CSM.TransitionScale:1.0]]
[2019.02.09-12.44.01:147][  0]LogConfig: Setting CVar [[r.Shadow.PreShadowResolutionFactor:1.0]]
[2019.02.09-12.44.01:147][  0]LogConfig: Setting CVar [[r.DistanceFieldShadowing:1]]
[2019.02.09-12.44.01:147][  0]LogConfig: Setting CVar [[r.DistanceFieldAO:1]]
[2019.02.09-12.44.01:147][  0]LogConfig: Setting CVar [[r.AOQuality:2]]
[2019.02.09-12.44.01:147][  0]LogConfig: Setting CVar [[r.VolumetricFog:1]]
[2019.02.09-12.44.01:147][  0]LogConfig: Setting CVar [[r.VolumetricFog.GridPixelSize:8]]
[2019.02.09-12.44.01:147][  0]LogConfig: Setting CVar [[r.VolumetricFog.GridSizeZ:128]]
[2019.02.09-12.44.01:147][  0]LogConfig: Setting CVar [[r.VolumetricFog.HistoryMissSupersampleCount:4]]
[2019.02.09-12.44.01:147][  0]LogConfig: Setting CVar [[r.LightMaxDrawDistanceScale:1]]
[2019.02.09-12.44.01:147][  0]LogConfig: Setting CVar [[r.CapsuleShadows:1]]
[2019.02.09-12.44.01:147][  0]LogConfig: Applying CVar settings from Section [PostProcessQuality@3] File [C:/Users/MinLion/Desktop/UnrealProjects/UnrealMMO/TimeTravel/Saved/Config/Windows/Scalability.ini]
[2019.02.09-12.44.01:147][  0]LogConfig: Setting CVar [[r.MotionBlurQuality:4]]
[2019.02.09-12.44.01:147][  0]LogConfig: Setting CVar [[r.AmbientOcclusionMipLevelFactor:0.4]]
[2019.02.09-12.44.01:147][  0]LogConfig: Setting CVar [[r.AmbientOcclusionMaxQuality:100]]
[2019.02.09-12.44.01:147][  0]LogConfig: Setting CVar [[r.AmbientOcclusionLevels:-1]]
[2019.02.09-12.44.01:147][  0]LogConfig: Setting CVar [[r.AmbientOcclusionRadiusScale:1.0]]
[2019.02.09-12.44.01:148][  0]LogConfig: Setting CVar [[r.DepthOfFieldQuality:2]]
[2019.02.09-12.44.01:148][  0]LogConfig: Setting CVar [[r.RenderTargetPoolMin:400]]
[2019.02.09-12.44.01:148][  0]LogConfig: Setting CVar [[r.LensFlareQuality:2]]
[2019.02.09-12.44.01:148][  0]LogConfig: Setting CVar [[r.SceneColorFringeQuality:1]]
[2019.02.09-12.44.01:148][  0]LogConfig: Setting CVar [[r.EyeAdaptationQuality:2]]
[2019.02.09-12.44.01:148][  0]LogConfig: Setting CVar [[r.BloomQuality:5]]
[2019.02.09-12.44.01:148][  0]LogConfig: Setting CVar [[r.FastBlurThreshold:100]]
[2019.02.09-12.44.01:148][  0]LogConfig: Setting CVar [[r.Upscale.Quality:3]]
[2019.02.09-12.44.01:148][  0]LogConfig: Setting CVar [[r.Tonemapper.GrainQuantization:1]]
[2019.02.09-12.44.01:148][  0]LogConfig: Setting CVar [[r.LightShaftQuality:1]]
[2019.02.09-12.44.01:148][  0]LogConfig: Setting CVar [[r.Filter.SizeScale:1]]
[2019.02.09-12.44.01:148][  0]LogConfig: Setting CVar [[r.Tonemapper.Quality:5]]
[2019.02.09-12.44.01:148][  0]LogConfig: Setting CVar [[r.DOF.Gather.AccumulatorQuality:1        ; higher gathering accumulator quality]]
[2019.02.09-12.44.01:148][  0]LogConfig: Setting CVar [[r.DOF.Gather.PostfilterMethod:1          ; Median3x3 postfilering method]]
[2019.02.09-12.44.01:148][  0]LogConfig: Setting CVar [[r.DOF.Gather.EnableBokehSettings:0       ; no bokeh simulation when gathering]]
[2019.02.09-12.44.01:148][  0]LogConfig: Setting CVar [[r.DOF.Gather.RingCount:4                 ; medium number of samples when gathering]]
[2019.02.09-12.44.01:148][  0]LogConfig: Setting CVar [[r.DOF.Scatter.ForegroundCompositing:1    ; additive foreground scattering]]
[2019.02.09-12.44.01:148][  0]LogConfig: Setting CVar [[r.DOF.Scatter.BackgroundCompositing:2    ; additive background scattering]]
[2019.02.09-12.44.01:148][  0]LogConfig: Setting CVar [[r.DOF.Scatter.EnableBokehSettings:1      ; bokeh simulation when scattering]]
[2019.02.09-12.44.01:148][  0]LogConfig: Setting CVar [[r.DOF.Scatter.MaxSpriteRatio:0.1         ; only a maximum of 10% of scattered bokeh]]
[2019.02.09-12.44.01:148][  0]LogConfig: Setting CVar [[r.DOF.Recombine.Quality:1                ; cheap slight out of focus]]
[2019.02.09-12.44.01:148][  0]LogConfig: Setting CVar [[r.DOF.Recombine.EnableBokehSettings:0    ; no bokeh simulation on slight out of focus]]
[2019.02.09-12.44.01:148][  0]LogConfig: Setting CVar [[r.DOF.TemporalAAQuality:1                ; more stable temporal accumulation]]
[2019.02.09-12.44.01:148][  0]LogConfig: Setting CVar [[r.DOF.Kernel.MaxForegroundRadius:0.025]]
[2019.02.09-12.44.01:148][  0]LogConfig: Setting CVar [[r.DOF.Kernel.MaxBackgroundRadius:0.025]]
[2019.02.09-12.44.01:148][  0]LogConfig: Applying CVar settings from Section [TextureQuality@3] File [C:/Users/MinLion/Desktop/UnrealProjects/UnrealMMO/TimeTravel/Saved/Config/Windows/Scalability.ini]
[2019.02.09-12.44.01:148][  0]LogConfig: Setting CVar [[r.Streaming.MipBias:0]]
[2019.02.09-12.44.01:148][  0]LogConfig: Setting CVar [[r.Streaming.AmortizeCPUToGPUCopy:0]]
[2019.02.09-12.44.01:148][  0]LogConfig: Setting CVar [[r.Streaming.MaxNumTexturesToStreamPerFrame:0]]
[2019.02.09-12.44.01:148][  0]LogConfig: Setting CVar [[r.Streaming.Boost:1]]
[2019.02.09-12.44.01:148][  0]LogConfig: Setting CVar [[r.MaxAnisotropy:8]]
[2019.02.09-12.44.01:148][  0]LogConfig: Setting CVar [[r.Streaming.LimitPoolSizeToVRAM:0]]
[2019.02.09-12.44.01:148][  0]LogConfig: Setting CVar [[r.Streaming.PoolSize:1000]]
[2019.02.09-12.44.01:148][  0]LogConfig: Setting CVar [[r.Streaming.MaxEffectiveScreenSize:0]]
[2019.02.09-12.44.01:148][  0]LogConfig: Applying CVar settings from Section [EffectsQuality@3] File [C:/Users/MinLion/Desktop/UnrealProjects/UnrealMMO/TimeTravel/Saved/Config/Windows/Scalability.ini]
[2019.02.09-12.44.01:148][  0]LogConfig: Setting CVar [[r.TranslucencyLightingVolumeDim:64]]
[2019.02.09-12.44.01:148][  0]LogConfig: Setting CVar [[r.RefractionQuality:2]]
[2019.02.09-12.44.01:148][  0]LogConfig: Setting CVar [[r.SSR.Quality:3]]
[2019.02.09-12.44.01:148][  0]LogConfig: Setting CVar [[r.SceneColorFormat:4]]
[2019.02.09-12.44.01:148][  0]LogConfig: Setting CVar [[r.DetailMode:2]]
[2019.02.09-12.44.01:148][  0]LogConfig: Setting CVar [[r.TranslucencyVolumeBlur:1]]
[2019.02.09-12.44.01:148][  0]LogConfig: Setting CVar [[r.MaterialQualityLevel:1 ; High quality]]
[2019.02.09-12.44.01:148][  0]LogConfig: Setting CVar [[r.SSS.Scale:1]]
[2019.02.09-12.44.01:148][  0]LogConfig: Setting CVar [[r.SSS.SampleSet:2]]
[2019.02.09-12.44.01:148][  0]LogConfig: Setting CVar [[r.SSS.Quality:1]]
[2019.02.09-12.44.01:148][  0]LogConfig: Setting CVar [[r.SSS.HalfRes:1]]
[2019.02.09-12.44.01:148][  0]LogConfig: Setting CVar [[r.EmitterSpawnRateScale:1.0]]
[2019.02.09-12.44.01:148][  0]LogConfig: Setting CVar [[r.ParticleLightQuality:2]]
[2019.02.09-12.44.01:148][  0]LogConfig: Applying CVar settings from Section [FoliageQuality@3] File [C:/Users/MinLion/Desktop/UnrealProjects/UnrealMMO/TimeTravel/Saved/Config/Windows/Scalability.ini]
[2019.02.09-12.44.01:148][  0]LogConfig: Setting CVar [[foliage.DensityScale:1.0]]
[2019.02.09-12.44.01:148][  0]LogConfig: Setting CVar [[grass.DensityScale:1.0]]
[2019.02.09-12.44.01:148][  0]LogConfig: Applying CVar settings from Section [Startup] File [../../../Engine/Config/ConsoleVariables.ini]
[2019.02.09-12.44.01:151][  0]LogConfig: Setting CVar [[net.UseAdaptiveNetUpdateFrequency:0]]
[2019.02.09-12.44.01:151][  0]LogConfig: Applying CVar settings from Section [ConsoleVariables] File [C:/Users/MinLion/Desktop/UnrealProjects/UnrealMMO/TimeTravel/Saved/Config/Windows/Engine.ini]
[2019.02.09-12.44.01:151][  0]LogInit: Computer: DESKTOP-RAID143
[2019.02.09-12.44.01:151][  0]LogInit: User: MinLion
[2019.02.09-12.44.01:151][  0]LogInit: CPU Page size=4096, Cores=6
[2019.02.09-12.44.01:151][  0]LogInit: High frequency timer resolution =3.515627 MHz
[2019.02.09-12.44.01:151][  0]LogMemory: Memory total: Physical=15.9GB (16GB approx)
[2019.02.09-12.44.01:151][  0]LogMemory: Platform Memory Stats for Windows
[2019.02.09-12.44.01:151][  0]LogMemory: Process Physical Memory: 103.02 MB used, 103.02 MB peak
[2019.02.09-12.44.01:151][  0]LogMemory: Process Virtual Memory: 85.21 MB used, 85.21 MB peak
[2019.02.09-12.44.01:151][  0]LogMemory: Physical Memory: 3783.11 MB used,  12540.43 MB free, 16323.54 MB total
[2019.02.09-12.44.01:151][  0]LogMemory: Virtual Memory: 4642.55 MB used,  134213088.00 MB free, 134217728.00 MB total
[2019.02.09-12.44.01:274][  0]LogInit: Using OS detected language (ko-KR).
[2019.02.09-12.44.01:274][  0]LogInit: Using OS detected locale (ko-KR).
[2019.02.09-12.44.01:276][  0]LogTextLocalizationManager: No specific localization for 'ko-KR' exists, so the 'ko' localization will be used.
[2019.02.09-12.44.01:674][  0]LogStreaming: Display: Took  0.399s to InitEngineTextLocalization.
[2019.02.09-12.44.01:674][  0]LogInit: Setting process to per monitor DPI aware
[2019.02.09-12.44.01:716][  0]LogSlate: New Slate User Created.  User Index 0, Is Virtual User: 0
[2019.02.09-12.44.01:716][  0]LogSlate: Slate User Registered.  User Index 0, Is Virtual User: 0
[2019.02.09-12.44.02:765][  0]LogHMD: Failed to initialize OpenVR with code 110
[2019.02.09-12.44.02:765][  0]LogD3D11RHI: D3D11 adapters:
[2019.02.09-12.44.02:838][  0]LogD3D11RHI:    0. 'NVIDIA GeForce GTX 1060 6GB' (Feature Level 11_0)
[2019.02.09-12.44.02:838][  0]LogD3D11RHI:       6052/0/8161 MB DedicatedVideo/DedicatedSystem/SharedSystem, Outputs:1, VendorId:0x10de
[2019.02.09-12.44.02:841][  0]LogD3D11RHI:    1. 'Microsoft Basic Render Driver' (Feature Level 11_0)
[2019.02.09-12.44.02:841][  0]LogD3D11RHI:       0/0/8161 MB DedicatedVideo/DedicatedSystem/SharedSystem, Outputs:0, VendorId:0x1414
[2019.02.09-12.44.02:841][  0]LogD3D11RHI: Chosen D3D11 Adapter: 0
[2019.02.09-12.44.02:845][  0]LogD3D11RHI: Creating new Direct3DDevice
[2019.02.09-12.44.02:845][  0]LogD3D11RHI:     GPU DeviceId: 0x1c03 (for the marketing name, search the web for "GPU Device Id")
[2019.02.09-12.44.02:845][  0]LogWindows: EnumDisplayDevices:
[2019.02.09-12.44.02:846][  0]LogWindows:    0. 'NVIDIA GeForce GTX 1060 6GB' (P:1 D:1)
[2019.02.09-12.44.02:846][  0]LogWindows:    1. 'NVIDIA GeForce GTX 1060 6GB' (P:0 D:0)
[2019.02.09-12.44.02:846][  0]LogWindows:    2. 'NVIDIA GeForce GTX 1060 6GB' (P:0 D:0)
[2019.02.09-12.44.02:847][  0]LogWindows:    3. 'NVIDIA GeForce GTX 1060 6GB' (P:0 D:0)
[2019.02.09-12.44.02:847][  0]LogWindows: DebugString: FoundDriverCount:4 
[2019.02.09-12.44.02:847][  0]LogD3D11RHI:     Adapter Name: NVIDIA GeForce GTX 1060 6GB
[2019.02.09-12.44.02:847][  0]LogD3D11RHI:   Driver Version: 417.35 (internal:25.21.14.1735, unified:417.35)
[2019.02.09-12.44.02:847][  0]LogD3D11RHI:      Driver Date: 12-11-2018
[2019.02.09-12.44.02:847][  0]LogRHI: Texture pool is 4236 MB (70% of 6052 MB)
[2019.02.09-12.44.02:877][  0]LogD3D11RHI: Async texture creation enabled
[2019.02.09-12.44.02:893][  0]LogD3D11RHI: GPU Timing Frequency: 1000.000000 (Debug: 2 2)
[2019.02.09-12.44.03:237][  0]LogTemp: Display: Loaded TP AllDesktopTargetPlatform
[2019.02.09-12.44.03:252][  0]LogTemp: Display: Loaded TP MacClientTargetPlatform
[2019.02.09-12.44.03:267][  0]LogTemp: Display: Loaded TP MacNoEditorTargetPlatform
[2019.02.09-12.44.03:283][  0]LogTemp: Display: Loaded TP MacServerTargetPlatform
[2019.02.09-12.44.03:301][  0]LogTemp: Display: Loaded TP MacTargetPlatform
[2019.02.09-12.44.03:317][  0]LogTemp: Display: Loaded TP WindowsClientTargetPlatform
[2019.02.09-12.44.03:332][  0]LogTemp: Display: Loaded TP WindowsNoEditorTargetPlatform
[2019.02.09-12.44.03:347][  0]LogTemp: Display: Loaded TP WindowsServerTargetPlatform
[2019.02.09-12.44.03:357][  0]LogTemp: Display: Loaded TP WindowsTargetPlatform
[2019.02.09-12.44.03:427][  0]LogTemp: Display: Loaded TP AndroidTargetPlatform
[2019.02.09-12.44.03:427][  0]LogTemp: Display: Loaded TP AndroidTargetPlatform
[2019.02.09-12.44.03:427][  0]LogTemp: Display: Loaded TP AndroidTargetPlatform
[2019.02.09-12.44.03:427][  0]LogTemp: Display: Loaded TP AndroidTargetPlatform
[2019.02.09-12.44.03:427][  0]LogTemp: Display: Loaded TP AndroidTargetPlatform
[2019.02.09-12.44.03:427][  0]LogTemp: Display: Loaded TP AndroidTargetPlatform
[2019.02.09-12.44.03:427][  0]LogTemp: Display: Loaded TP AndroidTargetPlatform
[2019.02.09-12.44.03:427][  0]LogTemp: Display: Loaded TP AndroidTargetPlatform
[2019.02.09-12.44.03:427][  0]LogTemp: Display: Loaded TP AndroidTargetPlatform
[2019.02.09-12.44.03:427][  0]LogTemp: Display: Loaded TP AndroidTargetPlatform
[2019.02.09-12.44.03:427][  0]LogTemp: Display: Loaded TP AndroidTargetPlatform
[2019.02.09-12.44.03:427][  0]LogTemp: Display: Loaded TP AndroidTargetPlatform
[2019.02.09-12.44.03:427][  0]LogTemp: Display: Loaded TP AndroidTargetPlatform
[2019.02.09-12.44.03:427][  0]LogTemp: Display: Loaded TP AndroidTargetPlatform
[2019.02.09-12.44.03:427][  0]LogTemp: Display: Loaded TP AndroidTargetPlatform
[2019.02.09-12.44.03:427][  0]LogTemp: Display: Loaded TP AndroidTargetPlatform
[2019.02.09-12.44.03:427][  0]LogTemp: Display: Loaded TP AndroidTargetPlatform
[2019.02.09-12.44.03:427][  0]LogTemp: Display: Loaded TP AndroidTargetPlatform
[2019.02.09-12.44.03:434][  0]LogTemp: Display: Loaded TP HTML5TargetPlatform
[2019.02.09-12.44.03:510][  0]LogTemp: Display: Loaded TP IOSTargetPlatform
[2019.02.09-12.44.03:510][  0]LogTemp: Display: Loaded TP IOSTargetPlatform
[2019.02.09-12.44.03:534][  0]LogTemp: Display: Loaded TP TVOSTargetPlatform
[2019.02.09-12.44.03:534][  0]LogTemp: Display: Loaded TP TVOSTargetPlatform
[2019.02.09-12.44.03:550][  0]LogTemp: Display: Loaded TP LinuxClientTargetPlatform
[2019.02.09-12.44.03:566][  0]LogTemp: Display: Loaded TP LinuxNoEditorTargetPlatform
[2019.02.09-12.44.03:581][  0]LogTemp: Display: Loaded TP LinuxServerTargetPlatform
[2019.02.09-12.44.03:603][  0]LogTemp: Display: Loaded TP LinuxTargetPlatform
[2019.02.09-12.44.03:647][  0]LogTemp: Display: Loaded TP LuminTargetPlatform
[2019.02.09-12.44.03:647][  0]LogTemp: Display: Loaded TP LuminTargetPlatform
[2019.02.09-12.44.03:647][  0]LogTargetPlatformManager: Display: Building Assets For Windows
[2019.02.09-12.44.03:878][  0]LogShaderCompilers: Guid format shader working directory is -27 characters bigger than the processId version (../../../../../../Users/MinLion/Desktop/UnrealProjects/UnrealMMO/TimeTravel/Intermediate/Shaders/WorkingDirectory/8160/).
[2019.02.09-12.44.03:878][  0]LogShaderCompilers: Cleaned the shader compiler working directory 'C:/Users/MinLion/AppData/Local/Temp/UnrealShaderWorkingDir/36835C954F9FF40397D3449B23848BD8/'.
[2019.02.09-12.44.03:879][  0]LogXGEController: Cannot use XGE Controller as Incredibuild is not installed on this machine.
[2019.02.09-12.44.03:880][  0]LogShaderCompilers: Cannot use XGE Shader Compiler as Incredibuild is not installed on this machine.
[2019.02.09-12.44.03:880][  0]LogShaderCompilers: Display: Using Local Shader Compiler.
[2019.02.09-12.44.05:039][  0]LogDerivedDataCache: Display: Max Cache Size: 512 MB
[2019.02.09-12.44.05:217][  0]LogDerivedDataCache: Loaded boot cache 0.18s 72MB C:/Users/MinLion/AppData/Local/UnrealEngine/4.21/DerivedDataCache/Boot.ddc.
[2019.02.09-12.44.05:217][  0]LogDerivedDataCache: Display: Loaded Boot cache: C:/Users/MinLion/AppData/Local/UnrealEngine/4.21/DerivedDataCache/Boot.ddc
[2019.02.09-12.44.05:217][  0]LogDerivedDataCache: FDerivedDataBackendGraph:  Pak pak cache file ../../../../../../Users/MinLion/Desktop/UnrealProjects/UnrealMMO/TimeTravel/DerivedDataCache/DDC.ddp not found, will not use a pak cache.
[2019.02.09-12.44.05:217][  0]LogDerivedDataCache: Unable to find inner node Pak for hierarchical cache Hierarchy.
[2019.02.09-12.44.05:217][  0]LogDerivedDataCache: FDerivedDataBackendGraph:  CompressedPak pak cache file ../../../../../../Users/MinLion/Desktop/UnrealProjects/UnrealMMO/TimeTravel/DerivedDataCache/Compressed.ddp not found, will not use a pak cache.
[2019.02.09-12.44.05:217][  0]LogDerivedDataCache: Unable to find inner node CompressedPak for hierarchical cache Hierarchy.
[2019.02.09-12.44.05:231][  0]LogDerivedDataCache: Display: Pak cache opened for reading ../../../Engine/DerivedDataCache/Compressed.ddp.
[2019.02.09-12.44.05:231][  0]LogDerivedDataCache: FDerivedDataBackendGraph:  EnterprisePak pak cache file ../../../Enterprise/DerivedDataCache/Compressed.ddp not found, will not use a pak cache.
[2019.02.09-12.44.05:231][  0]LogDerivedDataCache: Unable to find inner node EnterprisePak for hierarchical cache Hierarchy.
[2019.02.09-12.44.05:242][  0]LogDerivedDataCache: Using Local data cache path C:/Users/MinLion/AppData/Local/UnrealEngine/Common/DerivedDataCache: Writable
[2019.02.09-12.44.05:242][  0]LogDerivedDataCache: Shared data cache path not found in *engine.ini, will not use an Shared cache.
[2019.02.09-12.44.05:242][  0]LogDerivedDataCache: Unable to find inner node Shared for hierarchical cache Hierarchy.
[2019.02.09-12.44.05:259][  0]LogMaterial: Verifying Global Shaders for PCD3D_SM5
[2019.02.09-12.44.05:260][  0]LogSlate: Using FreeType 2.6.0
[2019.02.09-12.44.05:263][  0]LogSlate: SlateFontServices - WITH_FREETYPE: 1, WITH_HARFBUZZ: 1
[2019.02.09-12.44.05:681][  0]LogAssetRegistry: FAssetRegistry took 0.0306 seconds to start up
[2019.02.09-12.44.05:931][  0]LogInit: Selected Device Profile: [Windows]
[2019.02.09-12.44.06:147][  0]LogSimplygon: Simplygon DLL not present - disabling.
[2019.02.09-12.44.06:174][  0]LogMeshReduction: Using SimplygonSwarm for distributed automatic mesh merging
[2019.02.09-12.44.06:174][  0]LogMeshReduction: Using ProxyLODMeshReduction for automatic mesh merging
[2019.02.09-12.44.06:174][  0]LogMeshReduction: Using QuadricMeshReduction for automatic static mesh reduction
[2019.02.09-12.44.06:174][  0]LogMeshReduction: No automatic skeletal mesh reduction module available
[2019.02.09-12.44.06:195][  0]LogNetVersion: TimeTravel 1.0.0, NetCL: 4541578, EngineNetVer: 5, GameNetVer: 0 (Checksum: 2724064776)
[2019.02.09-12.44.06:737][  0]LogPackageLocalizationCache: Processed 12 localized package path(s) for 2 prioritized culture(s) in 0.064386 seconds
[2019.02.09-12.44.06:742][  0]LogUObjectArray: 39775 objects as part of root set at end of initial load.
[2019.02.09-12.44.06:742][  0]LogUObjectAllocator: 6914656 out of 0 bytes used by permanent object pool.
[2019.02.09-12.44.06:742][  0]LogUObjectArray: CloseDisregardForGC: 0/0 objects in disregard for GC pool
[2019.02.09-12.44.12:328][  0]LogTcpMessaging: Initializing TcpMessaging bridge
[2019.02.09-12.44.12:347][  0]LogUdpMessaging: Initializing bridge on interface 0.0.0.0:0 to multicast group 230.0.0.1:6666.
[2019.02.09-12.44.13:313][  0]SourceControl: 소스 컨트롤이 꺼졌습니다.
[2019.02.09-12.44.13:313][  0]SourceControl: 소스 컨트롤이 꺼졌습니다.
[2019.02.09-12.44.13:329][  0]SourceControl: 소스 컨트롤이 꺼졌습니다.
[2019.02.09-12.44.13:338][  0]SourceControl: 소스 컨트롤이 꺼졌습니다.
[2019.02.09-12.44.13:791][  0]LogAndroidPermission: UAndroidPermissionCallbackProxy::GetInstance
[2019.02.09-12.44.13:899][  0]LogOcInput: OculusInput pre-init called
[2019.02.09-12.44.14:072][  0]LogEngine: Initializing Engine...
[2019.02.09-12.44.14:072][  0]LogHMD: Failed to initialize OpenVR with code 110
[2019.02.09-12.44.14:073][  0]LogStats: UGameplayTagsManager::ConstructGameplayTagTree: ImportINI prefixes -  0.000 s
[2019.02.09-12.44.14:074][  0]LogStats: UGameplayTagsManager::ConstructGameplayTagTree: Construct from data asset -  0.000 s
[2019.02.09-12.44.14:074][  0]LogStats: UGameplayTagsManager::ConstructGameplayTagTree: ImportINI -  0.000 s
[2019.02.09-12.44.14:074][  0]LogStats: UGameplayTagsManager::ConstructGameplayTagTree: GameplayTagTreeChangedEvent.Broadcast -  0.000 s
[2019.02.09-12.44.14:307][  0]LogInit: Initializing FReadOnlyCVARCache
[2019.02.09-12.44.14:324][  0]LogAIModule: Creating AISystem for world Untitled
[2019.02.09-12.44.14:342][  0]LogInit: XAudio2 using '스피커(Realtek High Definition Audio)' : 2 channels at 48 kHz using 32 bits per sample (channel mask 0x3)
[2019.02.09-12.44.14:371][  0]LogInit: FAudioDevice initialized.
[2019.02.09-12.44.14:371][  0]LogNetVersion: Set ProjectVersion to 1.0.0.0. Version Checksum will be recalculated on next use.
[2019.02.09-12.44.14:441][  0]LogDerivedDataCache: Saved boot cache 0.07s 72MB C:/Users/MinLion/AppData/Local/UnrealEngine/4.21/DerivedDataCache/Boot.ddc.
[2019.02.09-12.44.14:444][  0]LogInit: Texture streaming: Enabled
[2019.02.09-12.44.14:479][  0]LogEngineSessionManager: EngineSessionManager initialized
[2019.02.09-12.44.14:493][  0]LogInit: Transaction tracking system initialized
[2019.02.09-12.44.14:545][  0]BlueprintLog: New page: 에디터 로드
[2019.02.09-12.44.14:803][  0]LocalizationService: 현지화 서비스가 비활성화되었습니다.
[2019.02.09-12.44.15:352][  0]LogCook: Display: Max memory allowance for cook 16384mb min free memory 0mb
[2019.02.09-12.44.15:352][  0]LogCook: Display: Mobile HDR setting 1
[2019.02.09-12.44.15:352][  0]LogGameplayTags: Display: UGameplayTagsManager::DoneAddingNativeTags. DelegateIsBound: 0
[2019.02.09-12.44.15:352][  0]LogFileCache: Scanning file cache for directory 'C:/Users/MinLion/Desktop/UnrealProjects/UnrealMMO/TimeTravel/Content/' took 0.03s
[2019.02.09-12.44.15:352][  0]LogStats: UGameplayTagsManager::ConstructGameplayTagTree: ImportINI prefixes -  0.000 s
[2019.02.09-12.44.15:352][  0]LogStats: UGameplayTagsManager::ConstructGameplayTagTree: Construct from data asset -  0.000 s
[2019.02.09-12.44.15:352][  0]LogStats: UGameplayTagsManager::ConstructGameplayTagTree: ImportINI -  0.000 s
[2019.02.09-12.44.15:353][  0]LogStats: UGameplayTagsManager::ConstructGameplayTagTree: GameplayTagTreeChangedEvent.Broadcast -  0.000 s
[2019.02.09-12.44.15:771][  0]SourceControl: 소스 컨트롤이 꺼졌습니다.
[2019.02.09-12.44.15:771][  0]Cmd: MAP LOAD FILE="../../../../../../Users/MinLion/Desktop/UnrealProjects/UnrealMMO/TimeTravel/Content/InfinityBladeGrassLands/Maps/TimeTravel.umap" TEMPLATE=0 SHOWPROGRESS=1 FEATURELEVEL=3
[2019.02.09-12.44.15:773][  0]LightingResults: New page: 라이팅 빌드
[2019.02.09-12.44.15:775][  0]MapCheck: New page: 맵 체크
[2019.02.09-12.44.15:775][  0]LightingResults: New page: 라이팅 빌드
[2019.02.09-12.44.16:627][  0]LogAIModule: Creating AISystem for world TimeTravel
[2019.02.09-12.44.16:650][  0]LogEditorServer: Finished looking for orphan Actors (0.000 secs)
[2019.02.09-12.44.16:673][  0]Cmd: MAP CHECKDEP NOCLEARLOG
[2019.02.09-12.44.16:674][  0]MapCheck: 맵 체크 완료: 오류 0 회, 경고 0 회, 소요 시간 0.219ms.
[2019.02.09-12.44.16:674][  0]LogFileHelpers: Loading map 'TimeTravel' took 0.902
[2019.02.09-12.44.16:775][  0]LogSlate: Updating window title bar state: overlay mode, drag disabled, window buttons hidden, title bar hidden
[2019.02.09-12.44.16:780][  0]LogSlate: Updating window title bar state: overlay mode, drag disabled, window buttons hidden, title bar hidden
[2019.02.09-12.44.16:786][  0]LogSlate: Updating window title bar state: overlay mode, drag disabled, window buttons hidden, title bar hidden
[2019.02.09-12.44.16:791][  0]LogSlate: Updating window title bar state: overlay mode, drag disabled, window buttons hidden, title bar hidden
[2019.02.09-12.44.16:803][  0]LogCollectionManager: Loaded 0 collections in 0.000688 seconds
[2019.02.09-12.44.16:818][  0]LogFileCache: Scanning file cache for directory 'C:/Users/MinLion/Desktop/UnrealProjects/UnrealMMO/TimeTravel/Saved/Collections/' took 0.01s
[2019.02.09-12.44.16:818][  0]LogFileCache: Scanning file cache for directory 'C:/Users/MinLion/Desktop/UnrealProjects/UnrealMMO/TimeTravel/Content/Developers/MinLion/Collections/' took 0.00s
[2019.02.09-12.44.16:818][  0]LogFileCache: Scanning file cache for directory 'C:/Users/MinLion/Desktop/UnrealProjects/UnrealMMO/TimeTravel/Content/Collections/' took 0.00s
[2019.02.09-12.44.16:818][  0]LogCollectionManager: Rebuilt the GUID cache for 0 collections in 0.000000 seconds
[2019.02.09-12.44.16:825][  0]LogContentBrowser: Native class hierarchy populated in 0.0069 seconds. Added 2659 classes and 622 folders.
[2019.02.09-12.44.16:829][  0]LogContentBrowser: Native class hierarchy updated for 'WidgetCarousel' in 0.0003 seconds. Added 0 classes and 0 folders.
[2019.02.09-12.44.16:842][  0]LogPakFile: Registered encryption key '00000000000000000000000000000000': 0 pak files mounted, 0 remain pending
[2019.02.09-12.44.16:845][  0]LogPakFile: Registered encryption key '00000000000000000000000000000000': 0 pak files mounted, 0 remain pending
[2019.02.09-12.44.16:847][  0]LogPakFile: Registered encryption key '00000000000000000000000000000000': 0 pak files mounted, 0 remain pending
[2019.02.09-12.44.16:850][  0]LogPakFile: Registered encryption key '00000000000000000000000000000000': 0 pak files mounted, 0 remain pending
[2019.02.09-12.44.16:852][  0]LogPakFile: Registered encryption key '00000000000000000000000000000000': 0 pak files mounted, 0 remain pending
[2019.02.09-12.44.16:854][  0]LogPakFile: Registered encryption key '00000000000000000000000000000000': 0 pak files mounted, 0 remain pending
[2019.02.09-12.44.16:856][  0]LogPakFile: Registered encryption key '00000000000000000000000000000000': 0 pak files mounted, 0 remain pending
[2019.02.09-12.44.16:858][  0]LogPakFile: Registered encryption key '00000000000000000000000000000000': 0 pak files mounted, 0 remain pending
[2019.02.09-12.44.16:860][  0]LogPakFile: Registered encryption key '00000000000000000000000000000000': 0 pak files mounted, 0 remain pending
[2019.02.09-12.44.16:863][  0]LogPakFile: Registered encryption key '00000000000000000000000000000000': 0 pak files mounted, 0 remain pending
[2019.02.09-12.44.16:865][  0]LogPakFile: Registered encryption key '00000000000000000000000000000000': 0 pak files mounted, 0 remain pending
[2019.02.09-12.44.16:867][  0]LogPakFile: Registered encryption key '00000000000000000000000000000000': 0 pak files mounted, 0 remain pending
[2019.02.09-12.44.16:869][  0]LogPakFile: Registered encryption key '00000000000000000000000000000000': 0 pak files mounted, 0 remain pending
[2019.02.09-12.44.16:871][  0]LogPakFile: Registered encryption key '00000000000000000000000000000000': 0 pak files mounted, 0 remain pending
[2019.02.09-12.44.16:874][  0]LogPakFile: Registered encryption key '00000000000000000000000000000000': 0 pak files mounted, 0 remain pending
[2019.02.09-12.44.16:876][  0]LogPakFile: Registered encryption key '00000000000000000000000000000000': 0 pak files mounted, 0 remain pending
[2019.02.09-12.44.16:879][  0]LogPakFile: Registered encryption key '00000000000000000000000000000000': 0 pak files mounted, 0 remain pending
[2019.02.09-12.44.16:881][  0]LogPakFile: Registered encryption key '00000000000000000000000000000000': 0 pak files mounted, 0 remain pending
[2019.02.09-12.44.16:883][  0]LogPakFile: Registered encryption key '00000000000000000000000000000000': 0 pak files mounted, 0 remain pending
[2019.02.09-12.44.16:885][  0]LogPakFile: Registered encryption key '00000000000000000000000000000000': 0 pak files mounted, 0 remain pending
[2019.02.09-12.44.16:887][  0]LogPakFile: Registered encryption key '00000000000000000000000000000000': 0 pak files mounted, 0 remain pending
[2019.02.09-12.44.16:889][  0]LogPakFile: Registered encryption key '00000000000000000000000000000000': 0 pak files mounted, 0 remain pending
[2019.02.09-12.44.16:892][  0]LogPakFile: Registered encryption key '00000000000000000000000000000000': 0 pak files mounted, 0 remain pending
[2019.02.09-12.44.16:894][  0]LogPakFile: Registered encryption key '00000000000000000000000000000000': 0 pak files mounted, 0 remain pending
[2019.02.09-12.44.16:897][  0]LogPakFile: Registered encryption key '00000000000000000000000000000000': 0 pak files mounted, 0 remain pending
[2019.02.09-12.44.16:899][  0]LogPakFile: Registered encryption key '00000000000000000000000000000000': 0 pak files mounted, 0 remain pending
[2019.02.09-12.44.17:054][  0]LogContentBrowser: Native class hierarchy updated for 'AddContentDialog' in 0.0003 seconds. Added 0 classes and 0 folders.
[2019.02.09-12.44.17:070][  0]LogContentBrowser: Native class hierarchy updated for 'SceneOutliner' in 0.0003 seconds. Added 1 classes and 2 folders.
[2019.02.09-12.44.17:086][  0]LogSlate: Took 0.002181 seconds to synchronously load lazily loaded font '../../../Engine/Content/Slate/Fonts/Roboto-Regular.ttf' (155K)
[2019.02.09-12.44.17:097][  0]LogSlate: Took 0.010984 seconds to synchronously load lazily loaded font '../../../Engine/Content/Editor/Slate/Fonts/NanumGothic.ttf' (4243K)
[2019.02.09-12.44.17:109][  0]LogSlate: Took 0.011121 seconds to synchronously load lazily loaded font '../../../Engine/Content/Editor/Slate/Fonts/NanumGothicBold.ttf' (4188K)
[2019.02.09-12.44.17:111][  0]LogSlate: Took 0.001829 seconds to synchronously load lazily loaded font '../../../Engine/Content/Slate/Fonts/Roboto-Bold.ttf' (160K)
[2019.02.09-12.44.17:115][  0]LogSlate: Took 0.001989 seconds to synchronously load lazily loaded font '../../../Engine/Content/Editor/Slate/Fonts/FontAwesome.ttf' (139K)
[2019.02.09-12.44.17:192][  0]LogRenderer: Reallocating scene render targets to support 1208x576 Format 10 NumSamples 1 (Frame:1).
[2019.02.09-12.44.17:319][  0]LogContentBrowser: Native class hierarchy updated for 'HierarchicalLODOutliner' in 0.0003 seconds. Added 0 classes and 0 folders.
[2019.02.09-12.44.17:319][  0]LogLoad: (Engine Initialization) Total time: 18.41 seconds
[2019.02.09-12.44.17:319][  0]LogLoad: (Engine Initialization) Total Blueprint compile time: 0.00 seconds
[2019.02.09-12.44.17:384][  0]LogContentStreaming: Texture pool size now 1000 MB
[2019.02.09-12.44.17:418][  0]LogSlate: Took 0.002135 seconds to synchronously load lazily loaded font '../../../Engine/Content/Slate/Fonts/Roboto-Light.ttf' (167K)
[2019.02.09-12.44.17:522][  2]LogAssetRegistry: Asset discovery search completed in 11.8641 seconds
[2019.02.09-12.44.17:524][  2]LogCollectionManager: Rebuilt the object cache for 0 collections in 0.000000 seconds (found 0 objects)
[2019.02.09-12.44.17:524][  2]LogCollectionManager: Fixed up redirectors for 0 collections in 0.000062 seconds (updated 0 objects)
[2019.02.09-12.44.17:839][  3]AnimBlueprintLog: Warning: 슬롯노드: PlayerAnimBP_C 애니메이션 인스턴트 클래스의 'DefaultSlot' 는 이미 존재합니다. 이 클래스의 애니메이션 그래프에서 중복을 제거하세요.
[2019.02.09-12.44.53:702][110]LogSlate: FSceneViewport::OnFocusLost() reason 0
[2019.02.09-12.45.11:055][764]LogSlate: Took 0.000120 seconds to synchronously load lazily loaded font '../../../Engine/Content/Slate/Fonts/Roboto-Light.ttf' (167K)
[2019.02.09-12.45.11:063][764]LogFactory: FactoryCreateFile: SoundWave with ReimportSoundFactory (0 0 C:\Users\MinLion\Desktop\UnrealProjects\TimeTravel (Resource)\Sound\Player_TakeHit.WAV)
[2019.02.09-12.45.11:072][764]LogFactory: FactoryCreateFile: SoundWave with ReimportSoundFactory (0 0 C:\Users\MinLion\Desktop\UnrealProjects\TimeTravel (Resource)\Sound\Robot_Vox_Death.WAV)
[2019.02.09-12.45.11:075][764]LogFactory: FactoryCreateFile: SoundWave with ReimportSoundFactory (0 0 C:\Users\MinLion\Desktop\UnrealProjects\TimeTravel (Resource)\Sound\Robot_Vox_Hit.WAV)
[2019.02.09-12.45.11:078][764]LogFactory: FactoryCreateFile: SoundWave with ReimportSoundFactory (0 0 C:\Users\MinLion\Desktop\UnrealProjects\TimeTravel (Resource)\Sound\SwordSwing.WAV)
[2019.02.09-12.45.11:101][764]LogFactory: FactoryCreateFile: SoundWave with ReimportSoundFactory (0 0 C:\Users\MinLion\Desktop\UnrealProjects\TimeTravel (Resource)\Sound\ambient sound.wav)
[2019.02.09-12.45.11:125][764]LogFactory: FactoryCreateFile: SoundWave with ReimportSoundFactory (0 0 C:\Users\MinLion\Desktop\UnrealProjects\TimeTravel (Resource)\Sound\FootStep.WAV)
[2019.02.09-12.45.11:128][764]LogFactory: FactoryCreateFile: SoundWave with ReimportSoundFactory (0 0 C:\Users\MinLion\Desktop\UnrealProjects\TimeTravel (Resource)\Sound\Player_Death.WAV)
[2019.02.09-12.45.14:734][997]LogSavePackage: Moving '../../../../../../Users/MinLion/Desktop/UnrealProjects/UnrealMMO/TimeTravel/Saved/ambient_sound8ED358B74071BF9F880297831A7FE15A.tmp' to '../../../../../../Users/MinLion/Desktop/UnrealProjects/UnrealMMO/TimeTravel/Content/TimeTravel/Sound/ambient_sound.uasset'
[2019.02.09-12.45.14:743][997]Cmd: OBJ SAVEPACKAGE PACKAGE="/Game/TimeTravel/Sound/FootStep" FILE="../../../../../../Users/MinLion/Desktop/UnrealProjects/UnrealMMO/TimeTravel/Content/TimeTravel/Sound/FootStep.uasset" SILENT=true
[2019.02.09-12.45.14:747][997]LogSavePackage: Moving '../../../../../../Users/MinLion/Desktop/UnrealProjects/UnrealMMO/TimeTravel/Saved/FootStepFC02FB0A424DA7958950FDAFCB50B979.tmp' to '../../../../../../Users/MinLion/Desktop/UnrealProjects/UnrealMMO/TimeTravel/Content/TimeTravel/Sound/FootStep.uasset'
[2019.02.09-12.45.14:757][997]LogSavePackage: Moving '../../../../../../Users/MinLion/Desktop/UnrealProjects/UnrealMMO/TimeTravel/Saved/Player_DeathBF00C35B4D25EDF47214FB8E3EC06DEA.tmp' to '../../../../../../Users/MinLion/Desktop/UnrealProjects/UnrealMMO/TimeTravel/Content/TimeTravel/Sound/Player_Death.uasset'
[2019.02.09-12.45.14:768][997]LogSavePackage: Moving '../../../../../../Users/MinLion/Desktop/UnrealProjects/UnrealMMO/TimeTravel/Saved/Player_TakeHitCF9DFEE34CD5EF2B346833A0CD948821.tmp' to '../../../../../../Users/MinLion/Desktop/UnrealProjects/UnrealMMO/TimeTravel/Content/TimeTravel/Sound/Player_TakeHit.uasset'
[2019.02.09-12.45.14:779][997]LogSavePackage: Moving '../../../../../../Users/MinLion/Desktop/UnrealProjects/UnrealMMO/TimeTravel/Saved/Robot_Vox_Death4CD3D0764EFE5BF43E0468AB32DD0A4E.tmp' to '../../../../../../Users/MinLion/Desktop/UnrealProjects/UnrealMMO/TimeTravel/Content/TimeTravel/Sound/Robot_Vox_Death.uasset'
[2019.02.09-12.45.14:789][997]LogSavePackage: Moving '../../../../../../Users/MinLion/Desktop/UnrealProjects/UnrealMMO/TimeTravel/Saved/Robot_Vox_Hit9142816F408A5FB0DA569BA5E55AB8C4.tmp' to '../../../../../../Users/MinLion/Desktop/UnrealProjects/UnrealMMO/TimeTravel/Content/TimeTravel/Sound/Robot_Vox_Hit.uasset'
[2019.02.09-12.45.14:796][997]Cmd: OBJ SAVEPACKAGE PACKAGE="/Game/TimeTravel/Sound/SwordSwing" FILE="../../../../../../Users/MinLion/Desktop/UnrealProjects/UnrealMMO/TimeTravel/Content/TimeTravel/Sound/SwordSwing.uasset" SILENT=true
[2019.02.09-12.45.14:799][997]LogSavePackage: Moving '../../../../../../Users/MinLion/Desktop/UnrealProjects/UnrealMMO/TimeTravel/Saved/SwordSwingBB6F0F8040DB69ACAFDAC7ACD37EF0D3.tmp' to '../../../../../../Users/MinLion/Desktop/UnrealProjects/UnrealMMO/TimeTravel/Content/TimeTravel/Sound/SwordSwing.uasset'
[2019.02.09-12.45.18:338][333]LogSavePackage: Moving '../../../../../../Users/MinLion/Desktop/UnrealProjects/UnrealMMO/TimeTravel/Saved/Player_DeathB306CFDB4986AE9366EA84B3E833A09F.tmp' to '../../../../../../Users/MinLion/Desktop/UnrealProjects/UnrealMMO/TimeTravel/Content/TimeTravel/Sounds/Player_Death.uasset'
[2019.02.09-12.45.18:362][333]Cmd: OBJ SAVEPACKAGE PACKAGE="/Game/TimeTravel/Sounds/FootStep" FILE="../../../../../../Users/MinLion/Desktop/UnrealProjects/UnrealMMO/TimeTravel/Content/TimeTravel/Sounds/FootStep.uasset" SILENT=true
[2019.02.09-12.45.18:381][333]LogSavePackage: Moving '../../../../../../Users/MinLion/Desktop/UnrealProjects/UnrealMMO/TimeTravel/Saved/FootStep4F84480E4A0461887017E2BA31050FEE.tmp' to '../../../../../../Users/MinLion/Desktop/UnrealProjects/UnrealMMO/TimeTravel/Content/TimeTravel/Sounds/FootStep.uasset'
[2019.02.09-12.45.18:414][333]LogSavePackage: Moving '../../../../../../Users/MinLion/Desktop/UnrealProjects/UnrealMMO/TimeTravel/Saved/ambient_sound099712E046E9945B4F9C34B78EF3198B.tmp' to '../../../../../../Users/MinLion/Desktop/UnrealProjects/UnrealMMO/TimeTravel/Content/TimeTravel/Sounds/ambient_sound.uasset'
[2019.02.09-12.45.18:428][333]Cmd: OBJ SAVEPACKAGE PACKAGE="/Game/TimeTravel/Sounds/SwordSwing" FILE="../../../../../../Users/MinLion/Desktop/UnrealProjects/UnrealMMO/TimeTravel/Content/TimeTravel/Sounds/SwordSwing.uasset" SILENT=true
[2019.02.09-12.45.18:445][333]LogSavePackage: Moving '../../../../../../Users/MinLion/Desktop/UnrealProjects/UnrealMMO/TimeTravel/Saved/SwordSwing5283253C485C9028AEE031B47519A056.tmp' to '../../../../../../Users/MinLion/Desktop/UnrealProjects/UnrealMMO/TimeTravel/Content/TimeTravel/Sounds/SwordSwing.uasset'
[2019.02.09-12.45.18:466][333]LogSavePackage: Moving '../../../../../../Users/MinLion/Desktop/UnrealProjects/UnrealMMO/TimeTravel/Saved/Robot_Vox_Hit209C14C0417E7A21C27279900FA285D2.tmp' to '../../../../../../Users/MinLion/Desktop/UnrealProjects/UnrealMMO/TimeTravel/Content/TimeTravel/Sounds/Robot_Vox_Hit.uasset'
[2019.02.09-12.45.18:497][333]LogSavePackage: Moving '../../../../../../Users/MinLion/Desktop/UnrealProjects/UnrealMMO/TimeTravel/Saved/Robot_Vox_Death4813512F483FF8DBBBA51693F28E732B.tmp' to '../../../../../../Users/MinLion/Desktop/UnrealProjects/UnrealMMO/TimeTravel/Content/TimeTravel/Sounds/Robot_Vox_Death.uasset'
[2019.02.09-12.45.18:518][333]LogSavePackage: Moving '../../../../../../Users/MinLion/Desktop/UnrealProjects/UnrealMMO/TimeTravel/Saved/Player_TakeHit0184F7DA4824367C120E82AF6359D269.tmp' to '../../../../../../Users/MinLion/Desktop/UnrealProjects/UnrealMMO/TimeTravel/Content/TimeTravel/Sounds/Player_TakeHit.uasset'
[2019.02.09-12.46.05:790][919]LogAssetEditorManager: Opening Asset editor for SoundCue /Game/TimeTravel/Sounds/AmbientSoundCue.AmbientSoundCue
[2019.02.09-12.46.05:896][919]LogSlate: Took 0.001992 seconds to synchronously load lazily loaded font '../../../Engine/Content/Slate/Fonts/Roboto-BoldCondensed.ttf' (158K)
[2019.02.09-12.46.09:094][291]LogSlate: Window 'AmbientSoundCue*' being destroyed
[2019.02.09-12.46.40:404][ 37]LogSavePackage: Moving '../../../../../../Users/MinLion/Desktop/UnrealProjects/UnrealMMO/TimeTravel/Saved/AmbientSoundCueCF2B14C04269238BBCC38EB36D3D0F92.tmp' to '../../../../../../Users/MinLion/Desktop/UnrealProjects/UnrealMMO/TimeTravel/Content/TimeTravel/Sounds/AmbientSoundCue.uasset'
[2019.02.09-12.47.01:597][577]LogSavePackage: Moving '../../../../../../Users/MinLion/Desktop/UnrealProjects/UnrealMMO/TimeTravel/Saved/AmbientSoundCue78F2BA694D3E94E145E66DA512F7A528.tmp' to '../../../../../../Users/MinLion/Desktop/UnrealProjects/UnrealMMO/TimeTravel/Content/TimeTravel/Sounds/AmbientSoundCue.uasset'
[2019.02.09-12.55.45:222][349]Candidate modules for hot reload:
[2019.02.09-12.55.45:222][349]  TimeTravel
[2019.02.09-12.55.45:223][349]Launching UnrealBuildTool... [C:/Program Files/Epic Games/UE_4.21/Engine/Binaries/DotNET/UnrealBuildTool.exe  -ModuleWithSuffix=TimeTravel,7771 Win64 Development -TargetType=Editor -Project="../../../../../../Users/MinLion/Desktop/UnrealProjects/UnrealMMO/TimeTravel/TimeTravel.uproject" -canskiplink "C:/Users/MinLion/Desktop/UnrealProjects/UnrealMMO/TimeTravel/TimeTravel.uproject" ]
[2019.02.09-12.55.45:233][349]Warning: Starting HotReload took  2.7s.
[2019.02.09-12.56.14:862][894]CompilerResultsLog: New page: 컴파일 - 2019. 2. 10. 오전 6:56:14
[2019.02.09-12.56.14:862][894]CompilerResultsLog: Using 'git status' to determine working set for adaptive non-unity build (C:\Users\MinLion\Desktop\UnrealProjects\UnrealMMO).
[2019.02.09-12.56.14:862][894]CompilerResultsLog: Creating makefile for hot reloading TimeTravelEditor (no existing makefile)
[2019.02.09-12.56.14:862][894]CompilerResultsLog: Compiling game modules for hot reload
[2019.02.09-12.56.14:862][894]CompilerResultsLog: Using Visual Studio 2017 14.16.27023 toolchain (C:\Program Files (x86)\Microsoft Visual Studio\2017\Community\VC\Tools\MSVC\14.16.27023) and Windows 10.0.17763.0 SDK (C:\Program Files (x86)\Windows Kits\10).
[2019.02.09-12.56.14:863][894]CompilerResultsLog: Parsing headers for TimeTravelEditor
[2019.02.09-12.56.14:863][894]CompilerResultsLog:   Running UnrealHeaderTool "C:\Users\MinLion\Desktop\UnrealProjects\UnrealMMO\TimeTravel\TimeTravel.uproject" "C:\Users\MinLion\Desktop\UnrealProjects\UnrealMMO\TimeTravel\Intermediate\Build\Win64\TimeTravelEditor\Development\TimeTravelEditor.uhtmanifest" -LogCmds="loginit warning, logexit warning, logdatabase error" -Unattended -WarningsAsErrors -installed
[2019.02.09-12.56.14:863][894]CompilerResultsLog: Reflection code generated for TimeTravelEditor in 8.2124886 seconds
[2019.02.09-12.56.14:863][894]CompilerResultsLog: Building 5 actions with 6 processes...
[2019.02.09-12.56.14:863][894]CompilerResultsLog:   [1/5] TimeTravel.init.gen.cpp
[2019.02.09-12.56.14:863][894]CompilerResultsLog:   [2/5] TimeTravelGameMode.gen.cpp
[2019.02.09-12.56.14:863][894]CompilerResultsLog:   [3/5] TimeTravelGameMode.cpp
[2019.02.09-12.56.14:863][894]CompilerResultsLog:   [4/5] UE4Editor-TimeTravel-7771.lib
[2019.02.09-12.56.14:863][894]CompilerResultsLog:      C:\Users\MinLion\Desktop\UnrealProjects\UnrealMMO\TimeTravel\Intermediate\Build\Win64\UE4Editor\Development\TimeTravel\UE4Editor-TimeTravel-7771.lib ???̺귯?? ?? C:\Users\MinLion\Desktop\UnrealProjects\UnrealMMO\TimeTravel\Intermediate\Build\Win64\UE4Editor\Development\TimeTravel\UE4Editor-TimeTravel-7771.exp ??ü?? ?????ϰ? ?ֽ??ϴ?.
[2019.02.09-12.56.14:863][894]CompilerResultsLog:   [5/5] UE4Editor-TimeTravel-7771.dll
[2019.02.09-12.56.14:863][894]CompilerResultsLog:      C:\Users\MinLion\Desktop\UnrealProjects\UnrealMMO\TimeTravel\Intermediate\Build\Win64\UE4Editor\Development\TimeTravel\UE4Editor-TimeTravel-7771.suppressed.lib ???̺귯?? ?? C:\Users\MinLion\Desktop\UnrealProjects\UnrealMMO\TimeTravel\Intermediate\Build\Win64\UE4Editor\Development\TimeTravel\UE4Editor-TimeTravel-7771.suppressed.exp ??ü?? ?????ϰ? ?ֽ??ϴ?.
[2019.02.09-12.56.14:863][894]CompilerResultsLog: Total build time: 29.39 seconds (Parallel executor: 16.49 seconds)
[2019.02.09-12.56.14:863][894]LogMainFrame: MainFrame: Module compiling took 29.643 seconds
[2019.02.09-12.56.14:899][894]LogClass: Could not find existing class TimeTravelGameMode in package /Script/TimeTravel for HotReload, assuming new class
[2019.02.09-12.56.14:907][894]LogHotReload: Re-instancing TimeTravelGameMode after hot-reload.
[2019.02.09-12.56.14:973][894]LogContentBrowser: Native class hierarchy updated for 'TimeTravel' in 0.0004 seconds. Added 8 classes and 2 folders.
[2019.02.09-12.56.14:975][894]Display: HotReload successful (3 functions remapped  0 scriptstructs remapped)
[2019.02.09-12.56.15:080][894]LogContentBrowser: Native class hierarchy populated in 0.0069 seconds. Added 2660 classes and 624 folders.
[2019.02.09-12.56.15:081][894]Display: HotReload took 32.5s.
[2019.02.09-12.56.17:500][183]LogTemp: Repeating last play command: 선택된 뷰포트
[2019.02.09-12.56.17:512][183]LogBlueprintUserMessages: Early PlayInEditor Detection: Level '/Game/InfinityBladeGrassLands/Maps/TimeTravel.TimeTravel:PersistentLevel' has LevelScriptBlueprint '/Game/InfinityBladeGrassLands/Maps/TimeTravel.TimeTravel:PersistentLevel.TimeTravel' with GeneratedClass '/Game/InfinityBladeGrassLands/Maps/TimeTravel.TimeTravel_C' with ClassGeneratedBy '/Game/InfinityBladeGrassLands/Maps/TimeTravel.TimeTravel:PersistentLevel.TimeTravel'
[2019.02.09-12.56.17:512][183]LogPlayLevel: PlayLevel: No blueprints needed recompiling
[2019.02.09-12.56.17:512][183]PIE: New page: PIE 세션: TimeTravel (2019. 2. 10. 오전 6:56:17)
[2019.02.09-12.56.17:524][183]LogPlayLevel: Creating play world package: /Game/InfinityBladeGrassLands/Maps/UEDPIE_0_TimeTravel
[2019.02.09-12.56.17:568][183]LogPlayLevel: PIE: StaticDuplicateObject took: (0.044159s)
[2019.02.09-12.56.17:569][183]LogAIModule: Creating AISystem for world TimeTravel
[2019.02.09-12.56.17:569][183]LogPlayLevel: PIE: World Init took: (0.000645s)
[2019.02.09-12.56.17:569][183]LogPlayLevel: PIE: Created PIE world by copying editor world from /Game/InfinityBladeGrassLands/Maps/TimeTravel.TimeTravel to /Game/InfinityBladeGrassLands/Maps/UEDPIE_0_TimeTravel.TimeTravel (0.045231s)
[2019.02.09-12.56.17:605][183]LogInit: XAudio2 using '스피커(Realtek High Definition Audio)' : 2 channels at 48 kHz using 32 bits per sample (channel mask 0x3)
[2019.02.09-12.56.17:627][183]LogInit: FAudioDevice initialized.
[2019.02.09-12.56.17:672][183]LogLoad: Game class is 'TimeTravelGameMode'
[2019.02.09-12.56.17:672][183]LogActor: Warning: TimeTravelGameMode /Game/InfinityBladeGrassLands/Maps/UEDPIE_0_TimeTravel.TimeTravel:PersistentLevel.TimeTravelGameMode_0 has natively added scene component(s), but none of them were set as the actor's RootComponent - picking one arbitrarily
[2019.02.09-12.56.17:683][183]LogWorld: Bringing World /Game/InfinityBladeGrassLands/Maps/UEDPIE_0_TimeTravel.TimeTravel up for play (max tick rate 0) at 2019.02.09-21.56.17
[2019.02.09-12.56.17:684][183]LogWorld: Bringing up level for play took: 0.011465
[2019.02.09-12.56.17:712][183]LogContentBrowser: Native class hierarchy updated for 'MovieSceneCapture' in 0.0003 seconds. Added 20 classes and 0 folders.
[2019.02.09-12.56.17:712][183]AnimBlueprintLog: Warning: 슬롯노드: PlayerAnimBP_C 애니메이션 인스턴트 클래스의 'DefaultSlot' 는 이미 존재합니다. 이 클래스의 애니메이션 그래프에서 중복을 제거하세요.
[2019.02.09-12.56.17:714][183]PIE: /Game/InfinityBladeGrassLands/Maps/UEDPIE_0_TimeTravel 에 대한 에디터에서 플레이 시작 시간: 1.157
[2019.02.09-12.56.17:714][183]LogBlueprintUserMessages: Late PlayInEditor Detection: Level '/Game/InfinityBladeGrassLands/Maps/TimeTravel.TimeTravel:PersistentLevel' has LevelScriptBlueprint '/Game/InfinityBladeGrassLands/Maps/TimeTravel.TimeTravel:PersistentLevel.TimeTravel' with GeneratedClass '/Game/InfinityBladeGrassLands/Maps/TimeTravel.TimeTravel_C' with ClassGeneratedBy '/Game/InfinityBladeGrassLands/Maps/TimeTravel.TimeTravel:PersistentLevel.TimeTravel'
[2019.02.09-12.56.17:732][183]LogAudioDerivedData: Display: OGG 압축 오디오 포맷 ambient_sound 웨이브 빌드중...
[2019.02.09-12.56.18:250][183]LogAudioDerivedData: Display: Updated SoundWave->RawPCMDataSize from 0 to 6925612 while cooking SoundWave /Game/TimeTravel/Sounds/ambient_sound.ambient_sound.
[2019.02.09-12.56.19:638][328]LogBlueprintUserMessages: [PlayerCharacter_C_0] 990.0
[2019.02.09-12.56.19:997][371]LogBlueprintUserMessages: Early EndPlayMap Detection: Level '/Game/InfinityBladeGrassLands/Maps/TimeTravel.TimeTravel:PersistentLevel' has LevelScriptBlueprint '/Game/InfinityBladeGrassLands/Maps/TimeTravel.TimeTravel:PersistentLevel.TimeTravel' with GeneratedClass '/Game/InfinityBladeGrassLands/Maps/TimeTravel.TimeTravel_C' with ClassGeneratedBy '/Game/InfinityBladeGrassLands/Maps/TimeTravel.TimeTravel:PersistentLevel.TimeTravel'
[2019.02.09-12.56.19:997][371]LogSlate: Updating window title bar state: overlay mode, drag disabled, window buttons hidden, title bar hidden
[2019.02.09-12.56.20:030][371]LogPlayLevel: Display: Shutting down PIE online subsystems
[2019.02.09-12.56.20:030][371]LogBlueprintUserMessages: Late EndPlayMap Detection: Level '/Game/InfinityBladeGrassLands/Maps/TimeTravel.TimeTravel:PersistentLevel' has LevelScriptBlueprint '/Game/InfinityBladeGrassLands/Maps/TimeTravel.TimeTravel:PersistentLevel.TimeTravel' with GeneratedClass '/Game/InfinityBladeGrassLands/Maps/TimeTravel.TimeTravel_C' with ClassGeneratedBy '/Game/InfinityBladeGrassLands/Maps/TimeTravel.TimeTravel:PersistentLevel.TimeTravel'
[2019.02.09-12.56.20:054][371]LogSlate: Updating window title bar state: overlay mode, drag disabled, window buttons hidden, title bar hidden
[2019.02.09-12.56.20:098][374]LogPlayLevel: Display: Destroying online subsystem :Context_5
