Log file open, 02/14/19 21:42:42
LogWindows: Failed to load 'aqProf.dll' (GetLastError=126)
LogWindows: File 'aqProf.dll' does not exist
LogWindows: Failed to load 'VtuneApi.dll' (GetLastError=126)
LogWindows: File 'VtuneApi.dll' does not exist
LogWindows: Failed to load 'VtuneApi32e.dll' (GetLastError=126)
LogWindows: File 'VtuneApi32e.dll' does not exist
LogConsoleResponse: Display: Failed to find resolution value strings in scalability ini. Falling back to default.
LogInit: Display: Running engine for game: TimeTravel
LogPakFile: Registered encryption key '00000000000000000000000000000000': 0 pak files mounted, 0 remain pending
LogPlatformFile: Not using cached read wrapper
LogTaskGraph: Started task graph with 5 named threads and 20 total threads with 3 sets of task threads.
LogStats: Stats thread started at 0.569559
LogD3D11RHI: Loaded GFSDK_Aftermath_Lib.x64.dll
LogICUInternationalization: ICU TimeZone Detection - Raw Offset: +9:00, Platform Override: ''
LogPluginManager: Mounting plugin Paper2D
LogPluginManager: Mounting plugin AISupport
LogPluginManager: Mounting plugin LightPropagationVolume
LogPluginManager: Mounting plugin ActorLayerUtilities
LogPluginManager: Mounting plugin CLionSourceCodeAccess
LogPluginManager: Mounting plugin CodeLiteSourceCodeAccess
LogPluginManager: Mounting plugin GitSourceControl
LogPluginManager: Mounting plugin KDevelopSourceCodeAccess
LogPluginManager: Mounting plugin NullSourceCodeAccess
LogPluginManager: Mounting plugin PerforceSourceControl
LogPluginManager: Mounting plugin SubversionSourceControl
LogPluginManager: Mounting plugin UObjectPlugin
LogPluginManager: Mounting plugin VisualStudioCodeSourceCodeAccess
LogPluginManager: Mounting plugin VisualStudioSourceCodeAccess
LogPluginManager: Mounting plugin XCodeSourceCodeAccess
LogPluginManager: Mounting plugin AssetManagerEditor
LogPluginManager: Mounting plugin CryptoKeys
LogPluginManager: Mounting plugin DataValidation
LogPluginManager: Mounting plugin FacialAnimation
LogPluginManager: Mounting plugin GameplayTagsEditor
LogPluginManager: Mounting plugin MacGraphicsSwitching
LogPluginManager: Mounting plugin MeshEditor
LogPluginManager: Mounting plugin MobileLauncherProfileWizard
LogPluginManager: Mounting plugin PluginBrowser
LogPluginManager: Mounting plugin SpeedTreeImporter
LogPluginManager: Mounting plugin DatasmithContent
LogPluginManager: Mounting plugin VariantManagerContent
LogPluginManager: Mounting plugin AlembicImporter
LogPluginManager: Mounting plugin AppleImageUtils
LogPluginManager: Mounting plugin AppleVision
LogPluginManager: Mounting plugin BackChannel
LogPluginManager: Mounting plugin CharacterAI
LogPluginManager: Mounting plugin GeometryCache
LogPluginManager: Mounting plugin HTML5Networking
LogPluginManager: Mounting plugin ProxyLODPlugin
LogPluginManager: Mounting plugin MagicLeap
LogPluginManager: Mounting plugin MagicLeapMedia
LogPluginManager: Mounting plugin AndroidMedia
LogPluginManager: Mounting plugin AvfMedia
LogPluginManager: Mounting plugin ImgMedia
LogPluginManager: Mounting plugin LinearTimecode
LogPluginManager: Mounting plugin MediaCompositing
LogPluginManager: Mounting plugin MediaPlayerEditor
LogPluginManager: Mounting plugin WebMMedia
LogPluginManager: Mounting plugin WmfMedia
LogPluginManager: Mounting plugin TcpMessaging
LogPluginManager: Mounting plugin UdpMessaging
LogPluginManager: Mounting plugin ActorSequence
LogPluginManager: Mounting plugin LevelSequenceEditor
LogPluginManager: Mounting plugin MatineeToLevelSequence
LogPluginManager: Mounting plugin NetcodeUnitTest
LogPluginManager: Mounting plugin NUTUnrealEngine4
LogPluginManager: Mounting plugin OnlineSubsystemGooglePlay
LogPluginManager: Mounting plugin OnlineSubsystemIOS
LogPluginManager: Mounting plugin OnlineSubsystem
LogPluginManager: Mounting plugin OnlineSubsystemNull
LogPluginManager: Mounting plugin OnlineSubsystemUtils
LogPluginManager: Mounting plugin LauncherChunkInstaller
LogPluginManager: Mounting plugin AndroidDeviceProfileSelector
LogPluginManager: Mounting plugin AndroidMoviePlayer
LogPluginManager: Mounting plugin AndroidPermission
LogPluginManager: Mounting plugin AppleMoviePlayer
LogPluginManager: Mounting plugin ArchVisCharacter
LogPluginManager: Mounting plugin AudioCapture
LogPluginManager: Mounting plugin CableComponent
LogPluginManager: Mounting plugin CustomMeshComponent
LogPluginManager: Mounting plugin EditableMesh
LogPluginManager: Mounting plugin ExampleDeviceProfileSelector
LogPluginManager: Mounting plugin Firebase
LogPluginManager: Mounting plugin GoogleCloudMessaging
LogPluginManager: Mounting plugin IOSDeviceProfileSelector
LogPluginManager: Mounting plugin LinuxDeviceProfileSelector
LogPluginManager: Mounting plugin LocationServicesBPLibrary
LogPluginManager: Mounting plugin MobilePatchingUtils
LogPluginManager: Mounting plugin OculusVR
LogPluginManager: Mounting plugin PhysXVehicles
LogPluginManager: Mounting plugin ProceduralMeshComponent
LogPluginManager: Mounting plugin RuntimePhysXCooking
LogPluginManager: Mounting plugin SteamVR
LogPluginManager: Mounting plugin WebMMoviePlayer
LogPluginManager: Mounting plugin WindowsMoviePlayer
LogPluginManager: Mounting plugin Climb
LogStreaming: Display: Took  0.123s to configure plugins.
LogInit: Using libcurl 7.55.1-DEV
LogInit:  - built for x86_64-pc-win32
LogInit:  - supports SSL with OpenSSL/1.0.2h
LogInit:  - supports HTTP deflate (compression) using libz 1.2.8
LogInit:  - other features:
LogInit:      CURL_VERSION_SSL
LogInit:      CURL_VERSION_LIBZ
LogInit:      CURL_VERSION_IPV6
LogInit:      CURL_VERSION_ASYNCHDNS
LogInit:      CURL_VERSION_LARGEFILE
LogInit:      CURL_VERSION_IDN
LogInit:  CurlRequestOptions (configurable via config and command line):
LogInit:  - bVerifyPeer = true  - Libcurl will verify peer certificate
LogInit:  - bUseHttpProxy = false  - Libcurl will NOT use HTTP proxy
LogInit:  - bDontReuseConnections = false  - Libcurl will reuse connections
LogInit:  - MaxHostConnections = 16  - Libcurl will limit the number of connections to a host
LogInit:  - LocalHostAddr = Default
LogInit:  - BufferSize = 65536
LogInit: WinSock: version 1.1 (2.2), MaxSocks=32767, MaxUdp=65467
LogInit: Build: ++UE4+Release-4.21-CL-4613538
LogInit: Engine Version: 4.21.1-4613538+++UE4+Release-4.21
LogInit: Compatible Engine Version: 4.21.0-4541578+++UE4+Release-4.21
LogInit: Net CL: 4541578
LogInit: OS: Windows 10 (), CPU: Intel(R) Core(TM) i5-8600K CPU @ 3.60GHz, GPU: NVIDIA GeForce GTX 1060 6GB
LogInit: Compiled (64-bit): Nov 30 2018 04:13:25
LogInit: Compiled with Visual C++: 19.13.26129.00
LogInit: Build Configuration: Development
LogInit: Branch Name: ++UE4+Release-4.21
LogInit: Command Line: 
LogInit: Base Directory: C:/Program Files/Epic Games/UE_4.21/Engine/Binaries/Win64/
LogInit: Installed Engine Build: 1
LogDevObjectVersion: Number of dev versions registered: 22
LogDevObjectVersion:   Dev-Blueprints (B0D832E4-1F89-4F0D-ACCF-7EB736FD4AA2): 10
LogDevObjectVersion:   Dev-Build (E1C64328-A22C-4D53-A36C-8E866417BD8C): 0
LogDevObjectVersion:   Dev-Core (375EC13C-06E4-48FB-B500-84F0262A717E): 2
LogDevObjectVersion:   Dev-Editor (E4B068ED-F494-42E9-A231-DA0B2E46BB41): 26
LogDevObjectVersion:   Dev-Framework (CFFC743F-43B0-4480-9391-14DF171D2073): 34
LogDevObjectVersion:   Dev-Mobile (B02B49B5-BB20-44E9-A304-32B752E40360): 2
LogDevObjectVersion:   Dev-Networking (A4E4105C-59A1-49B5-A7C5-40C4547EDFEE): 0
LogDevObjectVersion:   Dev-Online (39C831C9-5AE6-47DC-9A44-9C173E1C8E7C): 0
LogDevObjectVersion:   Dev-Physics (78F01B33-EBEA-4F98-B9B4-84EACCB95AA2): 0
LogDevObjectVersion:   Dev-Platform (6631380F-2D4D-43E0-8009-CF276956A95A): 0
LogDevObjectVersion:   Dev-Rendering (12F88B9F-8875-4AFC-A67C-D90C383ABD29): 27
LogDevObjectVersion:   Dev-Sequencer (7B5AE74C-D270-4C10-A958-57980B212A5A): 9
LogDevObjectVersion:   Dev-VR (D7296918-1DD6-4BDD-9DE2-64A83CC13884): 2
LogDevObjectVersion:   Dev-LoadTimes (C2A15278-BFE7-4AFE-6C17-90FF531DF755): 1
LogDevObjectVersion:   Private-Geometry (6EACA3D4-40EC-4CC1-B786-8BED09428FC5): 3
LogDevObjectVersion:   Dev-AnimPhys (29E575DD-E0A3-4627-9D10-D276232CDCEA): 17
LogDevObjectVersion:   Dev-Anim (AF43A65D-7FD3-4947-9873-3E8ED9C1BB05): 2
LogDevObjectVersion:   Dev-ReflectionCapture (6B266CEC-1EC7-4B8F-A30B-E4D90942FC07): 1
LogDevObjectVersion:   Dev-Automation (0DF73D61-A23F-47EA-B727-89E90C41499A): 1
LogDevObjectVersion:   FortniteMain (601D1886-AC64-4F84-AA16-D3DE0DEAC7D6): 17
LogDevObjectVersion:   Dev-Enterprise (9DFFBCD6-494F-0158-E221-12823C92A888): 4
LogDevObjectVersion:   Dev-Niagara (F2AED0AC-9AFE-416F-8664-AA7FFA26D6FC): 1
LogStreaming: Display: Took  0.002s to delete old logs.
LogInit: Presizing for max 8388607 objects, including 0 objects not considered by GC, pre-allocating 0 bytes for permanent pool.
LogInit: Object subsystem initialized
LogConfig: Setting CVar [[con.DebugEarlyDefault:1]]
LogConfig: Setting CVar [[r.setres:1280x720]]
[2019.02.14-12.42.43:298][  0]LogConfig: Setting CVar [[r.VSync:0]]
[2019.02.14-12.42.43:298][  0]LogConfig: Setting CVar [[r.RHICmdBypass:0]]
[2019.02.14-12.42.43:298][  0]LogConfig: Applying CVar settings from Section [/Script/Engine.RendererSettings] File [C:/Users/MinLion/Desktop/UnrealProjects/UnrealMMO/TimeTravel/Saved/Config/Windows/Engine.ini]
[2019.02.14-12.42.43:298][  0]LogConfig: Setting CVar [[r.GPUCrashDebugging:0]]
[2019.02.14-12.42.43:298][  0]LogConfig: Applying CVar settings from Section [/Script/Engine.RendererOverrideSettings] File [C:/Users/MinLion/Desktop/UnrealProjects/UnrealMMO/TimeTravel/Saved/Config/Windows/Engine.ini]
[2019.02.14-12.42.43:298][  0]LogConfig: Applying CVar settings from Section [/Script/Engine.StreamingSettings] File [C:/Users/MinLion/Desktop/UnrealProjects/UnrealMMO/TimeTravel/Saved/Config/Windows/Engine.ini]
[2019.02.14-12.42.43:298][  0]LogConfig: Setting CVar [[s.MinBulkDataSizeForAsyncLoading:131072]]
[2019.02.14-12.42.43:298][  0]LogConfig: Setting CVar [[s.AsyncLoadingThreadEnabled:0]]
[2019.02.14-12.42.43:298][  0]LogConfig: Setting CVar [[s.EventDrivenLoaderEnabled:1]]
[2019.02.14-12.42.43:298][  0]LogConfig: Setting CVar [[s.WarnIfTimeLimitExceeded:0]]
[2019.02.14-12.42.43:298][  0]LogConfig: Setting CVar [[s.TimeLimitExceededMultiplier:1.5]]
[2019.02.14-12.42.43:298][  0]LogConfig: Setting CVar [[s.TimeLimitExceededMinTime:0.005]]
[2019.02.14-12.42.43:298][  0]LogConfig: Setting CVar [[s.UseBackgroundLevelStreaming:1]]
[2019.02.14-12.42.43:298][  0]LogConfig: Setting CVar [[s.PriorityAsyncLoadingExtraTime:15.0]]
[2019.02.14-12.42.43:298][  0]LogConfig: Setting CVar [[s.LevelStreamingActorsUpdateTimeLimit:5.0]]
[2019.02.14-12.42.43:298][  0]LogConfig: Setting CVar [[s.PriorityLevelStreamingActorsUpdateExtraTime:5.0]]
[2019.02.14-12.42.43:298][  0]LogConfig: Setting CVar [[s.LevelStreamingComponentsRegistrationGranularity:10]]
[2019.02.14-12.42.43:298][  0]LogConfig: Setting CVar [[s.UnregisterComponentsTimeLimit:1.0]]
[2019.02.14-12.42.43:298][  0]LogConfig: Setting CVar [[s.LevelStreamingComponentsUnregistrationGranularity:5]]
[2019.02.14-12.42.43:298][  0]LogConfig: Applying CVar settings from Section [/Script/Engine.GarbageCollectionSettings] File [C:/Users/MinLion/Desktop/UnrealProjects/UnrealMMO/TimeTravel/Saved/Config/Windows/Engine.ini]
[2019.02.14-12.42.43:298][  0]LogConfig: Setting CVar [[gc.MaxObjectsNotConsideredByGC:1]]
[2019.02.14-12.42.43:298][  0]LogConfig: Setting CVar [[gc.SizeOfPermanentObjectPool:0]]
[2019.02.14-12.42.43:298][  0]LogConfig: Setting CVar [[gc.FlushStreamingOnGC:0]]
[2019.02.14-12.42.43:298][  0]LogConfig: Setting CVar [[gc.NumRetriesBeforeForcingGC:10]]
[2019.02.14-12.42.43:298][  0]LogConfig: Setting CVar [[gc.AllowParallelGC:1]]
[2019.02.14-12.42.43:298][  0]LogConfig: Setting CVar [[gc.TimeBetweenPurgingPendingKillObjects:61.1]]
[2019.02.14-12.42.43:298][  0]LogConfig: Setting CVar [[gc.MaxObjectsInEditor:8388607]]
[2019.02.14-12.42.43:298][  0]LogConfig: Setting CVar [[gc.IncrementalBeginDestroyEnabled:1]]
[2019.02.14-12.42.43:298][  0]LogConfig: Setting CVar [[gc.CreateGCClusters:1]]
[2019.02.14-12.42.43:298][  0]LogConfig: Setting CVar [[gc.MergeGCClusters:0]]
[2019.02.14-12.42.43:298][  0]LogConfig: Setting CVar [[gc.MinGCClusterSize:5]]
[2019.02.14-12.42.43:298][  0]LogConfig: Setting CVar [[gc.ActorClusteringEnabled:0]]
[2019.02.14-12.42.43:298][  0]LogConfig: Setting CVar [[gc.BlueprintClusteringEnabled:0]]
[2019.02.14-12.42.43:298][  0]LogConfig: Setting CVar [[gc.UseDisregardForGCOnDedicatedServers:0]]
[2019.02.14-12.42.43:298][  0]LogConfig: Applying CVar settings from Section [/Script/Engine.NetworkSettings] File [C:/Users/MinLion/Desktop/UnrealProjects/UnrealMMO/TimeTravel/Saved/Config/Windows/Engine.ini]
[2019.02.14-12.42.43:298][  0]LogConfig: Applying CVar settings from Section [/Script/UnrealEd.CookerSettings] File [C:/Users/MinLion/Desktop/UnrealProjects/UnrealMMO/TimeTravel/Saved/Config/Windows/Engine.ini]
[2019.02.14-12.42.43:329][  0]LogConfig: Applying CVar settings from Section [ViewDistanceQuality@3] File [C:/Users/MinLion/Desktop/UnrealProjects/UnrealMMO/TimeTravel/Saved/Config/Windows/Scalability.ini]
[2019.02.14-12.42.43:329][  0]LogConfig: Setting CVar [[r.SkeletalMeshLODBias:0]]
[2019.02.14-12.42.43:329][  0]LogConfig: Setting CVar [[r.ViewDistanceScale:1.0]]
[2019.02.14-12.42.43:329][  0]LogConfig: Applying CVar settings from Section [AntiAliasingQuality@3] File [C:/Users/MinLion/Desktop/UnrealProjects/UnrealMMO/TimeTravel/Saved/Config/Windows/Scalability.ini]
[2019.02.14-12.42.43:329][  0]LogConfig: Setting CVar [[r.PostProcessAAQuality:4]]
[2019.02.14-12.42.43:329][  0]LogConfig: Applying CVar settings from Section [ShadowQuality@3] File [C:/Users/MinLion/Desktop/UnrealProjects/UnrealMMO/TimeTravel/Saved/Config/Windows/Scalability.ini]
[2019.02.14-12.42.43:329][  0]LogConfig: Setting CVar [[r.LightFunctionQuality:1]]
[2019.02.14-12.42.43:329][  0]LogConfig: Setting CVar [[r.ShadowQuality:5]]
[2019.02.14-12.42.43:329][  0]LogConfig: Setting CVar [[r.Shadow.CSM.MaxCascades:10]]
[2019.02.14-12.42.43:329][  0]LogConfig: Setting CVar [[r.Shadow.MaxResolution:2048]]
[2019.02.14-12.42.43:329][  0]LogConfig: Setting CVar [[r.Shadow.MaxCSMResolution:2048]]
[2019.02.14-12.42.43:329][  0]LogConfig: Setting CVar [[r.Shadow.RadiusThreshold:0.01]]
[2019.02.14-12.42.43:329][  0]LogConfig: Setting CVar [[r.Shadow.DistanceScale:1.0]]
[2019.02.14-12.42.43:329][  0]LogConfig: Setting CVar [[r.Shadow.CSM.TransitionScale:1.0]]
[2019.02.14-12.42.43:329][  0]LogConfig: Setting CVar [[r.Shadow.PreShadowResolutionFactor:1.0]]
[2019.02.14-12.42.43:329][  0]LogConfig: Setting CVar [[r.DistanceFieldShadowing:1]]
[2019.02.14-12.42.43:329][  0]LogConfig: Setting CVar [[r.DistanceFieldAO:1]]
[2019.02.14-12.42.43:329][  0]LogConfig: Setting CVar [[r.AOQuality:2]]
[2019.02.14-12.42.43:329][  0]LogConfig: Setting CVar [[r.VolumetricFog:1]]
[2019.02.14-12.42.43:329][  0]LogConfig: Setting CVar [[r.VolumetricFog.GridPixelSize:8]]
[2019.02.14-12.42.43:329][  0]LogConfig: Setting CVar [[r.VolumetricFog.GridSizeZ:128]]
[2019.02.14-12.42.43:329][  0]LogConfig: Setting CVar [[r.VolumetricFog.HistoryMissSupersampleCount:4]]
[2019.02.14-12.42.43:329][  0]LogConfig: Setting CVar [[r.LightMaxDrawDistanceScale:1]]
[2019.02.14-12.42.43:329][  0]LogConfig: Setting CVar [[r.CapsuleShadows:1]]
[2019.02.14-12.42.43:329][  0]LogConfig: Applying CVar settings from Section [PostProcessQuality@3] File [C:/Users/MinLion/Desktop/UnrealProjects/UnrealMMO/TimeTravel/Saved/Config/Windows/Scalability.ini]
[2019.02.14-12.42.43:329][  0]LogConfig: Setting CVar [[r.MotionBlurQuality:4]]
[2019.02.14-12.42.43:329][  0]LogConfig: Setting CVar [[r.AmbientOcclusionMipLevelFactor:0.4]]
[2019.02.14-12.42.43:329][  0]LogConfig: Setting CVar [[r.AmbientOcclusionMaxQuality:100]]
[2019.02.14-12.42.43:329][  0]LogConfig: Setting CVar [[r.AmbientOcclusionLevels:-1]]
[2019.02.14-12.42.43:329][  0]LogConfig: Setting CVar [[r.AmbientOcclusionRadiusScale:1.0]]
[2019.02.14-12.42.43:329][  0]LogConfig: Setting CVar [[r.DepthOfFieldQuality:2]]
[2019.02.14-12.42.43:329][  0]LogConfig: Setting CVar [[r.RenderTargetPoolMin:400]]
[2019.02.14-12.42.43:329][  0]LogConfig: Setting CVar [[r.LensFlareQuality:2]]
[2019.02.14-12.42.43:329][  0]LogConfig: Setting CVar [[r.SceneColorFringeQuality:1]]
[2019.02.14-12.42.43:329][  0]LogConfig: Setting CVar [[r.EyeAdaptationQuality:2]]
[2019.02.14-12.42.43:329][  0]LogConfig: Setting CVar [[r.BloomQuality:5]]
[2019.02.14-12.42.43:329][  0]LogConfig: Setting CVar [[r.FastBlurThreshold:100]]
[2019.02.14-12.42.43:329][  0]LogConfig: Setting CVar [[r.Upscale.Quality:3]]
[2019.02.14-12.42.43:329][  0]LogConfig: Setting CVar [[r.Tonemapper.GrainQuantization:1]]
[2019.02.14-12.42.43:329][  0]LogConfig: Setting CVar [[r.LightShaftQuality:1]]
[2019.02.14-12.42.43:329][  0]LogConfig: Setting CVar [[r.Filter.SizeScale:1]]
[2019.02.14-12.42.43:329][  0]LogConfig: Setting CVar [[r.Tonemapper.Quality:5]]
[2019.02.14-12.42.43:329][  0]LogConfig: Setting CVar [[r.DOF.Gather.AccumulatorQuality:1        ; higher gathering accumulator quality]]
[2019.02.14-12.42.43:329][  0]LogConfig: Setting CVar [[r.DOF.Gather.PostfilterMethod:1          ; Median3x3 postfilering method]]
[2019.02.14-12.42.43:329][  0]LogConfig: Setting CVar [[r.DOF.Gather.EnableBokehSettings:0       ; no bokeh simulation when gathering]]
[2019.02.14-12.42.43:329][  0]LogConfig: Setting CVar [[r.DOF.Gather.RingCount:4                 ; medium number of samples when gathering]]
[2019.02.14-12.42.43:329][  0]LogConfig: Setting CVar [[r.DOF.Scatter.ForegroundCompositing:1    ; additive foreground scattering]]
[2019.02.14-12.42.43:329][  0]LogConfig: Setting CVar [[r.DOF.Scatter.BackgroundCompositing:2    ; additive background scattering]]
[2019.02.14-12.42.43:329][  0]LogConfig: Setting CVar [[r.DOF.Scatter.EnableBokehSettings:1      ; bokeh simulation when scattering]]
[2019.02.14-12.42.43:329][  0]LogConfig: Setting CVar [[r.DOF.Scatter.MaxSpriteRatio:0.1         ; only a maximum of 10% of scattered bokeh]]
[2019.02.14-12.42.43:329][  0]LogConfig: Setting CVar [[r.DOF.Recombine.Quality:1                ; cheap slight out of focus]]
[2019.02.14-12.42.43:329][  0]LogConfig: Setting CVar [[r.DOF.Recombine.EnableBokehSettings:0    ; no bokeh simulation on slight out of focus]]
[2019.02.14-12.42.43:329][  0]LogConfig: Setting CVar [[r.DOF.TemporalAAQuality:1                ; more stable temporal accumulation]]
[2019.02.14-12.42.43:329][  0]LogConfig: Setting CVar [[r.DOF.Kernel.MaxForegroundRadius:0.025]]
[2019.02.14-12.42.43:329][  0]LogConfig: Setting CVar [[r.DOF.Kernel.MaxBackgroundRadius:0.025]]
[2019.02.14-12.42.43:329][  0]LogConfig: Applying CVar settings from Section [TextureQuality@3] File [C:/Users/MinLion/Desktop/UnrealProjects/UnrealMMO/TimeTravel/Saved/Config/Windows/Scalability.ini]
[2019.02.14-12.42.43:329][  0]LogConfig: Setting CVar [[r.Streaming.MipBias:0]]
[2019.02.14-12.42.43:329][  0]LogConfig: Setting CVar [[r.Streaming.AmortizeCPUToGPUCopy:0]]
[2019.02.14-12.42.43:329][  0]LogConfig: Setting CVar [[r.Streaming.MaxNumTexturesToStreamPerFrame:0]]
[2019.02.14-12.42.43:329][  0]LogConfig: Setting CVar [[r.Streaming.Boost:1]]
[2019.02.14-12.42.43:329][  0]LogConfig: Setting CVar [[r.MaxAnisotropy:8]]
[2019.02.14-12.42.43:329][  0]LogConfig: Setting CVar [[r.Streaming.LimitPoolSizeToVRAM:0]]
[2019.02.14-12.42.43:329][  0]LogConfig: Setting CVar [[r.Streaming.PoolSize:1000]]
[2019.02.14-12.42.43:329][  0]LogConfig: Setting CVar [[r.Streaming.MaxEffectiveScreenSize:0]]
[2019.02.14-12.42.43:329][  0]LogConfig: Applying CVar settings from Section [EffectsQuality@3] File [C:/Users/MinLion/Desktop/UnrealProjects/UnrealMMO/TimeTravel/Saved/Config/Windows/Scalability.ini]
[2019.02.14-12.42.43:329][  0]LogConfig: Setting CVar [[r.TranslucencyLightingVolumeDim:64]]
[2019.02.14-12.42.43:329][  0]LogConfig: Setting CVar [[r.RefractionQuality:2]]
[2019.02.14-12.42.43:329][  0]LogConfig: Setting CVar [[r.SSR.Quality:3]]
[2019.02.14-12.42.43:329][  0]LogConfig: Setting CVar [[r.SceneColorFormat:4]]
[2019.02.14-12.42.43:329][  0]LogConfig: Setting CVar [[r.DetailMode:2]]
[2019.02.14-12.42.43:329][  0]LogConfig: Setting CVar [[r.TranslucencyVolumeBlur:1]]
[2019.02.14-12.42.43:329][  0]LogConfig: Setting CVar [[r.MaterialQualityLevel:1 ; High quality]]
[2019.02.14-12.42.43:329][  0]LogConfig: Setting CVar [[r.SSS.Scale:1]]
[2019.02.14-12.42.43:329][  0]LogConfig: Setting CVar [[r.SSS.SampleSet:2]]
[2019.02.14-12.42.43:329][  0]LogConfig: Setting CVar [[r.SSS.Quality:1]]
[2019.02.14-12.42.43:329][  0]LogConfig: Setting CVar [[r.SSS.HalfRes:1]]
[2019.02.14-12.42.43:329][  0]LogConfig: Setting CVar [[r.EmitterSpawnRateScale:1.0]]
[2019.02.14-12.42.43:329][  0]LogConfig: Setting CVar [[r.ParticleLightQuality:2]]
[2019.02.14-12.42.43:329][  0]LogConfig: Applying CVar settings from Section [FoliageQuality@3] File [C:/Users/MinLion/Desktop/UnrealProjects/UnrealMMO/TimeTravel/Saved/Config/Windows/Scalability.ini]
[2019.02.14-12.42.43:329][  0]LogConfig: Setting CVar [[foliage.DensityScale:1.0]]
[2019.02.14-12.42.43:329][  0]LogConfig: Setting CVar [[grass.DensityScale:1.0]]
[2019.02.14-12.42.43:345][  0]LogInit: Selected Device Profile: [Windows]
[2019.02.14-12.42.43:345][  0]LogInit: Applying CVar settings loaded from the selected device profile: [Windows]
[2019.02.14-12.42.43:361][  0]LogHAL: Display: Platform has ~ 16 GB [17116471296 / 17179869184 / 16], which maps to Larger [LargestMinGB=32, LargerMinGB=12, DefaultMinGB=8, SmallerMinGB=6, SmallestMinGB=0)
[2019.02.14-12.42.43:361][  0]LogConfig: Setting CVar [[r.Vulkan.UseRealUBs:1]]
[2019.02.14-12.42.43:361][  0]LogInit: Going up to parent DeviceProfile []
[2019.02.14-12.42.43:361][  0]LogConfig: Applying CVar settings from Section [ViewDistanceQuality@3] File [C:/Users/MinLion/Desktop/UnrealProjects/UnrealMMO/TimeTravel/Saved/Config/Windows/Scalability.ini]
[2019.02.14-12.42.43:361][  0]LogConfig: Setting CVar [[r.SkeletalMeshLODBias:0]]
[2019.02.14-12.42.43:361][  0]LogConfig: Setting CVar [[r.ViewDistanceScale:1.0]]
[2019.02.14-12.42.43:361][  0]LogConfig: Applying CVar settings from Section [AntiAliasingQuality@3] File [C:/Users/MinLion/Desktop/UnrealProjects/UnrealMMO/TimeTravel/Saved/Config/Windows/Scalability.ini]
[2019.02.14-12.42.43:361][  0]LogConfig: Setting CVar [[r.PostProcessAAQuality:4]]
[2019.02.14-12.42.43:361][  0]LogConfig: Applying CVar settings from Section [ShadowQuality@3] File [C:/Users/MinLion/Desktop/UnrealProjects/UnrealMMO/TimeTravel/Saved/Config/Windows/Scalability.ini]
[2019.02.14-12.42.43:361][  0]LogConfig: Setting CVar [[r.LightFunctionQuality:1]]
[2019.02.14-12.42.43:361][  0]LogConfig: Setting CVar [[r.ShadowQuality:5]]
[2019.02.14-12.42.43:361][  0]LogConfig: Setting CVar [[r.Shadow.CSM.MaxCascades:10]]
[2019.02.14-12.42.43:361][  0]LogConfig: Setting CVar [[r.Shadow.MaxResolution:2048]]
[2019.02.14-12.42.43:361][  0]LogConfig: Setting CVar [[r.Shadow.MaxCSMResolution:2048]]
[2019.02.14-12.42.43:361][  0]LogConfig: Setting CVar [[r.Shadow.RadiusThreshold:0.01]]
[2019.02.14-12.42.43:361][  0]LogConfig: Setting CVar [[r.Shadow.DistanceScale:1.0]]
[2019.02.14-12.42.43:361][  0]LogConfig: Setting CVar [[r.Shadow.CSM.TransitionScale:1.0]]
[2019.02.14-12.42.43:361][  0]LogConfig: Setting CVar [[r.Shadow.PreShadowResolutionFactor:1.0]]
[2019.02.14-12.42.43:361][  0]LogConfig: Setting CVar [[r.DistanceFieldShadowing:1]]
[2019.02.14-12.42.43:361][  0]LogConfig: Setting CVar [[r.DistanceFieldAO:1]]
[2019.02.14-12.42.43:361][  0]LogConfig: Setting CVar [[r.AOQuality:2]]
[2019.02.14-12.42.43:361][  0]LogConfig: Setting CVar [[r.VolumetricFog:1]]
[2019.02.14-12.42.43:361][  0]LogConfig: Setting CVar [[r.VolumetricFog.GridPixelSize:8]]
[2019.02.14-12.42.43:361][  0]LogConfig: Setting CVar [[r.VolumetricFog.GridSizeZ:128]]
[2019.02.14-12.42.43:361][  0]LogConfig: Setting CVar [[r.VolumetricFog.HistoryMissSupersampleCount:4]]
[2019.02.14-12.42.43:361][  0]LogConfig: Setting CVar [[r.LightMaxDrawDistanceScale:1]]
[2019.02.14-12.42.43:361][  0]LogConfig: Setting CVar [[r.CapsuleShadows:1]]
[2019.02.14-12.42.43:361][  0]LogConfig: Applying CVar settings from Section [PostProcessQuality@3] File [C:/Users/MinLion/Desktop/UnrealProjects/UnrealMMO/TimeTravel/Saved/Config/Windows/Scalability.ini]
[2019.02.14-12.42.43:361][  0]LogConfig: Setting CVar [[r.MotionBlurQuality:4]]
[2019.02.14-12.42.43:361][  0]LogConfig: Setting CVar [[r.AmbientOcclusionMipLevelFactor:0.4]]
[2019.02.14-12.42.43:361][  0]LogConfig: Setting CVar [[r.AmbientOcclusionMaxQuality:100]]
[2019.02.14-12.42.43:361][  0]LogConfig: Setting CVar [[r.AmbientOcclusionLevels:-1]]
[2019.02.14-12.42.43:361][  0]LogConfig: Setting CVar [[r.AmbientOcclusionRadiusScale:1.0]]
[2019.02.14-12.42.43:361][  0]LogConfig: Setting CVar [[r.DepthOfFieldQuality:2]]
[2019.02.14-12.42.43:361][  0]LogConfig: Setting CVar [[r.RenderTargetPoolMin:400]]
[2019.02.14-12.42.43:361][  0]LogConfig: Setting CVar [[r.LensFlareQuality:2]]
[2019.02.14-12.42.43:361][  0]LogConfig: Setting CVar [[r.SceneColorFringeQuality:1]]
[2019.02.14-12.42.43:361][  0]LogConfig: Setting CVar [[r.EyeAdaptationQuality:2]]
[2019.02.14-12.42.43:361][  0]LogConfig: Setting CVar [[r.BloomQuality:5]]
[2019.02.14-12.42.43:361][  0]LogConfig: Setting CVar [[r.FastBlurThreshold:100]]
[2019.02.14-12.42.43:361][  0]LogConfig: Setting CVar [[r.Upscale.Quality:3]]
[2019.02.14-12.42.43:361][  0]LogConfig: Setting CVar [[r.Tonemapper.GrainQuantization:1]]
[2019.02.14-12.42.43:361][  0]LogConfig: Setting CVar [[r.LightShaftQuality:1]]
[2019.02.14-12.42.43:361][  0]LogConfig: Setting CVar [[r.Filter.SizeScale:1]]
[2019.02.14-12.42.43:361][  0]LogConfig: Setting CVar [[r.Tonemapper.Quality:5]]
[2019.02.14-12.42.43:361][  0]LogConfig: Setting CVar [[r.DOF.Gather.AccumulatorQuality:1        ; higher gathering accumulator quality]]
[2019.02.14-12.42.43:361][  0]LogConfig: Setting CVar [[r.DOF.Gather.PostfilterMethod:1          ; Median3x3 postfilering method]]
[2019.02.14-12.42.43:361][  0]LogConfig: Setting CVar [[r.DOF.Gather.EnableBokehSettings:0       ; no bokeh simulation when gathering]]
[2019.02.14-12.42.43:361][  0]LogConfig: Setting CVar [[r.DOF.Gather.RingCount:4                 ; medium number of samples when gathering]]
[2019.02.14-12.42.43:361][  0]LogConfig: Setting CVar [[r.DOF.Scatter.ForegroundCompositing:1    ; additive foreground scattering]]
[2019.02.14-12.42.43:361][  0]LogConfig: Setting CVar [[r.DOF.Scatter.BackgroundCompositing:2    ; additive background scattering]]
[2019.02.14-12.42.43:361][  0]LogConfig: Setting CVar [[r.DOF.Scatter.EnableBokehSettings:1      ; bokeh simulation when scattering]]
[2019.02.14-12.42.43:361][  0]LogConfig: Setting CVar [[r.DOF.Scatter.MaxSpriteRatio:0.1         ; only a maximum of 10% of scattered bokeh]]
[2019.02.14-12.42.43:361][  0]LogConfig: Setting CVar [[r.DOF.Recombine.Quality:1                ; cheap slight out of focus]]
[2019.02.14-12.42.43:361][  0]LogConfig: Setting CVar [[r.DOF.Recombine.EnableBokehSettings:0    ; no bokeh simulation on slight out of focus]]
[2019.02.14-12.42.43:361][  0]LogConfig: Setting CVar [[r.DOF.TemporalAAQuality:1                ; more stable temporal accumulation]]
[2019.02.14-12.42.43:361][  0]LogConfig: Setting CVar [[r.DOF.Kernel.MaxForegroundRadius:0.025]]
[2019.02.14-12.42.43:361][  0]LogConfig: Setting CVar [[r.DOF.Kernel.MaxBackgroundRadius:0.025]]
[2019.02.14-12.42.43:361][  0]LogConfig: Applying CVar settings from Section [TextureQuality@3] File [C:/Users/MinLion/Desktop/UnrealProjects/UnrealMMO/TimeTravel/Saved/Config/Windows/Scalability.ini]
[2019.02.14-12.42.43:361][  0]LogConfig: Setting CVar [[r.Streaming.MipBias:0]]
[2019.02.14-12.42.43:361][  0]LogConfig: Setting CVar [[r.Streaming.AmortizeCPUToGPUCopy:0]]
[2019.02.14-12.42.43:361][  0]LogConfig: Setting CVar [[r.Streaming.MaxNumTexturesToStreamPerFrame:0]]
[2019.02.14-12.42.43:361][  0]LogConfig: Setting CVar [[r.Streaming.Boost:1]]
[2019.02.14-12.42.43:361][  0]LogConfig: Setting CVar [[r.MaxAnisotropy:8]]
[2019.02.14-12.42.43:361][  0]LogConfig: Setting CVar [[r.Streaming.LimitPoolSizeToVRAM:0]]
[2019.02.14-12.42.43:361][  0]LogConfig: Setting CVar [[r.Streaming.PoolSize:1000]]
[2019.02.14-12.42.43:361][  0]LogConfig: Setting CVar [[r.Streaming.MaxEffectiveScreenSize:0]]
[2019.02.14-12.42.43:361][  0]LogConfig: Applying CVar settings from Section [EffectsQuality@3] File [C:/Users/MinLion/Desktop/UnrealProjects/UnrealMMO/TimeTravel/Saved/Config/Windows/Scalability.ini]
[2019.02.14-12.42.43:361][  0]LogConfig: Setting CVar [[r.TranslucencyLightingVolumeDim:64]]
[2019.02.14-12.42.43:361][  0]LogConfig: Setting CVar [[r.RefractionQuality:2]]
[2019.02.14-12.42.43:361][  0]LogConfig: Setting CVar [[r.SSR.Quality:3]]
[2019.02.14-12.42.43:361][  0]LogConfig: Setting CVar [[r.SceneColorFormat:4]]
[2019.02.14-12.42.43:361][  0]LogConfig: Setting CVar [[r.DetailMode:2]]
[2019.02.14-12.42.43:361][  0]LogConfig: Setting CVar [[r.TranslucencyVolumeBlur:1]]
[2019.02.14-12.42.43:361][  0]LogConfig: Setting CVar [[r.MaterialQualityLevel:1 ; High quality]]
[2019.02.14-12.42.43:361][  0]LogConfig: Setting CVar [[r.SSS.Scale:1]]
[2019.02.14-12.42.43:361][  0]LogConfig: Setting CVar [[r.SSS.SampleSet:2]]
[2019.02.14-12.42.43:361][  0]LogConfig: Setting CVar [[r.SSS.Quality:1]]
[2019.02.14-12.42.43:361][  0]LogConfig: Setting CVar [[r.SSS.HalfRes:1]]
[2019.02.14-12.42.43:361][  0]LogConfig: Setting CVar [[r.EmitterSpawnRateScale:1.0]]
[2019.02.14-12.42.43:361][  0]LogConfig: Setting CVar [[r.ParticleLightQuality:2]]
[2019.02.14-12.42.43:361][  0]LogConfig: Applying CVar settings from Section [FoliageQuality@3] File [C:/Users/MinLion/Desktop/UnrealProjects/UnrealMMO/TimeTravel/Saved/Config/Windows/Scalability.ini]
[2019.02.14-12.42.43:361][  0]LogConfig: Setting CVar [[foliage.DensityScale:1.0]]
[2019.02.14-12.42.43:361][  0]LogConfig: Setting CVar [[grass.DensityScale:1.0]]
[2019.02.14-12.42.43:361][  0]LogConfig: Applying CVar settings from Section [Startup] File [../../../Engine/Config/ConsoleVariables.ini]
[2019.02.14-12.42.43:361][  0]LogConfig: Setting CVar [[net.UseAdaptiveNetUpdateFrequency:0]]
[2019.02.14-12.42.43:361][  0]LogConfig: Applying CVar settings from Section [ConsoleVariables] File [C:/Users/MinLion/Desktop/UnrealProjects/UnrealMMO/TimeTravel/Saved/Config/Windows/Engine.ini]
[2019.02.14-12.42.43:369][  0]LogInit: Computer: DESKTOP-RAID143
[2019.02.14-12.42.43:369][  0]LogInit: User: MinLion
[2019.02.14-12.42.43:369][  0]LogInit: CPU Page size=4096, Cores=6
[2019.02.14-12.42.43:369][  0]LogInit: High frequency timer resolution =3.515628 MHz
[2019.02.14-12.42.43:369][  0]LogMemory: Memory total: Physical=15.9GB (16GB approx)
[2019.02.14-12.42.43:369][  0]LogMemory: Platform Memory Stats for Windows
[2019.02.14-12.42.43:369][  0]LogMemory: Process Physical Memory: 103.13 MB used, 103.13 MB peak
[2019.02.14-12.42.43:369][  0]LogMemory: Process Virtual Memory: 85.15 MB used, 85.15 MB peak
[2019.02.14-12.42.43:369][  0]LogMemory: Physical Memory: 2915.44 MB used,  13408.10 MB free, 16323.54 MB total
[2019.02.14-12.42.43:369][  0]LogMemory: Virtual Memory: 4642.55 MB used,  134213088.00 MB free, 134217728.00 MB total
[2019.02.14-12.42.43:501][  0]LogInit: Using OS detected language (ko-KR).
[2019.02.14-12.42.43:501][  0]LogInit: Using OS detected locale (ko-KR).
[2019.02.14-12.42.43:505][  0]LogTextLocalizationManager: No specific localization for 'ko-KR' exists, so the 'ko' localization will be used.
[2019.02.14-12.42.43:878][  0]LogStreaming: Display: Took  0.377s to InitEngineTextLocalization.
[2019.02.14-12.42.43:879][  0]LogInit: Setting process to per monitor DPI aware
[2019.02.14-12.42.43:940][  0]LogSlate: New Slate User Created.  User Index 0, Is Virtual User: 0
[2019.02.14-12.42.43:940][  0]LogSlate: Slate User Registered.  User Index 0, Is Virtual User: 0
[2019.02.14-12.42.44:910][  0]LogHMD: Failed to initialize OpenVR with code 110
[2019.02.14-12.42.44:910][  0]LogD3D11RHI: D3D11 adapters:
[2019.02.14-12.42.44:970][  0]LogD3D11RHI:    0. 'NVIDIA GeForce GTX 1060 6GB' (Feature Level 11_0)
[2019.02.14-12.42.44:970][  0]LogD3D11RHI:       6052/0/8161 MB DedicatedVideo/DedicatedSystem/SharedSystem, Outputs:2, VendorId:0x10de
[2019.02.14-12.42.44:972][  0]LogD3D11RHI:    1. 'Microsoft Basic Render Driver' (Feature Level 11_0)
[2019.02.14-12.42.44:972][  0]LogD3D11RHI:       0/0/8161 MB DedicatedVideo/DedicatedSystem/SharedSystem, Outputs:0, VendorId:0x1414
[2019.02.14-12.42.44:972][  0]LogD3D11RHI: Chosen D3D11 Adapter: 0
[2019.02.14-12.42.44:976][  0]LogD3D11RHI: Creating new Direct3DDevice
[2019.02.14-12.42.44:976][  0]LogD3D11RHI:     GPU DeviceId: 0x1c03 (for the marketing name, search the web for "GPU Device Id")
[2019.02.14-12.42.44:976][  0]LogWindows: EnumDisplayDevices:
[2019.02.14-12.42.44:976][  0]LogWindows:    0. 'NVIDIA GeForce GTX 1060 6GB' (P:1 D:1)
[2019.02.14-12.42.44:977][  0]LogWindows:    1. 'NVIDIA GeForce GTX 1060 6GB' (P:0 D:1)
[2019.02.14-12.42.44:977][  0]LogWindows:    2. 'NVIDIA GeForce GTX 1060 6GB' (P:0 D:0)
[2019.02.14-12.42.44:977][  0]LogWindows:    3. 'NVIDIA GeForce GTX 1060 6GB' (P:0 D:0)
[2019.02.14-12.42.44:978][  0]LogWindows: DebugString: FoundDriverCount:4 
[2019.02.14-12.42.44:978][  0]LogD3D11RHI:     Adapter Name: NVIDIA GeForce GTX 1060 6GB
[2019.02.14-12.42.44:978][  0]LogD3D11RHI:   Driver Version: 417.35 (internal:25.21.14.1735, unified:417.35)
[2019.02.14-12.42.44:978][  0]LogD3D11RHI:      Driver Date: 12-11-2018
[2019.02.14-12.42.44:978][  0]LogRHI: Texture pool is 4236 MB (70% of 6052 MB)
[2019.02.14-12.42.45:011][  0]LogD3D11RHI: Async texture creation enabled
[2019.02.14-12.42.45:035][  0]LogD3D11RHI: GPU Timing Frequency: 1000.000000 (Debug: 2 2)
[2019.02.14-12.42.46:194][  0]LogTemp: Display: Loaded TP AllDesktopTargetPlatform
[2019.02.14-12.42.46:210][  0]LogTemp: Display: Loaded TP MacClientTargetPlatform
[2019.02.14-12.42.46:225][  0]LogTemp: Display: Loaded TP MacNoEditorTargetPlatform
[2019.02.14-12.42.46:240][  0]LogTemp: Display: Loaded TP MacServerTargetPlatform
[2019.02.14-12.42.46:258][  0]LogTemp: Display: Loaded TP MacTargetPlatform
[2019.02.14-12.42.46:274][  0]LogTemp: Display: Loaded TP WindowsClientTargetPlatform
[2019.02.14-12.42.46:289][  0]LogTemp: Display: Loaded TP WindowsNoEditorTargetPlatform
[2019.02.14-12.42.46:304][  0]LogTemp: Display: Loaded TP WindowsServerTargetPlatform
[2019.02.14-12.42.46:314][  0]LogTemp: Display: Loaded TP WindowsTargetPlatform
[2019.02.14-12.42.46:382][  0]LogTemp: Display: Loaded TP AndroidTargetPlatform
[2019.02.14-12.42.46:382][  0]LogTemp: Display: Loaded TP AndroidTargetPlatform
[2019.02.14-12.42.46:382][  0]LogTemp: Display: Loaded TP AndroidTargetPlatform
[2019.02.14-12.42.46:382][  0]LogTemp: Display: Loaded TP AndroidTargetPlatform
[2019.02.14-12.42.46:382][  0]LogTemp: Display: Loaded TP AndroidTargetPlatform
[2019.02.14-12.42.46:382][  0]LogTemp: Display: Loaded TP AndroidTargetPlatform
[2019.02.14-12.42.46:382][  0]LogTemp: Display: Loaded TP AndroidTargetPlatform
[2019.02.14-12.42.46:382][  0]LogTemp: Display: Loaded TP AndroidTargetPlatform
[2019.02.14-12.42.46:382][  0]LogTemp: Display: Loaded TP AndroidTargetPlatform
[2019.02.14-12.42.46:382][  0]LogTemp: Display: Loaded TP AndroidTargetPlatform
[2019.02.14-12.42.46:382][  0]LogTemp: Display: Loaded TP AndroidTargetPlatform
[2019.02.14-12.42.46:382][  0]LogTemp: Display: Loaded TP AndroidTargetPlatform
[2019.02.14-12.42.46:382][  0]LogTemp: Display: Loaded TP AndroidTargetPlatform
[2019.02.14-12.42.46:382][  0]LogTemp: Display: Loaded TP AndroidTargetPlatform
[2019.02.14-12.42.46:382][  0]LogTemp: Display: Loaded TP AndroidTargetPlatform
[2019.02.14-12.42.46:382][  0]LogTemp: Display: Loaded TP AndroidTargetPlatform
[2019.02.14-12.42.46:382][  0]LogTemp: Display: Loaded TP AndroidTargetPlatform
[2019.02.14-12.42.46:382][  0]LogTemp: Display: Loaded TP AndroidTargetPlatform
[2019.02.14-12.42.46:389][  0]LogTemp: Display: Loaded TP HTML5TargetPlatform
[2019.02.14-12.42.46:465][  0]LogTemp: Display: Loaded TP IOSTargetPlatform
[2019.02.14-12.42.46:465][  0]LogTemp: Display: Loaded TP IOSTargetPlatform
[2019.02.14-12.42.46:489][  0]LogTemp: Display: Loaded TP TVOSTargetPlatform
[2019.02.14-12.42.46:489][  0]LogTemp: Display: Loaded TP TVOSTargetPlatform
[2019.02.14-12.42.46:503][  0]LogTemp: Display: Loaded TP LinuxClientTargetPlatform
[2019.02.14-12.42.46:519][  0]LogTemp: Display: Loaded TP LinuxNoEditorTargetPlatform
[2019.02.14-12.42.46:534][  0]LogTemp: Display: Loaded TP LinuxServerTargetPlatform
[2019.02.14-12.42.46:555][  0]LogTemp: Display: Loaded TP LinuxTargetPlatform
[2019.02.14-12.42.46:598][  0]LogTemp: Display: Loaded TP LuminTargetPlatform
[2019.02.14-12.42.46:598][  0]LogTemp: Display: Loaded TP LuminTargetPlatform
[2019.02.14-12.42.46:598][  0]LogTargetPlatformManager: Display: Building Assets For Windows
[2019.02.14-12.42.46:829][  0]LogShaderCompilers: Guid format shader working directory is -27 characters bigger than the processId version (../../../../../../Users/MinLion/Desktop/UnrealProjects/UnrealMMO/TimeTravel/Intermediate/Shaders/WorkingDirectory/7128/).
[2019.02.14-12.42.46:829][  0]LogShaderCompilers: Cleaned the shader compiler working directory 'C:/Users/MinLion/AppData/Local/Temp/UnrealShaderWorkingDir/0E521CEE478A1C1985CD6C83BE4947D4/'.
[2019.02.14-12.42.46:831][  0]LogXGEController: Cleaning working directory: C:/Users/MinLion/AppData/Local/Temp/UnrealXGEWorkingDir/
[2019.02.14-12.42.46:831][  0]LogXGEController: Cannot use XGE Controller as Incredibuild is not installed on this machine.
[2019.02.14-12.42.46:831][  0]LogShaderCompilers: Cannot use XGE Shader Compiler as Incredibuild is not installed on this machine.
[2019.02.14-12.42.46:831][  0]LogShaderCompilers: Display: Using Local Shader Compiler.
[2019.02.14-12.42.47:973][  0]LogDerivedDataCache: Display: Max Cache Size: 512 MB
[2019.02.14-12.42.48:147][  0]LogDerivedDataCache: Loaded boot cache 0.17s 72MB C:/Users/MinLion/AppData/Local/UnrealEngine/4.21/DerivedDataCache/Boot.ddc.
[2019.02.14-12.42.48:147][  0]LogDerivedDataCache: Display: Loaded Boot cache: C:/Users/MinLion/AppData/Local/UnrealEngine/4.21/DerivedDataCache/Boot.ddc
[2019.02.14-12.42.48:147][  0]LogDerivedDataCache: FDerivedDataBackendGraph:  Pak pak cache file ../../../../../../Users/MinLion/Desktop/UnrealProjects/UnrealMMO/TimeTravel/DerivedDataCache/DDC.ddp not found, will not use a pak cache.
[2019.02.14-12.42.48:147][  0]LogDerivedDataCache: Unable to find inner node Pak for hierarchical cache Hierarchy.
[2019.02.14-12.42.48:147][  0]LogDerivedDataCache: FDerivedDataBackendGraph:  CompressedPak pak cache file ../../../../../../Users/MinLion/Desktop/UnrealProjects/UnrealMMO/TimeTravel/DerivedDataCache/Compressed.ddp not found, will not use a pak cache.
[2019.02.14-12.42.48:147][  0]LogDerivedDataCache: Unable to find inner node CompressedPak for hierarchical cache Hierarchy.
[2019.02.14-12.42.48:163][  0]LogDerivedDataCache: Display: Pak cache opened for reading ../../../Engine/DerivedDataCache/Compressed.ddp.
[2019.02.14-12.42.48:163][  0]LogDerivedDataCache: FDerivedDataBackendGraph:  EnterprisePak pak cache file ../../../Enterprise/DerivedDataCache/Compressed.ddp not found, will not use a pak cache.
[2019.02.14-12.42.48:163][  0]LogDerivedDataCache: Unable to find inner node EnterprisePak for hierarchical cache Hierarchy.
[2019.02.14-12.42.48:177][  0]LogDerivedDataCache: Using Local data cache path C:/Users/MinLion/AppData/Local/UnrealEngine/Common/DerivedDataCache: Writable
[2019.02.14-12.42.48:177][  0]LogDerivedDataCache: Shared data cache path not found in *engine.ini, will not use an Shared cache.
[2019.02.14-12.42.48:177][  0]LogDerivedDataCache: Unable to find inner node Shared for hierarchical cache Hierarchy.
[2019.02.14-12.42.48:196][  0]LogMaterial: Verifying Global Shaders for PCD3D_SM5
[2019.02.14-12.42.48:201][  0]LogSlate: Using FreeType 2.6.0
[2019.02.14-12.42.48:208][  0]LogSlate: SlateFontServices - WITH_FREETYPE: 1, WITH_HARFBUZZ: 1
[2019.02.14-12.42.48:594][  0]LogAssetRegistry: FAssetRegistry took 0.0314 seconds to start up
[2019.02.14-12.42.48:885][  0]LogInit: Selected Device Profile: [Windows]
[2019.02.14-12.42.49:160][  0]LogSimplygon: Simplygon DLL not present - disabling.
[2019.02.14-12.42.49:194][  0]LogMeshReduction: Using SimplygonSwarm for distributed automatic mesh merging
[2019.02.14-12.42.49:194][  0]LogMeshReduction: Using ProxyLODMeshReduction for automatic mesh merging
[2019.02.14-12.42.49:194][  0]LogMeshReduction: Using QuadricMeshReduction for automatic static mesh reduction
[2019.02.14-12.42.49:194][  0]LogMeshReduction: No automatic skeletal mesh reduction module available
[2019.02.14-12.42.49:227][  0]LogNetVersion: TimeTravel 1.0.0, NetCL: 4541578, EngineNetVer: 5, GameNetVer: 0 (Checksum: 2724064776)
[2019.02.14-12.42.49:961][  0]LogPackageLocalizationCache: Processed 12 localized package path(s) for 2 prioritized culture(s) in 0.099968 seconds
[2019.02.14-12.42.49:967][  0]LogUObjectArray: 39775 objects as part of root set at end of initial load.
[2019.02.14-12.42.49:967][  0]LogUObjectAllocator: 6914664 out of 0 bytes used by permanent object pool.
[2019.02.14-12.42.49:967][  0]LogUObjectArray: CloseDisregardForGC: 0/0 objects in disregard for GC pool
[2019.02.14-12.42.54:154][  0]LogTcpMessaging: Initializing TcpMessaging bridge
[2019.02.14-12.42.54:174][  0]LogUdpMessaging: Initializing bridge on interface 0.0.0.0:0 to multicast group 230.0.0.1:6666.
[2019.02.14-12.42.55:251][  0]SourceControl: 소스 컨트롤이 꺼졌습니다.
[2019.02.14-12.42.55:251][  0]SourceControl: 소스 컨트롤이 꺼졌습니다.
[2019.02.14-12.42.55:271][  0]SourceControl: 소스 컨트롤이 꺼졌습니다.
[2019.02.14-12.42.55:279][  0]SourceControl: 소스 컨트롤이 꺼졌습니다.
[2019.02.14-12.42.55:742][  0]LogAndroidPermission: UAndroidPermissionCallbackProxy::GetInstance
[2019.02.14-12.42.55:870][  0]LogOcInput: OculusInput pre-init called
[2019.02.14-12.42.56:099][  0]LogEngine: Initializing Engine...
[2019.02.14-12.42.56:101][  0]LogHMD: Failed to initialize OpenVR with code 110
[2019.02.14-12.42.56:102][  0]LogStats: UGameplayTagsManager::ConstructGameplayTagTree: ImportINI prefixes -  0.000 s
[2019.02.14-12.42.56:102][  0]LogStats: UGameplayTagsManager::ConstructGameplayTagTree: Construct from data asset -  0.000 s
[2019.02.14-12.42.56:102][  0]LogStats: UGameplayTagsManager::ConstructGameplayTagTree: ImportINI -  0.000 s
[2019.02.14-12.42.56:102][  0]LogStats: UGameplayTagsManager::ConstructGameplayTagTree: GameplayTagTreeChangedEvent.Broadcast -  0.000 s
[2019.02.14-12.42.56:353][  0]LogInit: Initializing FReadOnlyCVARCache
[2019.02.14-12.42.56:392][  0]LogAIModule: Creating AISystem for world Untitled
[2019.02.14-12.42.56:426][  0]LogInit: XAudio2 using '스피커(Realtek High Definition Audio)' : 2 channels at 48 kHz using 32 bits per sample (channel mask 0x3)
[2019.02.14-12.42.56:477][  0]LogInit: FAudioDevice initialized.
[2019.02.14-12.42.56:477][  0]LogNetVersion: Set ProjectVersion to 1.0.0.0. Version Checksum will be recalculated on next use.
[2019.02.14-12.42.56:546][  0]LogDerivedDataCache: Saved boot cache 0.07s 73MB C:/Users/MinLion/AppData/Local/UnrealEngine/4.21/DerivedDataCache/Boot.ddc.
[2019.02.14-12.42.56:547][  0]LogInit: Texture streaming: Enabled
[2019.02.14-12.42.56:580][  0]LogEngineSessionManager: EngineSessionManager initialized
[2019.02.14-12.42.56:599][  0]LogWindowsTextInputMethodSystem: Display: IME system now activated using TSF (Microsoft 입력기).
[2019.02.14-12.42.56:648][  0]LogInit: Transaction tracking system initialized
[2019.02.14-12.42.56:744][  0]BlueprintLog: New page: 에디터 로드
[2019.02.14-12.42.57:059][  0]LocalizationService: 현지화 서비스가 비활성화되었습니다.
[2019.02.14-12.42.57:658][  0]LogCook: Display: Max memory allowance for cook 16384mb min free memory 0mb
[2019.02.14-12.42.57:658][  0]LogCook: Display: Mobile HDR setting 1
[2019.02.14-12.42.57:658][  0]LogGameplayTags: Display: UGameplayTagsManager::DoneAddingNativeTags. DelegateIsBound: 0
[2019.02.14-12.42.57:658][  0]LogStats: UGameplayTagsManager::ConstructGameplayTagTree: ImportINI prefixes -  0.000 s
[2019.02.14-12.42.57:658][  0]LogStats: UGameplayTagsManager::ConstructGameplayTagTree: Construct from data asset -  0.000 s
[2019.02.14-12.42.57:658][  0]LogStats: UGameplayTagsManager::ConstructGameplayTagTree: ImportINI -  0.000 s
[2019.02.14-12.42.57:658][  0]LogStats: UGameplayTagsManager::ConstructGameplayTagTree: GameplayTagTreeChangedEvent.Broadcast -  0.000 s
[2019.02.14-12.42.58:091][  0]LogFileCache: Scanning file cache for directory 'C:/Users/MinLion/Desktop/UnrealProjects/UnrealMMO/TimeTravel/Content/' took 0.03s
[2019.02.14-12.42.58:091][  0]SourceControl: 소스 컨트롤이 꺼졌습니다.
[2019.02.14-12.42.58:092][  0]Cmd: MAP LOAD FILE="../../../../../../Users/MinLion/Desktop/UnrealProjects/UnrealMMO/TimeTravel/Content/InfinityBladeGrassLands/Maps/TimeTravel.umap" TEMPLATE=0 SHOWPROGRESS=1 FEATURELEVEL=3
[2019.02.14-12.42.58:095][  0]LightingResults: New page: 라이팅 빌드
[2019.02.14-12.42.58:100][  0]MapCheck: New page: 맵 체크
[2019.02.14-12.42.58:100][  0]LightingResults: New page: 라이팅 빌드
[2019.02.14-12.42.59:193][  0]LogAIModule: Creating AISystem for world TimeTravel
[2019.02.14-12.42.59:227][  0]LogEditorServer: Finished looking for orphan Actors (0.000 secs)
[2019.02.14-12.42.59:254][  0]Cmd: MAP CHECKDEP NOCLEARLOG
[2019.02.14-12.42.59:254][  0]MapCheck: 맵 체크 완료: 오류 0 회, 경고 0 회, 소요 시간 0.213ms.
[2019.02.14-12.42.59:254][  0]LogFileHelpers: Loading map 'TimeTravel' took 1.163
[2019.02.14-12.42.59:384][  0]LogSlate: Updating window title bar state: overlay mode, drag disabled, window buttons hidden, title bar hidden
[2019.02.14-12.42.59:390][  0]LogSlate: Updating window title bar state: overlay mode, drag disabled, window buttons hidden, title bar hidden
[2019.02.14-12.42.59:396][  0]LogSlate: Updating window title bar state: overlay mode, drag disabled, window buttons hidden, title bar hidden
[2019.02.14-12.42.59:401][  0]LogSlate: Updating window title bar state: overlay mode, drag disabled, window buttons hidden, title bar hidden
[2019.02.14-12.42.59:417][  0]LogCollectionManager: Loaded 0 collections in 0.000786 seconds
[2019.02.14-12.42.59:461][  0]LogFileCache: Scanning file cache for directory 'C:/Users/MinLion/Desktop/UnrealProjects/UnrealMMO/TimeTravel/Saved/Collections/' took 0.01s
[2019.02.14-12.42.59:461][  0]LogFileCache: Scanning file cache for directory 'C:/Users/MinLion/Desktop/UnrealProjects/UnrealMMO/TimeTravel/Content/Developers/MinLion/Collections/' took 0.01s
[2019.02.14-12.42.59:461][  0]LogFileCache: Scanning file cache for directory 'C:/Users/MinLion/Desktop/UnrealProjects/UnrealMMO/TimeTravel/Content/Collections/' took 0.01s
[2019.02.14-12.42.59:461][  0]LogCollectionManager: Rebuilt the GUID cache for 0 collections in 0.000000 seconds
[2019.02.14-12.42.59:470][  0]LogContentBrowser: Native class hierarchy populated in 0.0081 seconds. Added 2659 classes and 622 folders.
[2019.02.14-12.42.59:477][  0]LogContentBrowser: Native class hierarchy updated for 'WidgetCarousel' in 0.0003 seconds. Added 0 classes and 0 folders.
[2019.02.14-12.42.59:492][  0]LogPakFile: Registered encryption key '00000000000000000000000000000000': 0 pak files mounted, 0 remain pending
[2019.02.14-12.42.59:496][  0]LogPakFile: Registered encryption key '00000000000000000000000000000000': 0 pak files mounted, 0 remain pending
[2019.02.14-12.42.59:498][  0]LogPakFile: Registered encryption key '00000000000000000000000000000000': 0 pak files mounted, 0 remain pending
[2019.02.14-12.42.59:500][  0]LogPakFile: Registered encryption key '00000000000000000000000000000000': 0 pak files mounted, 0 remain pending
[2019.02.14-12.42.59:502][  0]LogPakFile: Registered encryption key '00000000000000000000000000000000': 0 pak files mounted, 0 remain pending
[2019.02.14-12.42.59:505][  0]LogPakFile: Registered encryption key '00000000000000000000000000000000': 0 pak files mounted, 0 remain pending
[2019.02.14-12.42.59:507][  0]LogPakFile: Registered encryption key '00000000000000000000000000000000': 0 pak files mounted, 0 remain pending
[2019.02.14-12.42.59:509][  0]LogPakFile: Registered encryption key '00000000000000000000000000000000': 0 pak files mounted, 0 remain pending
[2019.02.14-12.42.59:511][  0]LogPakFile: Registered encryption key '00000000000000000000000000000000': 0 pak files mounted, 0 remain pending
[2019.02.14-12.42.59:514][  0]LogPakFile: Registered encryption key '00000000000000000000000000000000': 0 pak files mounted, 0 remain pending
[2019.02.14-12.42.59:516][  0]LogPakFile: Registered encryption key '00000000000000000000000000000000': 0 pak files mounted, 0 remain pending
[2019.02.14-12.42.59:518][  0]LogPakFile: Registered encryption key '00000000000000000000000000000000': 0 pak files mounted, 0 remain pending
[2019.02.14-12.42.59:520][  0]LogPakFile: Registered encryption key '00000000000000000000000000000000': 0 pak files mounted, 0 remain pending
[2019.02.14-12.42.59:522][  0]LogPakFile: Registered encryption key '00000000000000000000000000000000': 0 pak files mounted, 0 remain pending
[2019.02.14-12.42.59:524][  0]LogPakFile: Registered encryption key '00000000000000000000000000000000': 0 pak files mounted, 0 remain pending
[2019.02.14-12.42.59:526][  0]LogPakFile: Registered encryption key '00000000000000000000000000000000': 0 pak files mounted, 0 remain pending
[2019.02.14-12.42.59:528][  0]LogPakFile: Registered encryption key '00000000000000000000000000000000': 0 pak files mounted, 0 remain pending
[2019.02.14-12.42.59:531][  0]LogPakFile: Registered encryption key '00000000000000000000000000000000': 0 pak files mounted, 0 remain pending
[2019.02.14-12.42.59:533][  0]LogPakFile: Registered encryption key '00000000000000000000000000000000': 0 pak files mounted, 0 remain pending
[2019.02.14-12.42.59:535][  0]LogPakFile: Registered encryption key '00000000000000000000000000000000': 0 pak files mounted, 0 remain pending
[2019.02.14-12.42.59:537][  0]LogPakFile: Registered encryption key '00000000000000000000000000000000': 0 pak files mounted, 0 remain pending
[2019.02.14-12.42.59:539][  0]LogPakFile: Registered encryption key '00000000000000000000000000000000': 0 pak files mounted, 0 remain pending
[2019.02.14-12.42.59:541][  0]LogPakFile: Registered encryption key '00000000000000000000000000000000': 0 pak files mounted, 0 remain pending
[2019.02.14-12.42.59:544][  0]LogPakFile: Registered encryption key '00000000000000000000000000000000': 0 pak files mounted, 0 remain pending
[2019.02.14-12.42.59:546][  0]LogPakFile: Registered encryption key '00000000000000000000000000000000': 0 pak files mounted, 0 remain pending
[2019.02.14-12.42.59:548][  0]LogPakFile: Registered encryption key '00000000000000000000000000000000': 0 pak files mounted, 0 remain pending
[2019.02.14-12.42.59:706][  0]LogContentBrowser: Native class hierarchy updated for 'AddContentDialog' in 0.0003 seconds. Added 0 classes and 0 folders.
[2019.02.14-12.42.59:724][  0]LogContentBrowser: Native class hierarchy updated for 'SceneOutliner' in 0.0004 seconds. Added 1 classes and 2 folders.
[2019.02.14-12.42.59:762][  0]LogSlate: Took 0.003183 seconds to synchronously load lazily loaded font '../../../Engine/Content/Slate/Fonts/Roboto-Regular.ttf' (155K)
[2019.02.14-12.42.59:774][  0]LogSlate: Took 0.011204 seconds to synchronously load lazily loaded font '../../../Engine/Content/Editor/Slate/Fonts/NanumGothic.ttf' (4243K)
[2019.02.14-12.42.59:786][  0]LogSlate: Took 0.011045 seconds to synchronously load lazily loaded font '../../../Engine/Content/Editor/Slate/Fonts/NanumGothicBold.ttf' (4188K)
[2019.02.14-12.42.59:788][  0]LogSlate: Took 0.001938 seconds to synchronously load lazily loaded font '../../../Engine/Content/Slate/Fonts/Roboto-Bold.ttf' (160K)
[2019.02.14-12.42.59:794][  0]LogSlate: Took 0.001810 seconds to synchronously load lazily loaded font '../../../Engine/Content/Editor/Slate/Fonts/FontAwesome.ttf' (139K)
[2019.02.14-12.42.59:883][  0]LogRenderer: Reallocating scene render targets to support 1208x576 Format 10 NumSamples 1 (Frame:1).
[2019.02.14-12.43.00:011][  0]LogContentBrowser: Native class hierarchy updated for 'HierarchicalLODOutliner' in 0.0004 seconds. Added 0 classes and 0 folders.
[2019.02.14-12.43.00:011][  0]LogLoad: (Engine Initialization) Total time: 19.91 seconds
[2019.02.14-12.43.00:011][  0]LogLoad: (Engine Initialization) Total Blueprint compile time: 0.00 seconds
[2019.02.14-12.43.00:072][  0]LogContentStreaming: Texture pool size now 1000 MB
[2019.02.14-12.43.00:106][  0]LogSlate: Took 0.001971 seconds to synchronously load lazily loaded font '../../../Engine/Content/Slate/Fonts/Roboto-Light.ttf' (167K)
[2019.02.14-12.43.00:165][  1]LogAssetRegistry: Asset discovery search completed in 11.5934 seconds
[2019.02.14-12.43.00:167][  1]LogCollectionManager: Rebuilt the object cache for 0 collections in 0.000000 seconds (found 0 objects)
[2019.02.14-12.43.00:167][  1]LogCollectionManager: Fixed up redirectors for 0 collections in 0.000065 seconds (updated 0 objects)
[2019.02.14-12.43.10:539][ 92]LogSlate: FSceneViewport::OnFocusLost() reason 0
[2019.02.14-12.43.24:042][651]LogSlate: Took 0.000164 seconds to synchronously load lazily loaded font '../../../Engine/Content/Slate/Fonts/Roboto-Light.ttf' (167K)
[2019.02.14-12.43.24:048][651]LogAssetEditorManager: Opening Asset editor for SoundCue /Game/TimeTravel/Sounds/PlayerAttackSoundCue.PlayerAttackSoundCue
[2019.02.14-12.43.24:126][651]LogSlate: Took 0.002128 seconds to synchronously load lazily loaded font '../../../Engine/Content/Slate/Fonts/Roboto-BoldCondensed.ttf' (158K)
[2019.02.14-12.43.31:124][856]LogSlate: Window 'PlayerAttackSoundCue*' being destroyed
[2019.02.14-12.43.42:287][641]LogAudioDerivedData: Display: OGG 압축 오디오 포맷 SwordSwing 웨이브 빌드중...
[2019.02.14-12.43.42:300][641]LogAudioDerivedData: Display: Updated SoundWave->RawPCMDataSize from 0 to 21504 while cooking SoundWave /Game/TimeTravel/Sounds/SwordSwing.SwordSwing.
[2019.02.14-12.43.44:592][914]LogSavePackage: Moving '../../../../../../Users/MinLion/Desktop/UnrealProjects/UnrealMMO/TimeTravel/Saved/PlayerAttackSoundCue242383A54CF98D021450B09E30FADFC3.tmp' to '../../../../../../Users/MinLion/Desktop/UnrealProjects/UnrealMMO/TimeTravel/Content/TimeTravel/Sounds/PlayerAttackSoundCue.uasset'
[2019.02.14-12.43.58:352][552]LogAssetEditorManager: Opening Asset editor for SoundCue /Game/TimeTravel/Sounds/RobotAttackSoundCue.RobotAttackSoundCue
[2019.02.14-12.44.40:042][560]LogSavePackage: Moving '../../../../../../Users/MinLion/Desktop/UnrealProjects/UnrealMMO/TimeTravel/Saved/RobotAttackSoundCueB03BF2B04DEF38EF890D30947E0FA56A.tmp' to '../../../../../../Users/MinLion/Desktop/UnrealProjects/UnrealMMO/TimeTravel/Content/TimeTravel/Sounds/RobotAttackSoundCue.uasset'
[2019.02.14-12.44.57:111][581]LogAssetEditorManager: Opening Asset editor for SoundCue /Game/TimeTravel/Sounds/PlayerTakeHitSoundCue.PlayerTakeHitSoundCue
[2019.02.14-12.45.15:967][764]LogAudioDerivedData: Display: OGG 압축 오디오 포맷 Player_TakeHit 웨이브 빌드중...
[2019.02.14-12.45.15:973][764]LogAudioDerivedData: Display: Updated SoundWave->RawPCMDataSize from 0 to 26840 while cooking SoundWave /Game/TimeTravel/Sounds/Player_TakeHit.Player_TakeHit.
[2019.02.14-12.45.17:596][957]LogSavePackage: Moving '../../../../../../Users/MinLion/Desktop/UnrealProjects/UnrealMMO/TimeTravel/Saved/PlayerTakeHitSoundCueE9B7C5F34FAE0EF0E333588C8887C0FD.tmp' to '../../../../../../Users/MinLion/Desktop/UnrealProjects/UnrealMMO/TimeTravel/Content/TimeTravel/Sounds/PlayerTakeHitSoundCue.uasset'
[2019.02.14-12.45.18:376][ 50]LogSlate: Window 'PlayerTakeHitSoundCue' being destroyed
[2019.02.14-12.45.32:646][749]LogAssetEditorManager: Opening Asset editor for SoundCue /Game/TimeTravel/Sounds/PlayerDeathSoundCue.PlayerDeathSoundCue
[2019.02.14-12.45.57:068][224]LogAudioDerivedData: Display: OGG 압축 오디오 포맷 Player_Death 웨이브 빌드중...
[2019.02.14-12.45.57:083][224]LogAudioDerivedData: Display: Updated SoundWave->RawPCMDataSize from 0 to 114296 while cooking SoundWave /Game/TimeTravel/Sounds/Player_Death.Player_Death.
[2019.02.14-12.46.00:106][584]LogSavePackage: Moving '../../../../../../Users/MinLion/Desktop/UnrealProjects/UnrealMMO/TimeTravel/Saved/PlayerDeathSoundCue6B0BF7344AAD57B36C9BCD98CC178465.tmp' to '../../../../../../Users/MinLion/Desktop/UnrealProjects/UnrealMMO/TimeTravel/Content/TimeTravel/Sounds/PlayerDeathSoundCue.uasset'
[2019.02.14-12.46.01:197][714]LogSlate: Window 'PlayerDeathSoundCue' being destroyed
[2019.02.14-12.46.13:199][140]LogAssetEditorManager: Opening Asset editor for SoundCue /Game/TimeTravel/Sounds/RobotTakeHitSoundCue.RobotTakeHitSoundCue
[2019.02.14-12.46.22:672][266]LogAudioDerivedData: Display: OGG 압축 오디오 포맷 Robot_Vox_Hit 웨이브 빌드중...
[2019.02.14-12.46.22:683][266]LogAudioDerivedData: Display: Updated SoundWave->RawPCMDataSize from 0 to 61152 while cooking SoundWave /Game/TimeTravel/Sounds/Robot_Vox_Hit.Robot_Vox_Hit.
[2019.02.14-12.46.27:631][857]LogSavePackage: Moving '../../../../../../Users/MinLion/Desktop/UnrealProjects/UnrealMMO/TimeTravel/Saved/RobotTakeHitSoundCueC66CEFB84D646F2574233B9511FFB1FF.tmp' to '../../../../../../Users/MinLion/Desktop/UnrealProjects/UnrealMMO/TimeTravel/Content/TimeTravel/Sounds/RobotTakeHitSoundCue.uasset'
[2019.02.14-12.46.28:446][954]LogSlate: Window 'RobotTakeHitSoundCue' being destroyed
[2019.02.14-12.46.38:260][118]LogAssetEditorManager: Opening Asset editor for SoundCue /Game/TimeTravel/Sounds/RobotDeathSoundCue.RobotDeathSoundCue
[2019.02.14-12.46.48:476][332]LogAudioDerivedData: Display: OGG 압축 오디오 포맷 Robot_Vox_Death 웨이브 빌드중...
[2019.02.14-12.46.48:492][332]LogAudioDerivedData: Display: Updated SoundWave->RawPCMDataSize from 0 to 93184 while cooking SoundWave /Game/TimeTravel/Sounds/Robot_Vox_Death.Robot_Vox_Death.
[2019.02.14-12.46.50:717][597]LogSavePackage: Moving '../../../../../../Users/MinLion/Desktop/UnrealProjects/UnrealMMO/TimeTravel/Saved/RobotDeathSoundCue1901C9D44EF2EAC752650595160B512B.tmp' to '../../../../../../Users/MinLion/Desktop/UnrealProjects/UnrealMMO/TimeTravel/Content/TimeTravel/Sounds/RobotDeathSoundCue.uasset'
[2019.02.14-12.46.51:747][720]LogSlate: Window 'RobotDeathSoundCue' being destroyed
[2019.02.14-12.47.09:250][131]LogAssetEditorManager: Opening Asset editor for SoundCue /Game/TimeTravel/Sounds/PlayerFootStep.PlayerFootStep
[2019.02.14-12.47.47:972][412]LogAudioDerivedData: Display: OGG 압축 오디오 포맷 FootStep 웨이브 빌드중...
[2019.02.14-12.47.47:978][412]LogAudioDerivedData: Display: Updated SoundWave->RawPCMDataSize from 0 to 35624 while cooking SoundWave /Game/TimeTravel/Sounds/FootStep.FootStep.
[2019.02.14-12.47.49:249][563]LogSavePackage: Moving '../../../../../../Users/MinLion/Desktop/UnrealProjects/UnrealMMO/TimeTravel/Saved/PlayerFootStep39AF7646478B78947268429A8E96B8C8.tmp' to '../../../../../../Users/MinLion/Desktop/UnrealProjects/UnrealMMO/TimeTravel/Content/TimeTravel/Sounds/PlayerFootStep.uasset'
[2019.02.14-12.47.51:774][865]LogSlate: Window 'PlayerFootStep' being destroyed
[2019.02.14-12.48.00:355][881]LogAssetEditorManager: Opening Asset editor for SoundCue /Game/TimeTravel/Sounds/RobotFootStepSoundCue.RobotFootStepSoundCue
[2019.02.14-12.48.17:540][925]LogSavePackage: Moving '../../../../../../Users/MinLion/Desktop/UnrealProjects/UnrealMMO/TimeTravel/Saved/RobotFootStepSoundCue5771E3574CEFA0FD4FEDB0AA6CB4F6A0.tmp' to '../../../../../../Users/MinLion/Desktop/UnrealProjects/UnrealMMO/TimeTravel/Content/TimeTravel/Sounds/RobotFootStepSoundCue.uasset'
[2019.02.14-12.48.20:000][219]LogSlate: Window 'RobotFootStepSoundCue' being destroyed
[2019.02.14-12.48.43:748][549]LogAssetEditorManager: Opening Asset editor for SoundCue /Game/TimeTravel/Sounds/RobotFootStepSoundCue.RobotFootStepSoundCue
[2019.02.14-12.48.50:206][307]LogSlate: Window 'RobotFootStepSoundCue' being destroyed
[2019.02.14-12.49.11:359][585]LogSavePackage: Moving '../../../../../../Users/MinLion/Desktop/UnrealProjects/UnrealMMO/TimeTravel/Saved/FootStepAttenuation9D3C3E1D439DFBB8551611BA5F6F4936.tmp' to '../../../../../../Users/MinLion/Desktop/UnrealProjects/UnrealMMO/TimeTravel/Content/TimeTravel/Sounds/FootStepAttenuation.uasset'
[2019.02.14-12.49.13:410][812]LogAssetEditorManager: Opening Asset editor for SoundAttenuation /Game/TimeTravel/Sounds/FootStepAttenuation.FootStepAttenuation
[2019.02.14-12.49.15:004][996]LogSlate: Window 'FootStepAttenuation - 범용 애셋 에디터' being destroyed
[2019.02.14-12.49.39:651][828]LogSavePackage: Moving '../../../../../../Users/MinLion/Desktop/UnrealProjects/UnrealMMO/TimeTravel/Saved/FootStepAttenuation52449DD74D1217B058CC04B88A375DAA.tmp' to '../../../../../../Users/MinLion/Desktop/UnrealProjects/UnrealMMO/TimeTravel/Content/TimeTravel/Sounds/FootStepAttenuation.uasset'
[2019.02.14-12.49.46:428][622]LogAssetEditorManager: Opening Asset editor for SoundCue /Game/TimeTravel/Sounds/RobotFootStepSoundCue.RobotFootStepSoundCue
[2019.02.14-12.49.51:516][219]LogSavePackage: Moving '../../../../../../Users/MinLion/Desktop/UnrealProjects/UnrealMMO/TimeTravel/Saved/RobotFootStepSoundCue222AC0FF49C1C848A34F598AE0A835E8.tmp' to '../../../../../../Users/MinLion/Desktop/UnrealProjects/UnrealMMO/TimeTravel/Content/TimeTravel/Sounds/RobotFootStepSoundCue.uasset'
[2019.02.14-12.49.59:377][160]LogSlate: Window 'RobotFootStepSoundCue' being destroyed
[2019.02.14-13.31.56:525][155]LogSlate: Window 'TimeTravel - 언리얼 에디터' being destroyed
[2019.02.14-13.31.56:527][155]LogWindowsTextInputMethodSystem: Display: IME system now activated using TSF (Microsoft 입력기).
[2019.02.14-13.31.56:692][156]Cmd: QUIT_EDITOR
[2019.02.14-13.31.56:730][156]LogExit: Preparing to exit.
[2019.02.14-13.31.57:701][156]LogExit: Editor shut down
[2019.02.14-13.31.57:701][156]LogExit: Transaction tracking system shut down
[2019.02.14-13.31.57:960][156]LogExit: Object subsystem successfully closed.
[2019.02.14-13.31.57:981][156]LogShaderCompilers: Display: Shaders left to compile 0
[2019.02.14-13.31.57:983][156]LogD3D11RHI: Shutdown
[2019.02.14-13.31.57:983][156]LogD3D11RHI: CleanupD3DDevice
[2019.02.14-13.31.57:986][156]LogD3D11RHI: ~FD3D11DynamicRHI
[2019.02.14-13.31.58:024][156]LogModuleManager: Shutting down and abandoning module HierarchicalLODOutliner (626)
[2019.02.14-13.31.58:024][156]LogModuleManager: Shutting down and abandoning module SceneOutliner (624)
[2019.02.14-13.31.58:025][156]LogModuleManager: Shutting down and abandoning module AddContentDialog (622)
[2019.02.14-13.31.58:025][156]LogModuleManager: Shutting down and abandoning module WidgetCarousel (621)
[2019.02.14-13.31.58:025][156]LogModuleManager: Shutting down and abandoning module EditorWidgets (618)
[2019.02.14-13.31.58:025][156]LogModuleManager: Shutting down and abandoning module CollectionManager (616)
[2019.02.14-13.31.58:025][156]LogModuleManager: Shutting down and abandoning module StatsViewer (614)
[2019.02.14-13.31.58:025][156]LogModuleManager: Shutting down and abandoning module FoliageEdit (612)
[2019.02.14-13.31.58:025][156]LogModuleManager: Shutting down and abandoning module LandscapeEditor (610)
[2019.02.14-13.31.58:027][156]LogModuleManager: Shutting down and abandoning module MeshPaintMode (608)
[2019.02.14-13.31.58:027][156]LogModuleManager: Shutting down and abandoning module SceneDepthPickerMode (606)
[2019.02.14-13.31.58:027][156]LogModuleManager: Shutting down and abandoning module ActorPickerMode (604)
[2019.02.14-13.31.58:027][156]LogModuleManager: Shutting down and abandoning module GeometryMode (602)
[2019.02.14-13.31.58:027][156]LogModuleManager: Shutting down and abandoning module TextureAlignMode (600)
[2019.02.14-13.31.58:027][156]LogModuleManager: Shutting down and abandoning module BspMode (598)
[2019.02.14-13.31.58:027][156]LogModuleManager: Shutting down and abandoning module PIEPreviewDeviceProfileSelector (596)
[2019.02.14-13.31.58:027][156]LogModuleManager: Shutting down and abandoning module SequenceRecorderSections (594)
[2019.02.14-13.31.58:027][156]LogModuleManager: Shutting down and abandoning module AutomationWorker (592)
[2019.02.14-13.31.58:027][156]LogModuleManager: Shutting down and abandoning module AudioCaptureEditor (590)
[2019.02.14-13.31.58:027][156]LogModuleManager: Shutting down and abandoning module MatineeToLevelSequence (588)
[2019.02.14-13.31.58:027][156]LogModuleManager: Shutting down and abandoning module LevelSequenceEditor (586)
[2019.02.14-13.31.58:027][156]LogModuleManager: Shutting down and abandoning module PlacementMode (585)
[2019.02.14-13.31.58:027][156]LogModuleManager: Shutting down and abandoning module MaterialEditor (584)
[2019.02.14-13.31.58:028][156]LogModuleManager: Shutting down and abandoning module WmfMediaFactory (580)
[2019.02.14-13.31.58:028][156]LogModuleManager: Shutting down and abandoning module WmfMediaEditor (578)
[2019.02.14-13.31.58:028][156]LogModuleManager: Shutting down and abandoning module WebMMediaFactory (576)
[2019.02.14-13.31.58:028][156]LogModuleManager: Shutting down and abandoning module WebMMediaEditor (574)
[2019.02.14-13.31.58:028][156]LogModuleManager: Shutting down and abandoning module WebMMedia (572)
[2019.02.14-13.31.58:028][156]LogModuleManager: Shutting down and abandoning module MediaPlayerEditor (570)
[2019.02.14-13.31.58:028][156]LogModuleManager: Shutting down and abandoning module MediaCompositingEditor (568)
[2019.02.14-13.31.58:029][156]LogModuleManager: Shutting down and abandoning module SequenceRecorder (567)
[2019.02.14-13.31.58:029][156]LogModuleManager: Shutting down and abandoning module OpenExrWrapper (564)
[2019.02.14-13.31.58:029][156]LogModuleManager: Shutting down and abandoning module ImgMediaFactory (562)
[2019.02.14-13.31.58:029][156]LogModuleManager: Shutting down and abandoning module ImgMediaEditor (560)
[2019.02.14-13.31.58:029][156]LogModuleManager: Shutting down and abandoning module AvfMediaFactory (558)
[2019.02.14-13.31.58:030][156]LogModuleManager: Shutting down and abandoning module AvfMediaEditor (556)
[2019.02.14-13.31.58:030][156]LogModuleManager: Shutting down and abandoning module AndroidMediaFactory (554)
[2019.02.14-13.31.58:030][156]LogModuleManager: Shutting down and abandoning module AndroidMediaEditor (552)
[2019.02.14-13.31.58:030][156]LogModuleManager: Shutting down and abandoning module MagicLeapCameraPreviewFactory (550)
[2019.02.14-13.31.58:030][156]LogModuleManager: Shutting down and abandoning module MagicLeapMediaFactory (548)
[2019.02.14-13.31.58:030][156]LogModuleManager: Shutting down and abandoning module MagicLeapMediaEditor (546)
[2019.02.14-13.31.58:030][156]LogModuleManager: Shutting down and abandoning module CharacterAI (544)
[2019.02.14-13.31.58:030][156]LogModuleManager: Shutting down and abandoning module SmartSnapping (542)
[2019.02.14-13.31.58:030][156]LogModuleManager: Shutting down and abandoning module SessionServices (540)
[2019.02.14-13.31.58:030][156]LogModuleManager: Shutting down and abandoning module ViewportSnapping (538)
[2019.02.14-13.31.58:030][156]LogModuleManager: Shutting down and abandoning module ViewportInteraction (536)
[2019.02.14-13.31.58:030][156]LogModuleManager: Shutting down and abandoning module ClothPainter (534)
[2019.02.14-13.31.58:030][156]LogModuleManager: Shutting down and abandoning module SkeletalMeshEditor (533)
[2019.02.14-13.31.58:030][156]LogModuleManager: Shutting down and abandoning module LogVisualizer (530)
[2019.02.14-13.31.58:030][156]LogModuleManager: Shutting down and abandoning module IntroTutorials (528)
[2019.02.14-13.31.58:031][156]LogModuleManager: Shutting down and abandoning module GameProjectGeneration (527)
[2019.02.14-13.31.58:032][156]LogModuleManager: Shutting down and abandoning module LuminPlatformEditor (524)
[2019.02.14-13.31.58:032][156]LogModuleManager: Shutting down and abandoning module IOSPlatformEditor (522)
[2019.02.14-13.31.58:032][156]LogModuleManager: Shutting down and abandoning module HTML5PlatformEditor (520)
[2019.02.14-13.31.58:032][156]LogModuleManager: Shutting down and abandoning module AndroidPlatformEditor (518)
[2019.02.14-13.31.58:032][156]LogModuleManager: Shutting down and abandoning module AndroidDeviceDetection (517)
[2019.02.14-13.31.58:942][156]LogModuleManager: Shutting down and abandoning module WindowsPlatformEditor (514)
[2019.02.14-13.31.58:942][156]LogModuleManager: Shutting down and abandoning module LuminRuntimeSettings (512)
[2019.02.14-13.31.58:942][156]LogModuleManager: Shutting down and abandoning module IOSRuntimeSettings (510)
[2019.02.14-13.31.58:942][156]LogModuleManager: Shutting down and abandoning module AndroidRuntimeSettings (508)
[2019.02.14-13.31.58:942][156]LogModuleManager: Shutting down and abandoning module TimeManagementEditor (506)
[2019.02.14-13.31.58:942][156]LogModuleManager: Shutting down and abandoning module InputBindingEditor (504)
[2019.02.14-13.31.58:942][156]LogModuleManager: Shutting down and abandoning module MergeActors (502)
[2019.02.14-13.31.58:942][156]LogModuleManager: Shutting down and abandoning module LocalizationDashboard (500)
[2019.02.14-13.31.58:943][156]LogModuleManager: Shutting down and abandoning module LocalizationService (499)
[2019.02.14-13.31.58:943][156]LogModuleManager: Shutting down and abandoning module HardwareTargeting (496)
[2019.02.14-13.31.58:943][156]LogModuleManager: Shutting down and abandoning module DeviceProfileEditor (494)
[2019.02.14-13.31.58:943][156]LogModuleManager: Shutting down and abandoning module UndoHistory (492)
[2019.02.14-13.31.58:943][156]LogModuleManager: Shutting down and abandoning module XmlParser (490)
[2019.02.14-13.31.58:943][156]LogModuleManager: Shutting down and abandoning module Blutility (488)
[2019.02.14-13.31.58:943][156]LogModuleManager: Shutting down and abandoning module ProjectSettingsViewer (486)
[2019.02.14-13.31.58:943][156]LogModuleManager: Shutting down and abandoning module ProjectTargetPlatformEditor (485)
[2019.02.14-13.31.58:943][156]LogModuleManager: Shutting down and abandoning module EditorSettingsViewer (482)
[2019.02.14-13.31.58:943][156]LogModuleManager: Shutting down and abandoning module SettingsEditor (480)
[2019.02.14-13.31.58:943][156]LogModuleManager: Shutting down and abandoning module ProjectLauncher (478)
[2019.02.14-13.31.58:943][156]LogModuleManager: Shutting down and abandoning module SessionFrontend (476)
[2019.02.14-13.31.58:943][156]LogModuleManager: Shutting down and abandoning module ProfilerClient (474)
[2019.02.14-13.31.58:943][156]LogModuleManager: Shutting down and abandoning module DeviceManager (472)
[2019.02.14-13.31.58:943][156]LogModuleManager: Shutting down and abandoning module TargetDeviceServices (471)
[2019.02.14-13.31.58:999][156]LogModuleManager: Shutting down and abandoning module AutomationController (468)
[2019.02.14-13.31.58:999][156]LogModuleManager: Shutting down and abandoning module AutomationWindow (466)
[2019.02.14-13.31.58:999][156]LogModuleManager: Shutting down and abandoning module Layers (464)
[2019.02.14-13.31.58:999][156]LogModuleManager: Shutting down and abandoning module ComponentVisualizers (462)
[2019.02.14-13.31.58:999][156]LogModuleManager: Shutting down and abandoning module DetailCustomizations (460)
[2019.02.14-13.31.58:999][156]LogModuleManager: Shutting down and abandoning module PackagesDialog (458)
[2019.02.14-13.31.59:000][156]LogModuleManager: Shutting down and abandoning module Persona (456)
[2019.02.14-13.31.59:000][156]LogModuleManager: Shutting down and abandoning module AdvancedPreviewScene (455)
[2019.02.14-13.31.59:000][156]LogModuleManager: Shutting down and abandoning module AnimGraph (453)
[2019.02.14-13.31.59:000][156]LogModuleManager: Shutting down and abandoning module Kismet (450)
[2019.02.14-13.31.59:003][156]LogModuleManager: Shutting down and abandoning module GraphEditor (448)
[2019.02.14-13.31.59:003][156]LogModuleManager: Shutting down and abandoning module ClassViewer (446)
[2019.02.14-13.31.59:003][156]LogModuleManager: Shutting down and abandoning module Toolbox (444)
[2019.02.14-13.31.59:003][156]LogModuleManager: Shutting down and abandoning module DesktopPlatform (443)
[2019.02.14-13.31.59:003][156]LogModuleManager: Shutting down and abandoning module ModuleUI (440)
[2019.02.14-13.31.59:003][156]LogModuleManager: Shutting down and abandoning module MovieSceneTools (438)
[2019.02.14-13.31.59:003][156]LogModuleManager: Shutting down and abandoning module OutputLog (436)
[2019.02.14-13.31.59:003][156]LogModuleManager: Shutting down and abandoning module GammaUI (434)
[2019.02.14-13.31.59:003][156]LogModuleManager: Shutting down and abandoning module Documentation (432)
[2019.02.14-13.31.59:003][156]LogModuleManager: Shutting down and abandoning module MovieSceneTracks (430)
[2019.02.14-13.31.59:003][156]LogModuleManager: Shutting down and abandoning module MovieScene (428)
[2019.02.14-13.31.59:003][156]LogModuleManager: Shutting down and abandoning module StreamingPauseRendering (426)
[2019.02.14-13.31.59:003][156]LogModuleManager: Shutting down and abandoning module LauncherPlatform (424)
[2019.02.14-13.31.59:003][156]LogModuleManager: Shutting down and abandoning module AnalyticsET (422)
[2019.02.14-13.31.59:003][156]LogModuleManager: Shutting down and abandoning module PortalServices (420)
[2019.02.14-13.31.59:003][156]LogModuleManager: Shutting down and abandoning module PortalRpc (418)
[2019.02.14-13.31.59:003][156]LogModuleManager: Shutting down and abandoning module MessagingRpc (416)
[2019.02.14-13.31.59:003][156]LogModuleManager: Shutting down and abandoning module AIModule (414)
[2019.02.14-13.31.59:004][156]LogModuleManager: Shutting down and abandoning module GameplayDebugger (413)
[2019.02.14-13.31.59:004][156]LogModuleManager: Shutting down and abandoning module AITestSuite (411)
[2019.02.14-13.31.59:004][156]LogModuleManager: Shutting down and abandoning module NavigationSystem (409)
[2019.02.14-13.31.59:004][156]LogModuleManager: Shutting down and abandoning module ImageWriteQueue (406)
[2019.02.14-13.31.59:006][156]LogModuleManager: Shutting down and abandoning module ProfilerService (404)
[2019.02.14-13.31.59:186][156]LogModuleManager: Shutting down and abandoning module TaskGraph (402)
[2019.02.14-13.31.59:186][156]LogModuleManager: Shutting down and abandoning module Climb (400)
[2019.02.14-13.31.59:186][156]LogModuleManager: Shutting down and abandoning module SteamVRController (398)
[2019.02.14-13.31.59:186][156]LogModuleManager: Shutting down and abandoning module ProceduralMeshComponentEditor (396)
[2019.02.14-13.31.59:186][156]LogModuleManager: Shutting down and abandoning module ProceduralMeshComponent (394)
[2019.02.14-13.31.59:186][156]LogModuleManager: Shutting down and abandoning module OculusInput (392)
[2019.02.14-13.31.59:186][156]LogModuleManager: Shutting down and abandoning module MobilePatchingUtils (390)
[2019.02.14-13.31.59:186][156]LogModuleManager: Shutting down and abandoning module EditableMesh (388)
[2019.02.14-13.31.59:186][156]LogModuleManager: Shutting down and abandoning module CustomMeshComponent (386)
[2019.02.14-13.31.59:187][156]LogModuleManager: Shutting down and abandoning module CableComponent (384)
[2019.02.14-13.31.59:187][156]LogModuleManager: Shutting down and abandoning module AudioCapture (382)
[2019.02.14-13.31.59:187][156]LogModuleManager: Shutting down and abandoning module ArchVisCharacter (380)
[2019.02.14-13.31.59:187][156]LogModuleManager: Shutting down and abandoning module AndroidPermission (378)
[2019.02.14-13.31.59:187][156]LogModuleManager: Shutting down and abandoning module NUTUnrealEngine4 (376)
[2019.02.14-13.31.59:187][156]LogModuleManager: Shutting down and abandoning module NetcodeUnitTest (374)
[2019.02.14-13.31.59:187][156]LogModuleManager: Shutting down and abandoning module MediaCompositing (372)
[2019.02.14-13.31.59:187][156]LogModuleManager: Shutting down and abandoning module LinearTimecode (370)
[2019.02.14-13.31.59:187][156]LogModuleManager: Shutting down and abandoning module ImgMedia (368)
[2019.02.14-13.31.59:190][156]LogModuleManager: Shutting down and abandoning module HTML5Networking (366)
[2019.02.14-13.31.59:190][156]LogModuleManager: Shutting down and abandoning module GeometryCacheTracks (364)
[2019.02.14-13.31.59:190][156]LogModuleManager: Shutting down and abandoning module GeometryCacheSequencer (362)
[2019.02.14-13.31.59:190][156]LogModuleManager: Shutting down and abandoning module BackChannel (360)
[2019.02.14-13.31.59:190][156]LogModuleManager: Shutting down and abandoning module AppleVision (358)
[2019.02.14-13.31.59:190][156]LogModuleManager: Shutting down and abandoning module AppleImageUtilsBlueprintSupport (356)
[2019.02.14-13.31.59:190][156]LogModuleManager: Shutting down and abandoning module AppleImageUtils (354)
[2019.02.14-13.31.59:190][156]LogModuleManager: Shutting down and abandoning module AlembicImporter (352)
[2019.02.14-13.31.59:190][156]LogModuleManager: Shutting down and abandoning module AlembicLibrary (351)
[2019.02.14-13.31.59:190][156]LogModuleManager: Shutting down and abandoning module GeometryCache (350)
[2019.02.14-13.31.59:190][156]LogModuleManager: Shutting down and abandoning module GeometryCacheEd (349)
[2019.02.14-13.31.59:190][156]LogModuleManager: Shutting down and abandoning module VariantManagerContent (344)
[2019.02.14-13.31.59:190][156]LogModuleManager: Shutting down and abandoning module DatasmithContentEditor (342)
[2019.02.14-13.31.59:190][156]LogModuleManager: Shutting down and abandoning module SpeedTreeImporter (340)
[2019.02.14-13.31.59:190][156]LogModuleManager: Shutting down and abandoning module PluginBrowser (338)
[2019.02.14-13.31.59:191][156]LogModuleManager: Shutting down and abandoning module MobileLauncherProfileWizard (336)
[2019.02.14-13.31.59:191][156]LogModuleManager: Shutting down and abandoning module PolygonModeling (334)
[2019.02.14-13.31.59:191][156]LogModuleManager: Shutting down and abandoning module MeshEditor (332)
[2019.02.14-13.31.59:191][156]LogModuleManager: Shutting down and abandoning module CryptoKeysOpenSSL (330)
[2019.02.14-13.31.59:191][156]LogModuleManager: Shutting down and abandoning module CryptoKeys (328)
[2019.02.14-13.31.59:191][156]LogModuleManager: Shutting down and abandoning module VisualStudioSourceCodeAccess (326)
[2019.02.14-13.31.59:191][156]LogModuleManager: Shutting down and abandoning module VisualStudioCodeSourceCodeAccess (324)
[2019.02.14-13.31.59:191][156]LogModuleManager: Shutting down and abandoning module UObjectPlugin (322)
[2019.02.14-13.31.59:192][156]LogModuleManager: Shutting down and abandoning module SubversionSourceControl (320)
[2019.02.14-13.31.59:192][156]LogModuleManager: Shutting down and abandoning module PerforceSourceControl (318)
[2019.02.14-13.31.59:193][156]LogModuleManager: Shutting down and abandoning module GitSourceControl (316)
[2019.02.14-13.31.59:193][156]LogModuleManager: Shutting down and abandoning module SourceControl (315)
[2019.02.14-13.31.59:193][156]LogModuleManager: Shutting down and abandoning module CLionSourceCodeAccess (312)
[2019.02.14-13.31.59:193][156]LogModuleManager: Shutting down and abandoning module ActorLayerUtilitiesEditor (310)
[2019.02.14-13.31.59:193][156]LogModuleManager: Shutting down and abandoning module ActorLayerUtilities (308)
[2019.02.14-13.31.59:193][156]LogModuleManager: Shutting down and abandoning module LightPropagationVolumeEditor (306)
[2019.02.14-13.31.59:193][156]LogModuleManager: Shutting down and abandoning module PaperTiledImporter (304)
[2019.02.14-13.31.59:193][156]LogModuleManager: Shutting down and abandoning module PaperSpriteSheetImporter (302)
[2019.02.14-13.31.59:193][156]LogModuleManager: Shutting down and abandoning module Paper2DEditor (300)
[2019.02.14-13.31.59:194][156]LogModuleManager: Shutting down and abandoning module MeshPaint (299)
[2019.02.14-13.31.59:194][156]LogModuleManager: Shutting down and abandoning module TimeTravel (296)
[2019.02.14-13.31.59:194][156]LogModuleManager: Shutting down and abandoning module RuntimePhysXCooking (294)
[2019.02.14-13.31.59:194][156]LogModuleManager: Shutting down and abandoning module PhysXVehiclesEditor (292)
[2019.02.14-13.31.59:194][156]LogModuleManager: Shutting down and abandoning module PhysXVehicles (290)
[2019.02.14-13.31.59:194][156]LogModuleManager: Shutting down and abandoning module OculusEditor (288)
[2019.02.14-13.31.59:194][156]LogModuleManager: Shutting down and abandoning module LocationServicesBPLibrary (286)
[2019.02.14-13.31.59:194][156]LogModuleManager: Shutting down and abandoning module ActorSequence (284)
[2019.02.14-13.31.59:194][156]LogModuleManager: Shutting down and abandoning module UdpMessaging (282)
[2019.02.14-13.31.59:294][156]LogModuleManager: Shutting down and abandoning module TcpMessaging (280)
[2019.02.14-13.31.59:395][156]LogModuleManager: Shutting down and abandoning module MagicLeapAudio (278)
[2019.02.14-13.31.59:395][156]LogModuleManager: Shutting down and abandoning module GameplayTagsEditor (276)
[2019.02.14-13.31.59:395][156]LogModuleManager: Shutting down and abandoning module FacialAnimationEditor (274)
[2019.02.14-13.31.59:395][156]LogModuleManager: Shutting down and abandoning module FacialAnimation (272)
[2019.02.14-13.31.59:395][156]LogModuleManager: Shutting down and abandoning module DataValidation (270)
[2019.02.14-13.31.59:395][156]LogModuleManager: Shutting down and abandoning module AssetManagerEditor (268)
[2019.02.14-13.31.59:395][156]LogModuleManager: Shutting down and abandoning module LevelEditor (267)
[2019.02.14-13.31.59:396][156]LogModuleManager: Shutting down and abandoning module PixelInspectorModule (266)
[2019.02.14-13.31.59:396][156]LogModuleManager: Shutting down and abandoning module CommonMenuExtensions (264)
[2019.02.14-13.31.59:396][156]LogModuleManager: Shutting down and abandoning module MainFrame (262)
[2019.02.14-13.31.59:396][156]LogModuleManager: Shutting down and abandoning module HotReload (261)
[2019.02.14-13.31.59:396][156]LogModuleManager: Shutting down and abandoning module ContentBrowser (257)
[2019.02.14-13.31.59:397][156]LogModuleManager: Shutting down and abandoning module TreeMap (255)
[2019.02.14-13.31.59:397][156]LogModuleManager: Shutting down and abandoning module LightPropagationVolumeRuntime (252)
[2019.02.14-13.31.59:397][156]LogModuleManager: Shutting down and abandoning module AISupportModule (250)
[2019.02.14-13.31.59:397][156]LogModuleManager: Shutting down and abandoning module Paper2D (248)
[2019.02.14-13.31.59:397][156]LogModuleManager: Shutting down and abandoning module WindowsMoviePlayer (246)
[2019.02.14-13.31.59:397][156]LogModuleManager: Shutting down and abandoning module WebMMoviePlayer (244)
[2019.02.14-13.31.59:397][156]LogModuleManager: Shutting down and abandoning module WmfMedia (242)
[2019.02.14-13.31.59:398][156]LogModuleManager: Shutting down and abandoning module Media (241)
[2019.02.14-13.31.59:404][156]LogModuleManager: Shutting down and abandoning module PacketHandler (238)
[2019.02.14-13.31.59:404][156]LogModuleManager: Shutting down and abandoning module ClothingSystemEditor (236)
[2019.02.14-13.31.59:404][156]LogModuleManager: Shutting down and abandoning module ClothingSystemRuntime (234)
[2019.02.14-13.31.59:404][156]LogModuleManager: Shutting down and abandoning module MediaAssets (232)
[2019.02.14-13.31.59:404][156]LogModuleManager: Shutting down and abandoning module Overlay (230)
[2019.02.14-13.31.59:404][156]LogModuleManager: Shutting down and abandoning module OverlayEditor (229)
[2019.02.14-13.31.59:404][156]LogModuleManager: Shutting down and abandoning module VREditor (226)
[2019.02.14-13.31.59:405][156]LogModuleManager: Shutting down and abandoning module StringTableEditor (224)
[2019.02.14-13.31.59:405][156]LogModuleManager: Shutting down and abandoning module GameplayTasksEditor (222)
[2019.02.14-13.31.59:405][156]LogModuleManager: Shutting down and abandoning module BehaviorTreeEditor (220)
[2019.02.14-13.31.59:405][156]LogModuleManager: Shutting down and abandoning module FunctionalTesting (218)
[2019.02.14-13.31.59:405][156]LogModuleManager: Shutting down and abandoning module CollisionAnalyzer (216)
[2019.02.14-13.31.59:405][156]LogModuleManager: Shutting down and abandoning module WorkspaceMenuStructure (215)
[2019.02.14-13.31.59:405][156]LogModuleManager: Shutting down and abandoning module UMG (212)
[2019.02.14-13.31.59:405][156]LogModuleManager: Shutting down and abandoning module UMGEditor (211)
[2019.02.14-13.31.59:406][156]LogModuleManager: Shutting down and abandoning module Sequencer (210)
[2019.02.14-13.31.59:408][156]LogModuleManager: Shutting down and abandoning module MessageLog (207)
[2019.02.14-13.31.59:408][156]LogModuleManager: Shutting down and abandoning module SlateReflector (202)
[2019.02.14-13.31.59:409][156]LogModuleManager: Shutting down and abandoning module Slate (200)
[2019.02.14-13.31.59:409][156]LogModuleManager: Shutting down and abandoning module EditorStyle (198)
[2019.02.14-13.31.59:410][156]LogModuleManager: Shutting down and abandoning module MRMesh (196)
[2019.02.14-13.31.59:410][156]LogModuleManager: Shutting down and abandoning module SourceCodeAccess (194)
[2019.02.14-13.31.59:410][156]LogModuleManager: Shutting down and abandoning module HeadMountedDisplay (192)
[2019.02.14-13.31.59:410][156]LogModuleManager: Shutting down and abandoning module XAudio2 (190)
[2019.02.14-13.31.59:410][156]LogModuleManager: Shutting down and abandoning module Networking (188)
[2019.02.14-13.31.59:410][156]LogModuleManager: Shutting down and abandoning module Core (186)
[2019.02.14-13.31.59:410][156]LogModuleManager: Shutting down and abandoning module LevelSequence (184)
[2019.02.14-13.31.59:410][156]LogModuleManager: Shutting down and abandoning module KismetCompiler (182)
[2019.02.14-13.31.59:410][156]LogModuleManager: Shutting down and abandoning module MeshUtilities (180)
[2019.02.14-13.31.59:411][156]LogModuleManager: Shutting down and abandoning module MeshMergeUtilities (179)
[2019.02.14-13.31.59:411][156]LogModuleManager: Shutting down and abandoning module MeshReductionInterface (178)
[2019.02.14-13.31.59:411][156]LogModuleManager: Shutting down and abandoning module SimplygonSwarm (177)
[2019.02.14-13.31.59:411][156]LogModuleManager: Shutting down and abandoning module ProxyLODMeshReduction (175)
[2019.02.14-13.31.59:411][156]LogModuleManager: Shutting down and abandoning module SimplygonMeshReduction (173)
[2019.02.14-13.31.59:411][156]LogModuleManager: Shutting down and abandoning module QuadricMeshReduction (171)
[2019.02.14-13.31.59:411][156]LogModuleManager: Shutting down and abandoning module MaterialBaking (167)
[2019.02.14-13.31.59:411][156]LogModuleManager: Shutting down and abandoning module DirectoryWatcher (163)
[2019.02.14-13.31.59:411][156]LogModuleManager: Shutting down and abandoning module DerivedDataCache (160)
[2019.02.14-13.31.59:496][156]LogDerivedDataCache: Shutdown
[2019.02.14-13.31.59:496][156]LogModuleManager: Shutting down and abandoning module XGEController (158)
[2019.02.14-13.31.59:496][156]LogXGEController: Cleaning working directory: C:/Users/MinLion/AppData/Local/Temp/UnrealXGEWorkingDir/
[2019.02.14-13.31.59:496][156]LogModuleManager: Shutting down and abandoning module TargetPlatform (156)
[2019.02.14-13.31.59:496][156]LogModuleManager: Shutting down and abandoning module VulkanShaderFormat (155)
[2019.02.14-13.31.59:496][156]LogModuleManager: Shutting down and abandoning module ShaderFormatVectorVM (153)
[2019.02.14-13.31.59:496][156]LogModuleManager: Shutting down and abandoning module ShaderFormatOpenGL (151)
[2019.02.14-13.31.59:496][156]LogModuleManager: Shutting down and abandoning module ShaderFormatD3D (149)
[2019.02.14-13.31.59:496][156]LogModuleManager: Shutting down and abandoning module MetalShaderFormat (147)
[2019.02.14-13.31.59:496][156]LogModuleManager: Shutting down and abandoning module TextureFormatUncompressed (145)
[2019.02.14-13.31.59:496][156]LogModuleManager: Shutting down and abandoning module TextureFormatPVR (143)
[2019.02.14-13.31.59:496][156]LogModuleManager: Shutting down and abandoning module TextureFormatDXT (141)
[2019.02.14-13.31.59:496][156]LogModuleManager: Shutting down and abandoning module TextureFormatIntelISPCTexComp (139)
[2019.02.14-13.31.59:497][156]LogModuleManager: Shutting down and abandoning module TextureFormatASTC (137)
[2019.02.14-13.31.59:497][156]LogModuleManager: Shutting down and abandoning module ImageWrapper (136)
[2019.02.14-13.31.59:497][156]LogModuleManager: Shutting down and abandoning module TextureFormatAndroid (133)
[2019.02.14-13.31.59:497][156]LogModuleManager: Shutting down and abandoning module AudioFormatOpus (131)
[2019.02.14-13.31.59:497][156]LogModuleManager: Shutting down and abandoning module AudioFormatOgg (129)
[2019.02.14-13.31.59:497][156]LogModuleManager: Shutting down and abandoning module AudioFormatADPCM (127)
[2019.02.14-13.31.59:497][156]LogModuleManager: Shutting down and abandoning module LuminTargetPlatform (125)
[2019.02.14-13.31.59:497][156]LogModuleManager: Shutting down and abandoning module LinuxTargetPlatform (123)
[2019.02.14-13.31.59:497][156]LogModuleManager: Shutting down and abandoning module LinuxServerTargetPlatform (121)
[2019.02.14-13.31.59:497][156]LogModuleManager: Shutting down and abandoning module LinuxNoEditorTargetPlatform (119)
[2019.02.14-13.31.59:497][156]LogModuleManager: Shutting down and abandoning module LinuxClientTargetPlatform (117)
[2019.02.14-13.31.59:497][156]LogModuleManager: Shutting down and abandoning module TVOSTargetPlatform (115)
[2019.02.14-13.31.59:498][156]LogModuleManager: Shutting down and abandoning module Messaging (113)
[2019.02.14-13.31.59:498][156]LogModuleManager: Shutting down and abandoning module IOSTargetPlatform (111)
[2019.02.14-13.31.59:498][156]LogModuleManager: Shutting down and abandoning module HTML5TargetPlatform (109)
[2019.02.14-13.31.59:498][156]LogModuleManager: Shutting down and abandoning module AndroidTargetPlatform (107)
[2019.02.14-13.31.59:502][156]LogModuleManager: Shutting down and abandoning module WindowsTargetPlatform (105)
[2019.02.14-13.31.59:502][156]LogModuleManager: Shutting down and abandoning module WindowsServerTargetPlatform (103)
[2019.02.14-13.31.59:502][156]LogModuleManager: Shutting down and abandoning module WindowsNoEditorTargetPlatform (101)
[2019.02.14-13.31.59:502][156]LogModuleManager: Shutting down and abandoning module WindowsClientTargetPlatform (99)
[2019.02.14-13.31.59:502][156]LogModuleManager: Shutting down and abandoning module MacTargetPlatform (97)
[2019.02.14-13.31.59:502][156]LogModuleManager: Shutting down and abandoning module MacServerTargetPlatform (95)
[2019.02.14-13.31.59:502][156]LogModuleManager: Shutting down and abandoning module MacNoEditorTargetPlatform (93)
[2019.02.14-13.31.59:502][156]LogModuleManager: Shutting down and abandoning module MacClientTargetPlatform (91)
[2019.02.14-13.31.59:502][156]LogModuleManager: Shutting down and abandoning module AllDesktopTargetPlatform (89)
[2019.02.14-13.31.59:502][156]LogModuleManager: Shutting down and abandoning module InputCore (86)
[2019.02.14-13.31.59:502][156]LogModuleManager: Shutting down and abandoning module Settings (84)
[2019.02.14-13.31.59:502][156]LogModuleManager: Shutting down and abandoning module PhysXCooking (82)
[2019.02.14-13.31.59:502][156]LogModuleManager: Shutting down and abandoning module SteamVR (80)
[2019.02.14-13.31.59:502][156]LogHMD: Freeing OpenVRDLLHandle.
[2019.02.14-13.31.59:502][156]LogModuleManager: Shutting down and abandoning module OculusHMD (78)
[2019.02.14-13.31.59:502][156]LogModuleManager: Shutting down and abandoning module ExampleDeviceProfileSelector (76)
[2019.02.14-13.31.59:502][156]LogModuleManager: Shutting down and abandoning module LauncherChunkInstaller (74)
[2019.02.14-13.31.59:502][156]LogModuleManager: Shutting down and abandoning module OnlineBlueprintSupport (72)
[2019.02.14-13.31.59:502][156]LogModuleManager: Shutting down and abandoning module OnlineSubsystem (68)
[2019.02.14-13.31.59:505][156]LogModuleManager: Shutting down and abandoning module XMPP (63)
[2019.02.14-13.31.59:506][156]LogModuleManager: Shutting down and abandoning module WebSockets (62)
[2019.02.14-13.31.59:538][156]LogModuleManager: Shutting down and abandoning module HTTP (59)
[2019.02.14-13.31.59:538][156]LogHttp: Display: Http module shutting down, but needs to wait on 1 outstanding Http requests:
[2019.02.14-13.31.59:538][156]LogHttp: Display: 	verb=[POST] url=[https://datarouter.ol.epicgames.com/datarouter/api/v1/public/data?SessionID=%7B62627AB4-4872-C7CF-ECF5-9B8438DA823A%7D&AppID=UEEditor.Rocket.Release&AppVersion=4.21.1-4613538%2B%2B%2BUE4%2BRelease-4.21&UserID=5ea42c2148a581730a0ff4860badea60%7C720a633edfcd4c21ba8666f14eb48fbd%7Cef12b262-7ea2-4600-9c3c-eb1b9db97665&AppEnvironment=datacollector-binary&UploadType=eteventstream] status=Processing
[2019.02.14-13.31.59:544][156]LogModuleManager: Shutting down and abandoning module SSL (58)
[2019.02.14-13.31.59:545][156]LogModuleManager: Shutting down and abandoning module MagicLeapIdentity (54)
[2019.02.14-13.31.59:545][156]LogModuleManager: Shutting down and abandoning module MagicLeapHelperVulkan (52)
[2019.02.14-13.31.59:545][156]LogModuleManager: Shutting down and abandoning module MagicLeapHelperOpenGL (50)
[2019.02.14-13.31.59:545][156]LogModuleManager: Shutting down and abandoning module MagicLeapSecureStorage (48)
[2019.02.14-13.31.59:545][156]LogModuleManager: Shutting down and abandoning module MagicLeapHandTracking (46)
[2019.02.14-13.31.59:545][156]LogModuleManager: Shutting down and abandoning module MagicLeapEyeTracker (44)
[2019.02.14-13.31.59:545][156]LogModuleManager: Shutting down and abandoning module MagicLeapController (42)
[2019.02.14-13.31.59:545][156]LogSlate: Slate User Destroyed.  User Index 0, Is Virtual User: 0
[2019.02.14-13.31.59:545][156]LogModuleManager: Shutting down and abandoning module MagicLeap (40)
[2019.02.14-13.31.59:545][156]LogModuleManager: Shutting down and abandoning module DatasmithContent (38)
[2019.02.14-13.31.59:546][156]LogModuleManager: Shutting down and abandoning module AnimationModifiers (36)
[2019.02.14-13.31.59:546][156]LogModuleManager: Shutting down and abandoning module PropertyEditor (35)
[2019.02.14-13.31.59:546][156]LogModuleManager: Shutting down and abandoning module AudioEditor (32)
[2019.02.14-13.31.59:547][156]LogModuleManager: Shutting down and abandoning module TextureCompressor (30)
[2019.02.14-13.31.59:547][156]LogModuleManager: Shutting down and abandoning module ShaderCore (28)
[2019.02.14-13.31.59:547][156]LogModuleManager: Shutting down and abandoning module Landscape (26)
[2019.02.14-13.31.59:547][156]LogModuleManager: Shutting down and abandoning module SlateRHIRenderer (24)
[2019.02.14-13.31.59:549][156]LogModuleManager: Shutting down and abandoning module OpenGLDrv (22)
[2019.02.14-13.31.59:550][156]LogModuleManager: Shutting down and abandoning module D3D11RHI (20)
[2019.02.14-13.31.59:550][156]LogModuleManager: Shutting down and abandoning module AnimGraphRuntime (18)
[2019.02.14-13.31.59:550][156]LogModuleManager: Shutting down and abandoning module Renderer (16)
[2019.02.14-13.31.59:550][156]LogModuleManager: Shutting down and abandoning module Engine (14)
[2019.02.14-13.31.59:550][156]LogModuleManager: Shutting down and abandoning module CoreUObject (12)
[2019.02.14-13.31.59:550][156]LogModuleManager: Shutting down and abandoning module NetworkFile (10)
[2019.02.14-13.31.59:550][156]LogModuleManager: Shutting down and abandoning module CookedIterativeFile (8)
[2019.02.14-13.31.59:550][156]LogModuleManager: Shutting down and abandoning module StreamingFile (6)
[2019.02.14-13.31.59:550][156]LogModuleManager: Shutting down and abandoning module SandboxFile (4)
[2019.02.14-13.31.59:550][156]LogModuleManager: Shutting down and abandoning module PakFile (2)
[2019.02.14-13.31.59:556][156]LogExit: Exiting.
[2019.02.14-13.31.59:563][156]Log file closed, 02/14/19 22:31:59
